[2016.04.07-20.20.01:411][  0]Log file open, 04/07/16 22:20:01
[2016.04.07-20.20.01:411][  0]LogInit:Display: Running engine for game: ProjectOndarreta
[2016.04.07-20.20.01:411][  0]LogPlatformFile: Not using cached read wrapper
[2016.04.07-20.20.01:411][  0]LogInit:Display: RandInit(-862311956) SRandInit(-862311952).
[2016.04.07-20.20.01:411][  0]LogTaskGraph: Started task graph with 4 named threads and 7 total threads.
[2016.04.07-20.20.01:411][  0]LogStats: Stats thread started at 0.136603
[2016.04.07-20.20.01:411][  0]LogInit: Version: 4.10.4-2872498+++depot+UE4-Releases+4.10
[2016.04.07-20.20.01:411][  0]LogInit: API Version: 2758231
[2016.04.07-20.20.01:411][  0]LogInit: Compiled (64-bit): Feb 18 2016 15:47:04
[2016.04.07-20.20.01:411][  0]LogInit: Compiled with Visual C++: 19.00.23026.00
[2016.04.07-20.20.01:411][  0]LogInit: Build Configuration: Development
[2016.04.07-20.20.01:411][  0]LogInit: Branch Name: ++depot+UE4-Releases+4.10
[2016.04.07-20.20.01:411][  0]LogInit: Command line:  
[2016.04.07-20.20.01:412][  0]LogInit: Base directory: D:/Investigation_Zone/Epic Games/4.10/Engine/Binaries/Win64/
[2016.04.07-20.20.01:412][  0]LogInit: Rocket: 1
[2016.04.07-20.20.01:433][  0]LogInit: Using libcurl 7.41.0
[2016.04.07-20.20.01:433][  0]LogInit:  - built for x86_64-pc-win32
[2016.04.07-20.20.01:433][  0]LogInit:  - supports SSL with WinSSL
[2016.04.07-20.20.01:433][  0]LogInit:  - other features:
[2016.04.07-20.20.01:433][  0]LogInit:      CURL_VERSION_SSL
[2016.04.07-20.20.01:433][  0]LogInit:      CURL_VERSION_IPV6
[2016.04.07-20.20.01:433][  0]LogInit:      CURL_VERSION_ASYNCHDNS
[2016.04.07-20.20.01:433][  0]LogInit:      CURL_VERSION_LARGEFILE
[2016.04.07-20.20.01:433][  0]LogInit:      CURL_VERSION_IDN
[2016.04.07-20.20.01:433][  0]LogInit:  CurlRequestOptions (configurable via config and command line):
[2016.04.07-20.20.01:434][  0]LogInit:  - bVerifyPeer = true  - Libcurl will verify peer certificate
[2016.04.07-20.20.01:434][  0]LogInit:  - bUseHttpProxy = false  - Libcurl will NOT use HTTP proxy
[2016.04.07-20.20.01:434][  0]LogInit:  - bDontReuseConnections = false  - Libcurl will reuse connections
[2016.04.07-20.20.01:434][  0]LogInit:  - CertBundlePath = nullptr  - Libcurl will use whatever was configured at build time.
[2016.04.07-20.20.01:453][  0]LogInit: Presizing for 0 objects not considered by GC, pre-allocating 0 bytes.
[2016.04.07-20.20.01:475][  0]LogInit: Object subsystem initialized
[2016.04.07-20.20.01:478][  0]LogInit: Selected Device Profile: [Windows]
[2016.04.07-20.20.01:478][  0]LogInit: Applying CVar settings loaded from the selected device profile: [Windows]
[2016.04.07-20.20.01:510][  0]LogInit: Computer: ALMA-ITSASO
[2016.04.07-20.20.01:510][  0]LogInit: User: Unai
[2016.04.07-20.20.01:510][  0]LogInit: CPU Page size=4096, Cores=4
[2016.04.07-20.20.01:510][  0]LogInit: High frequency timer resolution =2.338346 MHz
[2016.04.07-20.20.01:510][  0]LogMemory: Memory total: Physical=7.9GB (8GB approx)
[2016.04.07-20.20.01:510][  0]LogMemory: Platform Memory Stats for Windows
[2016.04.07-20.20.01:510][  0]LogMemory: Process Physical Memory: 56.24 MB used, 56.24 MB peak
[2016.04.07-20.20.01:510][  0]LogMemory: Process Virtual Memory: 58.75 MB used, 58.75 MB peak
[2016.04.07-20.20.01:510][  0]LogMemory: Physical Memory: 4004.72 MB used, 8124.02 MB total
[2016.04.07-20.20.01:510][  0]LogMemory: Virtual Memory: 384.83 MB used, 134217728.00 MB total
[2016.04.07-20.20.03:079][  0]LogD3D11RHI: Found D3D11 adapter 0: NVIDIA GeForce GT 740M    (Feature Level 11_0)
[2016.04.07-20.20.03:079][  0]LogD3D11RHI: Adapter has 1996MB of dedicated video memory, 0MB of dedicated system memory, and 4062MB of shared system memory, 1 output[s]
[2016.04.07-20.20.03:122][  0]LogD3D11RHI: Found D3D11 adapter 1: Intel(R) HD Graphics 4600 (Feature Level 11_0)
[2016.04.07-20.20.03:122][  0]LogD3D11RHI: Adapter has 112MB of dedicated video memory, 0MB of dedicated system memory, and 4062MB of shared system memory, 0 output[s]
[2016.04.07-20.20.03:126][  0]LogD3D11RHI: Found D3D11 adapter 2: Microsoft Basic Render Driver (Feature Level 11_0)
[2016.04.07-20.20.03:127][  0]LogD3D11RHI: Adapter has 0MB of dedicated video memory, 0MB of dedicated system memory, and 4062MB of shared system memory, 0 output[s]
[2016.04.07-20.20.03:127][  0]LogD3D11RHI: Chosen D3D11 Adapter Id = 0
[2016.04.07-20.20.03:142][  0]LogD3D11RHI: !Direct3DDevice
[2016.04.07-20.20.03:142][  0]LogRHI: Texture pool is 1361 MB (70% of 1945 MB)
[2016.04.07-20.20.03:183][  0]LogD3D11RHI: Async texture creation enabled
[2016.04.07-20.20.03:206][  0]LogShaderCompilers: Guid format shader working directory is -22 characters bigger than the processId version (../../../../../Ureal engine 4/Proyectos/Ondarreta/ProjectOndarreta/Intermediate/Shaders/WorkingDirectory/11904/).
[2016.04.07-20.20.03:207][  0]LogShaderCompilers: Cleaned the shader compiler working directory 'C:/Users/Unai/AppData/Local/Temp/UnrealShaderWorkingDir/9E07267E48019984F9BC5893B67A2BD9/'.
[2016.04.07-20.20.03:207][  0]LogShaderCompilers:Display: Using Local Shader Compiler.
[2016.04.07-20.20.06:270][  0]LogTemp:Display: Loaded TP AllDesktopTargetPlatform
[2016.04.07-20.20.06:286][  0]LogTemp:Display: Loaded TP WindowsClientTargetPlatform
[2016.04.07-20.20.06:300][  0]LogTemp:Display: Loaded TP WindowsNoEditorTargetPlatform
[2016.04.07-20.20.06:314][  0]LogTemp:Display: Loaded TP WindowsServerTargetPlatform
[2016.04.07-20.20.06:327][  0]LogTemp:Display: Loaded TP WindowsTargetPlatform
[2016.04.07-20.20.06:340][  0]LogTemp:Display: Loaded TP AndroidTargetPlatform
[2016.04.07-20.20.06:349][  0]LogTemp:Display: Loaded TP Android_ASTCTargetPlatform
[2016.04.07-20.20.06:359][  0]LogTemp:Display: Loaded TP Android_ATCTargetPlatform
[2016.04.07-20.20.06:369][  0]LogTemp:Display: Loaded TP Android_DXTTargetPlatform
[2016.04.07-20.20.06:379][  0]LogTemp:Display: Loaded TP Android_ETC1TargetPlatform
[2016.04.07-20.20.06:388][  0]LogTemp:Display: Loaded TP Android_ETC2TargetPlatform
[2016.04.07-20.20.06:408][  0]LogTemp:Display: Loaded TP Android_MultiTargetPlatform
[2016.04.07-20.20.06:408][  0]LogTemp:Display: Loaded TP Android_PVRTCTargetPlatform
[2016.04.07-20.20.06:411][  0]LogTemp:Display: Loaded TP HTML5TargetPlatform
[2016.04.07-20.20.06:440][  0]LogTemp:Display: Loaded TP IOSTargetPlatform
[2016.04.07-20.20.06:450][  0]LogTemp:Display: Loaded TP LinuxNoEditorTargetPlatform
[2016.04.07-20.20.06:460][  0]LogTemp:Display: Loaded TP LinuxServerTargetPlatform
[2016.04.07-20.20.06:472][  0]LogTemp:Display: Loaded TP LinuxTargetPlatform
[2016.04.07-20.20.06:472][  0]LogTargetPlatformManager:Display: Building Assets For Windows
[2016.04.07-20.20.06:709][  0]LogDerivedDataCache:Display: Max Cache Size: 512 MB
[2016.04.07-20.20.06:861][  0]LogDerivedDataCache: Loaded boot cache 0.15s 41MB C:/Users/Unai/AppData/Local/UnrealEngine/4.10/DerivedDataCache/Boot.ddc.
[2016.04.07-20.20.06:861][  0]LogDerivedDataCache:Display: Loaded Boot cache: C:/Users/Unai/AppData/Local/UnrealEngine/4.10/DerivedDataCache/Boot.ddc
[2016.04.07-20.20.06:861][  0]LogDerivedDataCache: FDerivedDataBackendGraph:  Pak pak cache file ../../../../../Ureal engine 4/Proyectos/Ondarreta/ProjectOndarreta/DerivedDataCache/DDC.ddp not found, will not use a pak cache.
[2016.04.07-20.20.06:861][  0]LogDerivedDataCache: Unable to find inner node Pak for hierarchical cache Hierarchy.
[2016.04.07-20.20.06:862][  0]LogDerivedDataCache: FDerivedDataBackendGraph:  CompressedPak pak cache file ../../../../../Ureal engine 4/Proyectos/Ondarreta/ProjectOndarreta/DerivedDataCache/Compressed.ddp not found, will not use a pak cache.
[2016.04.07-20.20.06:862][  0]LogDerivedDataCache: Unable to find inner node CompressedPak for hierarchical cache Hierarchy.
[2016.04.07-20.20.07:094][  0]LogDerivedDataCache:Display: Pak cache opened for reading ../../../Engine/DerivedDataCache/Compressed.ddp.
[2016.04.07-20.20.07:109][  0]LogDerivedDataCache: Using Local data cache path C:/Users/Unai/AppData/Local/UnrealEngine/Common/DerivedDataCache: Writable
[2016.04.07-20.20.07:232][  0]LogModuleManager:Warning: Found module file ../../../Engine/Plugins/VaOcean/Binaries/Win64/UE4Editor-VaOceanPlugin.dll (API version 2215663), but it was incompatible with the current engine API version (2758231). This is likely a stale module that must be recompiled.
[2016.04.07-20.20.07:723][  0]LogInit: Selected Device Profile: [Windows]
[2016.04.07-20.20.07:730][  0]LogContentStreaming: Texture pool size is 0.000000MB
[2016.04.07-20.20.08:097][  0]LogMeshUtilities: No automatic mesh reduction module available
[2016.04.07-20.20.08:097][  0]LogMeshUtilities: No automatic mesh merging module available
[2016.04.07-20.20.08:811][  0]LogInit: WinSock: version 1.1 (2.2), MaxSocks=32767, MaxUdp=65467
[2016.04.07-20.20.11:260][  0]UdpMessaging: Initializing bridge on interface 0.0.0.0:0 to multicast group 230.0.0.1:6666.
[2016.04.07-20.20.11:422][  0]LogAssetRegistry: FAssetRegistry took 0.0118 seconds to start up
[2016.04.07-20.20.11:430][  0]LogDirectoryWatcher:Warning: Failed to begin reading directory changes for ../../../../../Ureal engine 4/Proyectos/Ondarreta/ProjectOndarreta/Plugins/OceanPlugin/Content/. Error: 0
[2016.04.07-20.20.11:972][  0]SourceControl: Info Source control is disabled
[2016.04.07-20.20.12:114][  0]SourceControl: Info Source control is disabled
[2016.04.07-20.20.12:149][  0]SourceControl: Info Source control is disabled
[2016.04.07-20.20.12:186][  0]SourceControl: Info Source control is disabled
[2016.04.07-20.20.12:932][  0]LogObj: 28866 objects as part of root set at end of initial load.
[2016.04.07-20.20.12:932][  0]LogUObjectAllocator: 6152480 out of 0 bytes used by permanent object pool.
[2016.04.07-20.20.13:096][  0]LogEngine: Initializing Engine...
[2016.04.07-20.20.13:102][  0]LogHMD: Can't find Oculus library dev build: is proper Runtime installed? Version: 0.8.0.0
[2016.04.07-20.20.13:119][  0]LogHMD: SteamVR failed to initialize.  Err: 108
[2016.04.07-20.20.13:504][  0]LogAIModule: Creating AISystem for world NewWorld
[2016.04.07-20.20.13:519][  0]LogInit: XAudio2 using 'Altavoces / Auriculares (IDT High Definition Audio CODEC)' : 2 channels at 48 kHz using 16 bits per sample (channel mask 0x3)
[2016.04.07-20.20.13:576][  0]LogInit: FAudioDevice initialized.
[2016.04.07-20.20.13:635][  0]LogDerivedDataCache: Saved boot cache 0.06s 41MB C:/Users/Unai/AppData/Local/UnrealEngine/4.10/DerivedDataCache/Boot.ddc.
[2016.04.07-20.20.13:651][  0]LogInit: Texture streaming: Enabled
[2016.04.07-20.20.13:666][  0]LogAnalytics: Creating configured Analytics provider AnalyticsET
[2016.04.07-20.20.13:666][  0]LogAnalytics: [UEEditor.Rocket.Release] APIServer = http://et2.epicgames.com/ET2/. AppVersion = 4.10.4-2872498+++depot+UE4-Releases+4.10
[2016.04.07-20.20.13:667][  0]LogAnalytics: [UEEditor.Rocket.Release] SetUserId d7adaae849ea30e6caa19b820571e0d9|33a1c5eb2cc94ca8a72a46d53f3ce1d2|4517af11-a817-4828-86eb-27c26c7bd883
[2016.04.07-20.20.13:667][  0]LogAnalytics: [UEEditor.Rocket.Release] AnalyticsET::StartSession
[2016.04.07-20.20.13:706][  0]LogInit: Transaction tracking system initialized
[2016.04.07-20.20.13:780][  0]BlueprintLog: New page: Editor Load
[2016.04.07-20.20.13:987][  0]LocalizationService: Info Localization service is disabled
[2016.04.07-20.20.14:893][  0]LogConsoleResponse:Display: 
[2016.04.07-20.20.15:352][  0]LogCook:Display: Done creating registry. It took  0.00s.
[2016.04.07-20.20.15:568][  0]LogFileCache: Scanning file cache for directory 'D:/Investigation_Zone/Ureal engine 4/Proyectos/Ondarreta/ProjectOndarreta/Content/' took 0.08s
[2016.04.07-20.20.15:568][  0]SourceControl: Info Source control is disabled
[2016.04.07-20.20.15:705][  0]LogWindowsTextInputMethodSystem:Display: IME system now deactivated.
[2016.04.07-20.20.20:907][  0]LogWindowsTextInputMethodSystem:Display: IME system now deactivated.
[2016.04.07-20.20.21:002][  0]LogWindowsTextInputMethodSystem:Display: IME system now deactivated.
[2016.04.07-20.20.22:786][  0]LogWindowsTextInputMethodSystem:Display: IME system now deactivated.
[2016.04.07-20.20.22:909][  0]LogWindowsTextInputMethodSystem:Display: IME system now deactivated.
[2016.04.07-20.20.22:911][  0]Cmd: MAP LOAD FILE="../../../../../Ureal engine 4/Proyectos/Ondarreta/ProjectOndarreta/Content/StarterContent/Maps/Minimal_Default.umap" TEMPLATE=0 SHOWPROGRESS=1 FEATURELEVEL=3
[2016.04.07-20.20.22:913][  0]LightingResults: New page: Lighting Build
[2016.04.07-20.20.22:921][  0]MapCheck: New page: Map Check
[2016.04.07-20.20.22:921][  0]LightingResults: New page: Lighting Build
[2016.04.07-20.20.22:981][  0]LogParticles: Destroying 0 GPU particle simulations for FXSystem 0x000002B068CC0400
[2016.04.07-20.20.36:129][  0]LogAIModule: Creating AISystem for world Minimal_Default
[2016.04.07-20.20.39:898][  0]LogEditorServer: Finished looking for orphan Actors (0.001 secs)
[2016.04.07-20.20.39:902][  0]Cmd: MAP CHECKDEP NOCLEARLOG
[2016.04.07-20.20.40:240][  0]MapCheck: Info Map check complete: 0 Error(s), 0 Warning(s), took 338.524ms to complete.
[2016.04.07-20.20.40:242][  0]LogFileHelpers: Loading map 'Minimal_Default' took 17.331
[2016.04.07-20.20.40:358][  0]LogCollectionManager: Loaded 0 collections in 0.006090 seconds
[2016.04.07-20.20.40:421][  0]LogFileCache: Scanning file cache for directory 'D:/Investigation_Zone/Ureal engine 4/Proyectos/Ondarreta/ProjectOndarreta/Saved/Collections/' took 0.01s
[2016.04.07-20.20.40:421][  0]LogFileCache: Scanning file cache for directory 'D:/Investigation_Zone/Ureal engine 4/Proyectos/Ondarreta/ProjectOndarreta/Content/Developers/Unai/Collections/' took 0.01s
[2016.04.07-20.20.40:421][  0]LogFileCache: Scanning file cache for directory 'D:/Investigation_Zone/Ureal engine 4/Proyectos/Ondarreta/ProjectOndarreta/Content/Collections/' took 0.01s
[2016.04.07-20.20.40:421][  0]LogCollectionManager: Rebuilt the GUID cache for 0 collections in 0.000006 seconds
[2016.04.07-20.20.40:453][  0]LogContentBrowser: Native class hierarchy populated in 0.0309 seconds. Added 1904 classes and 343 folders.
[2016.04.07-20.20.40:485][  0]LogContentBrowser: Native class hierarchy updated for 'WidgetCarousel' in 0.0011 seconds. Added 0 classes and 0 folders.
[2016.04.07-20.20.40:641][  0]LogContentBrowser: Native class hierarchy updated for 'AddContentDialog' in 0.0011 seconds. Added 0 classes and 0 folders.
[2016.04.07-20.20.40:776][  0]LogContentBrowser: Native class hierarchy updated for 'SceneOutliner' in 0.0011 seconds. Added 1 classes and 2 folders.
[2016.04.07-20.20.40:854][  0]LogCrashTracker: Crashtracker disabled due to settings.
[2016.04.07-20.20.40:867][  0]LogUObjectGlobals:Warning: Failed to find object 'Class None.'
[2016.04.07-20.20.40:893][  0]LogStats:Warning: MetaData mismatch. Did you assign a stat to two groups? New //STATGROUP_Threads//SplashScreenThread///Thread_1a18_0///####STATCAT_Advanced#### old //STATGROUP_Threads//SplashScreenThread///Thread_3354_0///####STATCAT_Advanced####
[2016.04.07-20.20.40:893][  0]LogLoad: Full Startup: 40.67 seconds (BP compile: 0.77 seconds)
[2016.04.07-20.20.40:919][  0]LogOcInput: Can't find Oculus library dev build: is proper Runtime installed? Version: 0.8.0.0
[2016.04.07-20.20.41:059][  0]LogContentStreaming: Texture pool size now 400 MB
[2016.04.07-20.20.41:656][  0]LogRenderer: Reallocating scene render targets to support 748x920 (Frame:2).
[2016.04.07-20.20.41:939][  1]Cmd: UpdateLandscapeEditorData -warnings
[2016.04.07-20.20.43:761][ 12]LogAssetRegistry: Asset discovery search completed in 32.3503 seconds
[2016.04.07-20.20.43:761][ 12]LogCollectionManager: Rebuilt the object cache for 0 collections in 0.000002 seconds (found 0 objects)
[2016.04.07-20.20.43:761][ 12]LogCollectionManager: Fixed up redirectors for 0 collections in 0.000088 seconds (updated 0 objects)
[2016.04.07-20.20.59:856][ 63]LogEditorViewport: Clicking on Actor (LMB): BP_Ocean_C (BP_Ocean)
[2016.04.07-20.21.12:458][517]LogEditorViewport: Clicking on Actor (LMB): BP_Skydome_C (BP_Skydome)
[2016.04.07-20.21.16:501][671]LogEditorViewport: Clicking Background
[2016.04.07-20.21.57:350][682]MapCheck: New page: Map Check
[2016.04.07-20.21.57:895][682]Cmd: MAP REBUILD ALLVISIBLE
[2016.04.07-20.21.57:900][682]LogEditorServer: Rebuildmap Clear paths rebuilt
[2016.04.07-20.21.59:137][682]MapCheck:Warning: Warning WorldSettings_1 Hierarchical LOD System is disabled or no HLOD level settings available, unable to build LOD actors. 
[2016.04.07-20.21.59:155][682]LogStats:          STAT_HLOD_BuildClusters - 202.417 ms
[2016.04.07-20.21.59:192][682]LightingResults: New page: Lighting Build - Apr 8, 2016, 12:21:59 AM
[2016.04.07-20.22.10:011][682]LightingResults:Warning: Performance Warning No importance volume found and the scene is so large that the automatically synthesized volume will not yield good results.  Please add a tightly bounding lightmass importance volume to optimize your scene's quality and lighting build times.
[2016.04.07-20.22.10:032][682]LogStaticLightingSystem: Running Lightmass w/ ImmediateImport mode ENABLED
[2016.04.07-20.22.10:033][682]LogStaticLightingSystem: Running Lightmass w/ ImmediateProcess mode ENABLED
[2016.04.07-20.22.10:033][682]LogStaticLightingSystem: Running Lightmass w/ Sorting mode ENABLED
[2016.04.07-20.22.10:033][682]LogStaticLightingSystem: Running Lightmass w/ Mapping paddings ENABLED
[2016.04.07-20.22.10:033][682]LogStaticLightingSystem: Running Lightmass w/ Mapping debug paddings DISABLED
[2016.04.07-20.22.10:635][682]LogEditorBuildUtils: Build time 0:00:12
[2016.04.07-20.22.10:697][682]LogMaterial: Missing cached shader map for material FLightmassMaterialRenderer LandscapeMaterialInstanceConstant_6, compiling. 
[2016.04.07-20.22.10:910][682]LogMaterial: Missing cached shader map for material FLightmassMaterialRenderer LandscapeMaterialInstanceConstant_6, compiling. 
[2016.04.07-20.22.11:010][683]Cmd: UpdateLandscapeEditorData
[2016.04.07-20.22.37:643][ 47]LogEditorViewport: Clicking on Actor (LMB): BP_Skydome_C (BP_Skydome)
[2016.04.07-20.23.25:190][776]LogMaterial: Missing cached shader map for material FLightmassMaterialRenderer LandscapeMaterialInstanceConstant_3533, compiling. 
[2016.04.07-20.23.25:491][776]LogMaterial: Missing cached shader map for material FLightmassMaterialRenderer LandscapeMaterialInstanceConstant_3533, compiling. 
[2016.04.07-20.31.03:557][518]Job is a success!
[2016.04.07-20.31.08:517][518]LogSavePackage: Save=23585.117188ms
[2016.04.07-20.31.08:517][518]LogSavePackage: Moving '../../../../../Ureal engine 4/Proyectos/Ondarreta/ProjectOndarreta/Saved/Minimal_Default_Auto1DCAF495F45AD5056D83EAA843B3AD2ED.tmp' to '../../../../../Ureal engine 4/Proyectos/Ondarreta/ProjectOndarreta/Saved/Autosaves/Game/StarterContent/Maps/Minimal_Default_Auto1.umap'
[2016.04.07-20.31.08:533][518]LogSavePackage: Total save time: 23939.282294ms
[2016.04.07-20.31.08:533][518]LogSavePackage:Display: Finished SavePackage ../../../../../Ureal engine 4/Proyectos/Ondarreta/ProjectOndarreta/Saved/Autosaves/Game/StarterContent/Maps/Minimal_Default_Auto1.umap
[2016.04.07-20.31.08:537][518]LogFileHelpers: Editor autosave (incl. sublevels) for '/Game/StarterContent/Maps/Minimal_Default' took 24.050
[2016.04.07-20.31.08:537][518]LogFileHelpers: Editor autosave (incl. sublevels) for all levels took 24.050
[2016.04.07-20.31.10:889][519]LogTexture:Display: Building textures: HQ_Lightmap1_1 (AutoDXT)
[2016.04.07-20.31.11:007][519]LogTexture:Display: Building textures: LQ_Lightmap_1_2 (DXT1)
[2016.04.07-20.31.12:388][519]LogTexture:Display: Building textures: HQ_Lightmap1_2 (AutoDXT)
[2016.04.07-20.31.14:131][519]LogTexture:Display: Building textures: LQ_Lightmap_1_1 (DXT1)
[2016.04.07-20.31.14:418][519]Lightmass on ALMA-ITSASO: 57.8 sec total, 33.8 sec importing, 273 ms setup, 355 ms photons, 23.3 sec processing, 0 ms extra exporting [2862/2862 mappings]. Threads: 2:43 min total, 1:01 min processing.
[2016.04.07-20.31.15:062][519]LogStaticLightingSystem: Illumination: 9:15 min (3.81 sec encoding lightmaps)
[2016.04.07-20.31.15:062][519]LogStaticLightingSystem: Lightmap texture memory:  1.4 MB (1.4 MB streaming, 0.0 MB non-streaming), 4 textures
[2016.04.07-20.31.15:062][519]LogStaticLightingSystem: Shadowmap texture memory: 0.0 MB (0.0 MB streaming, 0.0 MB non-streaming), 0 textures
[2016.04.07-20.31.24:290][520]Cmd: UpdateLandscapeEditorData
[2016.04.07-20.31.24:343][520]Cmd: MAP CHECK NOTIFYRESULTS
[2016.04.07-20.31.24:343][520]MapCheck: New page: Minimal_Default - Apr 8, 2016, 12:31:24 AM
[2016.04.07-20.31.24:508][520]MapCheck:Warning: Performance Warning BP_Skydome_34 Large actor receives a pre-shadow and will cause an extreme performance hit unless bCastDynamicShadow is set to false. 
[2016.04.07-20.31.24:802][520]MapCheck: Info Map check complete: 0 Error(s), 1 Warning(s), took 459.51ms to complete.
[2016.04.07-20.31.30:864][538]LogTexture:Warning: Failed to stream mip data from the derived data cache for /Game/StarterContent/Maps/Minimal_Default.HQ_Lightmap0_2. Streaming mips will be recached.
[2016.04.07-20.31.30:865][538]LogTexture:Display: Building textures: HQ_Lightmap0_2 (AutoDXT)
[2016.04.07-20.31.52:147][938]LogEditorViewport: Clicking on Actor (LMB): BP_Skydome_C (BP_Skydome)
[2016.04.07-20.31.53:163][950]LogEditorViewport: Clicking on Actor (LMB): BP_Skydome_C (BP_Skydome)
[2016.04.07-20.31.53:675][957]Cmd: SELECT NONE
[2016.04.07-20.31.54:321][966]LogEditorViewport: Clicking on Actor (LMB): BP_Skydome_C (BP_Skydome)
[2016.04.07-20.33.26:636][437]LogEditorViewport: Clicking on Actor (LMB): BP_Skydome_C (BP_Skydome)
[2016.04.07-20.33.39:893][800]LogEditorViewport: Clicking on Actor (LMB): BP_Skydome_C (BP_Skydome)
[2016.04.07-20.41.44:517][222]LogSavePackage: Save=18839.974609ms
[2016.04.07-20.41.44:517][222]LogSavePackage: Moving '../../../../../Ureal engine 4/Proyectos/Ondarreta/ProjectOndarreta/Saved/Minimal_Default_Auto255BD66F24451FA0B7AD19AA5ED081B5F.tmp' to '../../../../../Ureal engine 4/Proyectos/Ondarreta/ProjectOndarreta/Saved/Autosaves/Game/StarterContent/Maps/Minimal_Default_Auto2.umap'
[2016.04.07-20.41.44:534][222]LogSavePackage: Total save time: 18906.226881ms
[2016.04.07-20.41.44:534][222]LogSavePackage:Display: Finished SavePackage ../../../../../Ureal engine 4/Proyectos/Ondarreta/ProjectOndarreta/Saved/Autosaves/Game/StarterContent/Maps/Minimal_Default_Auto2.umap
[2016.04.07-20.41.44:538][222]LogFileHelpers: Editor autosave (incl. sublevels) for '/Game/StarterContent/Maps/Minimal_Default' took 19.021
[2016.04.07-20.41.44:538][222]LogFileHelpers: Editor autosave (incl. sublevels) for all levels took 19.021
[2016.04.07-21.59.57:587][294]LogRenderer: Reallocating scene render targets to support 748x960 (Frame:7669).
[2016.04.08-08.03.00:646][412]Cmd: QUIT_EDITOR
[2016.04.08-08.03.00:933][412]LogWindowsTextInputMethodSystem:Display: IME system now deactivated.
[2016.04.08-08.03.01:185][412]LogExit: Preparing to exit.
[2016.04.08-08.03.02:350][412]LogExit: Editor shut down
[2016.04.08-08.03.02:354][412]LogExit: Transaction tracking system shut down
[2016.04.08-08.03.02:994][412]LogParticles: Destroying 0 GPU particle simulations for FXSystem 0x000002B07F38B9C0
[2016.04.08-08.03.03:906][412]LogParticles: Destroying 0 GPU particle simulations for FXSystem 0x000002B01EA08180
[2016.04.08-08.03.03:906][412]LogParticles: Destroying 0 GPU particle simulations for FXSystem 0x000002B022908E00
[2016.04.08-08.03.03:906][412]LogParticles: Destroying 0 GPU particle simulations for FXSystem 0x000002B0225C1B20
[2016.04.08-08.03.03:906][412]LogExit: Object subsystem successfully closed.
[2016.04.08-08.03.04:034][412]LogD3D11RHI: Shutdown
[2016.04.08-08.03.04:034][412]LogD3D11RHI: CleanupD3DDevice
[2016.04.08-08.03.04:379][412]LogD3D11RHI: ~FD3D11DynamicRHI
[2016.04.08-08.03.04:424][412]LogModuleManager: Shutting down and abandoning module CookingStats (200)
[2016.04.08-08.03.04:424][412]LogModuleManager: Shutting down and abandoning module CrashTracker (199)
[2016.04.08-08.03.04:424][412]LogModuleManager: Shutting down and abandoning module SceneOutliner (198)
[2016.04.08-08.03.04:424][412]LogModuleManager: Shutting down and abandoning module SuperSearch (197)
[2016.04.08-08.03.04:424][412]LogModuleManager: Shutting down and abandoning module WidgetCarousel (196)
[2016.04.08-08.03.04:424][412]LogModuleManager: Shutting down and abandoning module AddContentDialog (195)
[2016.04.08-08.03.04:442][412]LogModuleManager: Shutting down and abandoning module EditorWidgets (194)
[2016.04.08-08.03.04:442][412]LogModuleManager: Shutting down and abandoning module CollectionManager (193)
[2016.04.08-08.03.04:442][412]LogModuleManager: Shutting down and abandoning module StatsViewer (192)
[2016.04.08-08.03.04:443][412]LogModuleManager: Shutting down and abandoning module FoliageEdit (191)
[2016.04.08-08.03.04:443][412]LogModuleManager: Shutting down and abandoning module LandscapeEditor (190)
[2016.04.08-08.03.04:443][412]LogModuleManager: Shutting down and abandoning module ActorPickerMode (189)
[2016.04.08-08.03.04:443][412]LogModuleManager: Shutting down and abandoning module GeometryMode (188)
[2016.04.08-08.03.04:443][412]LogModuleManager: Shutting down and abandoning module TextureAlignMode (187)
[2016.04.08-08.03.04:444][412]LogModuleManager: Shutting down and abandoning module BspMode (186)
[2016.04.08-08.03.04:444][412]LogModuleManager: Shutting down and abandoning module PlacementMode (185)
[2016.04.08-08.03.04:444][412]LogModuleManager: Shutting down and abandoning module AutomationWorker (184)
[2016.04.08-08.03.04:444][412]LogModuleManager: Shutting down and abandoning module CharacterAI (183)
[2016.04.08-08.03.04:444][412]LogModuleManager: Shutting down and abandoning module SmartSnapping (182)
[2016.04.08-08.03.04:444][412]LogModuleManager: Shutting down and abandoning module ViewportSnapping (181)
[2016.04.08-08.03.04:444][412]LogModuleManager: Shutting down and abandoning module LogVisualizer (180)
[2016.04.08-08.03.04:444][412]LogModuleManager: Shutting down and abandoning module GameProjectGeneration (179)
[2016.04.08-08.03.04:445][412]LogModuleManager: Shutting down and abandoning module IntroTutorials (178)
[2016.04.08-08.03.04:445][412]LogModuleManager: Shutting down and abandoning module EditorLiveStreaming (177)
[2016.04.08-08.03.04:445][412]LogModuleManager: Shutting down and abandoning module IOSPlatformEditor (176)
[2016.04.08-08.03.04:445][412]LogModuleManager: Shutting down and abandoning module HTML5PlatformEditor (175)
[2016.04.08-08.03.04:445][412]LogModuleManager: Shutting down and abandoning module AndroidDeviceDetection (174)
[2016.04.08-08.03.04:966][412]LogModuleManager: Shutting down and abandoning module AndroidPlatformEditor (173)
[2016.04.08-08.03.04:966][412]LogModuleManager: Shutting down and abandoning module IOSRuntimeSettings (172)
[2016.04.08-08.03.04:966][412]LogModuleManager: Shutting down and abandoning module AndroidRuntimeSettings (171)
[2016.04.08-08.03.04:966][412]LogModuleManager: Shutting down and abandoning module MergeActors (170)
[2016.04.08-08.03.04:966][412]LogModuleManager: Shutting down and abandoning module SizeMap (169)
[2016.04.08-08.03.04:966][412]LogModuleManager: Shutting down and abandoning module TreeMap (168)
[2016.04.08-08.03.04:966][412]LogModuleManager: Shutting down and abandoning module ReferenceViewer (167)
[2016.04.08-08.03.04:966][412]LogModuleManager: Shutting down and abandoning module LocalizationService (166)
[2016.04.08-08.03.04:967][412]LogModuleManager: Shutting down and abandoning module LocalizationDashboard (165)
[2016.04.08-08.03.04:967][412]LogModuleManager: Shutting down and abandoning module HardwareTargeting (164)
[2016.04.08-08.03.04:967][412]LogModuleManager: Shutting down and abandoning module DeviceProfileEditor (163)
[2016.04.08-08.03.04:967][412]LogModuleManager: Shutting down and abandoning module UndoHistory (162)
[2016.04.08-08.03.04:967][412]LogModuleManager: Shutting down and abandoning module GameplayTagsEditor (161)
[2016.04.08-08.03.04:967][412]LogModuleManager: Shutting down and abandoning module UserFeedback (160)
[2016.04.08-08.03.04:967][412]LogModuleManager: Shutting down and abandoning module XmlParser (159)
[2016.04.08-08.03.04:967][412]LogModuleManager: Shutting down and abandoning module Blutility (158)
[2016.04.08-08.03.04:967][412]LogModuleManager: Shutting down and abandoning module ProjectTargetPlatformEditor (157)
[2016.04.08-08.03.04:968][412]LogModuleManager: Shutting down and abandoning module ProjectSettingsViewer (156)
[2016.04.08-08.03.04:968][412]LogModuleManager: Shutting down and abandoning module InputBindingEditor (155)
[2016.04.08-08.03.04:968][412]LogModuleManager: Shutting down and abandoning module EditorSettingsViewer (154)
[2016.04.08-08.03.04:969][412]LogModuleManager: Shutting down and abandoning module SettingsEditor (153)
[2016.04.08-08.03.04:969][412]LogModuleManager: Shutting down and abandoning module ProjectLauncher (152)
[2016.04.08-08.03.04:969][412]LogModuleManager: Shutting down and abandoning module SessionFrontend (151)
[2016.04.08-08.03.04:969][412]LogModuleManager: Shutting down and abandoning module ProfilerClient (150)
[2016.04.08-08.03.04:969][412]LogModuleManager: Shutting down and abandoning module TargetDeviceServices (149)
[2016.04.08-08.03.04:969][412]LogModuleManager: Shutting down and abandoning module DeviceManager (148)
[2016.04.08-08.03.04:971][412]LogModuleManager: Shutting down and abandoning module AutomationController (147)
[2016.04.08-08.03.04:971][412]LogModuleManager: Shutting down and abandoning module AutomationWindow (146)
[2016.04.08-08.03.04:971][412]LogModuleManager: Shutting down and abandoning module Layers (145)
[2016.04.08-08.03.04:971][412]LogModuleManager: Shutting down and abandoning module ComponentVisualizers (144)
[2016.04.08-08.03.04:971][412]LogModuleManager: Shutting down and abandoning module DetailCustomizations (143)
[2016.04.08-08.03.04:971][412]LogModuleManager: Shutting down and abandoning module PackagesDialog (142)
[2016.04.08-08.03.04:972][412]LogModuleManager: Shutting down and abandoning module Persona (141)
[2016.04.08-08.03.04:972][412]LogModuleManager: Shutting down and abandoning module Kismet (140)
[2016.04.08-08.03.04:972][412]LogModuleManager: Shutting down and abandoning module GraphEditor (139)
[2016.04.08-08.03.04:973][412]LogModuleManager: Shutting down and abandoning module ClassViewer (138)
[2016.04.08-08.03.04:973][412]LogModuleManager: Shutting down and abandoning module Toolbox (137)
[2016.04.08-08.03.04:973][412]LogModuleManager: Shutting down and abandoning module ModuleUI (136)
[2016.04.08-08.03.04:973][412]LogModuleManager: Shutting down and abandoning module MovieSceneTools (135)
[2016.04.08-08.03.04:973][412]LogModuleManager: Shutting down and abandoning module OutputLog (134)
[2016.04.08-08.03.04:973][412]LogModuleManager: Shutting down and abandoning module GammaUI (133)
[2016.04.08-08.03.04:973][412]LogModuleManager: Shutting down and abandoning module Documentation (132)
[2016.04.08-08.03.04:973][412]LogModuleManager: Shutting down and abandoning module GameLiveStreaming (131)
[2016.04.08-08.03.04:973][412]LogModuleManager: Shutting down and abandoning module StreamingPauseRendering (130)
[2016.04.08-08.03.04:973][412]LogModuleManager: Shutting down and abandoning module AnalyticsET (129)
[2016.04.08-08.03.04:973][412]LogModuleManager: Shutting down and abandoning module Analytics (128)
[2016.04.08-08.03.04:974][412]LogModuleManager: Shutting down and abandoning module AITestSuite (127)
[2016.04.08-08.03.04:974][412]LogModuleManager: Shutting down and abandoning module GameplayDebugger (126)
[2016.04.08-08.03.04:974][412]LogModuleManager: Shutting down and abandoning module AIModule (125)
[2016.04.08-08.03.04:974][412]LogModuleManager: Shutting down and abandoning module ProfilerService (124)
[2016.04.08-08.03.05:005][412]LogModuleManager: Shutting down and abandoning module TaskGraph (123)
[2016.04.08-08.03.05:006][412]LogModuleManager: Shutting down and abandoning module OceanPlugin (122)
[2016.04.08-08.03.05:006][412]LogModuleManager: Shutting down and abandoning module SlateRemote (121)
[2016.04.08-08.03.05:006][412]LogModuleManager: Shutting down and abandoning module SteamVRController (120)
[2016.04.08-08.03.05:006][412]LogModuleManager: Shutting down and abandoning module SteamVR (119)
[2016.04.08-08.03.05:006][412]LogModuleManager: Shutting down and abandoning module ProceduralMeshComponent (118)
[2016.04.08-08.03.05:006][412]LogModuleManager: Shutting down and abandoning module OculusLibrary (117)
[2016.04.08-08.03.05:006][412]LogModuleManager: Shutting down and abandoning module OculusInput (116)
[2016.04.08-08.03.05:006][412]LogModuleManager: Shutting down and abandoning module LeapMotionController (115)
[2016.04.08-08.03.05:072][412]LogModuleManager: Shutting down and abandoning module CustomMeshComponent (114)
[2016.04.08-08.03.05:072][412]LogModuleManager: Shutting down and abandoning module CableComponent (113)
[2016.04.08-08.03.05:072][412]LogModuleManager: Shutting down and abandoning module ArchVisCharacter (112)
[2016.04.08-08.03.05:072][412]LogModuleManager: Shutting down and abandoning module MessagingDebugger (111)
[2016.04.08-08.03.05:072][412]LogModuleManager: Shutting down and abandoning module MediaPlayerEditor (110)
[2016.04.08-08.03.05:072][412]LogModuleManager: Shutting down and abandoning module HTML5Networking (109)
[2016.04.08-08.03.05:073][412]LogModuleManager: Shutting down and abandoning module SpeedTreeImporter (108)
[2016.04.08-08.03.05:073][412]LogModuleManager: Shutting down and abandoning module PluginBrowser (107)
[2016.04.08-08.03.05:073][412]LogModuleManager: Shutting down and abandoning module EpicSurvey (106)
[2016.04.08-08.03.05:073][412]LogModuleManager: Shutting down and abandoning module DesktopPlatform (105)
[2016.04.08-08.03.05:073][412]LogModuleManager: Shutting down and abandoning module VisualStudioSourceCodeAccess (104)
[2016.04.08-08.03.05:073][412]LogModuleManager: Shutting down and abandoning module UObjectPlugin (103)
[2016.04.08-08.03.05:073][412]LogModuleManager: Shutting down and abandoning module SubversionSourceControl (102)
[2016.04.08-08.03.05:073][412]LogModuleManager: Shutting down and abandoning module PerforceSourceControl (101)
[2016.04.08-08.03.05:074][412]LogModuleManager: Shutting down and abandoning module SourceControl (100)
[2016.04.08-08.03.05:074][412]LogModuleManager: Shutting down and abandoning module GitSourceControl (99)
[2016.04.08-08.03.05:074][412]LogModuleManager: Shutting down and abandoning module LightPropagationVolumeEditor (98)
[2016.04.08-08.03.05:074][412]LogModuleManager: Shutting down and abandoning module PaperTiledImporter (97)
[2016.04.08-08.03.05:074][412]LogModuleManager: Shutting down and abandoning module PaperSpriteSheetImporter (96)
[2016.04.08-08.03.05:074][412]LogModuleManager: Shutting down and abandoning module MeshPaint (95)
[2016.04.08-08.03.05:074][412]LogModuleManager: Shutting down and abandoning module SlateReflector (94)
[2016.04.08-08.03.05:074][412]LogModuleManager: Shutting down and abandoning module HotReload (93)
[2016.04.08-08.03.05:074][412]LogModuleManager: Shutting down and abandoning module MainFrame (92)
[2016.04.08-08.03.05:074][412]LogModuleManager: Shutting down and abandoning module LevelEditor (91)
[2016.04.08-08.03.05:078][412]LogModuleManager: Shutting down and abandoning module DirectoryWatcher (90)
[2016.04.08-08.03.05:086][412]LogModuleManager: Shutting down and abandoning module AssetRegistry (89)
[2016.04.08-08.03.05:434][412]LogModuleManager: Shutting down and abandoning module ContentBrowser (88)
[2016.04.08-08.03.05:440][412]LogModuleManager: Shutting down and abandoning module Paper2DEditor (87)
[2016.04.08-08.03.05:440][412]LogModuleManager: Shutting down and abandoning module UdpMessaging (86)
[2016.04.08-08.03.05:541][412]LogModuleManager: Shutting down and abandoning module LightPropagationVolumeRuntime (85)
[2016.04.08-08.03.05:541][412]LogModuleManager: Shutting down and abandoning module Paper2D (84)
[2016.04.08-08.03.05:541][412]LogModuleManager: Shutting down and abandoning module WindowsMoviePlayer (83)
[2016.04.08-08.03.05:557][412]LogModuleManager: Shutting down and abandoning module Media (82)
[2016.04.08-08.03.05:557][412]LogModuleManager: Shutting down and abandoning module WmfMedia (81)
[2016.04.08-08.03.05:557][412]LogModuleManager: Shutting down and abandoning module OnlineBlueprintSupport (80)
[2016.04.08-08.03.05:558][412]LogModuleManager: Shutting down and abandoning module GameplayTasksEditor (79)
[2016.04.08-08.03.05:558][412]LogModuleManager: Shutting down and abandoning module PropertyEditor (78)
[2016.04.08-08.03.05:558][412]LogModuleManager: Shutting down and abandoning module BehaviorTreeEditor (77)
[2016.04.08-08.03.05:558][412]LogModuleManager: Shutting down and abandoning module FunctionalTesting (76)
[2016.04.08-08.03.05:558][412]LogModuleManager: Shutting down and abandoning module CollisionAnalyzer (75)
[2016.04.08-08.03.05:558][412]LogModuleManager: Shutting down and abandoning module WorkspaceMenuStructure (74)
[2016.04.08-08.03.05:558][412]LogModuleManager: Shutting down and abandoning module MessageLog (73)
[2016.04.08-08.03.05:558][412]LogModuleManager: Shutting down and abandoning module Sequencer (72)
[2016.04.08-08.03.05:559][412]LogModuleManager: Shutting down and abandoning module AssetTools (71)
[2016.04.08-08.03.05:559][412]LogModuleManager: Shutting down and abandoning module UMGEditor (70)
[2016.04.08-08.03.05:559][412]LogModuleManager: Shutting down and abandoning module UMG (69)
[2016.04.08-08.03.05:560][412]LogModuleManager: Shutting down and abandoning module Slate (68)
[2016.04.08-08.03.05:560][412]LogModuleManager: Shutting down and abandoning module EditorStyle (67)
[2016.04.08-08.03.05:567][412]LogModuleManager: Shutting down and abandoning module SessionServices (66)
[2016.04.08-08.03.05:567][412]LogModuleManager: Shutting down and abandoning module SourceCodeAccess (65)
[2016.04.08-08.03.05:567][412]LogModuleManager: Shutting down and abandoning module HeadMountedDisplay (64)
[2016.04.08-08.03.05:567][412]LogModuleManager: Shutting down and abandoning module XAudio2 (63)
[2016.04.08-08.03.05:567][412]LogModuleManager: Shutting down and abandoning module Networking (61)
[2016.04.08-08.03.05:567][412]LogModuleManager: Shutting down and abandoning module Core (60)
[2016.04.08-08.03.05:567][412]LogModuleManager: Shutting down and abandoning module KismetCompiler (59)
[2016.04.08-08.03.05:567][412]LogModuleManager: Shutting down and abandoning module PhysXFormats (58)
[2016.04.08-08.03.05:567][412]LogModuleManager: Shutting down and abandoning module MeshUtilities (57)
[2016.04.08-08.03.05:568][412]LogModuleManager: Shutting down and abandoning module DerivedDataCache (56)
[2016.04.08-08.03.05:577][412]LogDerivedDataCache: Shutdown
[2016.04.08-08.03.05:577][412]LogModuleManager: Shutting down and abandoning module ShaderFormatOpenGL (55)
[2016.04.08-08.03.05:577][412]LogModuleManager: Shutting down and abandoning module ShaderFormatD3D (54)
[2016.04.08-08.03.05:577][412]LogModuleManager: Shutting down and abandoning module MetalShaderFormat (53)
[2016.04.08-08.03.05:577][412]LogModuleManager: Shutting down and abandoning module TextureFormatUncompressed (52)
[2016.04.08-08.03.05:577][412]LogModuleManager: Shutting down and abandoning module TextureFormatPVR (51)
[2016.04.08-08.03.05:577][412]LogModuleManager: Shutting down and abandoning module TextureFormatIntelISPCTexComp (50)
[2016.04.08-08.03.05:577][412]LogModuleManager: Shutting down and abandoning module TextureFormatDXT (49)
[2016.04.08-08.03.05:577][412]LogModuleManager: Shutting down and abandoning module ImageWrapper (48)
[2016.04.08-08.03.05:577][412]LogModuleManager: Shutting down and abandoning module TextureFormatASTC (47)
[2016.04.08-08.03.05:577][412]LogModuleManager: Shutting down and abandoning module TextureFormatAndroid (46)
[2016.04.08-08.03.05:578][412]LogModuleManager: Shutting down and abandoning module AudioFormatOpus (45)
[2016.04.08-08.03.05:578][412]LogModuleManager: Shutting down and abandoning module AudioFormatOgg (44)
[2016.04.08-08.03.05:578][412]LogModuleManager: Shutting down and abandoning module AudioFormatADPCM (43)
[2016.04.08-08.03.05:578][412]LogModuleManager: Shutting down and abandoning module LinuxTargetPlatform (42)
[2016.04.08-08.03.05:578][412]LogModuleManager: Shutting down and abandoning module LinuxServerTargetPlatform (41)
[2016.04.08-08.03.05:579][412]LogModuleManager: Shutting down and abandoning module LinuxNoEditorTargetPlatform (40)
[2016.04.08-08.03.05:579][412]LogModuleManager: Shutting down and abandoning module Messaging (39)
[2016.04.08-08.03.05:579][412]LogModuleManager: Shutting down and abandoning module IOSTargetPlatform (38)
[2016.04.08-08.03.05:579][412]LogModuleManager: Shutting down and abandoning module HTML5TargetPlatform (37)
[2016.04.08-08.03.05:579][412]LogModuleManager: Shutting down and abandoning module Android_PVRTCTargetPlatform (36)
[2016.04.08-08.03.05:579][412]LogModuleManager: Shutting down and abandoning module Android_MultiTargetPlatform (35)
[2016.04.08-08.03.05:579][412]LogModuleManager: Shutting down and abandoning module Android_ETC2TargetPlatform (34)
[2016.04.08-08.03.05:579][412]LogModuleManager: Shutting down and abandoning module Android_ETC1TargetPlatform (33)
[2016.04.08-08.03.05:579][412]LogModuleManager: Shutting down and abandoning module Android_DXTTargetPlatform (32)
[2016.04.08-08.03.05:579][412]LogModuleManager: Shutting down and abandoning module Android_ATCTargetPlatform (31)
[2016.04.08-08.03.05:579][412]LogModuleManager: Shutting down and abandoning module Android_ASTCTargetPlatform (30)
[2016.04.08-08.03.05:579][412]LogModuleManager: Shutting down and abandoning module AndroidTargetPlatform (29)
[2016.04.08-08.03.05:579][412]LogModuleManager: Shutting down and abandoning module WindowsTargetPlatform (28)
[2016.04.08-08.03.05:580][412]LogModuleManager: Shutting down and abandoning module WindowsServerTargetPlatform (27)
[2016.04.08-08.03.05:580][412]LogModuleManager: Shutting down and abandoning module WindowsNoEditorTargetPlatform (26)
[2016.04.08-08.03.05:580][412]LogModuleManager: Shutting down and abandoning module WindowsClientTargetPlatform (25)
[2016.04.08-08.03.05:580][412]LogModuleManager: Shutting down and abandoning module AllDesktopTargetPlatform (24)
[2016.04.08-08.03.05:580][412]LogModuleManager: Shutting down and abandoning module TargetPlatform (23)
[2016.04.08-08.03.05:581][412]LogModuleManager: Shutting down and abandoning module InputCore (22)
[2016.04.08-08.03.05:581][412]LogModuleManager: Shutting down and abandoning module Settings (21)
[2016.04.08-08.03.05:581][412]LogModuleManager: Shutting down and abandoning module OnlineSubsystem (19)
[2016.04.08-08.03.05:581][412]LogModuleManager: Shutting down and abandoning module HTTP (18)
[2016.04.08-08.03.06:583][412]LogModuleManager: Shutting down and abandoning module XMPP (17)
[2016.04.08-08.03.06:584][412]LogModuleManager: Shutting down and abandoning module OculusRift (16)
[2016.04.08-08.03.06:584][412]LogModuleManager: Shutting down and abandoning module ExampleDeviceProfileSelector (15)
[2016.04.08-08.03.06:584][412]LogModuleManager: Shutting down and abandoning module TextureCompressor (14)
[2016.04.08-08.03.06:584][412]LogModuleManager: Shutting down and abandoning module ShaderCore (13)
[2016.04.08-08.03.06:584][412]LogModuleManager: Shutting down and abandoning module Landscape (12)
[2016.04.08-08.03.06:584][412]LogModuleManager: Shutting down and abandoning module SlateRHIRenderer (11)
[2016.04.08-08.03.06:593][412]LogModuleManager: Shutting down and abandoning module OpenGLDrv (10)
[2016.04.08-08.03.06:593][412]LogModuleManager: Shutting down and abandoning module D3D11RHI (9)
[2016.04.08-08.03.06:593][412]LogModuleManager: Shutting down and abandoning module AnimGraphRuntime (8)
[2016.04.08-08.03.06:593][412]LogModuleManager: Shutting down and abandoning module Renderer (7)
[2016.04.08-08.03.06:593][412]LogModuleManager: Shutting down and abandoning module Engine (6)
[2016.04.08-08.03.06:593][412]LogModuleManager: Shutting down and abandoning module CoreUObject (5)
[2016.04.08-08.03.06:593][412]LogModuleManager: Shutting down and abandoning module NetworkFile (4)
[2016.04.08-08.03.06:593][412]LogModuleManager: Shutting down and abandoning module StreamingFile (3)
[2016.04.08-08.03.06:593][412]LogModuleManager: Shutting down and abandoning module SandboxFile (2)
[2016.04.08-08.03.06:593][412]LogModuleManager: Shutting down and abandoning module PakFile (1)
[2016.04.08-08.03.06:598][412]LogExit: Exiting.
[2016.04.08-08.03.06:614][412]Log file closed, 04/08/16 10:03:06
