[2016.03.31-13.59.42:306][  0]Log file open, 03/31/16 15:59:42
[2016.03.31-13.59.42:306][  0]LogInit:Display: Running engine without a game
[2016.03.31-13.59.42:306][  0]LogPlatformFile: Not using cached read wrapper
[2016.03.31-13.59.42:306][  0]LogInit:Display: Loading recent project file: ../../../../../Ureal engine 4/Proyectos/Ondarreta/ProjectOndarreta/ProjectOndarreta.uproject
[2016.03.31-13.59.42:306][  0]LogInit:Display: RandInit(873703660) SRandInit(873703663).
[2016.03.31-13.59.42:306][  0]LogTaskGraph: Started task graph with 4 named threads and 7 total threads.
[2016.03.31-13.59.42:306][  0]LogStats: Stats thread started at 0.235384
[2016.03.31-13.59.42:306][  0]LogInit: Version: 4.10.4-2872498+++depot+UE4-Releases+4.10
[2016.03.31-13.59.42:306][  0]LogInit: API Version: 2758231
[2016.03.31-13.59.42:306][  0]LogInit: Compiled (64-bit): Feb 18 2016 15:47:04
[2016.03.31-13.59.42:306][  0]LogInit: Compiled with Visual C++: 19.00.23026.00
[2016.03.31-13.59.42:306][  0]LogInit: Build Configuration: Development
[2016.03.31-13.59.42:306][  0]LogInit: Branch Name: ++depot+UE4-Releases+4.10
[2016.03.31-13.59.42:306][  0]LogInit: Command line: -EpicPortal 
[2016.03.31-13.59.42:306][  0]LogInit: Base directory: D:/Investigation_Zone/Epic Games/4.10/Engine/Binaries/Win64/
[2016.03.31-13.59.42:306][  0]LogInit: Rocket: 1
[2016.03.31-13.59.42:393][  0]LogInit: Using libcurl 7.41.0
[2016.03.31-13.59.42:393][  0]LogInit:  - built for x86_64-pc-win32
[2016.03.31-13.59.42:393][  0]LogInit:  - supports SSL with WinSSL
[2016.03.31-13.59.42:393][  0]LogInit:  - other features:
[2016.03.31-13.59.42:393][  0]LogInit:      CURL_VERSION_SSL
[2016.03.31-13.59.42:393][  0]LogInit:      CURL_VERSION_IPV6
[2016.03.31-13.59.42:393][  0]LogInit:      CURL_VERSION_ASYNCHDNS
[2016.03.31-13.59.42:393][  0]LogInit:      CURL_VERSION_LARGEFILE
[2016.03.31-13.59.42:393][  0]LogInit:      CURL_VERSION_IDN
[2016.03.31-13.59.42:393][  0]LogInit:  CurlRequestOptions (configurable via config and command line):
[2016.03.31-13.59.42:393][  0]LogInit:  - bVerifyPeer = true  - Libcurl will verify peer certificate
[2016.03.31-13.59.42:393][  0]LogInit:  - bUseHttpProxy = false  - Libcurl will NOT use HTTP proxy
[2016.03.31-13.59.42:393][  0]LogInit:  - bDontReuseConnections = false  - Libcurl will reuse connections
[2016.03.31-13.59.42:393][  0]LogInit:  - CertBundlePath = nullptr  - Libcurl will use whatever was configured at build time.
[2016.03.31-13.59.42:570][  0]LogInit: Presizing for 0 objects not considered by GC, pre-allocating 0 bytes.
[2016.03.31-13.59.42:593][  0]LogInit: Object subsystem initialized
[2016.03.31-13.59.42:596][  0]LogInit: Selected Device Profile: [Windows]
[2016.03.31-13.59.42:596][  0]LogInit: Applying CVar settings loaded from the selected device profile: [Windows]
[2016.03.31-13.59.42:660][  0]LogInit: Computer: ALMA-ITSASO
[2016.03.31-13.59.42:660][  0]LogInit: User: Unai
[2016.03.31-13.59.42:660][  0]LogInit: CPU Page size=4096, Cores=4
[2016.03.31-13.59.42:660][  0]LogInit: High frequency timer resolution =2.338343 MHz
[2016.03.31-13.59.42:660][  0]LogMemory: Memory total: Physical=7.9GB (8GB approx)
[2016.03.31-13.59.42:661][  0]LogMemory: Platform Memory Stats for Windows
[2016.03.31-13.59.42:661][  0]LogMemory: Process Physical Memory: 56.07 MB used, 56.07 MB peak
[2016.03.31-13.59.42:661][  0]LogMemory: Process Virtual Memory: 58.70 MB used, 58.70 MB peak
[2016.03.31-13.59.42:661][  0]LogMemory: Physical Memory: 4412.59 MB used, 8124.02 MB total
[2016.03.31-13.59.42:661][  0]LogMemory: Virtual Memory: 384.83 MB used, 134217728.00 MB total
[2016.03.31-13.59.45:618][  0]LogD3D11RHI: Found D3D11 adapter 0: NVIDIA GeForce GT 740M    (Feature Level 11_0)
[2016.03.31-13.59.45:618][  0]LogD3D11RHI: Adapter has 1996MB of dedicated video memory, 0MB of dedicated system memory, and 4062MB of shared system memory, 2 output[s]
[2016.03.31-13.59.45:633][  0]LogD3D11RHI: Found D3D11 adapter 1: Intel(R) HD Graphics 4600 (Feature Level 11_0)
[2016.03.31-13.59.45:633][  0]LogD3D11RHI: Adapter has 112MB of dedicated video memory, 0MB of dedicated system memory, and 4062MB of shared system memory, 0 output[s]
[2016.03.31-13.59.45:639][  0]LogD3D11RHI: Found D3D11 adapter 2: Microsoft Basic Render Driver (Feature Level 11_0)
[2016.03.31-13.59.45:639][  0]LogD3D11RHI: Adapter has 0MB of dedicated video memory, 0MB of dedicated system memory, and 4062MB of shared system memory, 0 output[s]
[2016.03.31-13.59.45:639][  0]LogD3D11RHI: Chosen D3D11 Adapter Id = 0
[2016.03.31-13.59.45:657][  0]LogD3D11RHI: !Direct3DDevice
[2016.03.31-13.59.45:657][  0]LogRHI: Texture pool is 1361 MB (70% of 1945 MB)
[2016.03.31-13.59.45:707][  0]LogD3D11RHI: Async texture creation enabled
[2016.03.31-13.59.45:737][  0]LogShaderCompilers: Guid format shader working directory is -21 characters bigger than the processId version (../../../../../Ureal engine 4/Proyectos/Ondarreta/ProjectOndarreta/Intermediate/Shaders/WorkingDirectory/8016/).
[2016.03.31-13.59.45:737][  0]LogShaderCompilers: Cleaned the shader compiler working directory 'C:/Users/Unai/AppData/Local/Temp/UnrealShaderWorkingDir/D3C500FD407E70EC4CE4EB94DEDCA10E/'.
[2016.03.31-13.59.45:737][  0]LogShaderCompilers:Display: Using Local Shader Compiler.
[2016.03.31-13.59.52:225][  0]LogTemp:Display: Loaded TP AllDesktopTargetPlatform
[2016.03.31-13.59.52:242][  0]LogTemp:Display: Loaded TP WindowsClientTargetPlatform
[2016.03.31-13.59.52:266][  0]LogTemp:Display: Loaded TP WindowsNoEditorTargetPlatform
[2016.03.31-13.59.52:281][  0]LogTemp:Display: Loaded TP WindowsServerTargetPlatform
[2016.03.31-13.59.52:302][  0]LogTemp:Display: Loaded TP WindowsTargetPlatform
[2016.03.31-13.59.52:330][  0]LogTemp:Display: Loaded TP AndroidTargetPlatform
[2016.03.31-13.59.52:351][  0]LogTemp:Display: Loaded TP Android_ASTCTargetPlatform
[2016.03.31-13.59.52:366][  0]LogTemp:Display: Loaded TP Android_ATCTargetPlatform
[2016.03.31-13.59.52:393][  0]LogTemp:Display: Loaded TP Android_DXTTargetPlatform
[2016.03.31-13.59.52:419][  0]LogTemp:Display: Loaded TP Android_ETC1TargetPlatform
[2016.03.31-13.59.52:443][  0]LogTemp:Display: Loaded TP Android_ETC2TargetPlatform
[2016.03.31-13.59.52:480][  0]LogTemp:Display: Loaded TP Android_MultiTargetPlatform
[2016.03.31-13.59.52:480][  0]LogTemp:Display: Loaded TP Android_PVRTCTargetPlatform
[2016.03.31-13.59.52:483][  0]LogTemp:Display: Loaded TP HTML5TargetPlatform
[2016.03.31-13.59.52:679][  0]LogTemp:Display: Loaded TP IOSTargetPlatform
[2016.03.31-13.59.52:703][  0]LogTemp:Display: Loaded TP LinuxNoEditorTargetPlatform
[2016.03.31-13.59.52:727][  0]LogTemp:Display: Loaded TP LinuxServerTargetPlatform
[2016.03.31-13.59.52:777][  0]LogTemp:Display: Loaded TP LinuxTargetPlatform
[2016.03.31-13.59.52:777][  0]LogTargetPlatformManager:Display: Building Assets For Windows
[2016.03.31-13.59.53:980][  0]LogDerivedDataCache:Display: Max Cache Size: 512 MB
[2016.03.31-13.59.54:336][  0]LogDerivedDataCache: Loaded boot cache 0.35s 41MB C:/Users/Unai/AppData/Local/UnrealEngine/4.10/DerivedDataCache/Boot.ddc.
[2016.03.31-13.59.54:336][  0]LogDerivedDataCache:Display: Loaded Boot cache: C:/Users/Unai/AppData/Local/UnrealEngine/4.10/DerivedDataCache/Boot.ddc
[2016.03.31-13.59.54:336][  0]LogDerivedDataCache: FDerivedDataBackendGraph:  Pak pak cache file ../../../../../Ureal engine 4/Proyectos/Ondarreta/ProjectOndarreta/DerivedDataCache/DDC.ddp not found, will not use a pak cache.
[2016.03.31-13.59.54:336][  0]LogDerivedDataCache: Unable to find inner node Pak for hierarchical cache Hierarchy.
[2016.03.31-13.59.54:337][  0]LogDerivedDataCache: FDerivedDataBackendGraph:  CompressedPak pak cache file ../../../../../Ureal engine 4/Proyectos/Ondarreta/ProjectOndarreta/DerivedDataCache/Compressed.ddp not found, will not use a pak cache.
[2016.03.31-13.59.54:337][  0]LogDerivedDataCache: Unable to find inner node CompressedPak for hierarchical cache Hierarchy.
[2016.03.31-13.59.54:622][  0]LogDerivedDataCache:Display: Pak cache opened for reading ../../../Engine/DerivedDataCache/Compressed.ddp.
[2016.03.31-13.59.54:636][  0]LogDerivedDataCache: Using Local data cache path C:/Users/Unai/AppData/Local/UnrealEngine/Common/DerivedDataCache: Writable
[2016.03.31-14.00.07:286][  0]LogModuleManager:Warning: Found module file ../../../Engine/Plugins/VaOcean/Binaries/Win64/UE4Editor-VaOceanPlugin.dll (API version 2215663), but it was incompatible with the current engine API version (2758231). This is likely a stale module that must be recompiled.
[2016.03.31-14.00.12:048][  0]LogInit: Selected Device Profile: [Windows]
[2016.03.31-14.00.12:249][  0]LogContentStreaming: Texture pool size is 0.000000MB
[2016.03.31-14.00.14:820][  0]LogMeshUtilities: No automatic mesh reduction module available
[2016.03.31-14.00.14:820][  0]LogMeshUtilities: No automatic mesh merging module available
[2016.03.31-14.00.19:490][  0]LogInit: WinSock: version 1.1 (2.2), MaxSocks=32767, MaxUdp=65467
[2016.03.31-14.00.36:737][  0]UdpMessaging: Initializing bridge on interface 0.0.0.0:0 to multicast group 230.0.0.1:6666.
[2016.03.31-14.00.37:437][  0]LogAssetRegistry: FAssetRegistry took 0.0143 seconds to start up
[2016.03.31-14.00.40:573][  0]SourceControl: Info Source control is disabled
[2016.03.31-14.00.40:943][  0]SourceControl: Info Source control is disabled
[2016.03.31-14.00.41:061][  0]SourceControl: Info Source control is disabled
[2016.03.31-14.00.41:158][  0]SourceControl: Info Source control is disabled
[2016.03.31-14.00.43:434][  0]LogObj: 28633 objects as part of root set at end of initial load.
[2016.03.31-14.00.43:434][  0]LogUObjectAllocator: 6099752 out of 0 bytes used by permanent object pool.
[2016.03.31-14.00.45:160][  0]LogEngine: Initializing Engine...
[2016.03.31-14.00.45:226][  0]LogHMD: Can't find Oculus library dev build: is proper Runtime installed? Version: 0.8.0.0
[2016.03.31-14.00.45:305][  0]LogHMD: SteamVR failed to initialize.  Err: 110
[2016.03.31-14.00.47:976][  0]LogAIModule: Creating AISystem for world NewWorld
[2016.03.31-14.00.48:611][  0]LogInit: XAudio2 using 'Altavoces / Auriculares (IDT High Definition Audio CODEC)' : 2 channels at 48 kHz using 16 bits per sample (channel mask 0x3)
[2016.03.31-14.00.48:672][  0]LogInit: FAudioDevice initialized.
[2016.03.31-14.00.48:739][  0]LogDerivedDataCache: Saved boot cache 0.07s 41MB C:/Users/Unai/AppData/Local/UnrealEngine/4.10/DerivedDataCache/Boot.ddc.
[2016.03.31-14.00.48:755][  0]LogInit: Texture streaming: Enabled
[2016.03.31-14.00.48:897][  0]LogAnalytics: Creating configured Analytics provider AnalyticsET
[2016.03.31-14.00.48:898][  0]LogAnalytics: [UEEditor.Rocket.Release] APIServer = http://et2.epicgames.com/ET2/. AppVersion = 4.10.4-2872498+++depot+UE4-Releases+4.10
[2016.03.31-14.00.48:898][  0]LogAnalytics: [UEEditor.Rocket.Release] SetUserId d7adaae849ea30e6caa19b820571e0d9|33a1c5eb2cc94ca8a72a46d53f3ce1d2|4517af11-a817-4828-86eb-27c26c7bd883
[2016.03.31-14.00.48:920][  0]LogAnalytics: [UEEditor.Rocket.Release] AnalyticsET::StartSession
[2016.03.31-14.00.49:217][  0]LogInit: Transaction tracking system initialized
[2016.03.31-14.00.49:897][  0]BlueprintLog: New page: Editor Load
[2016.03.31-14.00.52:053][  0]LocalizationService: Info Localization service is disabled
[2016.03.31-14.00.54:113][  0]LogConsoleResponse:Display: 
[2016.03.31-14.00.57:038][  0]LogFileCache: Scanning file cache for directory 'D:/Investigation_Zone/Ureal engine 4/Proyectos/Ondarreta/ProjectOndarreta/Content/' took 0.02s
[2016.03.31-14.00.57:038][  0]LogCook:Display: Done creating registry. It took  0.00s.
[2016.03.31-14.00.57:705][  0]SourceControl: Info Source control is disabled
[2016.03.31-14.00.57:769][  0]Cmd: MAP LOAD FILE="../../../../../Ureal engine 4/Proyectos/Ondarreta/ProjectOndarreta/Content/StarterContent/Maps/Minimal_Default.umap" TEMPLATE=0 SHOWPROGRESS=1 FEATURELEVEL=3
[2016.03.31-14.00.57:777][  0]LightingResults: New page: Lighting Build
[2016.03.31-14.00.57:896][  0]MapCheck: New page: Map Check
[2016.03.31-14.00.57:896][  0]LightingResults: New page: Lighting Build
[2016.03.31-14.00.58:195][  0]LogParticles: Destroying 0 GPU particle simulations for FXSystem 0x000002C769277420
[2016.03.31-14.00.59:625][  0]LogLinker:Warning: Can't find file '/Game/ShipsAndExamples/Assets/Elemental/Effects/Fx_DustAndDebris/Materials/T_NoiseNormal_01'
[2016.03.31-14.00.59:625][  0]LogLinker:Warning: Can't find file for asset '/Game/ShipsAndExamples/Assets/Elemental/Effects/Fx_DustAndDebris/Materials/T_NoiseNormal_01' while loading ../../../Engine/Content/Tutorial/Landscape/TutorialAssets/Landscape_Material.uasset.
[2016.03.31-14.00.59:625][  0]LoadErrors:Error: Error /Engine/Tutorial/Landscape/TutorialAssets/Landscape_Material : Can't find file for asset. /Game/ShipsAndExamples/Assets/Elemental/Effects/Fx_DustAndDebris/Materials/T_NoiseNormal_01
[2016.03.31-14.00.59:626][  0]LogLinker:Warning: Can't find file '/Game/ShipsAndExamples/Assets/Elemental/Environment/Misc/T_CliffRockTile_01_N'
[2016.03.31-14.00.59:626][  0]LogLinker:Warning: Can't find file for asset '/Game/ShipsAndExamples/Assets/Elemental/Environment/Misc/T_CliffRockTile_01_N' while loading ../../../Engine/Content/Tutorial/Landscape/TutorialAssets/Landscape_Material.uasset.
[2016.03.31-14.00.59:626][  0]LoadErrors:Error: Error /Engine/Tutorial/Landscape/TutorialAssets/Landscape_Material : Can't find file for asset. /Game/ShipsAndExamples/Assets/Elemental/Environment/Misc/T_CliffRockTile_01_N
[2016.03.31-14.00.59:627][  0]LogLinker:Warning: Can't find file '/Game/ShipsAndExamples/Assets/Elemental/Environment/Misc/T_Rock2_D'
[2016.03.31-14.00.59:627][  0]LogLinker:Warning: Can't find file for asset '/Game/ShipsAndExamples/Assets/Elemental/Environment/Misc/T_Rock2_D' while loading ../../../Engine/Content/Tutorial/Landscape/TutorialAssets/Landscape_Material.uasset.
[2016.03.31-14.00.59:627][  0]LoadErrors:Error: Error /Engine/Tutorial/Landscape/TutorialAssets/Landscape_Material : Can't find file for asset. /Game/ShipsAndExamples/Assets/Elemental/Environment/Misc/T_Rock2_D
[2016.03.31-14.00.59:690][  0]LogLinker:Warning: Can't find file '/Game/ShipsAndExamples/Assets/Elemental/Effects/Fx_DustAndDebris/Materials/T_NoiseNormal_01'
[2016.03.31-14.00.59:690][  0]LogLinker:Warning: Can't find file for asset '/Game/ShipsAndExamples/Assets/Elemental/Effects/Fx_DustAndDebris/Materials/T_NoiseNormal_01' while loading ../../../Engine/Content/Tutorial/Landscape/TutorialAssets/Landscape_Material.uasset.
[2016.03.31-14.00.59:690][  0]LoadErrors:Error: Error /Engine/Tutorial/Landscape/TutorialAssets/Landscape_Material : Can't find file for asset. /Game/ShipsAndExamples/Assets/Elemental/Effects/Fx_DustAndDebris/Materials/T_NoiseNormal_01
[2016.03.31-14.00.59:691][  0]LogLinker:Warning: Can't find file '/Game/ShipsAndExamples/Assets/Elemental/Environment/Misc/T_CliffRockTile_01_N'
[2016.03.31-14.00.59:691][  0]LogLinker:Warning: Can't find file for asset '/Game/ShipsAndExamples/Assets/Elemental/Environment/Misc/T_CliffRockTile_01_N' while loading ../../../Engine/Content/Tutorial/Landscape/TutorialAssets/Landscape_Material.uasset.
[2016.03.31-14.00.59:691][  0]LoadErrors:Error: Error /Engine/Tutorial/Landscape/TutorialAssets/Landscape_Material : Can't find file for asset. /Game/ShipsAndExamples/Assets/Elemental/Environment/Misc/T_CliffRockTile_01_N
[2016.03.31-14.00.59:692][  0]LogLinker:Warning: Can't find file '/Game/ShipsAndExamples/Assets/Elemental/Environment/Misc/T_Rock2_D'
[2016.03.31-14.00.59:692][  0]LogLinker:Warning: Can't find file for asset '/Game/ShipsAndExamples/Assets/Elemental/Environment/Misc/T_Rock2_D' while loading ../../../Engine/Content/Tutorial/Landscape/TutorialAssets/Landscape_Material.uasset.
[2016.03.31-14.00.59:692][  0]LoadErrors:Error: Error /Engine/Tutorial/Landscape/TutorialAssets/Landscape_Material : Can't find file for asset. /Game/ShipsAndExamples/Assets/Elemental/Environment/Misc/T_Rock2_D
[2016.03.31-14.01.03:348][  0]LogLinker:Warning: Can't find file '/Game/ShipsAndExamples/Assets/Elemental/Environment/Misc/T_Rock2_D'
[2016.03.31-14.01.03:348][  0]LoadErrors: Info Failed to load /Game/ShipsAndExamples/Assets/Elemental/Environment/Misc/T_Rock2_D.T_Rock2_D Referenced by MaterialExpressionTextureSample_12
[2016.03.31-14.01.03:349][  0]LogLinker:Warning: Can't find file for asset '/Game/ShipsAndExamples/Assets/Elemental/Environment/Misc/T_Rock2_D' while loading NULL.
[2016.03.31-14.01.03:349][  0]LoadErrors: Info Failed to load /Game/ShipsAndExamples/Assets/Elemental/Environment/Misc/T_Rock2_D.T_Rock2_D Referenced by MaterialExpressionTextureSample_12
[2016.03.31-14.01.03:351][  0]LogLinker:Warning: Can't find file '/Game/ShipsAndExamples/Assets/Elemental/Environment/Misc/T_CliffRockTile_01_N'
[2016.03.31-14.01.03:351][  0]LoadErrors: Info Failed to load /Game/ShipsAndExamples/Assets/Elemental/Environment/Misc/T_CliffRockTile_01_N.T_CliffRockTile_01_N Referenced by MaterialExpressionTextureSample_16
[2016.03.31-14.01.03:351][  0]LogLinker:Warning: Can't find file for asset '/Game/ShipsAndExamples/Assets/Elemental/Environment/Misc/T_CliffRockTile_01_N' while loading NULL.
[2016.03.31-14.01.03:352][  0]LoadErrors: Info Failed to load /Game/ShipsAndExamples/Assets/Elemental/Environment/Misc/T_CliffRockTile_01_N.T_CliffRockTile_01_N Referenced by MaterialExpressionTextureSample_16
[2016.03.31-14.01.03:353][  0]LogLinker:Warning: Can't find file '/Game/ShipsAndExamples/Assets/Elemental/Effects/Fx_DustAndDebris/Materials/T_NoiseNormal_01'
[2016.03.31-14.01.03:353][  0]LoadErrors: Info Failed to load /Game/ShipsAndExamples/Assets/Elemental/Effects/Fx_DustAndDebris/Materials/T_NoiseNormal_01.T_NoiseNormal_01 Referenced by MaterialExpressionTextureSample_20
[2016.03.31-14.01.03:353][  0]LogLinker:Warning: Can't find file for asset '/Game/ShipsAndExamples/Assets/Elemental/Effects/Fx_DustAndDebris/Materials/T_NoiseNormal_01' while loading NULL.
[2016.03.31-14.01.03:353][  0]LoadErrors: Info Failed to load /Game/ShipsAndExamples/Assets/Elemental/Effects/Fx_DustAndDebris/Materials/T_NoiseNormal_01.T_NoiseNormal_01 Referenced by MaterialExpressionTextureSample_20
[2016.03.31-14.01.03:947][  0]LogMaterial: Missing cached shader map for material Landscape_Material, compiling. 
[2016.03.31-14.01.04:301][  0]LogMaterial: Missing cached shader map for material Landscape_Material, compiling. 
[2016.03.31-14.01.04:437][  0]LogMaterial: Missing cached shader map for material Landscape_Material, compiling. 
[2016.03.31-14.01.04:448][  0]LogMaterial:Warning: Failed to compile Material Instance /Game/StarterContent/Maps/Minimal_Default.LandscapeMaterialInstanceConstant_17 with Base Landscape_Material for platform PCD3D_SM5, Default Material will be used in game.
[2016.03.31-14.01.04:448][  0]LogMaterial:Warning: 	(Node TextureSample) TextureSample> Missing input texture
[2016.03.31-14.01.04:555][  0]LogMaterial: Missing cached shader map for material Landscape_Material, compiling. 
[2016.03.31-14.01.04:560][  0]LogMaterial:Warning: Failed to compile Material Instance /Game/StarterContent/Maps/Minimal_Default.LandscapeMaterialInstanceConstant_22 with Base Landscape_Material for platform PCD3D_SM5, Default Material will be used in game.
[2016.03.31-14.01.04:560][  0]LogMaterial:Warning: 	(Node TextureSample) TextureSample> Missing input texture
[2016.03.31-14.01.19:040][  0]LogTexture:Display: Building textures: HQ_Lightmap1_257 (AutoDXT)
[2016.03.31-14.01.22:184][  0]LogTexture:Display: Building textures: LQ_Lightmap_1_257 (DXT1)
[2016.03.31-14.01.25:404][  0]LogAIModule: Creating AISystem for world Minimal_Default
[2016.03.31-14.02.03:319][  0]LogEditorServer: Finished looking for orphan Actors (0.015 secs)
[2016.03.31-14.02.03:469][  0]Cmd: MAP CHECKDEP NOCLEARLOG
[2016.03.31-14.02.03:826][  0]MapCheck: Info Map check complete: 0 Error(s), 0 Warning(s), took 355.465ms to complete.
[2016.03.31-14.02.03:835][  0]LogFileHelpers: Loading map 'Minimal_Default' took 66.083
[2016.03.31-14.02.07:234][  0]LogCollectionManager: Loaded 0 collections in 0.008434 seconds
[2016.03.31-14.02.07:640][  0]LogFileCache: Scanning file cache for directory 'D:/Investigation_Zone/Ureal engine 4/Proyectos/Ondarreta/ProjectOndarreta/Saved/Collections/' took 0.01s
[2016.03.31-14.02.07:640][  0]LogFileCache: Scanning file cache for directory 'D:/Investigation_Zone/Ureal engine 4/Proyectos/Ondarreta/ProjectOndarreta/Content/Developers/Unai/Collections/' took 0.01s
[2016.03.31-14.02.07:641][  0]LogFileCache: Scanning file cache for directory 'D:/Investigation_Zone/Ureal engine 4/Proyectos/Ondarreta/ProjectOndarreta/Content/Collections/' took 0.01s
[2016.03.31-14.02.07:641][  0]LogCollectionManager: Rebuilt the GUID cache for 0 collections in 0.000007 seconds
[2016.03.31-14.02.07:753][  0]LogContentBrowser: Native class hierarchy populated in 0.0907 seconds. Added 1893 classes and 338 folders.
[2016.03.31-14.02.08:072][  0]LogContentBrowser: Native class hierarchy updated for 'WidgetCarousel' in 0.0033 seconds. Added 0 classes and 0 folders.
[2016.03.31-14.02.10:802][  0]LogContentBrowser: Native class hierarchy updated for 'AddContentDialog' in 0.0019 seconds. Added 0 classes and 0 folders.
[2016.03.31-14.02.10:929][  0]LogContentBrowser: Native class hierarchy updated for 'SceneOutliner' in 0.0018 seconds. Added 1 classes and 2 folders.
[2016.03.31-14.02.12:050][  0]LogCrashTracker: Crashtracker disabled due to settings.
[2016.03.31-14.02.12:424][  0]LogUObjectGlobals:Warning: Failed to find object 'Class None.'
[2016.03.31-14.02.12:527][  0]LogLoad: Full Startup: 152.79 seconds (BP compile: 0.77 seconds)
[2016.03.31-14.02.13:005][  0]LogOcInput: Can't find Oculus library dev build: is proper Runtime installed? Version: 0.8.0.0
[2016.03.31-14.02.14:519][  0]LogContentStreaming: Texture pool size now 400 MB
[2016.03.31-14.02.17:338][  0]LogRenderer: Reallocating scene render targets to support 1208x684 (Frame:2).
[2016.03.31-14.02.18:578][  1]Cmd: UpdateLandscapeEditorData -warnings
[2016.03.31-14.02.24:811][ 15]LogAssetRegistry: Asset discovery search completed in 107.3863 seconds
[2016.03.31-14.02.24:821][ 15]LogCollectionManager: Rebuilt the object cache for 0 collections in 0.000004 seconds (found 0 objects)
[2016.03.31-14.02.24:822][ 15]LogCollectionManager: Fixed up redirectors for 0 collections in 0.010360 seconds (updated 0 objects)
[2016.03.31-14.03.59:860][741]LogEditorViewport: Clicking on Actor (LMB): Landscape (Ocean)
[2016.03.31-14.04.03:554][752]LogEditorViewport: Clicking on Actor (LMB): Landscape (Ocean)
[2016.03.31-14.04.21:283][113]LogWindowsTextInputMethodSystem:Display: IME system now deactivated.
[2016.03.31-14.04.22:696][114]Cmd: QUIT_EDITOR
[2016.03.31-14.04.24:089][114]LogExit: Preparing to exit.
[2016.03.31-14.04.26:184][114]LogExit: Editor shut down
[2016.03.31-14.04.26:185][114]LogExit: Transaction tracking system shut down
[2016.03.31-14.04.26:231][114]LogParticles: Destroying 0 GPU particle simulations for FXSystem 0x000002C773123060
[2016.03.31-14.04.28:754][114]LogParticles: Destroying 0 GPU particle simulations for FXSystem 0x000002C779F8F2E0
[2016.03.31-14.04.28:754][114]LogParticles: Destroying 0 GPU particle simulations for FXSystem 0x000002C7002FAAC0
[2016.03.31-14.04.28:754][114]LogExit: Object subsystem successfully closed.
[2016.03.31-14.04.28:974][114]LogD3D11RHI: Shutdown
[2016.03.31-14.04.28:974][114]LogD3D11RHI: CleanupD3DDevice
[2016.03.31-14.04.29:479][114]LogD3D11RHI: ~FD3D11DynamicRHI
[2016.03.31-14.04.30:580][114]LogModuleManager: Shutting down and abandoning module CrashTracker (198)
[2016.03.31-14.04.30:580][114]LogModuleManager: Shutting down and abandoning module SceneOutliner (197)
[2016.03.31-14.04.30:580][114]LogModuleManager: Shutting down and abandoning module SuperSearch (196)
[2016.03.31-14.04.30:580][114]LogModuleManager: Shutting down and abandoning module WidgetCarousel (195)
[2016.03.31-14.04.30:591][114]LogModuleManager: Shutting down and abandoning module AddContentDialog (194)
[2016.03.31-14.04.30:638][114]LogModuleManager: Shutting down and abandoning module EditorWidgets (193)
[2016.03.31-14.04.30:638][114]LogModuleManager: Shutting down and abandoning module CollectionManager (192)
[2016.03.31-14.04.30:655][114]LogModuleManager: Shutting down and abandoning module StatsViewer (191)
[2016.03.31-14.04.30:671][114]LogModuleManager: Shutting down and abandoning module FoliageEdit (190)
[2016.03.31-14.04.30:691][114]LogModuleManager: Shutting down and abandoning module LandscapeEditor (189)
[2016.03.31-14.04.30:710][114]LogModuleManager: Shutting down and abandoning module ActorPickerMode (188)
[2016.03.31-14.04.30:710][114]LogModuleManager: Shutting down and abandoning module GeometryMode (187)
[2016.03.31-14.04.30:710][114]LogModuleManager: Shutting down and abandoning module TextureAlignMode (186)
[2016.03.31-14.04.30:710][114]LogModuleManager: Shutting down and abandoning module BspMode (185)
[2016.03.31-14.04.30:710][114]LogModuleManager: Shutting down and abandoning module PlacementMode (184)
[2016.03.31-14.04.30:710][114]LogModuleManager: Shutting down and abandoning module AutomationWorker (183)
[2016.03.31-14.04.30:710][114]LogModuleManager: Shutting down and abandoning module CharacterAI (182)
[2016.03.31-14.04.30:710][114]LogModuleManager: Shutting down and abandoning module SmartSnapping (181)
[2016.03.31-14.04.30:710][114]LogModuleManager: Shutting down and abandoning module ViewportSnapping (180)
[2016.03.31-14.04.30:710][114]LogModuleManager: Shutting down and abandoning module LogVisualizer (179)
[2016.03.31-14.04.30:746][114]LogModuleManager: Shutting down and abandoning module GameProjectGeneration (178)
[2016.03.31-14.04.30:764][114]LogModuleManager: Shutting down and abandoning module IntroTutorials (177)
[2016.03.31-14.04.30:824][114]LogModuleManager: Shutting down and abandoning module EditorLiveStreaming (176)
[2016.03.31-14.04.30:824][114]LogModuleManager: Shutting down and abandoning module IOSPlatformEditor (175)
[2016.03.31-14.04.30:832][114]LogModuleManager: Shutting down and abandoning module HTML5PlatformEditor (174)
[2016.03.31-14.04.30:832][114]LogModuleManager: Shutting down and abandoning module AndroidDeviceDetection (173)
[2016.03.31-14.04.30:861][114]LogModuleManager: Shutting down and abandoning module AndroidPlatformEditor (172)
[2016.03.31-14.04.30:861][114]LogModuleManager: Shutting down and abandoning module IOSRuntimeSettings (171)
[2016.03.31-14.04.30:861][114]LogModuleManager: Shutting down and abandoning module AndroidRuntimeSettings (170)
[2016.03.31-14.04.30:861][114]LogModuleManager: Shutting down and abandoning module MergeActors (169)
[2016.03.31-14.04.30:872][114]LogModuleManager: Shutting down and abandoning module SizeMap (168)
[2016.03.31-14.04.30:872][114]LogModuleManager: Shutting down and abandoning module TreeMap (167)
[2016.03.31-14.04.30:890][114]LogModuleManager: Shutting down and abandoning module ReferenceViewer (166)
[2016.03.31-14.04.30:898][114]LogModuleManager: Shutting down and abandoning module LocalizationService (165)
[2016.03.31-14.04.30:908][114]LogModuleManager: Shutting down and abandoning module LocalizationDashboard (164)
[2016.03.31-14.04.30:929][114]LogModuleManager: Shutting down and abandoning module HardwareTargeting (163)
[2016.03.31-14.04.30:942][114]LogModuleManager: Shutting down and abandoning module DeviceProfileEditor (162)
[2016.03.31-14.04.30:957][114]LogModuleManager: Shutting down and abandoning module UndoHistory (161)
[2016.03.31-14.04.30:971][114]LogModuleManager: Shutting down and abandoning module GameplayTagsEditor (160)
[2016.03.31-14.04.30:979][114]LogModuleManager: Shutting down and abandoning module UserFeedback (159)
[2016.03.31-14.04.30:979][114]LogModuleManager: Shutting down and abandoning module XmlParser (158)
[2016.03.31-14.04.30:979][114]LogModuleManager: Shutting down and abandoning module Blutility (157)
[2016.03.31-14.04.30:979][114]LogModuleManager: Shutting down and abandoning module ProjectTargetPlatformEditor (156)
[2016.03.31-14.04.30:997][114]LogModuleManager: Shutting down and abandoning module ProjectSettingsViewer (155)
[2016.03.31-14.04.30:998][114]LogModuleManager: Shutting down and abandoning module InputBindingEditor (154)
[2016.03.31-14.04.31:035][114]LogModuleManager: Shutting down and abandoning module EditorSettingsViewer (153)
[2016.03.31-14.04.31:035][114]LogModuleManager: Shutting down and abandoning module SettingsEditor (152)
[2016.03.31-14.04.31:051][114]LogModuleManager: Shutting down and abandoning module ProjectLauncher (151)
[2016.03.31-14.04.31:077][114]LogModuleManager: Shutting down and abandoning module SessionFrontend (150)
[2016.03.31-14.04.31:098][114]LogModuleManager: Shutting down and abandoning module ProfilerClient (149)
[2016.03.31-14.04.31:113][114]LogModuleManager: Shutting down and abandoning module TargetDeviceServices (148)
[2016.03.31-14.04.31:131][114]LogModuleManager: Shutting down and abandoning module DeviceManager (147)
[2016.03.31-14.04.31:143][114]LogModuleManager: Shutting down and abandoning module AutomationController (146)
[2016.03.31-14.04.31:155][114]LogModuleManager: Shutting down and abandoning module AutomationWindow (145)
[2016.03.31-14.04.31:175][114]LogModuleManager: Shutting down and abandoning module Layers (144)
[2016.03.31-14.04.31:203][114]LogModuleManager: Shutting down and abandoning module ComponentVisualizers (143)
[2016.03.31-14.04.31:203][114]LogModuleManager: Shutting down and abandoning module DetailCustomizations (142)
[2016.03.31-14.04.31:203][114]LogModuleManager: Shutting down and abandoning module PackagesDialog (141)
[2016.03.31-14.04.31:204][114]LogModuleManager: Shutting down and abandoning module Persona (140)
[2016.03.31-14.04.31:263][114]LogModuleManager: Shutting down and abandoning module Kismet (139)
[2016.03.31-14.04.31:293][114]LogModuleManager: Shutting down and abandoning module GraphEditor (138)
[2016.03.31-14.04.31:345][114]LogModuleManager: Shutting down and abandoning module ClassViewer (137)
[2016.03.31-14.04.31:363][114]LogModuleManager: Shutting down and abandoning module Toolbox (136)
[2016.03.31-14.04.31:363][114]LogModuleManager: Shutting down and abandoning module ModuleUI (135)
[2016.03.31-14.04.31:380][114]LogModuleManager: Shutting down and abandoning module MovieSceneTools (134)
[2016.03.31-14.04.31:423][114]LogModuleManager: Shutting down and abandoning module OutputLog (133)
[2016.03.31-14.04.31:423][114]LogModuleManager: Shutting down and abandoning module GammaUI (132)
[2016.03.31-14.04.31:433][114]LogModuleManager: Shutting down and abandoning module Documentation (131)
[2016.03.31-14.04.31:433][114]LogModuleManager: Shutting down and abandoning module GameLiveStreaming (130)
[2016.03.31-14.04.31:442][114]LogModuleManager: Shutting down and abandoning module StreamingPauseRendering (129)
[2016.03.31-14.04.31:442][114]LogModuleManager: Shutting down and abandoning module AnalyticsET (128)
[2016.03.31-14.04.31:442][114]LogModuleManager: Shutting down and abandoning module Analytics (127)
[2016.03.31-14.04.31:442][114]LogModuleManager: Shutting down and abandoning module AITestSuite (126)
[2016.03.31-14.04.31:470][114]LogModuleManager: Shutting down and abandoning module GameplayDebugger (125)
[2016.03.31-14.04.31:479][114]LogModuleManager: Shutting down and abandoning module AIModule (124)
[2016.03.31-14.04.31:497][114]LogModuleManager: Shutting down and abandoning module ProfilerService (123)
[2016.03.31-14.04.31:544][114]LogModuleManager: Shutting down and abandoning module TaskGraph (122)
[2016.03.31-14.04.31:569][114]LogModuleManager: Shutting down and abandoning module SlateRemote (121)
[2016.03.31-14.04.31:569][114]LogModuleManager: Shutting down and abandoning module SteamVRController (120)
[2016.03.31-14.04.31:569][114]LogModuleManager: Shutting down and abandoning module SteamVR (119)
[2016.03.31-14.04.31:569][114]LogModuleManager: Shutting down and abandoning module ProceduralMeshComponent (118)
[2016.03.31-14.04.31:569][114]LogModuleManager: Shutting down and abandoning module OculusLibrary (117)
[2016.03.31-14.04.31:569][114]LogModuleManager: Shutting down and abandoning module OculusInput (116)
[2016.03.31-14.04.31:569][114]LogModuleManager: Shutting down and abandoning module LeapMotionController (115)
[2016.03.31-14.04.31:720][114]LogModuleManager: Shutting down and abandoning module CustomMeshComponent (114)
[2016.03.31-14.04.31:720][114]LogModuleManager: Shutting down and abandoning module CableComponent (113)
[2016.03.31-14.04.31:735][114]LogModuleManager: Shutting down and abandoning module ArchVisCharacter (112)
[2016.03.31-14.04.31:735][114]LogModuleManager: Shutting down and abandoning module MessagingDebugger (111)
[2016.03.31-14.04.31:761][114]LogModuleManager: Shutting down and abandoning module MediaPlayerEditor (110)
[2016.03.31-14.04.31:775][114]LogModuleManager: Shutting down and abandoning module HTML5Networking (109)
[2016.03.31-14.04.31:775][114]LogModuleManager: Shutting down and abandoning module SpeedTreeImporter (108)
[2016.03.31-14.04.31:775][114]LogModuleManager: Shutting down and abandoning module PluginBrowser (107)
[2016.03.31-14.04.31:796][114]LogModuleManager: Shutting down and abandoning module EpicSurvey (106)
[2016.03.31-14.04.31:812][114]LogModuleManager: Shutting down and abandoning module DesktopPlatform (105)
[2016.03.31-14.04.31:827][114]LogModuleManager: Shutting down and abandoning module VisualStudioSourceCodeAccess (104)
[2016.03.31-14.04.31:827][114]LogModuleManager: Shutting down and abandoning module UObjectPlugin (103)
[2016.03.31-14.04.31:827][114]LogModuleManager: Shutting down and abandoning module SubversionSourceControl (102)
[2016.03.31-14.04.31:842][114]LogModuleManager: Shutting down and abandoning module PerforceSourceControl (101)
[2016.03.31-14.04.31:856][114]LogModuleManager: Shutting down and abandoning module SourceControl (100)
[2016.03.31-14.04.31:867][114]LogModuleManager: Shutting down and abandoning module GitSourceControl (99)
[2016.03.31-14.04.31:881][114]LogModuleManager: Shutting down and abandoning module LightPropagationVolumeEditor (98)
[2016.03.31-14.04.31:881][114]LogModuleManager: Shutting down and abandoning module PaperTiledImporter (97)
[2016.03.31-14.04.31:900][114]LogModuleManager: Shutting down and abandoning module PaperSpriteSheetImporter (96)
[2016.03.31-14.04.31:900][114]LogModuleManager: Shutting down and abandoning module MeshPaint (95)
[2016.03.31-14.04.31:900][114]LogModuleManager: Shutting down and abandoning module SlateReflector (94)
[2016.03.31-14.04.31:922][114]LogModuleManager: Shutting down and abandoning module HotReload (93)
[2016.03.31-14.04.31:940][114]LogModuleManager: Shutting down and abandoning module MainFrame (92)
[2016.03.31-14.04.31:940][114]LogModuleManager: Shutting down and abandoning module LevelEditor (91)
[2016.03.31-14.04.31:982][114]LogModuleManager: Shutting down and abandoning module DirectoryWatcher (90)
[2016.03.31-14.04.31:984][114]LogModuleManager: Shutting down and abandoning module AssetRegistry (89)
[2016.03.31-14.04.32:178][114]LogModuleManager: Shutting down and abandoning module ContentBrowser (88)
[2016.03.31-14.04.32:191][114]LogModuleManager: Shutting down and abandoning module Paper2DEditor (87)
[2016.03.31-14.04.32:239][114]LogModuleManager: Shutting down and abandoning module UdpMessaging (86)
[2016.03.31-14.04.32:339][114]LogModuleManager: Shutting down and abandoning module LightPropagationVolumeRuntime (85)
[2016.03.31-14.04.32:339][114]LogModuleManager: Shutting down and abandoning module Paper2D (84)
[2016.03.31-14.04.32:348][114]LogModuleManager: Shutting down and abandoning module WindowsMoviePlayer (83)
[2016.03.31-14.04.32:362][114]LogModuleManager: Shutting down and abandoning module Media (82)
[2016.03.31-14.04.32:362][114]LogModuleManager: Shutting down and abandoning module WmfMedia (81)
[2016.03.31-14.04.32:362][114]LogModuleManager: Shutting down and abandoning module OnlineBlueprintSupport (80)
[2016.03.31-14.04.32:362][114]LogModuleManager: Shutting down and abandoning module GameplayTasksEditor (79)
[2016.03.31-14.04.32:362][114]LogModuleManager: Shutting down and abandoning module PropertyEditor (78)
[2016.03.31-14.04.32:362][114]LogModuleManager: Shutting down and abandoning module BehaviorTreeEditor (77)
[2016.03.31-14.04.32:383][114]LogModuleManager: Shutting down and abandoning module FunctionalTesting (76)
[2016.03.31-14.04.32:383][114]LogModuleManager: Shutting down and abandoning module CollisionAnalyzer (75)
[2016.03.31-14.04.32:393][114]LogModuleManager: Shutting down and abandoning module WorkspaceMenuStructure (74)
[2016.03.31-14.04.32:393][114]LogModuleManager: Shutting down and abandoning module MessageLog (73)
[2016.03.31-14.04.32:393][114]LogModuleManager: Shutting down and abandoning module Sequencer (72)
[2016.03.31-14.04.32:440][114]LogModuleManager: Shutting down and abandoning module AssetTools (71)
[2016.03.31-14.04.32:480][114]LogModuleManager: Shutting down and abandoning module UMGEditor (70)
[2016.03.31-14.04.32:530][114]LogModuleManager: Shutting down and abandoning module UMG (69)
[2016.03.31-14.04.32:546][114]LogModuleManager: Shutting down and abandoning module Slate (68)
[2016.03.31-14.04.32:547][114]LogModuleManager: Shutting down and abandoning module EditorStyle (67)
[2016.03.31-14.04.32:577][114]LogModuleManager: Shutting down and abandoning module SessionServices (66)
[2016.03.31-14.04.32:577][114]LogModuleManager: Shutting down and abandoning module SourceCodeAccess (65)
[2016.03.31-14.04.32:578][114]LogModuleManager: Shutting down and abandoning module HeadMountedDisplay (64)
[2016.03.31-14.04.32:581][114]LogModuleManager: Shutting down and abandoning module XAudio2 (63)
[2016.03.31-14.04.32:581][114]LogModuleManager: Shutting down and abandoning module Networking (61)
[2016.03.31-14.04.32:581][114]LogModuleManager: Shutting down and abandoning module Core (60)
[2016.03.31-14.04.32:581][114]LogModuleManager: Shutting down and abandoning module KismetCompiler (59)
[2016.03.31-14.04.32:581][114]LogModuleManager: Shutting down and abandoning module PhysXFormats (58)
[2016.03.31-14.04.32:581][114]LogModuleManager: Shutting down and abandoning module MeshUtilities (57)
[2016.03.31-14.04.32:596][114]LogModuleManager: Shutting down and abandoning module DerivedDataCache (56)
[2016.03.31-14.04.32:696][114]LogDerivedDataCache: Shutdown
[2016.03.31-14.04.32:696][114]LogModuleManager: Shutting down and abandoning module ShaderFormatOpenGL (55)
[2016.03.31-14.04.32:712][114]LogModuleManager: Shutting down and abandoning module ShaderFormatD3D (54)
[2016.03.31-14.04.32:712][114]LogModuleManager: Shutting down and abandoning module MetalShaderFormat (53)
[2016.03.31-14.04.32:730][114]LogModuleManager: Shutting down and abandoning module TextureFormatUncompressed (52)
[2016.03.31-14.04.32:730][114]LogModuleManager: Shutting down and abandoning module TextureFormatPVR (51)
[2016.03.31-14.04.32:730][114]LogModuleManager: Shutting down and abandoning module TextureFormatIntelISPCTexComp (50)
[2016.03.31-14.04.32:730][114]LogModuleManager: Shutting down and abandoning module TextureFormatDXT (49)
[2016.03.31-14.04.32:730][114]LogModuleManager: Shutting down and abandoning module ImageWrapper (48)
[2016.03.31-14.04.32:730][114]LogModuleManager: Shutting down and abandoning module TextureFormatASTC (47)
[2016.03.31-14.04.32:731][114]LogModuleManager: Shutting down and abandoning module TextureFormatAndroid (46)
[2016.03.31-14.04.32:731][114]LogModuleManager: Shutting down and abandoning module AudioFormatOpus (45)
[2016.03.31-14.04.32:744][114]LogModuleManager: Shutting down and abandoning module AudioFormatOgg (44)
[2016.03.31-14.04.32:745][114]LogModuleManager: Shutting down and abandoning module AudioFormatADPCM (43)
[2016.03.31-14.04.32:746][114]LogModuleManager: Shutting down and abandoning module LinuxTargetPlatform (42)
[2016.03.31-14.04.32:746][114]LogModuleManager: Shutting down and abandoning module LinuxServerTargetPlatform (41)
[2016.03.31-14.04.32:746][114]LogModuleManager: Shutting down and abandoning module LinuxNoEditorTargetPlatform (40)
[2016.03.31-14.04.32:746][114]LogModuleManager: Shutting down and abandoning module Messaging (39)
[2016.03.31-14.04.32:746][114]LogModuleManager: Shutting down and abandoning module IOSTargetPlatform (38)
[2016.03.31-14.04.32:746][114]LogModuleManager: Shutting down and abandoning module HTML5TargetPlatform (37)
[2016.03.31-14.04.32:746][114]LogModuleManager: Shutting down and abandoning module Android_PVRTCTargetPlatform (36)
[2016.03.31-14.04.32:747][114]LogModuleManager: Shutting down and abandoning module Android_MultiTargetPlatform (35)
[2016.03.31-14.04.32:747][114]LogModuleManager: Shutting down and abandoning module Android_ETC2TargetPlatform (34)
[2016.03.31-14.04.32:747][114]LogModuleManager: Shutting down and abandoning module Android_ETC1TargetPlatform (33)
[2016.03.31-14.04.32:747][114]LogModuleManager: Shutting down and abandoning module Android_DXTTargetPlatform (32)
[2016.03.31-14.04.32:747][114]LogModuleManager: Shutting down and abandoning module Android_ATCTargetPlatform (31)
[2016.03.31-14.04.32:747][114]LogModuleManager: Shutting down and abandoning module Android_ASTCTargetPlatform (30)
[2016.03.31-14.04.32:747][114]LogModuleManager: Shutting down and abandoning module AndroidTargetPlatform (29)
[2016.03.31-14.04.32:747][114]LogModuleManager: Shutting down and abandoning module WindowsTargetPlatform (28)
[2016.03.31-14.04.32:747][114]LogModuleManager: Shutting down and abandoning module WindowsServerTargetPlatform (27)
[2016.03.31-14.04.32:747][114]LogModuleManager: Shutting down and abandoning module WindowsNoEditorTargetPlatform (26)
[2016.03.31-14.04.32:747][114]LogModuleManager: Shutting down and abandoning module WindowsClientTargetPlatform (25)
[2016.03.31-14.04.32:752][114]LogModuleManager: Shutting down and abandoning module AllDesktopTargetPlatform (24)
[2016.03.31-14.04.32:752][114]LogModuleManager: Shutting down and abandoning module TargetPlatform (23)
[2016.03.31-14.04.32:752][114]LogModuleManager: Shutting down and abandoning module InputCore (22)
[2016.03.31-14.04.32:752][114]LogModuleManager: Shutting down and abandoning module Settings (21)
[2016.03.31-14.04.32:752][114]LogModuleManager: Shutting down and abandoning module OnlineSubsystem (19)
[2016.03.31-14.04.32:752][114]LogModuleManager: Shutting down and abandoning module HTTP (18)
[2016.03.31-14.04.34:786][114]LogModuleManager: Shutting down and abandoning module XMPP (17)
[2016.03.31-14.04.34:843][114]LogModuleManager: Shutting down and abandoning module OculusRift (16)
[2016.03.31-14.04.34:861][114]LogModuleManager: Shutting down and abandoning module ExampleDeviceProfileSelector (15)
[2016.03.31-14.04.34:861][114]LogModuleManager: Shutting down and abandoning module TextureCompressor (14)
[2016.03.31-14.04.34:861][114]LogModuleManager: Shutting down and abandoning module ShaderCore (13)
[2016.03.31-14.04.34:861][114]LogModuleManager: Shutting down and abandoning module Landscape (12)
[2016.03.31-14.04.34:861][114]LogModuleManager: Shutting down and abandoning module SlateRHIRenderer (11)
[2016.03.31-14.04.34:902][114]LogModuleManager: Shutting down and abandoning module OpenGLDrv (10)
[2016.03.31-14.04.34:921][114]LogModuleManager: Shutting down and abandoning module D3D11RHI (9)
[2016.03.31-14.04.34:921][114]LogModuleManager: Shutting down and abandoning module AnimGraphRuntime (8)
[2016.03.31-14.04.34:947][114]LogModuleManager: Shutting down and abandoning module Renderer (7)
[2016.03.31-14.04.34:948][114]LogModuleManager: Shutting down and abandoning module Engine (6)
[2016.03.31-14.04.34:948][114]LogModuleManager: Shutting down and abandoning module CoreUObject (5)
[2016.03.31-14.04.34:948][114]LogModuleManager: Shutting down and abandoning module NetworkFile (4)
[2016.03.31-14.04.34:960][114]LogModuleManager: Shutting down and abandoning module StreamingFile (3)
[2016.03.31-14.04.34:960][114]LogModuleManager: Shutting down and abandoning module SandboxFile (2)
[2016.03.31-14.04.34:960][114]LogModuleManager: Shutting down and abandoning module PakFile (1)
[2016.03.31-14.04.34:994][114]LogExit: Exiting.
[2016.03.31-14.04.35:111][114]Log file closed, 03/31/16 16:04:35
