Log file open, 03/10/16 20:45:08
LogInit:Display: Running engine without a game
LogPlatformFile: Not using cached read wrapper
LogInit:Display: Loading recent project file: ../../../../../Ureal engine 4/Proyectos/Ondarreta/ProjectOndarreta/ProjectOndarreta.uproject
LogInit:Display: RandInit(-1037895722) SRandInit(-1037895718).
LogTaskGraph: Started task graph with 4 named threads and 7 total threads.
LogStats: Stats thread started at 0.262533
LogConfig:Warning: Failed to saved backup for config[EditorSettings]
[2016.03.10-19.45.08:548][  0]LogInit: Version: 4.10.4-2872498+++depot+UE4-Releases+4.10
[2016.03.10-19.45.08:548][  0]LogInit: API Version: 2758231
[2016.03.10-19.45.08:548][  0]LogInit: Compiled (64-bit): Feb 18 2016 15:47:04
[2016.03.10-19.45.08:548][  0]LogInit: Compiled with Visual C++: 19.00.23026.00
[2016.03.10-19.45.08:548][  0]LogInit: Build Configuration: Development
[2016.03.10-19.45.08:548][  0]LogInit: Branch Name: ++depot+UE4-Releases+4.10
[2016.03.10-19.45.08:548][  0]LogInit: Command line: -EpicPortal 
[2016.03.10-19.45.08:548][  0]LogInit: Base directory: D:/Investigation_Zone/Epic Games/4.10/Engine/Binaries/Win64/
[2016.03.10-19.45.08:548][  0]LogInit: Rocket: 1
[2016.03.10-19.45.08:657][  0]LogInit: Using libcurl 7.41.0
[2016.03.10-19.45.08:657][  0]LogInit:  - built for x86_64-pc-win32
[2016.03.10-19.45.08:657][  0]LogInit:  - supports SSL with WinSSL
[2016.03.10-19.45.08:657][  0]LogInit:  - other features:
[2016.03.10-19.45.08:657][  0]LogInit:      CURL_VERSION_SSL
[2016.03.10-19.45.08:657][  0]LogInit:      CURL_VERSION_IPV6
[2016.03.10-19.45.08:657][  0]LogInit:      CURL_VERSION_ASYNCHDNS
[2016.03.10-19.45.08:657][  0]LogInit:      CURL_VERSION_LARGEFILE
[2016.03.10-19.45.08:657][  0]LogInit:      CURL_VERSION_IDN
[2016.03.10-19.45.08:657][  0]LogInit:  CurlRequestOptions (configurable via config and command line):
[2016.03.10-19.45.08:657][  0]LogInit:  - bVerifyPeer = true  - Libcurl will verify peer certificate
[2016.03.10-19.45.08:657][  0]LogInit:  - bUseHttpProxy = false  - Libcurl will NOT use HTTP proxy
[2016.03.10-19.45.08:657][  0]LogInit:  - bDontReuseConnections = false  - Libcurl will reuse connections
[2016.03.10-19.45.08:657][  0]LogInit:  - CertBundlePath = nullptr  - Libcurl will use whatever was configured at build time.
[2016.03.10-19.45.08:788][  0]LogInit: Presizing for 0 objects not considered by GC, pre-allocating 0 bytes.
[2016.03.10-19.45.08:810][  0]LogInit: Object subsystem initialized
[2016.03.10-19.45.08:813][  0]LogInit: Selected Device Profile: [Windows]
[2016.03.10-19.45.08:813][  0]LogInit: Applying CVar settings loaded from the selected device profile: [Windows]
[2016.03.10-19.45.08:849][  0]LogConfig:Warning: Failed to saved backup for config[DeviceProfiles]
[2016.03.10-19.45.08:867][  0]LogInit: Computer: ALMA-ITSASO
[2016.03.10-19.45.08:867][  0]LogInit: User: Unai
[2016.03.10-19.45.08:867][  0]LogInit: CPU Page size=4096, Cores=4
[2016.03.10-19.45.08:867][  0]LogInit: High frequency timer resolution =2.338349 MHz
[2016.03.10-19.45.08:867][  0]LogMemory: Memory total: Physical=7.9GB (8GB approx)
[2016.03.10-19.45.08:867][  0]LogMemory: Platform Memory Stats for Windows
[2016.03.10-19.45.08:867][  0]LogMemory: Process Physical Memory: 55.92 MB used, 55.92 MB peak
[2016.03.10-19.45.08:867][  0]LogMemory: Process Virtual Memory: 56.70 MB used, 56.70 MB peak
[2016.03.10-19.45.08:867][  0]LogMemory: Physical Memory: 3013.80 MB used, 8124.02 MB total
[2016.03.10-19.45.08:867][  0]LogMemory: Virtual Memory: 382.89 MB used, 134217728.00 MB total
[2016.03.10-19.45.11:540][  0]LogD3D11RHI: Found D3D11 adapter 0: NVIDIA GeForce GT 740M    (Feature Level 11_0)
[2016.03.10-19.45.11:540][  0]LogD3D11RHI: Adapter has 1996MB of dedicated video memory, 0MB of dedicated system memory, and 4062MB of shared system memory, 1 output[s]
[2016.03.10-19.45.11:558][  0]LogD3D11RHI: Found D3D11 adapter 1: Intel(R) HD Graphics 4600 (Feature Level 11_0)
[2016.03.10-19.45.11:558][  0]LogD3D11RHI: Adapter has 112MB of dedicated video memory, 0MB of dedicated system memory, and 4062MB of shared system memory, 0 output[s]
[2016.03.10-19.45.11:563][  0]LogD3D11RHI: Found D3D11 adapter 2: Microsoft Basic Render Driver (Feature Level 11_0)
[2016.03.10-19.45.11:564][  0]LogD3D11RHI: Adapter has 0MB of dedicated video memory, 0MB of dedicated system memory, and 4062MB of shared system memory, 0 output[s]
[2016.03.10-19.45.11:564][  0]LogD3D11RHI: Chosen D3D11 Adapter Id = 0
[2016.03.10-19.45.11:577][  0]LogD3D11RHI: !Direct3DDevice
[2016.03.10-19.45.11:578][  0]LogRHI: Texture pool is 1361 MB (70% of 1945 MB)
[2016.03.10-19.45.11:634][  0]LogD3D11RHI: Async texture creation enabled
[2016.03.10-19.45.11:662][  0]LogShaderCompilers: Guid format shader working directory is -21 characters bigger than the processId version (../../../../../Ureal engine 4/Proyectos/Ondarreta/ProjectOndarreta/Intermediate/Shaders/WorkingDirectory/2004/).
[2016.03.10-19.45.11:663][  0]LogShaderCompilers: Cleaned the shader compiler working directory 'C:/Users/Unai/AppData/Local/Temp/UnrealShaderWorkingDir/EBDE504A429B0A665D2F97B59C946193/'.
[2016.03.10-19.45.11:663][  0]LogShaderCompilers:Display: Using Local Shader Compiler.
[2016.03.10-19.45.22:919][  0]LogTemp:Display: Loaded TP AllDesktopTargetPlatform
[2016.03.10-19.45.22:932][  0]LogTemp:Display: Loaded TP WindowsClientTargetPlatform
[2016.03.10-19.45.22:946][  0]LogTemp:Display: Loaded TP WindowsNoEditorTargetPlatform
[2016.03.10-19.45.22:959][  0]LogTemp:Display: Loaded TP WindowsServerTargetPlatform
[2016.03.10-19.45.22:972][  0]LogTemp:Display: Loaded TP WindowsTargetPlatform
[2016.03.10-19.45.22:988][  0]LogTemp:Display: Loaded TP AndroidTargetPlatform
[2016.03.10-19.45.22:997][  0]LogTemp:Display: Loaded TP Android_ASTCTargetPlatform
[2016.03.10-19.45.23:006][  0]LogTemp:Display: Loaded TP Android_ATCTargetPlatform
[2016.03.10-19.45.23:016][  0]LogTemp:Display: Loaded TP Android_DXTTargetPlatform
[2016.03.10-19.45.23:026][  0]LogTemp:Display: Loaded TP Android_ETC1TargetPlatform
[2016.03.10-19.45.23:036][  0]LogTemp:Display: Loaded TP Android_ETC2TargetPlatform
[2016.03.10-19.45.23:055][  0]LogTemp:Display: Loaded TP Android_MultiTargetPlatform
[2016.03.10-19.45.23:055][  0]LogTemp:Display: Loaded TP Android_PVRTCTargetPlatform
[2016.03.10-19.45.23:057][  0]LogTemp:Display: Loaded TP HTML5TargetPlatform
[2016.03.10-19.45.23:169][  0]LogTemp:Display: Loaded TP IOSTargetPlatform
[2016.03.10-19.45.23:179][  0]LogTemp:Display: Loaded TP LinuxNoEditorTargetPlatform
[2016.03.10-19.45.23:189][  0]LogTemp:Display: Loaded TP LinuxServerTargetPlatform
[2016.03.10-19.45.23:207][  0]LogTemp:Display: Loaded TP LinuxTargetPlatform
[2016.03.10-19.45.23:207][  0]LogTargetPlatformManager:Display: Building Assets For Windows
[2016.03.10-19.45.24:296][  0]LogDerivedDataCache:Display: Max Cache Size: 512 MB
[2016.03.10-19.45.24:627][  0]LogDerivedDataCache: Loaded boot cache 0.33s 41MB C:/Users/Unai/AppData/Local/UnrealEngine/4.10/DerivedDataCache/Boot.ddc.
[2016.03.10-19.45.24:627][  0]LogDerivedDataCache:Display: Loaded Boot cache: C:/Users/Unai/AppData/Local/UnrealEngine/4.10/DerivedDataCache/Boot.ddc
[2016.03.10-19.45.24:627][  0]LogDerivedDataCache: FDerivedDataBackendGraph:  Pak pak cache file ../../../../../Ureal engine 4/Proyectos/Ondarreta/ProjectOndarreta/DerivedDataCache/DDC.ddp not found, will not use a pak cache.
[2016.03.10-19.45.24:627][  0]LogDerivedDataCache: Unable to find inner node Pak for hierarchical cache Hierarchy.
[2016.03.10-19.45.24:628][  0]LogDerivedDataCache: FDerivedDataBackendGraph:  CompressedPak pak cache file ../../../../../Ureal engine 4/Proyectos/Ondarreta/ProjectOndarreta/DerivedDataCache/Compressed.ddp not found, will not use a pak cache.
[2016.03.10-19.45.24:628][  0]LogDerivedDataCache: Unable to find inner node CompressedPak for hierarchical cache Hierarchy.
[2016.03.10-19.45.25:024][  0]LogDerivedDataCache:Display: Pak cache opened for reading ../../../Engine/DerivedDataCache/Compressed.ddp.
[2016.03.10-19.45.25:038][  0]LogDerivedDataCache: Using Local data cache path C:/Users/Unai/AppData/Local/UnrealEngine/Common/DerivedDataCache: Writable
[2016.03.10-19.45.43:282][  0]LogInit: Selected Device Profile: [Windows]
[2016.03.10-19.45.43:498][  0]LogContentStreaming: Texture pool size is 0.000000MB
[2016.03.10-19.45.45:762][  0]LogMeshUtilities: No automatic mesh reduction module available
[2016.03.10-19.45.45:762][  0]LogMeshUtilities: No automatic mesh merging module available
[2016.03.10-19.45.51:476][  0]LogInit: WinSock: version 1.1 (2.2), MaxSocks=32767, MaxUdp=65467
[2016.03.10-19.46.11:529][  0]UdpMessaging: Initializing bridge on interface 0.0.0.0:0 to multicast group 230.0.0.1:6666.
[2016.03.10-19.46.12:263][  0]LogAssetRegistry: FAssetRegistry took 0.0149 seconds to start up
[2016.03.10-19.46.16:195][  0]SourceControl: Info Source control is disabled
[2016.03.10-19.46.16:595][  0]SourceControl: Info Source control is disabled
[2016.03.10-19.46.16:718][  0]SourceControl: Info Source control is disabled
[2016.03.10-19.46.16:769][  0]SourceControl: Info Source control is disabled
[2016.03.10-19.46.18:514][  0]LogObj: 28633 objects as part of root set at end of initial load.
[2016.03.10-19.46.18:514][  0]LogUObjectAllocator: 6099752 out of 0 bytes used by permanent object pool.
[2016.03.10-19.46.19:619][  0]LogEngine: Initializing Engine...
[2016.03.10-19.46.19:644][  0]LogHMD: Can't find Oculus library dev build: is proper Runtime installed? Version: 0.8.0.0
[2016.03.10-19.46.19:731][  0]LogHMD: SteamVR failed to initialize.  Err: 110
[2016.03.10-19.46.21:371][  0]LogAIModule: Creating AISystem for world NewWorld
[2016.03.10-19.46.21:640][  0]LogInit: XAudio2 using 'Altavoces / Auriculares (IDT High Definition Audio CODEC)' : 2 channels at 48 kHz using 16 bits per sample (channel mask 0x3)
[2016.03.10-19.46.22:852][  0]LogInit: FAudioDevice initialized.
[2016.03.10-19.46.22:867][  0]LogDerivedDataCache:Error: Could not save memory cache C:/Users/Unai/AppData/Local/UnrealEngine/4.10/DerivedDataCache/Boot.ddc.
[2016.03.10-19.46.22:877][  0]LogInit: Texture streaming: Enabled
[2016.03.10-19.46.22:980][  0]LogAnalytics: Creating configured Analytics provider AnalyticsET
[2016.03.10-19.46.22:981][  0]LogAnalytics: [UEEditor.Rocket.Release] APIServer = http://et2.epicgames.com/ET2/. AppVersion = 4.10.4-2872498+++depot+UE4-Releases+4.10
[2016.03.10-19.46.22:981][  0]LogAnalytics: [UEEditor.Rocket.Release] SetUserId d7adaae849ea30e6caa19b820571e0d9|33a1c5eb2cc94ca8a72a46d53f3ce1d2|4517af11-a817-4828-86eb-27c26c7bd883
[2016.03.10-19.46.23:006][  0]LogAnalytics: [UEEditor.Rocket.Release] AnalyticsET::StartSession
[2016.03.10-19.46.23:284][  0]LogInit: Transaction tracking system initialized
[2016.03.10-19.46.23:620][  0]BlueprintLog: New page: Editor Load
[2016.03.10-19.46.25:177][  0]LocalizationService: Info Localization service is disabled
[2016.03.10-19.46.26:549][  0]LogConsoleResponse:Display: 
[2016.03.10-19.46.29:180][  0]LogFileCache: Scanning file cache for directory 'D:/Investigation_Zone/Ureal engine 4/Proyectos/Ondarreta/ProjectOndarreta/Content/' took 0.02s
[2016.03.10-19.46.29:180][  0]LogCook:Display: Done creating registry. It took  0.00s.
[2016.03.10-19.46.30:544][  0]SourceControl: Info Source control is disabled
[2016.03.10-19.46.30:630][  0]Cmd: MAP LOAD FILE="../../../../../Ureal engine 4/Proyectos/Ondarreta/ProjectOndarreta/Content/StarterContent/Maps/Minimal_Default.umap" TEMPLATE=0 SHOWPROGRESS=1 FEATURELEVEL=3
[2016.03.10-19.46.30:783][  0]LightingResults: New page: Lighting Build
[2016.03.10-19.46.31:046][  0]MapCheck: New page: Map Check
[2016.03.10-19.46.31:046][  0]LightingResults: New page: Lighting Build
[2016.03.10-19.46.31:423][  0]LogParticles: Destroying 0 GPU particle simulations for FXSystem 0x000001A44E24FB00
[2016.03.10-19.46.47:866][  0]LogAIModule: Creating AISystem for world Minimal_Default
[2016.03.10-19.47.10:295][  0]LogEditorServer: Finished looking for orphan Actors (0.000 secs)
[2016.03.10-19.47.10:370][  0]Cmd: MAP CHECKDEP NOCLEARLOG
[2016.03.10-19.47.10:560][  0]MapCheck: Info Map check complete: 0 Error(s), 0 Warning(s), took 189.041ms to complete.
[2016.03.10-19.47.10:560][  0]LogFileHelpers: Loading map 'Minimal_Default' took 39.941
[2016.03.10-19.47.12:681][  0]LogCollectionManager: Loaded 0 collections in 0.004993 seconds
[2016.03.10-19.47.12:994][  0]LogFileCache: Scanning file cache for directory 'D:/Investigation_Zone/Ureal engine 4/Proyectos/Ondarreta/ProjectOndarreta/Saved/Collections/' took 0.01s
[2016.03.10-19.47.12:994][  0]LogFileCache: Scanning file cache for directory 'D:/Investigation_Zone/Ureal engine 4/Proyectos/Ondarreta/ProjectOndarreta/Content/Developers/Unai/Collections/' took 0.01s
[2016.03.10-19.47.12:994][  0]LogFileCache: Scanning file cache for directory 'D:/Investigation_Zone/Ureal engine 4/Proyectos/Ondarreta/ProjectOndarreta/Content/Collections/' took 0.01s
[2016.03.10-19.47.12:995][  0]LogCollectionManager: Rebuilt the GUID cache for 0 collections in 0.000021 seconds
[2016.03.10-19.47.13:047][  0]LogContentBrowser: Native class hierarchy populated in 0.0508 seconds. Added 1893 classes and 338 folders.
[2016.03.10-19.47.13:150][  0]LogContentBrowser: Native class hierarchy updated for 'WidgetCarousel' in 0.0011 seconds. Added 0 classes and 0 folders.
[2016.03.10-19.47.14:972][  0]LogContentBrowser: Native class hierarchy updated for 'AddContentDialog' in 0.0012 seconds. Added 0 classes and 0 folders.
[2016.03.10-19.47.15:046][  0]LogContentBrowser: Native class hierarchy updated for 'SceneOutliner' in 0.0012 seconds. Added 1 classes and 2 folders.
[2016.03.10-19.47.15:758][  0]LogCrashTracker: Crashtracker disabled due to settings.
[2016.03.10-19.47.15:939][  0]LogUObjectGlobals:Warning: Failed to find object 'Class None.'
[2016.03.10-19.47.16:028][  0]LogLoad: Full Startup: 130.32 seconds (BP compile: 1.06 seconds)
[2016.03.10-19.47.16:397][  0]LogOcInput: Can't find Oculus library dev build: is proper Runtime installed? Version: 0.8.0.0
[2016.03.10-19.47.16:888][  0]LogContentStreaming: Texture pool size now 1000 MB
[2016.03.10-19.47.17:826][  0]LogRenderer: Reallocating scene render targets to support 1208x684 (Frame:2).
[2016.03.10-19.47.18:597][  1]Cmd: UpdateLandscapeEditorData -warnings
[2016.03.10-19.47.20:907][  7]LogAssetRegistry: Asset discovery search completed in 68.6571 seconds
[2016.03.10-19.47.20:907][  7]LogCollectionManager: Rebuilt the object cache for 0 collections in 0.000001 seconds (found 0 objects)
[2016.03.10-19.47.20:907][  7]LogCollectionManager: Fixed up redirectors for 0 collections in 0.000083 seconds (updated 0 objects)
[2016.03.10-19.47.43:455][118]LogWindowsTextInputMethodSystem:Display: IME system now deactivated.
[2016.03.10-19.47.43:937][119]Cmd: QUIT_EDITOR
[2016.03.10-19.47.44:436][119]LogExit: Preparing to exit.
[2016.03.10-19.47.44:870][119]LogExit: Editor shut down
[2016.03.10-19.47.44:871][119]LogExit: Transaction tracking system shut down
[2016.03.10-19.47.44:875][119]LogParticles: Destroying 0 GPU particle simulations for FXSystem 0x000001A456813920
[2016.03.10-19.47.45:410][119]LogParticles: Destroying 0 GPU particle simulations for FXSystem 0x000001A45D105D00
[2016.03.10-19.47.45:410][119]LogParticles: Destroying 0 GPU particle simulations for FXSystem 0x000001A4622CDD00
[2016.03.10-19.47.45:410][119]LogExit: Object subsystem successfully closed.
[2016.03.10-19.47.45:445][119]LogD3D11RHI: Shutdown
[2016.03.10-19.47.45:445][119]LogD3D11RHI: CleanupD3DDevice
[2016.03.10-19.47.45:690][119]LogD3D11RHI: ~FD3D11DynamicRHI
[2016.03.10-19.47.46:035][119]LogModuleManager: Shutting down and abandoning module CrashTracker (198)
[2016.03.10-19.47.46:035][119]LogModuleManager: Shutting down and abandoning module SceneOutliner (197)
[2016.03.10-19.47.46:035][119]LogModuleManager: Shutting down and abandoning module SuperSearch (196)
[2016.03.10-19.47.46:035][119]LogModuleManager: Shutting down and abandoning module WidgetCarousel (195)
[2016.03.10-19.47.46:036][119]LogModuleManager: Shutting down and abandoning module AddContentDialog (194)
[2016.03.10-19.47.46:038][119]LogModuleManager: Shutting down and abandoning module EditorWidgets (193)
[2016.03.10-19.47.46:038][119]LogModuleManager: Shutting down and abandoning module CollectionManager (192)
[2016.03.10-19.47.46:038][119]LogModuleManager: Shutting down and abandoning module StatsViewer (191)
[2016.03.10-19.47.46:038][119]LogModuleManager: Shutting down and abandoning module FoliageEdit (190)
[2016.03.10-19.47.46:038][119]LogModuleManager: Shutting down and abandoning module LandscapeEditor (189)
[2016.03.10-19.47.46:073][119]LogModuleManager: Shutting down and abandoning module ActorPickerMode (188)
[2016.03.10-19.47.46:074][119]LogModuleManager: Shutting down and abandoning module GeometryMode (187)
[2016.03.10-19.47.46:074][119]LogModuleManager: Shutting down and abandoning module TextureAlignMode (186)
[2016.03.10-19.47.46:074][119]LogModuleManager: Shutting down and abandoning module BspMode (185)
[2016.03.10-19.47.46:074][119]LogModuleManager: Shutting down and abandoning module PlacementMode (184)
[2016.03.10-19.47.46:074][119]LogModuleManager: Shutting down and abandoning module AutomationWorker (183)
[2016.03.10-19.47.46:074][119]LogModuleManager: Shutting down and abandoning module CharacterAI (182)
[2016.03.10-19.47.46:074][119]LogModuleManager: Shutting down and abandoning module SmartSnapping (181)
[2016.03.10-19.47.46:074][119]LogModuleManager: Shutting down and abandoning module ViewportSnapping (180)
[2016.03.10-19.47.46:074][119]LogModuleManager: Shutting down and abandoning module LogVisualizer (179)
[2016.03.10-19.47.46:074][119]LogModuleManager: Shutting down and abandoning module GameProjectGeneration (178)
[2016.03.10-19.47.46:099][119]LogModuleManager: Shutting down and abandoning module IntroTutorials (177)
[2016.03.10-19.47.46:099][119]LogModuleManager: Shutting down and abandoning module EditorLiveStreaming (176)
[2016.03.10-19.47.46:099][119]LogModuleManager: Shutting down and abandoning module IOSPlatformEditor (175)
[2016.03.10-19.47.46:099][119]LogModuleManager: Shutting down and abandoning module HTML5PlatformEditor (174)
[2016.03.10-19.47.46:099][119]LogModuleManager: Shutting down and abandoning module AndroidDeviceDetection (173)
[2016.03.10-19.47.46:501][119]LogModuleManager: Shutting down and abandoning module AndroidPlatformEditor (172)
[2016.03.10-19.47.46:502][119]LogModuleManager: Shutting down and abandoning module IOSRuntimeSettings (171)
[2016.03.10-19.47.46:502][119]LogModuleManager: Shutting down and abandoning module AndroidRuntimeSettings (170)
[2016.03.10-19.47.46:502][119]LogModuleManager: Shutting down and abandoning module MergeActors (169)
[2016.03.10-19.47.46:502][119]LogModuleManager: Shutting down and abandoning module SizeMap (168)
[2016.03.10-19.47.46:502][119]LogModuleManager: Shutting down and abandoning module TreeMap (167)
[2016.03.10-19.47.46:502][119]LogModuleManager: Shutting down and abandoning module ReferenceViewer (166)
[2016.03.10-19.47.46:502][119]LogModuleManager: Shutting down and abandoning module LocalizationService (165)
[2016.03.10-19.47.46:502][119]LogModuleManager: Shutting down and abandoning module LocalizationDashboard (164)
[2016.03.10-19.47.46:514][119]LogModuleManager: Shutting down and abandoning module HardwareTargeting (163)
[2016.03.10-19.47.46:514][119]LogModuleManager: Shutting down and abandoning module DeviceProfileEditor (162)
[2016.03.10-19.47.46:514][119]LogModuleManager: Shutting down and abandoning module UndoHistory (161)
[2016.03.10-19.47.46:514][119]LogModuleManager: Shutting down and abandoning module GameplayTagsEditor (160)
[2016.03.10-19.47.46:514][119]LogModuleManager: Shutting down and abandoning module UserFeedback (159)
[2016.03.10-19.47.46:514][119]LogModuleManager: Shutting down and abandoning module XmlParser (158)
[2016.03.10-19.47.46:514][119]LogModuleManager: Shutting down and abandoning module Blutility (157)
[2016.03.10-19.47.46:514][119]LogModuleManager: Shutting down and abandoning module ProjectTargetPlatformEditor (156)
[2016.03.10-19.47.46:515][119]LogModuleManager: Shutting down and abandoning module ProjectSettingsViewer (155)
[2016.03.10-19.47.46:515][119]LogModuleManager: Shutting down and abandoning module InputBindingEditor (154)
[2016.03.10-19.47.46:515][119]LogModuleManager: Shutting down and abandoning module EditorSettingsViewer (153)
[2016.03.10-19.47.46:515][119]LogModuleManager: Shutting down and abandoning module SettingsEditor (152)
[2016.03.10-19.47.46:516][119]LogModuleManager: Shutting down and abandoning module ProjectLauncher (151)
[2016.03.10-19.47.46:541][119]LogModuleManager: Shutting down and abandoning module SessionFrontend (150)
[2016.03.10-19.47.46:541][119]LogModuleManager: Shutting down and abandoning module ProfilerClient (149)
[2016.03.10-19.47.46:545][119]LogModuleManager: Shutting down and abandoning module TargetDeviceServices (148)
[2016.03.10-19.47.46:545][119]LogModuleManager: Shutting down and abandoning module DeviceManager (147)
[2016.03.10-19.47.46:546][119]LogModuleManager: Shutting down and abandoning module AutomationController (146)
[2016.03.10-19.47.46:546][119]LogModuleManager: Shutting down and abandoning module AutomationWindow (145)
[2016.03.10-19.47.46:555][119]LogModuleManager: Shutting down and abandoning module Layers (144)
[2016.03.10-19.47.46:577][119]LogModuleManager: Shutting down and abandoning module ComponentVisualizers (143)
[2016.03.10-19.47.46:577][119]LogModuleManager: Shutting down and abandoning module DetailCustomizations (142)
[2016.03.10-19.47.46:604][119]LogModuleManager: Shutting down and abandoning module PackagesDialog (141)
[2016.03.10-19.47.46:604][119]LogModuleManager: Shutting down and abandoning module Persona (140)
[2016.03.10-19.47.46:634][119]LogModuleManager: Shutting down and abandoning module Kismet (139)
[2016.03.10-19.47.46:634][119]LogModuleManager: Shutting down and abandoning module GraphEditor (138)
[2016.03.10-19.47.46:664][119]LogModuleManager: Shutting down and abandoning module ClassViewer (137)
[2016.03.10-19.47.46:665][119]LogModuleManager: Shutting down and abandoning module Toolbox (136)
[2016.03.10-19.47.46:665][119]LogModuleManager: Shutting down and abandoning module ModuleUI (135)
[2016.03.10-19.47.46:684][119]LogModuleManager: Shutting down and abandoning module MovieSceneTools (134)
[2016.03.10-19.47.46:701][119]LogModuleManager: Shutting down and abandoning module OutputLog (133)
[2016.03.10-19.47.46:701][119]LogModuleManager: Shutting down and abandoning module GammaUI (132)
[2016.03.10-19.47.46:714][119]LogModuleManager: Shutting down and abandoning module Documentation (131)
[2016.03.10-19.47.46:714][119]LogModuleManager: Shutting down and abandoning module GameLiveStreaming (130)
[2016.03.10-19.47.46:714][119]LogModuleManager: Shutting down and abandoning module StreamingPauseRendering (129)
[2016.03.10-19.47.46:714][119]LogModuleManager: Shutting down and abandoning module AnalyticsET (128)
[2016.03.10-19.47.46:714][119]LogModuleManager: Shutting down and abandoning module Analytics (127)
[2016.03.10-19.47.46:714][119]LogModuleManager: Shutting down and abandoning module AITestSuite (126)
[2016.03.10-19.47.46:714][119]LogModuleManager: Shutting down and abandoning module GameplayDebugger (125)
[2016.03.10-19.47.46:714][119]LogModuleManager: Shutting down and abandoning module AIModule (124)
[2016.03.10-19.47.46:714][119]LogModuleManager: Shutting down and abandoning module ProfilerService (123)
[2016.03.10-19.47.46:941][119]LogModuleManager: Shutting down and abandoning module TaskGraph (122)
[2016.03.10-19.47.46:941][119]LogModuleManager: Shutting down and abandoning module SlateRemote (121)
[2016.03.10-19.47.46:941][119]LogModuleManager: Shutting down and abandoning module SteamVRController (120)
[2016.03.10-19.47.46:941][119]LogModuleManager: Shutting down and abandoning module SteamVR (119)
[2016.03.10-19.47.46:941][119]LogModuleManager: Shutting down and abandoning module ProceduralMeshComponent (118)
[2016.03.10-19.47.46:941][119]LogModuleManager: Shutting down and abandoning module OculusLibrary (117)
[2016.03.10-19.47.46:941][119]LogModuleManager: Shutting down and abandoning module OculusInput (116)
[2016.03.10-19.47.46:941][119]LogModuleManager: Shutting down and abandoning module LeapMotionController (115)
[2016.03.10-19.47.46:993][119]LogModuleManager: Shutting down and abandoning module CustomMeshComponent (114)
[2016.03.10-19.47.46:993][119]LogModuleManager: Shutting down and abandoning module CableComponent (113)
[2016.03.10-19.47.46:993][119]LogModuleManager: Shutting down and abandoning module ArchVisCharacter (112)
[2016.03.10-19.47.46:993][119]LogModuleManager: Shutting down and abandoning module MessagingDebugger (111)
[2016.03.10-19.47.47:002][119]LogModuleManager: Shutting down and abandoning module MediaPlayerEditor (110)
[2016.03.10-19.47.47:007][119]LogModuleManager: Shutting down and abandoning module HTML5Networking (109)
[2016.03.10-19.47.47:007][119]LogModuleManager: Shutting down and abandoning module SpeedTreeImporter (108)
[2016.03.10-19.47.47:007][119]LogModuleManager: Shutting down and abandoning module PluginBrowser (107)
[2016.03.10-19.47.47:020][119]LogModuleManager: Shutting down and abandoning module EpicSurvey (106)
[2016.03.10-19.47.47:020][119]LogModuleManager: Shutting down and abandoning module DesktopPlatform (105)
[2016.03.10-19.47.47:037][119]LogModuleManager: Shutting down and abandoning module VisualStudioSourceCodeAccess (104)
[2016.03.10-19.47.47:037][119]LogModuleManager: Shutting down and abandoning module UObjectPlugin (103)
[2016.03.10-19.47.47:037][119]LogModuleManager: Shutting down and abandoning module SubversionSourceControl (102)
[2016.03.10-19.47.47:037][119]LogModuleManager: Shutting down and abandoning module PerforceSourceControl (101)
[2016.03.10-19.47.47:037][119]LogModuleManager: Shutting down and abandoning module SourceControl (100)
[2016.03.10-19.47.47:047][119]LogModuleManager: Shutting down and abandoning module GitSourceControl (99)
[2016.03.10-19.47.47:047][119]LogModuleManager: Shutting down and abandoning module LightPropagationVolumeEditor (98)
[2016.03.10-19.47.47:047][119]LogModuleManager: Shutting down and abandoning module PaperTiledImporter (97)
[2016.03.10-19.47.47:047][119]LogModuleManager: Shutting down and abandoning module PaperSpriteSheetImporter (96)
[2016.03.10-19.47.47:047][119]LogModuleManager: Shutting down and abandoning module MeshPaint (95)
[2016.03.10-19.47.47:047][119]LogModuleManager: Shutting down and abandoning module SlateReflector (94)
[2016.03.10-19.47.47:057][119]LogModuleManager: Shutting down and abandoning module HotReload (93)
[2016.03.10-19.47.47:057][119]LogModuleManager: Shutting down and abandoning module MainFrame (92)
[2016.03.10-19.47.47:057][119]LogModuleManager: Shutting down and abandoning module LevelEditor (91)
[2016.03.10-19.47.47:073][119]LogModuleManager: Shutting down and abandoning module DirectoryWatcher (90)
[2016.03.10-19.47.47:075][119]LogModuleManager: Shutting down and abandoning module AssetRegistry (89)
[2016.03.10-19.47.47:230][119]LogModuleManager: Shutting down and abandoning module ContentBrowser (88)
[2016.03.10-19.47.47:231][119]LogModuleManager: Shutting down and abandoning module Paper2DEditor (87)
[2016.03.10-19.47.47:232][119]LogModuleManager: Shutting down and abandoning module UdpMessaging (86)
[2016.03.10-19.47.47:332][119]LogModuleManager: Shutting down and abandoning module LightPropagationVolumeRuntime (85)
[2016.03.10-19.47.47:332][119]LogModuleManager: Shutting down and abandoning module Paper2D (84)
[2016.03.10-19.47.47:332][119]LogModuleManager: Shutting down and abandoning module WindowsMoviePlayer (83)
[2016.03.10-19.47.47:339][119]LogModuleManager: Shutting down and abandoning module Media (82)
[2016.03.10-19.47.47:339][119]LogModuleManager: Shutting down and abandoning module WmfMedia (81)
[2016.03.10-19.47.47:340][119]LogModuleManager: Shutting down and abandoning module OnlineBlueprintSupport (80)
[2016.03.10-19.47.47:340][119]LogModuleManager: Shutting down and abandoning module GameplayTasksEditor (79)
[2016.03.10-19.47.47:340][119]LogModuleManager: Shutting down and abandoning module PropertyEditor (78)
[2016.03.10-19.47.47:340][119]LogModuleManager: Shutting down and abandoning module BehaviorTreeEditor (77)
[2016.03.10-19.47.47:341][119]LogModuleManager: Shutting down and abandoning module FunctionalTesting (76)
[2016.03.10-19.47.47:341][119]LogModuleManager: Shutting down and abandoning module CollisionAnalyzer (75)
[2016.03.10-19.47.47:342][119]LogModuleManager: Shutting down and abandoning module WorkspaceMenuStructure (74)
[2016.03.10-19.47.47:342][119]LogModuleManager: Shutting down and abandoning module MessageLog (73)
[2016.03.10-19.47.47:342][119]LogModuleManager: Shutting down and abandoning module Sequencer (72)
[2016.03.10-19.47.47:359][119]LogModuleManager: Shutting down and abandoning module AssetTools (71)
[2016.03.10-19.47.47:385][119]LogModuleManager: Shutting down and abandoning module UMGEditor (70)
[2016.03.10-19.47.47:411][119]LogModuleManager: Shutting down and abandoning module UMG (69)
[2016.03.10-19.47.47:426][119]LogModuleManager: Shutting down and abandoning module Slate (68)
[2016.03.10-19.47.47:426][119]LogModuleManager: Shutting down and abandoning module EditorStyle (67)
[2016.03.10-19.47.47:431][119]LogModuleManager: Shutting down and abandoning module SessionServices (66)
[2016.03.10-19.47.47:431][119]LogModuleManager: Shutting down and abandoning module SourceCodeAccess (65)
[2016.03.10-19.47.47:431][119]LogModuleManager: Shutting down and abandoning module HeadMountedDisplay (64)
[2016.03.10-19.47.47:431][119]LogModuleManager: Shutting down and abandoning module XAudio2 (63)
[2016.03.10-19.47.47:431][119]LogModuleManager: Shutting down and abandoning module Networking (61)
[2016.03.10-19.47.47:431][119]LogModuleManager: Shutting down and abandoning module Core (60)
[2016.03.10-19.47.47:431][119]LogModuleManager: Shutting down and abandoning module KismetCompiler (59)
[2016.03.10-19.47.47:432][119]LogModuleManager: Shutting down and abandoning module PhysXFormats (58)
[2016.03.10-19.47.47:432][119]LogModuleManager: Shutting down and abandoning module MeshUtilities (57)
[2016.03.10-19.47.47:440][119]LogModuleManager: Shutting down and abandoning module DerivedDataCache (56)
[2016.03.10-19.47.47:457][119]LogDerivedDataCache: Shutdown
[2016.03.10-19.47.47:457][119]LogModuleManager: Shutting down and abandoning module ShaderFormatOpenGL (55)
[2016.03.10-19.47.47:471][119]LogModuleManager: Shutting down and abandoning module ShaderFormatD3D (54)
[2016.03.10-19.47.47:471][119]LogModuleManager: Shutting down and abandoning module MetalShaderFormat (53)
[2016.03.10-19.47.47:481][119]LogModuleManager: Shutting down and abandoning module TextureFormatUncompressed (52)
[2016.03.10-19.47.47:481][119]LogModuleManager: Shutting down and abandoning module TextureFormatPVR (51)
[2016.03.10-19.47.47:481][119]LogModuleManager: Shutting down and abandoning module TextureFormatIntelISPCTexComp (50)
[2016.03.10-19.47.47:481][119]LogModuleManager: Shutting down and abandoning module TextureFormatDXT (49)
[2016.03.10-19.47.47:481][119]LogModuleManager: Shutting down and abandoning module ImageWrapper (48)
[2016.03.10-19.47.47:482][119]LogModuleManager: Shutting down and abandoning module TextureFormatASTC (47)
[2016.03.10-19.47.47:482][119]LogModuleManager: Shutting down and abandoning module TextureFormatAndroid (46)
[2016.03.10-19.47.47:482][119]LogModuleManager: Shutting down and abandoning module AudioFormatOpus (45)
[2016.03.10-19.47.47:482][119]LogModuleManager: Shutting down and abandoning module AudioFormatOgg (44)
[2016.03.10-19.47.47:482][119]LogModuleManager: Shutting down and abandoning module AudioFormatADPCM (43)
[2016.03.10-19.47.47:482][119]LogModuleManager: Shutting down and abandoning module LinuxTargetPlatform (42)
[2016.03.10-19.47.47:482][119]LogModuleManager: Shutting down and abandoning module LinuxServerTargetPlatform (41)
[2016.03.10-19.47.47:482][119]LogModuleManager: Shutting down and abandoning module LinuxNoEditorTargetPlatform (40)
[2016.03.10-19.47.47:482][119]LogModuleManager: Shutting down and abandoning module Messaging (39)
[2016.03.10-19.47.47:482][119]LogModuleManager: Shutting down and abandoning module IOSTargetPlatform (38)
[2016.03.10-19.47.47:482][119]LogModuleManager: Shutting down and abandoning module HTML5TargetPlatform (37)
[2016.03.10-19.47.47:482][119]LogModuleManager: Shutting down and abandoning module Android_PVRTCTargetPlatform (36)
[2016.03.10-19.47.47:482][119]LogModuleManager: Shutting down and abandoning module Android_MultiTargetPlatform (35)
[2016.03.10-19.47.47:482][119]LogModuleManager: Shutting down and abandoning module Android_ETC2TargetPlatform (34)
[2016.03.10-19.47.47:482][119]LogModuleManager: Shutting down and abandoning module Android_ETC1TargetPlatform (33)
[2016.03.10-19.47.47:482][119]LogModuleManager: Shutting down and abandoning module Android_DXTTargetPlatform (32)
[2016.03.10-19.47.47:482][119]LogModuleManager: Shutting down and abandoning module Android_ATCTargetPlatform (31)
[2016.03.10-19.47.47:482][119]LogModuleManager: Shutting down and abandoning module Android_ASTCTargetPlatform (30)
[2016.03.10-19.47.47:482][119]LogModuleManager: Shutting down and abandoning module AndroidTargetPlatform (29)
[2016.03.10-19.47.47:482][119]LogModuleManager: Shutting down and abandoning module WindowsTargetPlatform (28)
[2016.03.10-19.47.47:482][119]LogModuleManager: Shutting down and abandoning module WindowsServerTargetPlatform (27)
[2016.03.10-19.47.47:482][119]LogModuleManager: Shutting down and abandoning module WindowsNoEditorTargetPlatform (26)
[2016.03.10-19.47.47:482][119]LogModuleManager: Shutting down and abandoning module WindowsClientTargetPlatform (25)
[2016.03.10-19.47.47:482][119]LogModuleManager: Shutting down and abandoning module AllDesktopTargetPlatform (24)
[2016.03.10-19.47.47:482][119]LogModuleManager: Shutting down and abandoning module TargetPlatform (23)
[2016.03.10-19.47.47:483][119]LogModuleManager: Shutting down and abandoning module InputCore (22)
[2016.03.10-19.47.47:483][119]LogModuleManager: Shutting down and abandoning module Settings (21)
[2016.03.10-19.47.47:483][119]LogModuleManager: Shutting down and abandoning module OnlineSubsystem (19)
[2016.03.10-19.47.47:483][119]LogModuleManager: Shutting down and abandoning module HTTP (18)
[2016.03.10-19.47.49:487][119]LogModuleManager: Shutting down and abandoning module XMPP (17)
[2016.03.10-19.47.49:537][119]LogModuleManager: Shutting down and abandoning module OculusRift (16)
[2016.03.10-19.47.49:545][119]LogModuleManager: Shutting down and abandoning module ExampleDeviceProfileSelector (15)
[2016.03.10-19.47.49:546][119]LogModuleManager: Shutting down and abandoning module TextureCompressor (14)
[2016.03.10-19.47.49:546][119]LogModuleManager: Shutting down and abandoning module ShaderCore (13)
[2016.03.10-19.47.49:546][119]LogModuleManager: Shutting down and abandoning module Landscape (12)
[2016.03.10-19.47.49:546][119]LogModuleManager: Shutting down and abandoning module SlateRHIRenderer (11)
[2016.03.10-19.47.49:555][119]LogModuleManager: Shutting down and abandoning module OpenGLDrv (10)
[2016.03.10-19.47.49:567][119]LogModuleManager: Shutting down and abandoning module D3D11RHI (9)
[2016.03.10-19.47.49:567][119]LogModuleManager: Shutting down and abandoning module AnimGraphRuntime (8)
[2016.03.10-19.47.49:578][119]LogModuleManager: Shutting down and abandoning module Renderer (7)
[2016.03.10-19.47.49:578][119]LogModuleManager: Shutting down and abandoning module Engine (6)
[2016.03.10-19.47.49:578][119]LogModuleManager: Shutting down and abandoning module CoreUObject (5)
[2016.03.10-19.47.49:578][119]LogModuleManager: Shutting down and abandoning module NetworkFile (4)
[2016.03.10-19.47.49:596][119]LogModuleManager: Shutting down and abandoning module StreamingFile (3)
[2016.03.10-19.47.49:596][119]LogModuleManager: Shutting down and abandoning module SandboxFile (2)
[2016.03.10-19.47.49:596][119]LogModuleManager: Shutting down and abandoning module PakFile (1)
[2016.03.10-19.47.49:600][119]LogExit: Exiting.
[2016.03.10-19.47.49:605][119]Log file closed, 03/10/16 20:47:49
