[2016.03.22-15.17.42:770][  0]Log file open, 03/22/16 16:17:42
[2016.03.22-15.17.42:770][  0]LogInit:Display: Running engine without a game
[2016.03.22-15.17.42:770][  0]LogPlatformFile: Not using cached read wrapper
[2016.03.22-15.17.42:770][  0]LogInit:Display: Loading recent project file: ../../../../../Ureal engine 4/Proyectos/Ondarreta/ProjectOndarreta/ProjectOndarreta.uproject
[2016.03.22-15.17.42:771][  0]LogInit:Display: RandInit(-2000000020) SRandInit(-2000000015).
[2016.03.22-15.17.42:771][  0]LogTaskGraph: Started task graph with 4 named threads and 7 total threads.
[2016.03.22-15.17.42:771][  0]LogStats: Stats thread started at 0.135709
[2016.03.22-15.17.42:771][  0]LogInit: Version: 4.10.4-2872498+++depot+UE4-Releases+4.10
[2016.03.22-15.17.42:771][  0]LogInit: API Version: 2758231
[2016.03.22-15.17.42:771][  0]LogInit: Compiled (64-bit): Feb 18 2016 15:47:04
[2016.03.22-15.17.42:771][  0]LogInit: Compiled with Visual C++: 19.00.23026.00
[2016.03.22-15.17.42:771][  0]LogInit: Build Configuration: Development
[2016.03.22-15.17.42:771][  0]LogInit: Branch Name: ++depot+UE4-Releases+4.10
[2016.03.22-15.17.42:771][  0]LogInit: Command line: -EpicPortal 
[2016.03.22-15.17.42:771][  0]LogInit: Base directory: D:/Investigation_Zone/Epic Games/4.10/Engine/Binaries/Win64/
[2016.03.22-15.17.42:771][  0]LogInit: Rocket: 1
[2016.03.22-15.17.42:788][  0]LogInit: Using libcurl 7.41.0
[2016.03.22-15.17.42:788][  0]LogInit:  - built for x86_64-pc-win32
[2016.03.22-15.17.42:788][  0]LogInit:  - supports SSL with WinSSL
[2016.03.22-15.17.42:788][  0]LogInit:  - other features:
[2016.03.22-15.17.42:788][  0]LogInit:      CURL_VERSION_SSL
[2016.03.22-15.17.42:788][  0]LogInit:      CURL_VERSION_IPV6
[2016.03.22-15.17.42:788][  0]LogInit:      CURL_VERSION_ASYNCHDNS
[2016.03.22-15.17.42:788][  0]LogInit:      CURL_VERSION_LARGEFILE
[2016.03.22-15.17.42:788][  0]LogInit:      CURL_VERSION_IDN
[2016.03.22-15.17.42:789][  0]LogInit:  CurlRequestOptions (configurable via config and command line):
[2016.03.22-15.17.42:789][  0]LogInit:  - bVerifyPeer = true  - Libcurl will verify peer certificate
[2016.03.22-15.17.42:789][  0]LogInit:  - bUseHttpProxy = false  - Libcurl will NOT use HTTP proxy
[2016.03.22-15.17.42:789][  0]LogInit:  - bDontReuseConnections = false  - Libcurl will reuse connections
[2016.03.22-15.17.42:789][  0]LogInit:  - CertBundlePath = nullptr  - Libcurl will use whatever was configured at build time.
[2016.03.22-15.17.42:808][  0]LogInit: Presizing for 0 objects not considered by GC, pre-allocating 0 bytes.
[2016.03.22-15.17.42:830][  0]LogInit: Object subsystem initialized
[2016.03.22-15.17.42:835][  0]LogInit: Selected Device Profile: [Windows]
[2016.03.22-15.17.42:835][  0]LogInit: Applying CVar settings loaded from the selected device profile: [Windows]
[2016.03.22-15.17.42:867][  0]LogInit: Computer: ALMA-ITSASO
[2016.03.22-15.17.42:867][  0]LogInit: User: Unai
[2016.03.22-15.17.42:867][  0]LogInit: CPU Page size=4096, Cores=4
[2016.03.22-15.17.42:867][  0]LogInit: High frequency timer resolution =2.338345 MHz
[2016.03.22-15.17.42:867][  0]LogMemory: Memory total: Physical=7.9GB (8GB approx)
[2016.03.22-15.17.42:868][  0]LogMemory: Platform Memory Stats for Windows
[2016.03.22-15.17.42:868][  0]LogMemory: Process Physical Memory: 55.95 MB used, 55.95 MB peak
[2016.03.22-15.17.42:868][  0]LogMemory: Process Virtual Memory: 58.71 MB used, 58.71 MB peak
[2016.03.22-15.17.42:868][  0]LogMemory: Physical Memory: 3977.71 MB used, 8124.02 MB total
[2016.03.22-15.17.42:868][  0]LogMemory: Virtual Memory: 384.83 MB used, 134217728.00 MB total
[2016.03.22-15.17.44:747][  0]LogD3D11RHI: Found D3D11 adapter 0: NVIDIA GeForce GT 740M    (Feature Level 11_0)
[2016.03.22-15.17.44:747][  0]LogD3D11RHI: Adapter has 1996MB of dedicated video memory, 0MB of dedicated system memory, and 4062MB of shared system memory, 2 output[s]
[2016.03.22-15.17.44:767][  0]LogD3D11RHI: Found D3D11 adapter 1: Intel(R) HD Graphics 4600 (Feature Level 11_0)
[2016.03.22-15.17.44:767][  0]LogD3D11RHI: Adapter has 112MB of dedicated video memory, 0MB of dedicated system memory, and 4062MB of shared system memory, 0 output[s]
[2016.03.22-15.17.44:772][  0]LogD3D11RHI: Found D3D11 adapter 2: Microsoft Basic Render Driver (Feature Level 11_0)
[2016.03.22-15.17.44:772][  0]LogD3D11RHI: Adapter has 0MB of dedicated video memory, 0MB of dedicated system memory, and 4062MB of shared system memory, 0 output[s]
[2016.03.22-15.17.44:772][  0]LogD3D11RHI: Chosen D3D11 Adapter Id = 0
[2016.03.22-15.17.44:787][  0]LogD3D11RHI: !Direct3DDevice
[2016.03.22-15.17.44:787][  0]LogRHI: Texture pool is 1361 MB (70% of 1945 MB)
[2016.03.22-15.17.44:827][  0]LogD3D11RHI: Async texture creation enabled
[2016.03.22-15.17.44:852][  0]LogShaderCompilers: Guid format shader working directory is -20 characters bigger than the processId version (../../../../../Ureal engine 4/Proyectos/Ondarreta/ProjectOndarreta/Intermediate/Shaders/WorkingDirectory/672/).
[2016.03.22-15.17.44:853][  0]LogShaderCompilers: Cleaned the shader compiler working directory 'C:/Users/Unai/AppData/Local/Temp/UnrealShaderWorkingDir/025BBAE443B21CF734F99FAB9B168637/'.
[2016.03.22-15.17.44:853][  0]LogShaderCompilers:Display: Using Local Shader Compiler.
[2016.03.22-15.17.48:111][  0]LogTemp:Display: Loaded TP AllDesktopTargetPlatform
[2016.03.22-15.17.48:125][  0]LogTemp:Display: Loaded TP WindowsClientTargetPlatform
[2016.03.22-15.17.48:140][  0]LogTemp:Display: Loaded TP WindowsNoEditorTargetPlatform
[2016.03.22-15.17.48:155][  0]LogTemp:Display: Loaded TP WindowsServerTargetPlatform
[2016.03.22-15.17.48:169][  0]LogTemp:Display: Loaded TP WindowsTargetPlatform
[2016.03.22-15.17.48:179][  0]LogTemp:Display: Loaded TP AndroidTargetPlatform
[2016.03.22-15.17.48:188][  0]LogTemp:Display: Loaded TP Android_ASTCTargetPlatform
[2016.03.22-15.17.48:197][  0]LogTemp:Display: Loaded TP Android_ATCTargetPlatform
[2016.03.22-15.17.48:208][  0]LogTemp:Display: Loaded TP Android_DXTTargetPlatform
[2016.03.22-15.17.48:220][  0]LogTemp:Display: Loaded TP Android_ETC1TargetPlatform
[2016.03.22-15.17.48:233][  0]LogTemp:Display: Loaded TP Android_ETC2TargetPlatform
[2016.03.22-15.17.48:257][  0]LogTemp:Display: Loaded TP Android_MultiTargetPlatform
[2016.03.22-15.17.48:257][  0]LogTemp:Display: Loaded TP Android_PVRTCTargetPlatform
[2016.03.22-15.17.48:260][  0]LogTemp:Display: Loaded TP HTML5TargetPlatform
[2016.03.22-15.17.48:289][  0]LogTemp:Display: Loaded TP IOSTargetPlatform
[2016.03.22-15.17.48:300][  0]LogTemp:Display: Loaded TP LinuxNoEditorTargetPlatform
[2016.03.22-15.17.48:311][  0]LogTemp:Display: Loaded TP LinuxServerTargetPlatform
[2016.03.22-15.17.48:323][  0]LogTemp:Display: Loaded TP LinuxTargetPlatform
[2016.03.22-15.17.48:323][  0]LogTargetPlatformManager:Display: Building Assets For Windows
[2016.03.22-15.17.48:554][  0]LogDerivedDataCache:Display: Max Cache Size: 512 MB
[2016.03.22-15.17.48:709][  0]LogDerivedDataCache: Loaded boot cache 0.15s 41MB C:/Users/Unai/AppData/Local/UnrealEngine/4.10/DerivedDataCache/Boot.ddc.
[2016.03.22-15.17.48:709][  0]LogDerivedDataCache:Display: Loaded Boot cache: C:/Users/Unai/AppData/Local/UnrealEngine/4.10/DerivedDataCache/Boot.ddc
[2016.03.22-15.17.48:709][  0]LogDerivedDataCache: FDerivedDataBackendGraph:  Pak pak cache file ../../../../../Ureal engine 4/Proyectos/Ondarreta/ProjectOndarreta/DerivedDataCache/DDC.ddp not found, will not use a pak cache.
[2016.03.22-15.17.48:709][  0]LogDerivedDataCache: Unable to find inner node Pak for hierarchical cache Hierarchy.
[2016.03.22-15.17.48:709][  0]LogDerivedDataCache: FDerivedDataBackendGraph:  CompressedPak pak cache file ../../../../../Ureal engine 4/Proyectos/Ondarreta/ProjectOndarreta/DerivedDataCache/Compressed.ddp not found, will not use a pak cache.
[2016.03.22-15.17.48:709][  0]LogDerivedDataCache: Unable to find inner node CompressedPak for hierarchical cache Hierarchy.
[2016.03.22-15.17.48:958][  0]LogDerivedDataCache:Display: Pak cache opened for reading ../../../Engine/DerivedDataCache/Compressed.ddp.
[2016.03.22-15.17.48:972][  0]LogDerivedDataCache: Using Local data cache path C:/Users/Unai/AppData/Local/UnrealEngine/Common/DerivedDataCache: Writable
[2016.03.22-15.17.49:076][  0]LogModuleManager:Warning: Found module file ../../../Engine/Plugins/VaOcean/Binaries/Win64/UE4Editor-VaOceanPlugin.dll (API version 2215663), but it was incompatible with the current engine API version (2758231). This is likely a stale module that must be recompiled.
[2016.03.22-15.17.49:647][  0]LogInit: Selected Device Profile: [Windows]
[2016.03.22-15.17.49:659][  0]LogContentStreaming: Texture pool size is 0.000000MB
[2016.03.22-15.17.50:065][  0]LogMeshUtilities: No automatic mesh reduction module available
[2016.03.22-15.17.50:065][  0]LogMeshUtilities: No automatic mesh merging module available
[2016.03.22-15.17.50:945][  0]LogInit: WinSock: version 1.1 (2.2), MaxSocks=32767, MaxUdp=65467
[2016.03.22-15.17.53:649][  0]UdpMessaging: Initializing bridge on interface 0.0.0.0:0 to multicast group 230.0.0.1:6666.
[2016.03.22-15.17.53:811][  0]LogAssetRegistry: FAssetRegistry took 0.0118 seconds to start up
[2016.03.22-15.17.54:408][  0]SourceControl: Info Source control is disabled
[2016.03.22-15.17.54:570][  0]SourceControl: Info Source control is disabled
[2016.03.22-15.17.54:612][  0]SourceControl: Info Source control is disabled
[2016.03.22-15.17.54:651][  0]SourceControl: Info Source control is disabled
[2016.03.22-15.17.55:379][  0]LogObj: 28633 objects as part of root set at end of initial load.
[2016.03.22-15.17.55:379][  0]LogUObjectAllocator: 6099752 out of 0 bytes used by permanent object pool.
[2016.03.22-15.17.55:577][  0]LogEngine: Initializing Engine...
[2016.03.22-15.17.55:586][  0]LogHMD: Can't find Oculus library dev build: is proper Runtime installed? Version: 0.8.0.0
[2016.03.22-15.17.55:588][  0]LogHMD: SteamVR failed to initialize.  Err: 110
[2016.03.22-15.17.56:053][  0]LogAIModule: Creating AISystem for world NewWorld
[2016.03.22-15.17.56:074][  0]LogInit: XAudio2 using 'Altavoces / Auriculares (IDT High Definition Audio CODEC)' : 2 channels at 48 kHz using 16 bits per sample (channel mask 0x3)
[2016.03.22-15.17.56:148][  0]LogInit: FAudioDevice initialized.
[2016.03.22-15.17.56:216][  0]LogDerivedDataCache: Saved boot cache 0.07s 41MB C:/Users/Unai/AppData/Local/UnrealEngine/4.10/DerivedDataCache/Boot.ddc.
[2016.03.22-15.17.56:234][  0]LogInit: Texture streaming: Enabled
[2016.03.22-15.17.56:253][  0]LogAnalytics: Creating configured Analytics provider AnalyticsET
[2016.03.22-15.17.56:253][  0]LogAnalytics: [UEEditor.Rocket.Release] APIServer = http://et2.epicgames.com/ET2/. AppVersion = 4.10.4-2872498+++depot+UE4-Releases+4.10
[2016.03.22-15.17.56:253][  0]LogAnalytics: [UEEditor.Rocket.Release] SetUserId d7adaae849ea30e6caa19b820571e0d9|33a1c5eb2cc94ca8a72a46d53f3ce1d2|4517af11-a817-4828-86eb-27c26c7bd883
[2016.03.22-15.17.56:254][  0]LogAnalytics: [UEEditor.Rocket.Release] AnalyticsET::StartSession
[2016.03.22-15.17.56:296][  0]LogInit: Transaction tracking system initialized
[2016.03.22-15.17.56:407][  0]BlueprintLog: New page: Editor Load
[2016.03.22-15.17.56:674][  0]LocalizationService: Info Localization service is disabled
[2016.03.22-15.17.56:949][  0]LogConsoleResponse:Display: 
[2016.03.22-15.17.57:323][  0]LogCook:Display: Done creating registry. It took  0.00s.
[2016.03.22-15.17.57:479][  0]LogFileCache: Scanning file cache for directory 'D:/Investigation_Zone/Ureal engine 4/Proyectos/Ondarreta/ProjectOndarreta/Content/' took 0.02s
[2016.03.22-15.17.57:479][  0]SourceControl: Info Source control is disabled
[2016.03.22-15.17.57:480][  0]Cmd: MAP LOAD FILE="../../../../../Ureal engine 4/Proyectos/Ondarreta/ProjectOndarreta/Content/StarterContent/Maps/Minimal_Default.umap" TEMPLATE=0 SHOWPROGRESS=1 FEATURELEVEL=3
[2016.03.22-15.17.57:481][  0]LightingResults: New page: Lighting Build
[2016.03.22-15.17.57:489][  0]MapCheck: New page: Map Check
[2016.03.22-15.17.57:489][  0]LightingResults: New page: Lighting Build
[2016.03.22-15.17.57:529][  0]LogParticles: Destroying 0 GPU particle simulations for FXSystem 0x0000016A59647420
[2016.03.22-15.18.01:682][  0]LogAIModule: Creating AISystem for world Minimal_Default
[2016.03.22-15.18.03:482][  0]LogEditorServer: Finished looking for orphan Actors (0.000 secs)
[2016.03.22-15.18.03:483][  0]Cmd: MAP CHECKDEP NOCLEARLOG
[2016.03.22-15.18.03:712][  0]MapCheck: Info Map check complete: 0 Error(s), 0 Warning(s), took 228.308ms to complete.
[2016.03.22-15.18.03:712][  0]LogFileHelpers: Loading map 'Minimal_Default' took 6.232
[2016.03.22-15.18.04:055][  0]LogCollectionManager: Loaded 0 collections in 0.004965 seconds
[2016.03.22-15.18.04:129][  0]LogFileCache: Scanning file cache for directory 'D:/Investigation_Zone/Ureal engine 4/Proyectos/Ondarreta/ProjectOndarreta/Saved/Collections/' took 0.01s
[2016.03.22-15.18.04:129][  0]LogFileCache: Scanning file cache for directory 'D:/Investigation_Zone/Ureal engine 4/Proyectos/Ondarreta/ProjectOndarreta/Content/Developers/Unai/Collections/' took 0.01s
[2016.03.22-15.18.04:129][  0]LogFileCache: Scanning file cache for directory 'D:/Investigation_Zone/Ureal engine 4/Proyectos/Ondarreta/ProjectOndarreta/Content/Collections/' took 0.01s
[2016.03.22-15.18.04:129][  0]LogCollectionManager: Rebuilt the GUID cache for 0 collections in 0.000009 seconds
[2016.03.22-15.18.04:165][  0]LogContentBrowser: Native class hierarchy populated in 0.0351 seconds. Added 1893 classes and 338 folders.
[2016.03.22-15.18.04:200][  0]LogContentBrowser: Native class hierarchy updated for 'WidgetCarousel' in 0.0016 seconds. Added 0 classes and 0 folders.
[2016.03.22-15.18.04:376][  0]LogContentBrowser: Native class hierarchy updated for 'AddContentDialog' in 0.0012 seconds. Added 0 classes and 0 folders.
[2016.03.22-15.18.04:389][  0]LogContentBrowser: Native class hierarchy updated for 'SceneOutliner' in 0.0011 seconds. Added 1 classes and 2 folders.
[2016.03.22-15.18.04:464][  0]LogCrashTracker: Crashtracker disabled due to settings.
[2016.03.22-15.18.04:478][  0]LogUObjectGlobals:Warning: Failed to find object 'Class None.'
[2016.03.22-15.18.04:507][  0]LogLoad: Full Startup: 22.96 seconds (BP compile: 0.15 seconds)
[2016.03.22-15.18.04:859][  0]LogOcInput: Can't find Oculus library dev build: is proper Runtime installed? Version: 0.8.0.0
[2016.03.22-15.18.04:982][  0]LogContentStreaming: Texture pool size now 1000 MB
[2016.03.22-15.18.05:526][  0]LogRenderer: Reallocating scene render targets to support 1208x684 (Frame:2).
[2016.03.22-15.18.05:750][  1]Cmd: UpdateLandscapeEditorData -warnings
[2016.03.22-15.18.07:825][  7]LogAssetRegistry: Asset discovery search completed in 14.0253 seconds
[2016.03.22-15.18.07:825][  7]LogCollectionManager: Rebuilt the object cache for 0 collections in 0.000002 seconds (found 0 objects)
[2016.03.22-15.18.07:825][  7]LogCollectionManager: Fixed up redirectors for 0 collections in 0.000081 seconds (updated 0 objects)
[2016.03.22-15.18.40:732][236]LogDirectoryWatcher:Warning: Failed to begin reading directory changes for ../../../../../Ureal engine 4/Proyectos/Ondarreta/ProjectOndarreta/Plugins/. Error: 0
[2016.03.22-15.23.49:210][335]LogEditorViewport: Clicking on Actor (context menu): Landscape (Ocean)
[2016.03.22-15.24.43:157][813]LogEditorViewport: Clicking on Actor (context menu): Landscape (Ocean)
[2016.03.22-15.24.53:718][ 75]LogEditorViewport: Clicking on Actor (LMB): Landscape (Ocean)
[2016.03.22-15.25.19:772][453]LogEditorViewport: Clicking on Actor (double click): Landscape (Ocean)
[2016.03.22-15.25.23:860][559]LogActorComponent: UnregisterComponent: (/Engine/Transient.SphereBrushComponent) Not registered. Aborting.
[2016.03.22-15.25.29:164][696]LogMaterial: Missing cached shader map for material M_Water_Ocean, compiling. 
[2016.03.22-15.25.30:192][696]LogLinker:Warning: Can't find file '/Game/Architecture/SM_Floor_400x400'
[2016.03.22-15.25.30:200][696]LogLinker:Warning: Can't find file '/Game/Architecture/SM_Floor_400x400'
[2016.03.22-15.25.30:204][696]LogUObjectGlobals:Warning: Failed to find object 'Object /Game/Architecture/SM_Floor_400x400.SM_Floor_400x400'
[2016.03.22-15.25.30:282][696]LogMaterial: Missing cached shader map for material M_Water_Ocean, compiling. 
[2016.03.22-15.25.30:311][696]LogMaterial: 0.008234 seconds spent updating 1 materials, 1 interfaces, 0 instances, 0 with static permutations.
[2016.03.22-15.25.30:352][696]LogMaterial: Missing cached shader map for material FMatExpressionPreview MaterialExpressionVectorParameter_4, compiling. 
[2016.03.22-15.25.30:366][696]LogMaterial: Missing cached shader map for material FMatExpressionPreview MaterialExpressionTextureSample_6, compiling. 
[2016.03.22-15.25.30:377][696]LogMaterial: Missing cached shader map for material FMatExpressionPreview MaterialExpressionTextureSample_18, compiling. 
[2016.03.22-15.25.30:388][696]LogMaterial: Missing cached shader map for material FMatExpressionPreview MaterialExpressionTextureSample_15, compiling. 
[2016.03.22-15.25.30:401][696]LogMaterial: Missing cached shader map for material FMatExpressionPreview MaterialExpressionTextureSample_16, compiling. 
[2016.03.22-15.25.30:411][696]LogMaterial: Missing cached shader map for material FMatExpressionPreview MaterialExpressionConstant3Vector_22, compiling. 
[2016.03.22-15.25.30:420][696]LogMaterial: Missing cached shader map for material FMatExpressionPreview MaterialExpressionTextureSample_19, compiling. 
[2016.03.22-15.25.30:432][696]LogMaterial: Missing cached shader map for material FMatExpressionPreview MaterialExpressionTextureSample_21, compiling. 
[2016.03.22-15.25.30:445][696]LogMaterial: Missing cached shader map for material FMatExpressionPreview MaterialExpressionVectorParameter_2, compiling. 
[2016.03.22-15.25.30:456][696]LogMaterial: Missing cached shader map for material FMatExpressionPreview MaterialExpressionConstant3Vector_4, compiling. 
[2016.03.22-15.25.39:690][815]MaterialEditorStats: Info Base pass shader with static lighting: 126 instructions
[2016.03.22-15.25.39:690][815]MaterialEditorStats: Info Base pass shader with only dynamic lighting: 94 instructions
[2016.03.22-15.25.39:690][815]MaterialEditorStats: Info Vertex shader: 33 instructions
[2016.03.22-15.25.39:690][815]MaterialEditorStats: Info Texture samplers: 5/16
[2016.03.22-15.26.23:659][671]LogMaterial: Missing cached shader map for material M_Water_Ocean, compiling. 
[2016.03.22-15.26.23:680][671]LogMaterial: 0.000877 seconds spent updating 1 materials, 1 interfaces, 0 instances, 0 with static permutations.
[2016.03.22-15.26.30:702][782]MaterialEditorStats: Info Base pass shader with static lighting: 126 instructions
[2016.03.22-15.26.30:702][782]MaterialEditorStats: Info Base pass shader with only dynamic lighting: 94 instructions
[2016.03.22-15.26.30:702][782]MaterialEditorStats: Info Vertex shader: 33 instructions
[2016.03.22-15.26.30:702][782]MaterialEditorStats: Info Texture samplers: 5/16
[2016.03.22-15.26.43:214][ 36]LogMaterial: Missing cached shader map for material M_Water_Ocean, compiling. 
[2016.03.22-15.26.43:235][ 36]LogMaterial: 0.000700 seconds spent updating 1 materials, 1 interfaces, 0 instances, 0 with static permutations.
[2016.03.22-15.26.49:596][142]MaterialEditorStats: Info Base pass shader with static lighting: 126 instructions
[2016.03.22-15.26.49:597][142]MaterialEditorStats: Info Base pass shader with only dynamic lighting: 94 instructions
[2016.03.22-15.26.49:597][142]MaterialEditorStats: Info Vertex shader: 33 instructions
[2016.03.22-15.26.49:597][142]MaterialEditorStats: Info Texture samplers: 5/16
[2016.03.22-15.26.59:004][302]LogMaterialEditor: Applying material M_Water_Ocean
[2016.03.22-15.27.00:412][302]LogMaterial: Missing cached shader map for material M_Water_Ocean, compiling. 
[2016.03.22-15.27.00:461][302]LogMaterial: 0.000636 seconds spent updating 1 materials, 1 interfaces, 0 instances, 0 with static permutations.
[2016.03.22-15.27.00:631][302]LogMaterial: Missing cached shader map for material M_Water_Ocean, compiling. 
[2016.03.22-15.27.01:090][302]LogMaterial: Missing cached shader map for material M_Water_Ocean, compiling. 
[2016.03.22-15.27.01:233][302]LogMaterial: 0.039353 seconds spent updating 1 materials, 1 interfaces, 257 instances, 0 with static permutations.
[2016.03.22-15.27.52:485][ 94]MaterialEditorStats: Info Base pass shader with static lighting: 145 instructions
[2016.03.22-15.27.52:485][ 94]MaterialEditorStats: Info Base pass shader with only dynamic lighting: 113 instructions
[2016.03.22-15.27.52:485][ 94]MaterialEditorStats: Info Vertex shader: 33 instructions
[2016.03.22-15.27.52:485][ 94]MaterialEditorStats: Info Texture samplers: 7/16
[2016.03.22-15.28.14:457][528]LogEditorViewport: Clicking on Actor (LMB): Landscape (Ocean)
[2016.03.22-15.28.32:457][  0]LogEditorViewport: Clicking on Actor (LMB): Landscape (Ocean)
[2016.03.22-15.28.40:354][160]LogMaterial: Missing cached shader map for material PreviewMaterial_0, compiling. 
[2016.03.22-15.28.40:632][160]LogLinker:Warning: Can't find file '/Game/Architecture/SM_Floor_400x400'
[2016.03.22-15.28.40:655][160]LogUObjectGlobals:Warning: Failed to find object 'Object /Game/Architecture/SM_Floor_400x400.SM_Floor_400x400'
[2016.03.22-15.28.40:692][160]LogMaterial: Missing cached shader map for material PreviewMaterial_0, compiling. 
[2016.03.22-15.28.40:711][160]LogMaterial: 0.000558 seconds spent updating 1 materials, 1 interfaces, 0 instances, 0 with static permutations.
[2016.03.22-15.28.40:743][160]LogMaterial: Missing cached shader map for material FMatExpressionPreview MaterialExpressionVectorParameter_4, compiling. 
[2016.03.22-15.28.40:754][160]LogMaterial: Missing cached shader map for material FMatExpressionPreview MaterialExpressionTextureSample_6, compiling. 
[2016.03.22-15.28.40:764][160]LogMaterial: Missing cached shader map for material FMatExpressionPreview MaterialExpressionTextureSample_18, compiling. 
[2016.03.22-15.28.40:774][160]LogMaterial: Missing cached shader map for material FMatExpressionPreview MaterialExpressionTextureSample_15, compiling. 
[2016.03.22-15.28.40:784][160]LogMaterial: Missing cached shader map for material FMatExpressionPreview MaterialExpressionTextureSample_16, compiling. 
[2016.03.22-15.28.40:800][160]LogMaterial: Missing cached shader map for material FMatExpressionPreview MaterialExpressionConstant3Vector_22, compiling. 
[2016.03.22-15.28.40:817][160]LogMaterial: Missing cached shader map for material FMatExpressionPreview MaterialExpressionTextureSample_19, compiling. 
[2016.03.22-15.28.40:831][160]LogMaterial: Missing cached shader map for material FMatExpressionPreview MaterialExpressionTextureSample_21, compiling. 
[2016.03.22-15.28.40:845][160]LogMaterial: Missing cached shader map for material FMatExpressionPreview MaterialExpressionVectorParameter_2, compiling. 
[2016.03.22-15.28.40:860][160]LogMaterial: Missing cached shader map for material FMatExpressionPreview MaterialExpressionConstant3Vector_4, compiling. 
[2016.03.22-15.28.47:955][247]LogMaterial: Missing cached shader map for material PreviewMaterial_0, compiling. 
[2016.03.22-15.28.47:984][247]LogMaterial: 0.001003 seconds spent updating 1 materials, 1 interfaces, 0 instances, 0 with static permutations.
[2016.03.22-15.28.50:066][280]LogMaterialEditor: Applying material M_Water_Ocean
[2016.03.22-15.28.52:211][280]LogMaterial: Missing cached shader map for material PreviewMaterial_0, compiling. 
[2016.03.22-15.28.52:293][280]LogMaterial: 0.000804 seconds spent updating 1 materials, 1 interfaces, 0 instances, 0 with static permutations.
[2016.03.22-15.28.52:484][280]LogMaterial: Missing cached shader map for material M_Water_Ocean, compiling. 
[2016.03.22-15.28.52:654][280]LogMaterial: Missing cached shader map for material M_Water_Ocean, compiling. 
[2016.03.22-15.28.52:810][280]LogMaterial: 0.038043 seconds spent updating 1 materials, 1 interfaces, 257 instances, 0 with static permutations.
[2016.03.22-15.29.44:406][434]MaterialEditorStats: Info Base pass shader with static lighting: 145 instructions
[2016.03.22-15.29.44:406][434]MaterialEditorStats: Info Base pass shader with only dynamic lighting: 113 instructions
[2016.03.22-15.29.44:406][434]MaterialEditorStats: Info Vertex shader: 33 instructions
[2016.03.22-15.29.44:407][434]MaterialEditorStats: Info Texture samplers: 7/16
[2016.03.22-15.30.37:749][878]Cmd: SELECT NONE
[2016.03.22-15.31.22:205][647]LogParticles: Destroying 0 GPU particle simulations for FXSystem 0x0000016A0AF62E80
[2016.03.22-15.31.22:210][647]LogParticles: Destroying 0 GPU particle simulations for FXSystem 0x0000016A5EF86520
[2016.03.22-15.31.22:230][647]LogFileHelpers: Editor autosave (incl. sublevels) for '/Game/StarterContent/Maps/Minimal_Default' took 0.117
[2016.03.22-15.31.22:245][647]OBJ SavePackage: Generating thumbnails for [1] asset(s) in package [/Game/StarterContent/Materials/M_Water_Ocean] ([1] browsable assets)...
[2016.03.22-15.31.22:633][647]OBJ SavePackage:     Rendered thumbnail for [Material /Game/StarterContent/Materials/M_Water_Ocean.M_Water_Ocean]
[2016.03.22-15.31.22:633][647]OBJ SavePackage: Finished generating thumbnails for package [/Game/StarterContent/Materials/M_Water_Ocean]
[2016.03.22-15.31.22:818][647]LogSavePackage: Save=144.086945ms
[2016.03.22-15.31.22:818][647]LogSavePackage: Moving '../../../../../Ureal engine 4/Proyectos/Ondarreta/ProjectOndarreta/Saved/M_Water_Ocean_Auto1DEC439D04EE5BE08C9754D8CF9A3C061.tmp' to '../../../../../Ureal engine 4/Proyectos/Ondarreta/ProjectOndarreta/Saved/Autosaves/Game/StarterContent/Materials/M_Water_Ocean_Auto1.uasset'
[2016.03.22-15.31.22:821][647]LogSavePackage: Total save time: 184.808489ms
[2016.03.22-15.31.22:821][647]LogSavePackage:Display: Finished SavePackage ../../../../../Ureal engine 4/Proyectos/Ondarreta/ProjectOndarreta/Saved/Autosaves/Game/StarterContent/Materials/M_Water_Ocean_Auto1.uasset
[2016.03.22-15.31.22:821][647]LogFileHelpers: Auto-saving content packages took 0.589
[2016.03.22-15.31.48:705][767]LogEditorViewport: Clicking on Actor (LMB): Landscape (Ocean)
[2016.03.22-15.31.52:951][849]LogMaterial: Missing cached shader map for material PreviewMaterial_1, compiling. 
[2016.03.22-15.31.53:248][849]LogLinker:Warning: Can't find file '/Game/Architecture/SM_Floor_400x400'
[2016.03.22-15.31.53:255][849]LogLinker:Warning: Can't find file '/Game/Architecture/SM_Floor_400x400'
[2016.03.22-15.31.53:259][849]LogUObjectGlobals:Warning: Failed to find object 'Object /Game/Architecture/SM_Floor_400x400.SM_Floor_400x400'
[2016.03.22-15.31.53:301][849]LogMaterial: Missing cached shader map for material PreviewMaterial_1, compiling. 
[2016.03.22-15.31.53:330][849]LogMaterial: 0.000675 seconds spent updating 1 materials, 1 interfaces, 0 instances, 0 with static permutations.
[2016.03.22-15.31.53:373][849]LogMaterial: Missing cached shader map for material FMatExpressionPreview MaterialExpressionVectorParameter_4, compiling. 
[2016.03.22-15.31.53:389][849]LogMaterial: Missing cached shader map for material FMatExpressionPreview MaterialExpressionTextureSample_6, compiling. 
[2016.03.22-15.31.53:410][849]LogMaterial: Missing cached shader map for material FMatExpressionPreview MaterialExpressionTextureSample_18, compiling. 
[2016.03.22-15.31.53:430][849]LogMaterial: Missing cached shader map for material FMatExpressionPreview MaterialExpressionTextureSample_15, compiling. 
[2016.03.22-15.31.53:448][849]LogMaterial: Missing cached shader map for material FMatExpressionPreview MaterialExpressionTextureSample_16, compiling. 
[2016.03.22-15.31.53:466][849]LogMaterial: Missing cached shader map for material FMatExpressionPreview MaterialExpressionConstant3Vector_22, compiling. 
[2016.03.22-15.31.53:478][849]LogMaterial: Missing cached shader map for material FMatExpressionPreview MaterialExpressionTextureSample_19, compiling. 
[2016.03.22-15.31.53:491][849]LogMaterial: Missing cached shader map for material FMatExpressionPreview MaterialExpressionTextureSample_21, compiling. 
[2016.03.22-15.31.53:502][849]LogMaterial: Missing cached shader map for material FMatExpressionPreview MaterialExpressionVectorParameter_2, compiling. 
[2016.03.22-15.31.53:513][849]LogMaterial: Missing cached shader map for material FMatExpressionPreview MaterialExpressionConstant3Vector_4, compiling. 
[2016.03.22-15.32.03:321][917]MaterialEditorStats: Info Base pass shader with static lighting: 126 instructions
[2016.03.22-15.32.03:322][917]MaterialEditorStats: Info Base pass shader with only dynamic lighting: 94 instructions
[2016.03.22-15.32.03:322][917]MaterialEditorStats: Info Vertex shader: 33 instructions
[2016.03.22-15.32.03:322][917]MaterialEditorStats: Info Texture samplers: 5/16
[2016.03.22-15.32.14:746][977]LogMaterial: Missing cached shader map for material PreviewMaterial_1, compiling. 
[2016.03.22-15.32.14:803][977]LogMaterial: Missing cached shader map for material PreviewMaterial_1, compiling. 
[2016.03.22-15.32.14:823][977]LogMaterial: 0.000578 seconds spent updating 1 materials, 1 interfaces, 0 instances, 0 with static permutations.
[2016.03.22-15.32.16:659][  1]LogMaterialEditor: Applying material M_Water_Ocean
[2016.03.22-15.32.19:117][  1]LogMaterial: Missing cached shader map for material PreviewMaterial_1, compiling. 
[2016.03.22-15.32.19:256][  1]LogMaterial: 0.001372 seconds spent updating 1 materials, 1 interfaces, 0 instances, 0 with static permutations.
[2016.03.22-15.32.19:454][  1]LogMaterial: Missing cached shader map for material M_Water_Ocean, compiling. 
[2016.03.22-15.32.19:694][  1]LogMaterial: Missing cached shader map for material M_Water_Ocean, compiling. 
[2016.03.22-15.32.19:869][  1]LogMaterial: 0.039339 seconds spent updating 1 materials, 1 interfaces, 257 instances, 0 with static permutations.
[2016.03.22-15.34.32:086][624]MaterialEditorStats: Info Base pass shader with static lighting: 129 instructions
[2016.03.22-15.34.32:086][624]MaterialEditorStats: Info Base pass shader with only dynamic lighting: 55 instructions
[2016.03.22-15.34.32:086][624]MaterialEditorStats: Info Base pass shader for self shadowed translucency: 91 instructions
[2016.03.22-15.34.32:086][624]MaterialEditorStats: Info Vertex shader: 70 instructions
[2016.03.22-15.34.32:086][624]MaterialEditorStats: Info Texture samplers: 8/16
[2016.03.22-15.37.11:235][268]LogBlueprintUserMessages: Early PlayInEditor Detection: Level '/Game/StarterContent/Maps/Minimal_Default.Minimal_Default:PersistentLevel' has LevelScriptBlueprint '/Game/StarterContent/Maps/Minimal_Default.Minimal_Default:PersistentLevel.Minimal_Default' with GeneratedClass '/Game/StarterContent/Maps/Minimal_Default.Minimal_Default_C' with ClassGeneratedBy '/Game/StarterContent/Maps/Minimal_Default.Minimal_Default:PersistentLevel.Minimal_Default'
[2016.03.22-15.37.11:236][268]LogPlayLevel: PlayLevel: No blueprints needed recompiling
[2016.03.22-15.37.11:270][268]PIE: New page: PIE session: Minimal_Default (Mar 22, 2016, 5:37:11 PM)
[2016.03.22-15.37.11:291][268]LogPlayLevel: Creating play world package: /Game/StarterContent/Maps/UEDPIE_0_Minimal_Default
[2016.03.22-15.37.12:245][268]LogPlayLevel: PIE: StaticDuplicateObject took: (0.954657s)
[2016.03.22-15.37.12:248][268]LogAIModule: Creating AISystem for world Minimal_Default
[2016.03.22-15.37.12:248][268]LogPlayLevel: PIE: World Init took: (0.003050s)
[2016.03.22-15.37.12:261][268]LogPlayLevel: PIE: Created PIE world by copying editor world from /Game/StarterContent/Maps/Minimal_Default.Minimal_Default to /Game/StarterContent/Maps/UEDPIE_0_Minimal_Default.Minimal_Default (0.971339s)
[2016.03.22-15.37.12:346][268]LogParticles: Destroying 0 GPU particle simulations for FXSystem 0x0000016A5E8F1300
[2016.03.22-15.37.12:371][268]LogInit: XAudio2 using 'Altavoces / Auriculares (IDT High Definition Audio CODEC)' : 2 channels at 48 kHz using 16 bits per sample (channel mask 0x3)
[2016.03.22-15.37.12:434][268]LogInit: FAudioDevice initialized.
[2016.03.22-15.37.12:715][268]LogWorld: Game class is 'GameMode'
[2016.03.22-15.37.13:577][268]LogWorld: Bringing World /Game/StarterContent/Maps/UEDPIE_0_Minimal_Default.Minimal_Default up for play (max tick rate 0) at 2016.03.22-16.37.13
[2016.03.22-15.37.13:577][268]LogActor:Warning: GameSession /Game/StarterContent/Maps/UEDPIE_0_Minimal_Default.Minimal_Default:PersistentLevel.GameSession_0 has natively added scene component(s), but none of them were set as the actor's RootComponent - picking one arbitrarily
[2016.03.22-15.37.13:593][268]LogActor:Warning: GameNetworkManager /Game/StarterContent/Maps/UEDPIE_0_Minimal_Default.Minimal_Default:PersistentLevel.GameNetworkManager_0 has natively added scene component(s), but none of them were set as the actor's RootComponent - picking one arbitrarily
[2016.03.22-15.37.13:637][268]LogWorld: Bringing up level for play took: 0.805040
[2016.03.22-15.37.14:016][268]PIE: Info Play in editor start time for /Game/StarterContent/Maps/UEDPIE_0_Minimal_Default 3.328
[2016.03.22-15.37.14:016][268]LogBlueprintUserMessages: Late PlayInEditor Detection: Level '/Game/StarterContent/Maps/Minimal_Default.Minimal_Default:PersistentLevel' has LevelScriptBlueprint '/Game/StarterContent/Maps/Minimal_Default.Minimal_Default:PersistentLevel.Minimal_Default' with GeneratedClass '/Game/StarterContent/Maps/Minimal_Default.Minimal_Default_C' with ClassGeneratedBy '/Game/StarterContent/Maps/Minimal_Default.Minimal_Default:PersistentLevel.Minimal_Default'
[2016.03.22-15.37.32:727][819]LogBlueprintUserMessages: Early EndPlayMap Detection: Level '/Game/StarterContent/Maps/Minimal_Default.Minimal_Default:PersistentLevel' has LevelScriptBlueprint '/Game/StarterContent/Maps/Minimal_Default.Minimal_Default:PersistentLevel.Minimal_Default' with GeneratedClass '/Game/StarterContent/Maps/Minimal_Default.Minimal_Default_C' with ClassGeneratedBy '/Game/StarterContent/Maps/Minimal_Default.Minimal_Default:PersistentLevel.Minimal_Default'
[2016.03.22-15.37.32:931][819]LogBlueprintUserMessages: Late EndPlayMap Detection: Level '/Game/StarterContent/Maps/Minimal_Default.Minimal_Default:PersistentLevel' has LevelScriptBlueprint '/Game/StarterContent/Maps/Minimal_Default.Minimal_Default:PersistentLevel.Minimal_Default' with GeneratedClass '/Game/StarterContent/Maps/Minimal_Default.Minimal_Default_C' with ClassGeneratedBy '/Game/StarterContent/Maps/Minimal_Default.Minimal_Default:PersistentLevel.Minimal_Default'
[2016.03.22-15.37.33:028][819]LogParticles: Destroying 0 GPU particle simulations for FXSystem 0x0000016A225E8180
[2016.03.22-15.37.38:229][939]LogMaterial: Missing cached shader map for material PreviewMaterial_2, compiling. 
[2016.03.22-15.37.38:490][939]LogLinker:Warning: Can't find file '/Game/Architecture/SM_Floor_400x400'
[2016.03.22-15.37.38:496][939]LogLinker:Warning: Can't find file '/Game/Architecture/SM_Floor_400x400'
[2016.03.22-15.37.38:500][939]LogUObjectGlobals:Warning: Failed to find object 'Object /Game/Architecture/SM_Floor_400x400.SM_Floor_400x400'
[2016.03.22-15.37.38:534][939]LogMaterial: Missing cached shader map for material PreviewMaterial_2, compiling. 
[2016.03.22-15.37.38:554][939]LogMaterial: 0.000564 seconds spent updating 1 materials, 1 interfaces, 0 instances, 0 with static permutations.
[2016.03.22-15.37.38:584][939]LogMaterial: Missing cached shader map for material FMatExpressionPreview MaterialExpressionVectorParameter_4, compiling. 
[2016.03.22-15.37.38:594][939]LogMaterial: Missing cached shader map for material FMatExpressionPreview MaterialExpressionTextureSample_6, compiling. 
[2016.03.22-15.37.38:606][939]LogMaterial: Missing cached shader map for material FMatExpressionPreview MaterialExpressionTextureSample_18, compiling. 
[2016.03.22-15.37.38:618][939]LogMaterial: Missing cached shader map for material FMatExpressionPreview MaterialExpressionTextureSample_15, compiling. 
[2016.03.22-15.37.38:629][939]LogMaterial: Missing cached shader map for material FMatExpressionPreview MaterialExpressionTextureSample_16, compiling. 
[2016.03.22-15.37.38:642][939]LogMaterial: Missing cached shader map for material FMatExpressionPreview MaterialExpressionConstant3Vector_22, compiling. 
[2016.03.22-15.37.38:653][939]LogMaterial: Missing cached shader map for material FMatExpressionPreview MaterialExpressionTextureSample_19, compiling. 
[2016.03.22-15.37.38:663][939]LogMaterial: Missing cached shader map for material FMatExpressionPreview MaterialExpressionTextureSample_21, compiling. 
[2016.03.22-15.37.38:673][939]LogMaterial: Missing cached shader map for material FMatExpressionPreview MaterialExpressionVectorParameter_2, compiling. 
[2016.03.22-15.37.38:683][939]LogMaterial: Missing cached shader map for material FMatExpressionPreview MaterialExpressionConstant3Vector_4, compiling. 
[2016.03.22-15.37.53:862][164]LogMaterial: Missing cached shader map for material PreviewMaterial_2, compiling. 
[2016.03.22-15.37.53:939][164]LogMaterial: Missing cached shader map for material PreviewMaterial_2, compiling. 
[2016.03.22-15.37.53:968][164]LogMaterial: 0.000743 seconds spent updating 1 materials, 1 interfaces, 0 instances, 0 with static permutations.
[2016.03.22-15.37.56:363][196]LogMaterialEditor: Applying material M_Water_Ocean
[2016.03.22-15.37.58:455][196]LogMaterial: Missing cached shader map for material PreviewMaterial_2, compiling. 
[2016.03.22-15.37.58:520][196]LogMaterial: 0.000769 seconds spent updating 1 materials, 1 interfaces, 0 instances, 0 with static permutations.
[2016.03.22-15.37.58:675][196]LogMaterial: Missing cached shader map for material M_Water_Ocean, compiling. 
[2016.03.22-15.37.58:835][196]LogMaterial: Missing cached shader map for material M_Water_Ocean, compiling. 
[2016.03.22-15.37.58:978][196]LogMaterial: 0.039090 seconds spent updating 1 materials, 1 interfaces, 257 instances, 0 with static permutations.
[2016.03.22-15.39.03:380][ 11]LogEditorViewport: Clicking on Actor (LMB): Landscape (Ocean)
[2016.03.22-15.39.49:945][ 89]LogEditorViewport: Clicking on Actor (LMB): Landscape (Ocean)
[2016.03.22-15.39.51:169][108]LogMaterial: Missing cached shader map for material PreviewMaterial_3, compiling. 
[2016.03.22-15.39.51:469][108]LogLinker:Warning: Can't find file '/Game/Architecture/SM_Floor_400x400'
[2016.03.22-15.39.51:473][108]LogUObjectGlobals:Warning: Failed to find object 'Object /Game/Architecture/SM_Floor_400x400.SM_Floor_400x400'
[2016.03.22-15.39.51:512][108]LogMaterial: Missing cached shader map for material PreviewMaterial_3, compiling. 
[2016.03.22-15.39.51:537][108]LogMaterial: 0.001108 seconds spent updating 1 materials, 1 interfaces, 0 instances, 0 with static permutations.
[2016.03.22-15.39.51:574][108]LogMaterial: Missing cached shader map for material FMatExpressionPreview MaterialExpressionVectorParameter_4, compiling. 
[2016.03.22-15.39.51:591][108]LogMaterial: Missing cached shader map for material FMatExpressionPreview MaterialExpressionTextureSample_6, compiling. 
[2016.03.22-15.39.51:608][108]LogMaterial: Missing cached shader map for material FMatExpressionPreview MaterialExpressionTextureSample_18, compiling. 
[2016.03.22-15.39.51:622][108]LogMaterial: Missing cached shader map for material FMatExpressionPreview MaterialExpressionTextureSample_15, compiling. 
[2016.03.22-15.39.51:637][108]LogMaterial: Missing cached shader map for material FMatExpressionPreview MaterialExpressionTextureSample_16, compiling. 
[2016.03.22-15.39.51:655][108]LogMaterial: Missing cached shader map for material FMatExpressionPreview MaterialExpressionConstant3Vector_22, compiling. 
[2016.03.22-15.39.51:670][108]LogMaterial: Missing cached shader map for material FMatExpressionPreview MaterialExpressionTextureSample_19, compiling. 
[2016.03.22-15.39.51:687][108]LogMaterial: Missing cached shader map for material FMatExpressionPreview MaterialExpressionTextureSample_21, compiling. 
[2016.03.22-15.39.51:704][108]LogMaterial: Missing cached shader map for material FMatExpressionPreview MaterialExpressionVectorParameter_2, compiling. 
[2016.03.22-15.39.51:719][108]LogMaterial: Missing cached shader map for material FMatExpressionPreview MaterialExpressionConstant3Vector_4, compiling. 
[2016.03.22-15.41.20:089][754]LogMaterial: Missing cached shader map for material PreviewMaterial_4, compiling. 
[2016.03.22-15.41.20:422][754]LogLinker:Warning: Can't find file '/Game/Architecture/SM_Floor_400x400'
[2016.03.22-15.41.20:425][754]LogUObjectGlobals:Warning: Failed to find object 'Object /Game/Architecture/SM_Floor_400x400.SM_Floor_400x400'
[2016.03.22-15.41.20:462][754]LogMaterial: Missing cached shader map for material PreviewMaterial_4, compiling. 
[2016.03.22-15.41.20:484][754]LogMaterial: 0.001053 seconds spent updating 1 materials, 1 interfaces, 0 instances, 0 with static permutations.
[2016.03.22-15.41.20:519][754]LogMaterial: Missing cached shader map for material FMatExpressionPreview MaterialExpressionVectorParameter_4, compiling. 
[2016.03.22-15.41.20:529][754]LogMaterial: Missing cached shader map for material FMatExpressionPreview MaterialExpressionTextureSample_6, compiling. 
[2016.03.22-15.41.20:544][754]LogMaterial: Missing cached shader map for material FMatExpressionPreview MaterialExpressionTextureSample_18, compiling. 
[2016.03.22-15.41.20:557][754]LogMaterial: Missing cached shader map for material FMatExpressionPreview MaterialExpressionTextureSample_15, compiling. 
[2016.03.22-15.41.20:576][754]LogMaterial: Missing cached shader map for material FMatExpressionPreview MaterialExpressionTextureSample_16, compiling. 
[2016.03.22-15.41.20:600][754]LogMaterial: Missing cached shader map for material FMatExpressionPreview MaterialExpressionConstant3Vector_22, compiling. 
[2016.03.22-15.41.20:620][754]LogMaterial: Missing cached shader map for material FMatExpressionPreview MaterialExpressionTextureSample_19, compiling. 
[2016.03.22-15.41.20:636][754]LogMaterial: Missing cached shader map for material FMatExpressionPreview MaterialExpressionTextureSample_21, compiling. 
[2016.03.22-15.41.20:656][754]LogMaterial: Missing cached shader map for material FMatExpressionPreview MaterialExpressionVectorParameter_2, compiling. 
[2016.03.22-15.41.20:670][754]LogMaterial: Missing cached shader map for material FMatExpressionPreview MaterialExpressionConstant3Vector_4, compiling. 
[2016.03.22-15.41.31:568][886]MaterialEditorStats: Info Base pass shader with static lighting: 126 instructions
[2016.03.22-15.41.31:569][886]MaterialEditorStats: Info Base pass shader with only dynamic lighting: 94 instructions
[2016.03.22-15.41.31:569][886]MaterialEditorStats: Info Vertex shader: 33 instructions
[2016.03.22-15.41.31:569][886]MaterialEditorStats: Info Texture samplers: 5/16
[2016.03.22-15.41.48:279][934]LogParticles: Destroying 0 GPU particle simulations for FXSystem 0x0000016A2DFD6C00
[2016.03.22-15.41.48:291][934]LogParticles: Destroying 0 GPU particle simulations for FXSystem 0x0000016A225EAD40
[2016.03.22-15.41.48:291][934]LogFileHelpers: Editor autosave (incl. sublevels) for '/Game/StarterContent/Maps/Minimal_Default' took 0.338
[2016.03.22-15.41.48:302][934]OBJ SavePackage: Generating thumbnails for [1] asset(s) in package [/Game/StarterContent/Materials/M_Water_Ocean] ([1] browsable assets)...
[2016.03.22-15.41.48:365][934]OBJ SavePackage:     Rendered thumbnail for [Material /Game/StarterContent/Materials/M_Water_Ocean.M_Water_Ocean]
[2016.03.22-15.41.48:365][934]OBJ SavePackage: Finished generating thumbnails for package [/Game/StarterContent/Materials/M_Water_Ocean]
[2016.03.22-15.41.48:482][934]LogSavePackage: Save=92.112587ms
[2016.03.22-15.41.48:482][934]LogSavePackage: Moving '../../../../../Ureal engine 4/Proyectos/Ondarreta/ProjectOndarreta/Saved/M_Water_Ocean_Auto24AB58B074572F1AE5BE319892672F19B.tmp' to '../../../../../Ureal engine 4/Proyectos/Ondarreta/ProjectOndarreta/Saved/Autosaves/Game/StarterContent/Materials/M_Water_Ocean_Auto2.uasset'
[2016.03.22-15.41.48:484][934]LogSavePackage: Total save time: 114.284247ms
[2016.03.22-15.41.48:484][934]LogSavePackage:Display: Finished SavePackage ../../../../../Ureal engine 4/Proyectos/Ondarreta/ProjectOndarreta/Saved/Autosaves/Game/StarterContent/Materials/M_Water_Ocean_Auto2.uasset
[2016.03.22-15.41.48:484][934]LogFileHelpers: Auto-saving content packages took 0.191
[2016.03.22-15.42.44:057][364]LogMaterial: Missing cached shader map for material NewMaterial, compiling. 
[2016.03.22-15.42.44:224][364]LogMaterial: Missing cached shader map for material NewMaterial, compiling. 
[2016.03.22-15.42.44:240][364]LogMaterial: 0.000646 seconds spent updating 1 materials, 1 interfaces, 0 instances, 0 with static permutations.
[2016.03.22-15.42.50:671][419]MaterialEditorStats: Info Base pass shader with only dynamic lighting: 31 instructions
[2016.03.22-15.42.50:671][419]MaterialEditorStats: Info Vertex shader: 31 instructions
[2016.03.22-15.42.50:671][419]MaterialEditorStats: Info Texture samplers: 0/16
[2016.03.22-15.43.22:880][931]LogMaterial: Missing cached shader map for material NewMaterial, compiling. 
[2016.03.22-15.43.22:902][931]LogMaterial: 0.000691 seconds spent updating 1 materials, 1 interfaces, 0 instances, 0 with static permutations.
[2016.03.22-15.43.22:905][931]LogMaterial: Missing cached shader map for material FMatExpressionPreview MaterialExpressionTextureObject_0, compiling. 
[2016.03.22-15.43.28:381][ 22]MaterialEditorStats: Info Base pass shader with only dynamic lighting: 31 instructions
[2016.03.22-15.43.28:381][ 22]MaterialEditorStats: Info Vertex shader: 31 instructions
[2016.03.22-15.43.28:381][ 22]MaterialEditorStats: Info Texture samplers: 0/16
[2016.03.22-15.45.25:558][ 52]LogMaterial: Missing cached shader map for material NewMaterial, compiling. 
[2016.03.22-15.45.25:575][ 52]LogMaterial: 0.000626 seconds spent updating 1 materials, 1 interfaces, 0 instances, 0 with static permutations.
[2016.03.22-15.45.25:578][ 52]LogMaterial: Missing cached shader map for material FMatExpressionPreview MaterialExpressionTextureSampleParameterSubUV_0, compiling. 
[2016.03.22-15.45.27:483][ 83]LogMaterial: Missing cached shader map for material NewMaterial, compiling. 
[2016.03.22-15.45.27:514][ 83]LogMaterial: 0.000598 seconds spent updating 1 materials, 1 interfaces, 0 instances, 0 with static permutations.
[2016.03.22-15.45.32:913][126]MaterialEditorStats: Info Base pass shader with only dynamic lighting: 31 instructions
[2016.03.22-15.45.32:913][126]MaterialEditorStats: Info Vertex shader: 31 instructions
[2016.03.22-15.45.32:914][126]MaterialEditorStats: Info Texture samplers: 0/16
[2016.03.22-15.51.29:952][761]LogMaterial: Missing cached shader map for material NewMaterial, compiling. 
[2016.03.22-15.51.29:971][761]LogMaterial: 0.000965 seconds spent updating 1 materials, 1 interfaces, 0 instances, 0 with static permutations.
[2016.03.22-15.51.29:976][761]LogMaterial: Missing cached shader map for material FMatExpressionPreview MaterialExpressionCustom_0, compiling. 
[2016.03.22-15.51.36:651][810]MaterialEditorStats: Info Base pass shader with only dynamic lighting: 31 instructions
[2016.03.22-15.51.36:651][810]MaterialEditorStats: Info Vertex shader: 31 instructions
[2016.03.22-15.51.36:651][810]MaterialEditorStats: Info Texture samplers: 0/16
[2016.03.22-15.52.04:616][892]LogParticles: Destroying 0 GPU particle simulations for FXSystem 0x0000016A0BA454E0
[2016.03.22-15.52.04:628][892]LogFileHelpers: Editor autosave (incl. sublevels) for '/Game/StarterContent/Maps/Minimal_Default' took 0.097
[2016.03.22-15.52.04:641][892]OBJ SavePackage: Generating thumbnails for [1] asset(s) in package [/Game/NewMaterial] ([1] browsable assets)...
[2016.03.22-15.52.04:711][892]OBJ SavePackage:     Rendered thumbnail for [Material /Game/NewMaterial.NewMaterial]
[2016.03.22-15.52.04:711][892]OBJ SavePackage: Finished generating thumbnails for package [/Game/NewMaterial]
[2016.03.22-15.52.04:711][892]Cmd: OBJ SAVEPACKAGE PACKAGE="/Game/NewMaterial" FILE="../../../../../Ureal engine 4/Proyectos/Ondarreta/ProjectOndarreta/Saved/Autosaves/Game/NewMaterial_Auto3.uasset" SILENT=false AUTOSAVING=true
[2016.03.22-15.52.04:795][892]LogSavePackage: Save=79.442513ms
[2016.03.22-15.52.04:795][892]LogSavePackage: Moving '../../../../../Ureal engine 4/Proyectos/Ondarreta/ProjectOndarreta/Saved/NewMaterial_Auto30A901B794AA0F0C0A932998692CA2818.tmp' to '../../../../../Ureal engine 4/Proyectos/Ondarreta/ProjectOndarreta/Saved/Autosaves/Game/NewMaterial_Auto3.uasset'
[2016.03.22-15.52.04:826][892]LogSavePackage: Total save time: 111.569937ms
[2016.03.22-15.52.04:826][892]LogSavePackage:Display: Finished SavePackage ../../../../../Ureal engine 4/Proyectos/Ondarreta/ProjectOndarreta/Saved/Autosaves/Game/NewMaterial_Auto3.uasset
[2016.03.22-15.52.04:826][892]LogFileHelpers: Auto-saving content packages took 0.197
[2016.03.22-15.52.45:334][221]LogMaterial: Missing cached shader map for material NewMaterial, compiling. 
[2016.03.22-15.52.45:355][221]LogMaterial: 0.000864 seconds spent updating 1 materials, 1 interfaces, 0 instances, 0 with static permutations.
[2016.03.22-15.52.45:391][221]LogMaterial: Missing cached shader map for material FMatExpressionPreview MaterialExpressionCustom_0, compiling. 
[2016.03.22-15.52.50:016][235]LogShaderCompilers:Warning: Failed to compile Material  for platform PCD3D_SM5, Default Material will be used in game.
[2016.03.22-15.52.50:340][236]MaterialEditorStats: Info Base pass shader with only dynamic lighting: 31 instructions
[2016.03.22-15.52.50:340][236]MaterialEditorStats: Info Vertex shader: 31 instructions
[2016.03.22-15.52.50:340][236]MaterialEditorStats: Info Texture samplers: 0/16
[2016.03.22-15.54.11:952][671]LogMaterial: Missing cached shader map for material NewMaterial, compiling. 
[2016.03.22-15.54.11:972][671]LogMaterial: 0.000536 seconds spent updating 1 materials, 1 interfaces, 0 instances, 0 with static permutations.
[2016.03.22-15.54.18:152][717]MaterialEditorStats: Info Base pass shader with only dynamic lighting: 31 instructions
[2016.03.22-15.54.18:152][717]MaterialEditorStats: Info Vertex shader: 31 instructions
[2016.03.22-15.54.18:152][717]MaterialEditorStats: Info Texture samplers: 0/16
[2016.03.22-15.54.24:884][754]LogMaterial: Missing cached shader map for material NewMaterial, compiling. 
[2016.03.22-15.54.24:905][754]LogMaterial: 0.000654 seconds spent updating 1 materials, 1 interfaces, 0 instances, 0 with static permutations.
[2016.03.22-15.54.29:578][784]MaterialEditorStats: Info Base pass shader with only dynamic lighting: 31 instructions
[2016.03.22-15.54.29:578][784]MaterialEditorStats: Info Vertex shader: 31 instructions
[2016.03.22-15.54.29:578][784]MaterialEditorStats: Info Texture samplers: 0/16
[2016.03.22-15.55.39:579][370]LogMaterial: Missing cached shader map for material NewMaterial, compiling. 
[2016.03.22-15.55.39:593][370]LogMaterial: 0.000512 seconds spent updating 1 materials, 1 interfaces, 0 instances, 0 with static permutations.
[2016.03.22-15.55.39:597][370]LogMaterial: Missing cached shader map for material FMatExpressionPreview MaterialExpressionVectorParameter_0, compiling. 
[2016.03.22-15.55.43:856][448]MaterialEditorStats: Info Base pass shader with only dynamic lighting: 31 instructions
[2016.03.22-15.55.43:856][448]MaterialEditorStats: Info Vertex shader: 31 instructions
[2016.03.22-15.55.43:856][448]MaterialEditorStats: Info Texture samplers: 0/16
[2016.03.22-15.55.50:019][562]LogMaterial: Missing cached shader map for material NewMaterial, compiling. 
[2016.03.22-15.55.50:035][562]LogMaterial: 0.000645 seconds spent updating 1 materials, 1 interfaces, 0 instances, 0 with static permutations.
[2016.03.22-15.55.53:301][618]MaterialEditorStats: Info Base pass shader with only dynamic lighting: 31 instructions
[2016.03.22-15.55.53:301][618]MaterialEditorStats: Info Vertex shader: 31 instructions
[2016.03.22-15.55.53:301][618]MaterialEditorStats: Info Texture samplers: 0/16
[2016.03.22-15.56.15:329][942]LogMaterial: Missing cached shader map for material NewMaterial, compiling. 
[2016.03.22-15.56.15:343][942]LogMaterial: 0.000587 seconds spent updating 1 materials, 1 interfaces, 0 instances, 0 with static permutations.
[2016.03.22-15.56.15:408][942]LogMaterial: Missing cached shader map for material FMatExpressionPreview MaterialExpressionCustom_0, compiling. 
[2016.03.22-15.56.15:422][942]LogMaterial: Missing cached shader map for material FMatExpressionPreview MaterialExpressionVectorParameter_0, compiling. 
[2016.03.22-15.56.19:719][ 20]MaterialEditorStats: Info Base pass shader with only dynamic lighting: 31 instructions
[2016.03.22-15.56.19:719][ 20]MaterialEditorStats: Info Vertex shader: 31 instructions
[2016.03.22-15.56.19:719][ 20]MaterialEditorStats: Info Texture samplers: 0/16
[2016.03.22-15.56.19:780][ 21]LogShaderCompilers:Warning: Failed to compile Material  for platform PCD3D_SM5, Default Material will be used in game.
[2016.03.22-15.56.51:636][456]LogMaterial: Missing cached shader map for material NewMaterial, compiling. 
[2016.03.22-15.56.51:652][456]LogMaterial: 0.000532 seconds spent updating 1 materials, 1 interfaces, 0 instances, 0 with static permutations.
[2016.03.22-15.56.51:689][456]LogMaterial: Missing cached shader map for material FMatExpressionPreview MaterialExpressionCustom_0, compiling. 
[2016.03.22-15.56.57:688][556]LogMaterial: Missing cached shader map for material NewMaterial, compiling. 
[2016.03.22-15.56.57:712][556]LogMaterial: 0.000535 seconds spent updating 1 materials, 1 interfaces, 0 instances, 0 with static permutations.
[2016.03.22-15.56.57:748][556]LogMaterial: Missing cached shader map for material FMatExpressionPreview MaterialExpressionCustom_0, compiling. 
[2016.03.22-15.56.58:353][564]MaterialEditorStats: Info Base pass shader with only dynamic lighting: 31 instructions
[2016.03.22-15.56.58:353][564]MaterialEditorStats: Info Vertex shader: 31 instructions
[2016.03.22-15.56.58:354][564]MaterialEditorStats: Info Texture samplers: 0/16
[2016.03.22-15.57.02:943][631]LogMaterial: Missing cached shader map for material NewMaterial, compiling. 
[2016.03.22-15.57.02:969][631]LogMaterial: 0.000802 seconds spent updating 1 materials, 1 interfaces, 0 instances, 0 with static permutations.
[2016.03.22-15.57.03:009][631]LogMaterial: Missing cached shader map for material FMatExpressionPreview MaterialExpressionCustom_0, compiling. 
[2016.03.22-15.57.03:169][632]MaterialEditorStats: Info Base pass shader with only dynamic lighting: 31 instructions
[2016.03.22-15.57.03:169][632]MaterialEditorStats: Info Vertex shader: 31 instructions
[2016.03.22-15.57.03:169][632]MaterialEditorStats: Info Texture samplers: 0/16
[2016.03.22-15.57.47:785][417]LogMaterial: Missing cached shader map for material NewMaterial, compiling. 
[2016.03.22-15.57.47:800][417]LogMaterial: 0.000876 seconds spent updating 1 materials, 1 interfaces, 0 instances, 0 with static permutations.
[2016.03.22-15.57.47:831][417]LogMaterial: Missing cached shader map for material FMatExpressionPreview MaterialExpressionVectorParameter_0, compiling. 
[2016.03.22-15.57.55:058][533]MaterialEditorStats: Info Base pass shader with only dynamic lighting: 31 instructions
[2016.03.22-15.57.55:058][533]MaterialEditorStats: Info Vertex shader: 31 instructions
[2016.03.22-15.57.55:058][533]MaterialEditorStats: Info Texture samplers: 0/16
[2016.03.22-16.05.27:297][140]LogMaterial: Missing cached shader map for material NewMaterial, compiling. 
[2016.03.22-16.05.27:315][140]LogMaterial: 0.001031 seconds spent updating 1 materials, 1 interfaces, 0 instances, 0 with static permutations.
[2016.03.22-16.05.27:352][140]LogMaterial: Missing cached shader map for material FMatExpressionPreview MaterialExpressionCustom_0, compiling. 
[2016.03.22-16.05.31:942][214]LogSynthBenchmark:Display: FSynthBenchmark (V0.95):  requested WorkScale=1.00
[2016.03.22-16.05.31:942][214]LogSynthBenchmark:Display: ===============
[2016.03.22-16.05.31:942][214]LogSynthBenchmark:Display: Main Processor:
[2016.03.22-16.05.32:140][214]LogSynthBenchmark:Display:          ... 0.104125 s/Run 'RayIntersect'
[2016.03.22-16.05.32:140][214]LogSynthBenchmark:Display:          ... 0.093495 s/Run 'Fractal'
[2016.03.22-16.05.32:140][214]LogSynthBenchmark:Display: 
[2016.03.22-16.05.32:140][214]LogSynthBenchmark:Display:   CompiledTarget_x_Bits: 64
[2016.03.22-16.05.32:140][214]LogSynthBenchmark:Display:   UE_BUILD_SHIPPING: 0
[2016.03.22-16.05.32:140][214]LogSynthBenchmark:Display:   UE_BUILD_TEST: 0
[2016.03.22-16.05.32:140][214]LogSynthBenchmark:Display:   UE_BUILD_DEBUG: 0
[2016.03.22-16.05.32:140][214]LogSynthBenchmark:Display:   TotalPhysicalGBRam: 8
[2016.03.22-16.05.32:140][214]LogSynthBenchmark:Display:   NumberOfCores (physical): 4
[2016.03.22-16.05.32:140][214]LogSynthBenchmark:Display:   NumberOfCores (logical): 8
[2016.03.22-16.05.32:140][214]LogSynthBenchmark:Display:   CPU Perf Index 0: 24.6
[2016.03.22-16.05.32:140][214]LogSynthBenchmark:Display:   CPU Perf Index 1: 30.6
[2016.03.22-16.05.32:140][214]LogSynthBenchmark:Display:  
[2016.03.22-16.05.32:140][214]LogSynthBenchmark:Display: Graphics:
[2016.03.22-16.05.32:140][214]LogSynthBenchmark:Display:   Adapter Name: 'NVIDIA GeForce GT 740M   '
[2016.03.22-16.05.32:140][214]LogSynthBenchmark:Display:   (On Optimus the name might be wrong, memory should be ok)
[2016.03.22-16.05.32:140][214]LogSynthBenchmark:Display:   Vendor Id: 0x10de
[2016.03.22-16.05.32:140][214]LogSynthBenchmark:Display:   GPU Memory: 1997/0/4063 MB
[2016.03.22-16.05.32:203][214]LogSynthBenchmark:Display:   GPU first test: 0.02s
[2016.03.22-16.05.32:203][214]LogSynthBenchmark:Display:          ... 0.768 GigaPix/s, Confidence=100% 'ALUHeavyNoise' (likely to be very inaccurate)
[2016.03.22-16.05.32:203][214]LogSynthBenchmark:Display:          ... 0.688 GigaPix/s, Confidence=100% 'TexHeavy' (likely to be very inaccurate)
[2016.03.22-16.05.32:203][214]LogSynthBenchmark:Display:          ... 0.602 GigaPix/s, Confidence=100% 'DepTexHeavy' (likely to be very inaccurate)
[2016.03.22-16.05.32:203][214]LogSynthBenchmark:Display:          ... 1.802 GigaPix/s, Confidence=100% 'FillOnly' (likely to be very inaccurate)
[2016.03.22-16.05.32:203][214]LogSynthBenchmark:Display:          ... 0.124 GigaPix/s, Confidence=100% 'Bandwidth' (likely to be very inaccurate)
[2016.03.22-16.05.32:322][214]LogSynthBenchmark:Display:   GPU second test: 0.09s
[2016.03.22-16.05.32:322][214]LogSynthBenchmark:Display:          ... 1.148 GigaPix/s, Confidence=100% 'ALUHeavyNoise' (likely to be inaccurate)
[2016.03.22-16.05.32:322][214]LogSynthBenchmark:Display:          ... 0.999 GigaPix/s, Confidence=100% 'TexHeavy' (likely to be inaccurate)
[2016.03.22-16.05.32:323][214]LogSynthBenchmark:Display:          ... 0.801 GigaPix/s, Confidence=100% 'DepTexHeavy' (likely to be inaccurate)
[2016.03.22-16.05.32:323][214]LogSynthBenchmark:Display:          ... 4.507 GigaPix/s, Confidence=100% 'FillOnly' (likely to be inaccurate)
[2016.03.22-16.05.32:323][214]LogSynthBenchmark:Display:          ... 0.129 GigaPix/s, Confidence=100% 'Bandwidth' (likely to be inaccurate)
[2016.03.22-16.05.33:319][214]LogSynthBenchmark:Display:   GPU third test: 0.89s
[2016.03.22-16.05.33:319][214]LogSynthBenchmark:Display:          ... 1.211 GigaPix/s, Confidence=100% 'ALUHeavyNoise'
[2016.03.22-16.05.33:319][214]LogSynthBenchmark:Display:          ... 1.047 GigaPix/s, Confidence=100% 'TexHeavy'
[2016.03.22-16.05.33:319][214]LogSynthBenchmark:Display:          ... 0.817 GigaPix/s, Confidence=100% 'DepTexHeavy'
[2016.03.22-16.05.33:319][214]LogSynthBenchmark:Display:          ... 5.792 GigaPix/s, Confidence=100% 'FillOnly'
[2016.03.22-16.05.33:319][214]LogSynthBenchmark:Display:          ... 0.129 GigaPix/s, Confidence=100% 'Bandwidth'
[2016.03.22-16.05.33:319][214]LogSynthBenchmark:Display: 
[2016.03.22-16.05.33:320][214]LogSynthBenchmark:Display:   GPU Perf Index 0: 26.3
[2016.03.22-16.05.33:320][214]LogSynthBenchmark:Display:   GPU Perf Index 1: 14.1
[2016.03.22-16.05.33:320][214]LogSynthBenchmark:Display:   GPU Perf Index 2: 21.2
[2016.03.22-16.05.33:320][214]LogSynthBenchmark:Display:   GPU Perf Index 3: 22.7
[2016.03.22-16.05.33:320][214]LogSynthBenchmark:Display:   GPU Perf Index 4: 12.0
[2016.03.22-16.05.33:320][214]LogSynthBenchmark:Display:   CPUIndex: 24.6
[2016.03.22-16.05.33:320][214]LogSynthBenchmark:Display:   GPUIndex: 26.3
[2016.03.22-16.05.33:320][214]LogSynthBenchmark:Display: 
[2016.03.22-16.05.33:320][214]LogSynthBenchmark:Display:          ... Total Time: 1.378202 sec
[2016.03.22-16.05.34:473][215]LogMaterial: Missing cached shader map for material NewMaterial, compiling. 
[2016.03.22-16.05.34:864][216]MaterialEditorStats: Info Base pass shader with only dynamic lighting: 31 instructions
[2016.03.22-16.05.34:864][216]MaterialEditorStats: Info Vertex shader: 31 instructions
[2016.03.22-16.05.34:865][216]MaterialEditorStats: Info Texture samplers: 0/16
[2016.03.22-16.05.35:129][216]LogRenderer: Reallocating scene render targets to support 1208x684 (Frame:24666).
[2016.03.22-16.05.35:382][218]LogContentStreaming: Texture pool size now 400 MB
[2016.03.22-16.05.36:668][241]LogMaterial: Missing cached shader map for material NewMaterial, compiling. 
[2016.03.22-16.05.36:691][241]LogMaterial: 0.000704 seconds spent updating 1 materials, 1 interfaces, 0 instances, 0 with static permutations.
[2016.03.22-16.05.36:727][241]LogMaterial: Missing cached shader map for material FMatExpressionPreview MaterialExpressionCustom_0, compiling. 
[2016.03.22-16.05.37:970][262]LogMaterial: Missing cached shader map for material NewMaterial, compiling. 
[2016.03.22-16.05.37:996][262]LogMaterial: 0.000612 seconds spent updating 1 materials, 1 interfaces, 0 instances, 0 with static permutations.
[2016.03.22-16.05.38:031][262]LogMaterial: Missing cached shader map for material FMatExpressionPreview MaterialExpressionCustom_0, compiling. 
[2016.03.22-16.05.42:417][346]LogMaterial: Missing cached shader map for material NewMaterial, compiling. 
[2016.03.22-16.05.42:442][346]LogMaterial: 0.000674 seconds spent updating 1 materials, 1 interfaces, 0 instances, 0 with static permutations.
[2016.03.22-16.05.42:477][346]LogMaterial: Missing cached shader map for material FMatExpressionPreview MaterialExpressionCustom_0, compiling. 
[2016.03.22-16.05.46:594][422]MaterialEditorStats: Info Base pass shader with only dynamic lighting: 31 instructions
[2016.03.22-16.05.46:594][422]MaterialEditorStats: Info Vertex shader: 31 instructions
[2016.03.22-16.05.46:594][422]MaterialEditorStats: Info Texture samplers: 0/16
[2016.03.22-16.05.49:519][484]LogMaterial: Missing cached shader map for material NewMaterial, compiling. 
[2016.03.22-16.05.49:520][484]LogMaterial:Warning: Failed to compile Material /Engine/Transient.NewMaterial for platform PCD3D_SM5, Default Material will be used in game.
[2016.03.22-16.05.49:521][484]LogMaterial:Warning: 	(Node Custom) Custom material Custom missing input 1 (Coord)
[2016.03.22-16.05.49:522][484]LogMaterial: 0.000849 seconds spent updating 1 materials, 1 interfaces, 0 instances, 0 with static permutations.
[2016.03.22-16.05.49:578][484]LogMaterial: Missing cached shader map for material FMatExpressionPreview MaterialExpressionCustom_0, compiling. 
[2016.03.22-16.05.49:586][484]MaterialEditorStats:Error: Error [SM5] (Node Custom) Custom material Custom missing input 1 (Coord)
[2016.03.22-16.05.58:795][682]LogMaterial: Missing cached shader map for material NewMaterial, compiling. 
[2016.03.22-16.05.58:796][682]LogMaterial:Warning: Failed to compile Material /Engine/Transient.NewMaterial for platform PCD3D_SM5, Default Material will be used in game.
[2016.03.22-16.05.58:796][682]LogMaterial:Warning: 	(Node Custom) Custom material Custom missing input 1 (Coord)
[2016.03.22-16.05.58:797][682]LogMaterial: 0.000780 seconds spent updating 1 materials, 1 interfaces, 0 instances, 0 with static permutations.
[2016.03.22-16.05.58:802][682]LogMaterial: Missing cached shader map for material FMatExpressionPreview MaterialExpressionVectorParameter_1, compiling. 
[2016.03.22-16.06.02:192][749]LogMaterial: Missing cached shader map for material NewMaterial, compiling. 
[2016.03.22-16.06.02:212][749]LogMaterial: 0.000491 seconds spent updating 1 materials, 1 interfaces, 0 instances, 0 with static permutations.
[2016.03.22-16.06.02:274][749]LogMaterial: Missing cached shader map for material FMatExpressionPreview MaterialExpressionCustom_0, compiling. 
[2016.03.22-16.06.02:290][749]LogMaterial: Missing cached shader map for material FMatExpressionPreview MaterialExpressionVectorParameter_1, compiling. 
[2016.03.22-16.06.03:538][771]LogShaderCompilers:Warning: Failed to compile Material /Engine/Transient.NewMaterial for platform PCD3D_SM5, Default Material will be used in game.
[2016.03.22-16.06.03:589][772]MaterialEditorStats:Error: Error [SM5]  error X3004: undeclared identifier 'iResolution'
[2016.03.22-16.06.03:786][775]LogShaderCompilers:Warning: Failed to compile Material  for platform PCD3D_SM5, Default Material will be used in game.
[2016.03.22-16.06.11:696][945]LogMaterial: Missing cached shader map for material NewMaterial, compiling. 
[2016.03.22-16.06.11:718][945]LogMaterial: 0.000509 seconds spent updating 1 materials, 1 interfaces, 0 instances, 0 with static permutations.
[2016.03.22-16.06.11:753][945]LogMaterial: Missing cached shader map for material FMatExpressionPreview MaterialExpressionVectorParameter_1, compiling. 
[2016.03.22-16.06.12:883][967]LogShaderCompilers:Warning: Failed to compile Material /Engine/Transient.NewMaterial for platform PCD3D_SM5, Default Material will be used in game.
[2016.03.22-16.06.12:952][968]MaterialEditorStats:Error: Error [SM5]  error X3004: undeclared identifier 'iResolution'
[2016.03.22-16.09.19:137][749]LogMaterial: Missing cached shader map for material NewMaterial, compiling. 
[2016.03.22-16.09.19:161][749]LogMaterial: 0.000764 seconds spent updating 1 materials, 1 interfaces, 0 instances, 0 with static permutations.
[2016.03.22-16.09.19:197][749]LogMaterial: Missing cached shader map for material FMatExpressionPreview MaterialExpressionCustom_0, compiling. 
[2016.03.22-16.09.21:364][792]LogShaderCompilers:Warning: Failed to compile Material /Engine/Transient.NewMaterial for platform PCD3D_SM5, Default Material will be used in game.
[2016.03.22-16.09.21:414][793]MaterialEditorStats:Error: Error [SM5]  error X3000: unrecognized identifier 'vec3'
[2016.03.22-16.09.21:590][796]LogShaderCompilers:Warning: Failed to compile Material  for platform PCD3D_SM5, Default Material will be used in game.
[2016.03.22-16.16.07:167][430]LogParticles: Destroying 0 GPU particle simulations for FXSystem 0x0000016A671A8AE0
[2016.03.22-16.16.13:738][463]LogWindowsTextInputMethodSystem:Display: IME system now deactivated.
[2016.03.22-16.16.14:800][464]Cmd: QUIT_EDITOR
[2016.03.22-16.16.16:606][464]LogExit: Preparing to exit.
[2016.03.22-16.16.18:217][464]LogExit: Editor shut down
[2016.03.22-16.16.18:223][464]LogExit: Transaction tracking system shut down
[2016.03.22-16.16.18:352][464]LogParticles: Destroying 0 GPU particle simulations for FXSystem 0x0000016A5EEAB6A0
[2016.03.22-16.16.18:477][464]LogParticles: Destroying 0 GPU particle simulations for FXSystem 0x0000016A6758EFC0
[2016.03.22-16.16.18:477][464]LogParticles: Destroying 0 GPU particle simulations for FXSystem 0x0000016A6DF00CC0
[2016.03.22-16.16.18:477][464]LogParticles: Destroying 0 GPU particle simulations for FXSystem 0x0000016A0B53C2C0
[2016.03.22-16.16.19:708][464]LogExit: Object subsystem successfully closed.
[2016.03.22-16.16.19:828][464]LogD3D11RHI: Shutdown
[2016.03.22-16.16.19:829][464]LogD3D11RHI: CleanupD3DDevice
[2016.03.22-16.16.19:857][464]LogD3D11RHI: ~FD3D11DynamicRHI
[2016.03.22-16.16.19:943][464]LogModuleManager: Shutting down and abandoning module SynthBenchmark (201)
[2016.03.22-16.16.19:944][464]LogModuleManager: Shutting down and abandoning module CookingStats (200)
[2016.03.22-16.16.19:944][464]LogModuleManager: Shutting down and abandoning module MaterialEditor (199)
[2016.03.22-16.16.19:944][464]LogModuleManager: Shutting down and abandoning module CrashTracker (198)
[2016.03.22-16.16.19:944][464]LogModuleManager: Shutting down and abandoning module SceneOutliner (197)
[2016.03.22-16.16.19:944][464]LogModuleManager: Shutting down and abandoning module SuperSearch (196)
[2016.03.22-16.16.19:944][464]LogModuleManager: Shutting down and abandoning module WidgetCarousel (195)
[2016.03.22-16.16.19:944][464]LogModuleManager: Shutting down and abandoning module AddContentDialog (194)
[2016.03.22-16.16.19:981][464]LogModuleManager: Shutting down and abandoning module EditorWidgets (193)
[2016.03.22-16.16.19:982][464]LogModuleManager: Shutting down and abandoning module CollectionManager (192)
[2016.03.22-16.16.19:982][464]LogModuleManager: Shutting down and abandoning module StatsViewer (191)
[2016.03.22-16.16.19:982][464]LogModuleManager: Shutting down and abandoning module FoliageEdit (190)
[2016.03.22-16.16.19:983][464]LogModuleManager: Shutting down and abandoning module LandscapeEditor (189)
[2016.03.22-16.16.19:984][464]LogModuleManager: Shutting down and abandoning module ActorPickerMode (188)
[2016.03.22-16.16.19:984][464]LogModuleManager: Shutting down and abandoning module GeometryMode (187)
[2016.03.22-16.16.19:984][464]LogModuleManager: Shutting down and abandoning module TextureAlignMode (186)
[2016.03.22-16.16.19:984][464]LogModuleManager: Shutting down and abandoning module BspMode (185)
[2016.03.22-16.16.19:985][464]LogModuleManager: Shutting down and abandoning module PlacementMode (184)
[2016.03.22-16.16.19:985][464]LogModuleManager: Shutting down and abandoning module AutomationWorker (183)
[2016.03.22-16.16.19:985][464]LogModuleManager: Shutting down and abandoning module CharacterAI (182)
[2016.03.22-16.16.19:985][464]LogModuleManager: Shutting down and abandoning module SmartSnapping (181)
[2016.03.22-16.16.19:985][464]LogModuleManager: Shutting down and abandoning module ViewportSnapping (180)
[2016.03.22-16.16.19:985][464]LogModuleManager: Shutting down and abandoning module LogVisualizer (179)
[2016.03.22-16.16.19:986][464]LogModuleManager: Shutting down and abandoning module GameProjectGeneration (178)
[2016.03.22-16.16.19:988][464]LogModuleManager: Shutting down and abandoning module IntroTutorials (177)
[2016.03.22-16.16.19:991][464]LogModuleManager: Shutting down and abandoning module EditorLiveStreaming (176)
[2016.03.22-16.16.19:991][464]LogModuleManager: Shutting down and abandoning module IOSPlatformEditor (175)
[2016.03.22-16.16.19:991][464]LogModuleManager: Shutting down and abandoning module HTML5PlatformEditor (174)
[2016.03.22-16.16.19:991][464]LogModuleManager: Shutting down and abandoning module AndroidDeviceDetection (173)
[2016.03.22-16.16.20:034][464]LogModuleManager: Shutting down and abandoning module AndroidPlatformEditor (172)
[2016.03.22-16.16.20:035][464]LogModuleManager: Shutting down and abandoning module IOSRuntimeSettings (171)
[2016.03.22-16.16.20:035][464]LogModuleManager: Shutting down and abandoning module AndroidRuntimeSettings (170)
[2016.03.22-16.16.20:035][464]LogModuleManager: Shutting down and abandoning module MergeActors (169)
[2016.03.22-16.16.20:035][464]LogModuleManager: Shutting down and abandoning module SizeMap (168)
[2016.03.22-16.16.20:035][464]LogModuleManager: Shutting down and abandoning module TreeMap (167)
[2016.03.22-16.16.20:035][464]LogModuleManager: Shutting down and abandoning module ReferenceViewer (166)
[2016.03.22-16.16.20:035][464]LogModuleManager: Shutting down and abandoning module LocalizationService (165)
[2016.03.22-16.16.20:035][464]LogModuleManager: Shutting down and abandoning module LocalizationDashboard (164)
[2016.03.22-16.16.20:036][464]LogModuleManager: Shutting down and abandoning module HardwareTargeting (163)
[2016.03.22-16.16.20:036][464]LogModuleManager: Shutting down and abandoning module DeviceProfileEditor (162)
[2016.03.22-16.16.20:036][464]LogModuleManager: Shutting down and abandoning module UndoHistory (161)
[2016.03.22-16.16.20:036][464]LogModuleManager: Shutting down and abandoning module GameplayTagsEditor (160)
[2016.03.22-16.16.20:036][464]LogModuleManager: Shutting down and abandoning module UserFeedback (159)
[2016.03.22-16.16.20:036][464]LogModuleManager: Shutting down and abandoning module XmlParser (158)
[2016.03.22-16.16.20:036][464]LogModuleManager: Shutting down and abandoning module Blutility (157)
[2016.03.22-16.16.20:036][464]LogModuleManager: Shutting down and abandoning module ProjectTargetPlatformEditor (156)
[2016.03.22-16.16.20:037][464]LogModuleManager: Shutting down and abandoning module ProjectSettingsViewer (155)
[2016.03.22-16.16.20:037][464]LogModuleManager: Shutting down and abandoning module InputBindingEditor (154)
[2016.03.22-16.16.20:038][464]LogModuleManager: Shutting down and abandoning module EditorSettingsViewer (153)
[2016.03.22-16.16.20:038][464]LogModuleManager: Shutting down and abandoning module SettingsEditor (152)
[2016.03.22-16.16.20:038][464]LogModuleManager: Shutting down and abandoning module ProjectLauncher (151)
[2016.03.22-16.16.20:038][464]LogModuleManager: Shutting down and abandoning module SessionFrontend (150)
[2016.03.22-16.16.20:039][464]LogModuleManager: Shutting down and abandoning module ProfilerClient (149)
[2016.03.22-16.16.20:039][464]LogModuleManager: Shutting down and abandoning module TargetDeviceServices (148)
[2016.03.22-16.16.20:039][464]LogModuleManager: Shutting down and abandoning module DeviceManager (147)
[2016.03.22-16.16.20:040][464]LogModuleManager: Shutting down and abandoning module AutomationController (146)
[2016.03.22-16.16.20:040][464]LogModuleManager: Shutting down and abandoning module AutomationWindow (145)
[2016.03.22-16.16.20:040][464]LogModuleManager: Shutting down and abandoning module Layers (144)
[2016.03.22-16.16.20:041][464]LogModuleManager: Shutting down and abandoning module ComponentVisualizers (143)
[2016.03.22-16.16.20:041][464]LogModuleManager: Shutting down and abandoning module DetailCustomizations (142)
[2016.03.22-16.16.20:041][464]LogModuleManager: Shutting down and abandoning module PackagesDialog (141)
[2016.03.22-16.16.20:041][464]LogModuleManager: Shutting down and abandoning module Persona (140)
[2016.03.22-16.16.20:042][464]LogModuleManager: Shutting down and abandoning module Kismet (139)
[2016.03.22-16.16.20:042][464]LogModuleManager: Shutting down and abandoning module GraphEditor (138)
[2016.03.22-16.16.20:042][464]LogModuleManager: Shutting down and abandoning module ClassViewer (137)
[2016.03.22-16.16.20:042][464]LogModuleManager: Shutting down and abandoning module Toolbox (136)
[2016.03.22-16.16.20:043][464]LogModuleManager: Shutting down and abandoning module ModuleUI (135)
[2016.03.22-16.16.20:043][464]LogModuleManager: Shutting down and abandoning module MovieSceneTools (134)
[2016.03.22-16.16.20:043][464]LogModuleManager: Shutting down and abandoning module OutputLog (133)
[2016.03.22-16.16.20:043][464]LogModuleManager: Shutting down and abandoning module GammaUI (132)
[2016.03.22-16.16.20:043][464]LogModuleManager: Shutting down and abandoning module Documentation (131)
[2016.03.22-16.16.20:046][464]LogModuleManager: Shutting down and abandoning module GameLiveStreaming (130)
[2016.03.22-16.16.20:046][464]LogModuleManager: Shutting down and abandoning module StreamingPauseRendering (129)
[2016.03.22-16.16.20:046][464]LogModuleManager: Shutting down and abandoning module AnalyticsET (128)
[2016.03.22-16.16.20:046][464]LogModuleManager: Shutting down and abandoning module Analytics (127)
[2016.03.22-16.16.20:046][464]LogModuleManager: Shutting down and abandoning module AITestSuite (126)
[2016.03.22-16.16.20:046][464]LogModuleManager: Shutting down and abandoning module GameplayDebugger (125)
[2016.03.22-16.16.20:046][464]LogModuleManager: Shutting down and abandoning module AIModule (124)
[2016.03.22-16.16.20:047][464]LogModuleManager: Shutting down and abandoning module ProfilerService (123)
[2016.03.22-16.16.20:261][464]LogModuleManager: Shutting down and abandoning module TaskGraph (122)
[2016.03.22-16.16.20:261][464]LogModuleManager: Shutting down and abandoning module SlateRemote (121)
[2016.03.22-16.16.20:261][464]LogModuleManager: Shutting down and abandoning module SteamVRController (120)
[2016.03.22-16.16.20:261][464]LogModuleManager: Shutting down and abandoning module SteamVR (119)
[2016.03.22-16.16.20:261][464]LogModuleManager: Shutting down and abandoning module ProceduralMeshComponent (118)
[2016.03.22-16.16.20:261][464]LogModuleManager: Shutting down and abandoning module OculusLibrary (117)
[2016.03.22-16.16.20:261][464]LogModuleManager: Shutting down and abandoning module OculusInput (116)
[2016.03.22-16.16.20:261][464]LogModuleManager: Shutting down and abandoning module LeapMotionController (115)
[2016.03.22-16.16.20:339][464]LogModuleManager: Shutting down and abandoning module CustomMeshComponent (114)
[2016.03.22-16.16.20:339][464]LogModuleManager: Shutting down and abandoning module CableComponent (113)
[2016.03.22-16.16.20:339][464]LogModuleManager: Shutting down and abandoning module ArchVisCharacter (112)
[2016.03.22-16.16.20:339][464]LogModuleManager: Shutting down and abandoning module MessagingDebugger (111)
[2016.03.22-16.16.20:340][464]LogModuleManager: Shutting down and abandoning module MediaPlayerEditor (110)
[2016.03.22-16.16.20:340][464]LogModuleManager: Shutting down and abandoning module HTML5Networking (109)
[2016.03.22-16.16.20:341][464]LogModuleManager: Shutting down and abandoning module SpeedTreeImporter (108)
[2016.03.22-16.16.20:341][464]LogModuleManager: Shutting down and abandoning module PluginBrowser (107)
[2016.03.22-16.16.20:341][464]LogModuleManager: Shutting down and abandoning module EpicSurvey (106)
[2016.03.22-16.16.20:343][464]LogModuleManager: Shutting down and abandoning module DesktopPlatform (105)
[2016.03.22-16.16.20:343][464]LogModuleManager: Shutting down and abandoning module VisualStudioSourceCodeAccess (104)
[2016.03.22-16.16.20:343][464]LogModuleManager: Shutting down and abandoning module UObjectPlugin (103)
[2016.03.22-16.16.20:343][464]LogModuleManager: Shutting down and abandoning module SubversionSourceControl (102)
[2016.03.22-16.16.20:343][464]LogModuleManager: Shutting down and abandoning module PerforceSourceControl (101)
[2016.03.22-16.16.20:344][464]LogModuleManager: Shutting down and abandoning module SourceControl (100)
[2016.03.22-16.16.20:347][464]LogModuleManager: Shutting down and abandoning module GitSourceControl (99)
[2016.03.22-16.16.20:348][464]LogModuleManager: Shutting down and abandoning module LightPropagationVolumeEditor (98)
[2016.03.22-16.16.20:348][464]LogModuleManager: Shutting down and abandoning module PaperTiledImporter (97)
[2016.03.22-16.16.20:348][464]LogModuleManager: Shutting down and abandoning module PaperSpriteSheetImporter (96)
[2016.03.22-16.16.20:348][464]LogModuleManager: Shutting down and abandoning module MeshPaint (95)
[2016.03.22-16.16.20:348][464]LogModuleManager: Shutting down and abandoning module SlateReflector (94)
[2016.03.22-16.16.20:348][464]LogModuleManager: Shutting down and abandoning module HotReload (93)
[2016.03.22-16.16.20:348][464]LogModuleManager: Shutting down and abandoning module MainFrame (92)
[2016.03.22-16.16.20:349][464]LogModuleManager: Shutting down and abandoning module LevelEditor (91)
[2016.03.22-16.16.20:363][464]LogModuleManager: Shutting down and abandoning module DirectoryWatcher (90)
[2016.03.22-16.16.20:400][464]LogModuleManager: Shutting down and abandoning module AssetRegistry (89)
[2016.03.22-16.16.20:841][464]LogModuleManager: Shutting down and abandoning module ContentBrowser (88)
[2016.03.22-16.16.20:850][464]LogModuleManager: Shutting down and abandoning module Paper2DEditor (87)
[2016.03.22-16.16.20:851][464]LogModuleManager: Shutting down and abandoning module UdpMessaging (86)
[2016.03.22-16.16.20:951][464]LogModuleManager: Shutting down and abandoning module LightPropagationVolumeRuntime (85)
[2016.03.22-16.16.20:951][464]LogModuleManager: Shutting down and abandoning module Paper2D (84)
[2016.03.22-16.16.20:951][464]LogModuleManager: Shutting down and abandoning module WindowsMoviePlayer (83)
[2016.03.22-16.16.20:952][464]LogModuleManager: Shutting down and abandoning module Media (82)
[2016.03.22-16.16.20:952][464]LogModuleManager: Shutting down and abandoning module WmfMedia (81)
[2016.03.22-16.16.20:953][464]LogModuleManager: Shutting down and abandoning module OnlineBlueprintSupport (80)
[2016.03.22-16.16.20:953][464]LogModuleManager: Shutting down and abandoning module GameplayTasksEditor (79)
[2016.03.22-16.16.20:953][464]LogModuleManager: Shutting down and abandoning module PropertyEditor (78)
[2016.03.22-16.16.20:953][464]LogModuleManager: Shutting down and abandoning module BehaviorTreeEditor (77)
[2016.03.22-16.16.20:953][464]LogModuleManager: Shutting down and abandoning module FunctionalTesting (76)
[2016.03.22-16.16.20:953][464]LogModuleManager: Shutting down and abandoning module CollisionAnalyzer (75)
[2016.03.22-16.16.20:954][464]LogModuleManager: Shutting down and abandoning module WorkspaceMenuStructure (74)
[2016.03.22-16.16.20:954][464]LogModuleManager: Shutting down and abandoning module MessageLog (73)
[2016.03.22-16.16.20:954][464]LogModuleManager: Shutting down and abandoning module Sequencer (72)
[2016.03.22-16.16.20:955][464]LogModuleManager: Shutting down and abandoning module AssetTools (71)
[2016.03.22-16.16.20:956][464]LogModuleManager: Shutting down and abandoning module UMGEditor (70)
[2016.03.22-16.16.20:956][464]LogModuleManager: Shutting down and abandoning module UMG (69)
[2016.03.22-16.16.20:956][464]LogModuleManager: Shutting down and abandoning module Slate (68)
[2016.03.22-16.16.20:956][464]LogModuleManager: Shutting down and abandoning module EditorStyle (67)
[2016.03.22-16.16.20:970][464]LogModuleManager: Shutting down and abandoning module SessionServices (66)
[2016.03.22-16.16.20:971][464]LogModuleManager: Shutting down and abandoning module SourceCodeAccess (65)
[2016.03.22-16.16.20:971][464]LogModuleManager: Shutting down and abandoning module HeadMountedDisplay (64)
[2016.03.22-16.16.20:971][464]LogModuleManager: Shutting down and abandoning module XAudio2 (63)
[2016.03.22-16.16.20:971][464]LogModuleManager: Shutting down and abandoning module Networking (61)
[2016.03.22-16.16.20:971][464]LogModuleManager: Shutting down and abandoning module Core (60)
[2016.03.22-16.16.20:971][464]LogModuleManager: Shutting down and abandoning module KismetCompiler (59)
[2016.03.22-16.16.20:971][464]LogModuleManager: Shutting down and abandoning module PhysXFormats (58)
[2016.03.22-16.16.20:971][464]LogModuleManager: Shutting down and abandoning module MeshUtilities (57)
[2016.03.22-16.16.20:971][464]LogModuleManager: Shutting down and abandoning module DerivedDataCache (56)
[2016.03.22-16.16.21:010][464]LogDerivedDataCache: Shutdown
[2016.03.22-16.16.21:010][464]LogModuleManager: Shutting down and abandoning module ShaderFormatOpenGL (55)
[2016.03.22-16.16.21:011][464]LogModuleManager: Shutting down and abandoning module ShaderFormatD3D (54)
[2016.03.22-16.16.21:011][464]LogModuleManager: Shutting down and abandoning module MetalShaderFormat (53)
[2016.03.22-16.16.21:011][464]LogModuleManager: Shutting down and abandoning module TextureFormatUncompressed (52)
[2016.03.22-16.16.21:011][464]LogModuleManager: Shutting down and abandoning module TextureFormatPVR (51)
[2016.03.22-16.16.21:011][464]LogModuleManager: Shutting down and abandoning module TextureFormatIntelISPCTexComp (50)
[2016.03.22-16.16.21:011][464]LogModuleManager: Shutting down and abandoning module TextureFormatDXT (49)
[2016.03.22-16.16.21:012][464]LogModuleManager: Shutting down and abandoning module ImageWrapper (48)
[2016.03.22-16.16.21:012][464]LogModuleManager: Shutting down and abandoning module TextureFormatASTC (47)
[2016.03.22-16.16.21:012][464]LogModuleManager: Shutting down and abandoning module TextureFormatAndroid (46)
[2016.03.22-16.16.21:012][464]LogModuleManager: Shutting down and abandoning module AudioFormatOpus (45)
[2016.03.22-16.16.21:012][464]LogModuleManager: Shutting down and abandoning module AudioFormatOgg (44)
[2016.03.22-16.16.21:013][464]LogModuleManager: Shutting down and abandoning module AudioFormatADPCM (43)
[2016.03.22-16.16.21:013][464]LogModuleManager: Shutting down and abandoning module LinuxTargetPlatform (42)
[2016.03.22-16.16.21:013][464]LogModuleManager: Shutting down and abandoning module LinuxServerTargetPlatform (41)
[2016.03.22-16.16.21:014][464]LogModuleManager: Shutting down and abandoning module LinuxNoEditorTargetPlatform (40)
[2016.03.22-16.16.21:014][464]LogModuleManager: Shutting down and abandoning module Messaging (39)
[2016.03.22-16.16.21:014][464]LogModuleManager: Shutting down and abandoning module IOSTargetPlatform (38)
[2016.03.22-16.16.21:014][464]LogModuleManager: Shutting down and abandoning module HTML5TargetPlatform (37)
[2016.03.22-16.16.21:014][464]LogModuleManager: Shutting down and abandoning module Android_PVRTCTargetPlatform (36)
[2016.03.22-16.16.21:015][464]LogModuleManager: Shutting down and abandoning module Android_MultiTargetPlatform (35)
[2016.03.22-16.16.21:015][464]LogModuleManager: Shutting down and abandoning module Android_ETC2TargetPlatform (34)
[2016.03.22-16.16.21:015][464]LogModuleManager: Shutting down and abandoning module Android_ETC1TargetPlatform (33)
[2016.03.22-16.16.21:015][464]LogModuleManager: Shutting down and abandoning module Android_DXTTargetPlatform (32)
[2016.03.22-16.16.21:015][464]LogModuleManager: Shutting down and abandoning module Android_ATCTargetPlatform (31)
[2016.03.22-16.16.21:015][464]LogModuleManager: Shutting down and abandoning module Android_ASTCTargetPlatform (30)
[2016.03.22-16.16.21:015][464]LogModuleManager: Shutting down and abandoning module AndroidTargetPlatform (29)
[2016.03.22-16.16.21:015][464]LogModuleManager: Shutting down and abandoning module WindowsTargetPlatform (28)
[2016.03.22-16.16.21:018][464]LogModuleManager: Shutting down and abandoning module WindowsServerTargetPlatform (27)
[2016.03.22-16.16.21:018][464]LogModuleManager: Shutting down and abandoning module WindowsNoEditorTargetPlatform (26)
[2016.03.22-16.16.21:018][464]LogModuleManager: Shutting down and abandoning module WindowsClientTargetPlatform (25)
[2016.03.22-16.16.21:018][464]LogModuleManager: Shutting down and abandoning module AllDesktopTargetPlatform (24)
[2016.03.22-16.16.21:019][464]LogModuleManager: Shutting down and abandoning module TargetPlatform (23)
[2016.03.22-16.16.21:019][464]LogModuleManager: Shutting down and abandoning module InputCore (22)
[2016.03.22-16.16.21:019][464]LogModuleManager: Shutting down and abandoning module Settings (21)
[2016.03.22-16.16.21:020][464]LogModuleManager: Shutting down and abandoning module OnlineSubsystem (19)
[2016.03.22-16.16.21:020][464]LogModuleManager: Shutting down and abandoning module HTTP (18)
[2016.03.22-16.16.23:029][464]LogModuleManager: Shutting down and abandoning module XMPP (17)
[2016.03.22-16.16.23:030][464]LogModuleManager: Shutting down and abandoning module OculusRift (16)
[2016.03.22-16.16.23:030][464]LogModuleManager: Shutting down and abandoning module ExampleDeviceProfileSelector (15)
[2016.03.22-16.16.23:030][464]LogModuleManager: Shutting down and abandoning module TextureCompressor (14)
[2016.03.22-16.16.23:030][464]LogModuleManager: Shutting down and abandoning module ShaderCore (13)
[2016.03.22-16.16.23:030][464]LogModuleManager: Shutting down and abandoning module Landscape (12)
[2016.03.22-16.16.23:030][464]LogModuleManager: Shutting down and abandoning module SlateRHIRenderer (11)
[2016.03.22-16.16.23:096][464]LogModuleManager: Shutting down and abandoning module OpenGLDrv (10)
[2016.03.22-16.16.23:096][464]LogModuleManager: Shutting down and abandoning module D3D11RHI (9)
[2016.03.22-16.16.23:096][464]LogModuleManager: Shutting down and abandoning module AnimGraphRuntime (8)
[2016.03.22-16.16.23:096][464]LogModuleManager: Shutting down and abandoning module Renderer (7)
[2016.03.22-16.16.23:096][464]LogModuleManager: Shutting down and abandoning module Engine (6)
[2016.03.22-16.16.23:096][464]LogModuleManager: Shutting down and abandoning module CoreUObject (5)
[2016.03.22-16.16.23:097][464]LogModuleManager: Shutting down and abandoning module NetworkFile (4)
[2016.03.22-16.16.23:097][464]LogModuleManager: Shutting down and abandoning module StreamingFile (3)
[2016.03.22-16.16.23:097][464]LogModuleManager: Shutting down and abandoning module SandboxFile (2)
[2016.03.22-16.16.23:097][464]LogModuleManager: Shutting down and abandoning module PakFile (1)
[2016.03.22-16.16.23:103][464]LogExit: Exiting.
[2016.03.22-16.16.23:191][464]Log file closed, 03/22/16 17:16:23
