[2016.04.14-15.22.33:414][  0]Log file open, 04/14/16 17:22:33
[2016.04.14-15.22.33:414][  0]LogInit:Display: Running engine without a game
[2016.04.14-15.22.33:414][  0]LogPlatformFile: Not using cached read wrapper
[2016.04.14-15.22.33:414][  0]LogInit:Display: Loading recent project file: ../../../../../Ureal engine 4/Proyectos/Ondarreta/ProjectOndarreta/ProjectOndarreta.uproject
[2016.04.14-15.22.33:414][  0]LogInit:Display: RandInit(1136137272) SRandInit(1136137276).
[2016.04.14-15.22.33:414][  0]LogTaskGraph: Started task graph with 4 named threads and 7 total threads.
[2016.04.14-15.22.33:414][  0]LogStats: Stats thread started at 0.297657
[2016.04.14-15.22.33:414][  0]LogInit: Version: 4.10.4-2872498+++depot+UE4-Releases+4.10
[2016.04.14-15.22.33:414][  0]LogInit: API Version: 2758231
[2016.04.14-15.22.33:415][  0]LogInit: Compiled (64-bit): Feb 18 2016 15:47:04
[2016.04.14-15.22.33:415][  0]LogInit: Compiled with Visual C++: 19.00.23026.00
[2016.04.14-15.22.33:415][  0]LogInit: Build Configuration: Development
[2016.04.14-15.22.33:415][  0]LogInit: Branch Name: ++depot+UE4-Releases+4.10
[2016.04.14-15.22.33:415][  0]LogInit: Command line: -EpicPortal 
[2016.04.14-15.22.33:415][  0]LogInit: Base directory: D:/Investigation_Zone/Epic Games/4.10/Engine/Binaries/Win64/
[2016.04.14-15.22.33:415][  0]LogInit: Rocket: 1
[2016.04.14-15.22.33:675][  0]LogInit: Using libcurl 7.41.0
[2016.04.14-15.22.33:675][  0]LogInit:  - built for x86_64-pc-win32
[2016.04.14-15.22.33:675][  0]LogInit:  - supports SSL with WinSSL
[2016.04.14-15.22.33:675][  0]LogInit:  - other features:
[2016.04.14-15.22.33:675][  0]LogInit:      CURL_VERSION_SSL
[2016.04.14-15.22.33:675][  0]LogInit:      CURL_VERSION_IPV6
[2016.04.14-15.22.33:675][  0]LogInit:      CURL_VERSION_ASYNCHDNS
[2016.04.14-15.22.33:675][  0]LogInit:      CURL_VERSION_LARGEFILE
[2016.04.14-15.22.33:675][  0]LogInit:      CURL_VERSION_IDN
[2016.04.14-15.22.33:675][  0]LogInit:  CurlRequestOptions (configurable via config and command line):
[2016.04.14-15.22.33:675][  0]LogInit:  - bVerifyPeer = true  - Libcurl will verify peer certificate
[2016.04.14-15.22.33:675][  0]LogInit:  - bUseHttpProxy = false  - Libcurl will NOT use HTTP proxy
[2016.04.14-15.22.33:675][  0]LogInit:  - bDontReuseConnections = false  - Libcurl will reuse connections
[2016.04.14-15.22.33:675][  0]LogInit:  - CertBundlePath = nullptr  - Libcurl will use whatever was configured at build time.
[2016.04.14-15.22.33:820][  0]LogInit: Presizing for 0 objects not considered by GC, pre-allocating 0 bytes.
[2016.04.14-15.22.33:839][  0]LogInit: Object subsystem initialized
[2016.04.14-15.22.33:842][  0]LogInit: Selected Device Profile: [Windows]
[2016.04.14-15.22.33:842][  0]LogInit: Applying CVar settings loaded from the selected device profile: [Windows]
[2016.04.14-15.22.33:961][  0]LogInit: Computer: ALMA-ITSASO
[2016.04.14-15.22.33:961][  0]LogInit: User: Unai
[2016.04.14-15.22.33:961][  0]LogInit: CPU Page size=4096, Cores=4
[2016.04.14-15.22.33:961][  0]LogInit: High frequency timer resolution =2.338348 MHz
[2016.04.14-15.22.33:961][  0]LogMemory: Memory total: Physical=7.9GB (8GB approx)
[2016.04.14-15.22.33:961][  0]LogMemory: Platform Memory Stats for Windows
[2016.04.14-15.22.33:961][  0]LogMemory: Process Physical Memory: 56.28 MB used, 56.28 MB peak
[2016.04.14-15.22.33:961][  0]LogMemory: Process Virtual Memory: 56.73 MB used, 56.73 MB peak
[2016.04.14-15.22.33:961][  0]LogMemory: Physical Memory: 3238.61 MB used, 8124.02 MB total
[2016.04.14-15.22.33:961][  0]LogMemory: Virtual Memory: 382.89 MB used, 134217728.00 MB total
[2016.04.14-15.22.36:440][  0]LogD3D11RHI: Found D3D11 adapter 0: NVIDIA GeForce GT 740M    (Feature Level 11_0)
[2016.04.14-15.22.36:440][  0]LogD3D11RHI: Adapter has 1996MB of dedicated video memory, 0MB of dedicated system memory, and 4062MB of shared system memory, 1 output[s]
[2016.04.14-15.22.36:482][  0]LogD3D11RHI: Found D3D11 adapter 1: Intel(R) HD Graphics 4600 (Feature Level 11_0)
[2016.04.14-15.22.36:482][  0]LogD3D11RHI: Adapter has 112MB of dedicated video memory, 0MB of dedicated system memory, and 4062MB of shared system memory, 0 output[s]
[2016.04.14-15.22.36:486][  0]LogD3D11RHI: Found D3D11 adapter 2: Microsoft Basic Render Driver (Feature Level 11_0)
[2016.04.14-15.22.36:486][  0]LogD3D11RHI: Adapter has 0MB of dedicated video memory, 0MB of dedicated system memory, and 4062MB of shared system memory, 0 output[s]
[2016.04.14-15.22.36:486][  0]LogD3D11RHI: Chosen D3D11 Adapter Id = 0
[2016.04.14-15.22.36:499][  0]LogD3D11RHI: !Direct3DDevice
[2016.04.14-15.22.36:499][  0]LogRHI: Texture pool is 1361 MB (70% of 1945 MB)
[2016.04.14-15.22.36:541][  0]LogD3D11RHI: Async texture creation enabled
[2016.04.14-15.22.36:566][  0]LogShaderCompilers: Guid format shader working directory is -21 characters bigger than the processId version (../../../../../Ureal engine 4/Proyectos/Ondarreta/ProjectOndarreta/Intermediate/Shaders/WorkingDirectory/7016/).
[2016.04.14-15.22.36:566][  0]LogShaderCompilers: Cleaned the shader compiler working directory 'C:/Users/Unai/AppData/Local/Temp/UnrealShaderWorkingDir/92A3F8284D2A5A4242283D817363D6AC/'.
[2016.04.14-15.22.36:566][  0]LogShaderCompilers:Display: Using Local Shader Compiler.
[2016.04.14-15.22.42:832][  0]LogTemp:Display: Loaded TP AllDesktopTargetPlatform
[2016.04.14-15.22.42:846][  0]LogTemp:Display: Loaded TP WindowsClientTargetPlatform
[2016.04.14-15.22.42:859][  0]LogTemp:Display: Loaded TP WindowsNoEditorTargetPlatform
[2016.04.14-15.22.42:872][  0]LogTemp:Display: Loaded TP WindowsServerTargetPlatform
[2016.04.14-15.22.42:897][  0]LogTemp:Display: Loaded TP WindowsTargetPlatform
[2016.04.14-15.22.42:951][  0]LogTemp:Display: Loaded TP AndroidTargetPlatform
[2016.04.14-15.22.42:980][  0]LogTemp:Display: Loaded TP Android_ASTCTargetPlatform
[2016.04.14-15.22.42:995][  0]LogTemp:Display: Loaded TP Android_ATCTargetPlatform
[2016.04.14-15.22.43:022][  0]LogTemp:Display: Loaded TP Android_DXTTargetPlatform
[2016.04.14-15.22.43:049][  0]LogTemp:Display: Loaded TP Android_ETC1TargetPlatform
[2016.04.14-15.22.43:071][  0]LogTemp:Display: Loaded TP Android_ETC2TargetPlatform
[2016.04.14-15.22.43:109][  0]LogTemp:Display: Loaded TP Android_MultiTargetPlatform
[2016.04.14-15.22.43:109][  0]LogTemp:Display: Loaded TP Android_PVRTCTargetPlatform
[2016.04.14-15.22.43:111][  0]LogTemp:Display: Loaded TP HTML5TargetPlatform
[2016.04.14-15.22.43:331][  0]LogTemp:Display: Loaded TP IOSTargetPlatform
[2016.04.14-15.22.43:365][  0]LogTemp:Display: Loaded TP LinuxNoEditorTargetPlatform
[2016.04.14-15.22.43:386][  0]LogTemp:Display: Loaded TP LinuxServerTargetPlatform
[2016.04.14-15.22.43:438][  0]LogTemp:Display: Loaded TP LinuxTargetPlatform
[2016.04.14-15.22.43:438][  0]LogTargetPlatformManager:Display: Building Assets For Windows
[2016.04.14-15.22.44:785][  0]LogDerivedDataCache:Display: Max Cache Size: 512 MB
[2016.04.14-15.22.45:131][  0]LogDerivedDataCache: Loaded boot cache 0.35s 41MB C:/Users/Unai/AppData/Local/UnrealEngine/4.10/DerivedDataCache/Boot.ddc.
[2016.04.14-15.22.45:131][  0]LogDerivedDataCache:Display: Loaded Boot cache: C:/Users/Unai/AppData/Local/UnrealEngine/4.10/DerivedDataCache/Boot.ddc
[2016.04.14-15.22.45:131][  0]LogDerivedDataCache: FDerivedDataBackendGraph:  Pak pak cache file ../../../../../Ureal engine 4/Proyectos/Ondarreta/ProjectOndarreta/DerivedDataCache/DDC.ddp not found, will not use a pak cache.
[2016.04.14-15.22.45:131][  0]LogDerivedDataCache: Unable to find inner node Pak for hierarchical cache Hierarchy.
[2016.04.14-15.22.45:131][  0]LogDerivedDataCache: FDerivedDataBackendGraph:  CompressedPak pak cache file ../../../../../Ureal engine 4/Proyectos/Ondarreta/ProjectOndarreta/DerivedDataCache/Compressed.ddp not found, will not use a pak cache.
[2016.04.14-15.22.45:131][  0]LogDerivedDataCache: Unable to find inner node CompressedPak for hierarchical cache Hierarchy.
[2016.04.14-15.22.45:473][  0]LogDerivedDataCache:Display: Pak cache opened for reading ../../../Engine/DerivedDataCache/Compressed.ddp.
[2016.04.14-15.22.45:489][  0]LogDerivedDataCache: Using Local data cache path C:/Users/Unai/AppData/Local/UnrealEngine/Common/DerivedDataCache: Writable
[2016.04.14-15.22.59:879][  0]LogModuleManager:Warning: Found module file ../../../Engine/Plugins/VaOcean/Binaries/Win64/UE4Editor-VaOceanPlugin.dll (API version 2215663), but it was incompatible with the current engine API version (2758231). This is likely a stale module that must be recompiled.
[2016.04.14-15.23.05:547][  0]LogInit: Selected Device Profile: [Windows]
[2016.04.14-15.23.05:733][  0]LogContentStreaming: Texture pool size is 0.000000MB
[2016.04.14-15.23.08:143][  0]LogMeshUtilities: No automatic mesh reduction module available
[2016.04.14-15.23.08:143][  0]LogMeshUtilities: No automatic mesh merging module available
[2016.04.14-15.23.13:822][  0]LogInit: WinSock: version 1.1 (2.2), MaxSocks=32767, MaxUdp=65467
[2016.04.14-15.23.39:043][  0]UdpMessaging: Initializing bridge on interface 0.0.0.0:0 to multicast group 230.0.0.1:6666.
[2016.04.14-15.23.40:400][  0]LogAssetRegistry: FAssetRegistry took 0.0146 seconds to start up
[2016.04.14-15.23.40:446][  0]LogDirectoryWatcher:Warning: Failed to begin reading directory changes for ../../../../../Ureal engine 4/Proyectos/Ondarreta/ProjectOndarreta/Plugins/OceanPlugin/Content/. Error: 0
[2016.04.14-15.23.44:102][  0]SourceControl: Info Source control is disabled
[2016.04.14-15.23.44:531][  0]SourceControl: Info Source control is disabled
[2016.04.14-15.23.44:798][  0]SourceControl: Info Source control is disabled
[2016.04.14-15.23.44:951][  0]SourceControl: Info Source control is disabled
[2016.04.14-15.23.47:719][  0]LogObj: 28866 objects as part of root set at end of initial load.
[2016.04.14-15.23.47:719][  0]LogUObjectAllocator: 6152488 out of 0 bytes used by permanent object pool.
[2016.04.14-15.23.49:406][  0]LogEngine: Initializing Engine...
[2016.04.14-15.23.49:450][  0]LogHMD: Can't find Oculus library dev build: is proper Runtime installed? Version: 0.8.0.0
[2016.04.14-15.23.50:552][  0]LogHMD: SteamVR failed to initialize.  Err: 108
[2016.04.14-15.23.52:314][  0]LogAIModule: Creating AISystem for world NewWorld
[2016.04.14-15.23.52:591][  0]LogInit: XAudio2 using 'Altavoces / Auriculares (IDT High Definition Audio CODEC)' : 2 channels at 48 kHz using 16 bits per sample (channel mask 0x3)
[2016.04.14-15.23.52:933][  0]LogInit: FAudioDevice initialized.
[2016.04.14-15.23.53:006][  0]LogDerivedDataCache: Saved boot cache 0.07s 41MB C:/Users/Unai/AppData/Local/UnrealEngine/4.10/DerivedDataCache/Boot.ddc.
[2016.04.14-15.23.53:021][  0]LogInit: Texture streaming: Enabled
[2016.04.14-15.23.53:116][  0]LogAnalytics: Creating configured Analytics provider AnalyticsET
[2016.04.14-15.23.53:116][  0]LogAnalytics: [UEEditor.Rocket.Release] APIServer = http://et2.epicgames.com/ET2/. AppVersion = 4.10.4-2872498+++depot+UE4-Releases+4.10
[2016.04.14-15.23.53:117][  0]LogAnalytics: [UEEditor.Rocket.Release] SetUserId d7adaae849ea30e6caa19b820571e0d9|33a1c5eb2cc94ca8a72a46d53f3ce1d2|4517af11-a817-4828-86eb-27c26c7bd883
[2016.04.14-15.23.53:133][  0]LogAnalytics: [UEEditor.Rocket.Release] AnalyticsET::StartSession
[2016.04.14-15.23.53:299][  0]LogInit: Transaction tracking system initialized
[2016.04.14-15.23.53:651][  0]BlueprintLog: New page: Editor Load
[2016.04.14-15.23.55:295][  0]LocalizationService: Info Localization service is disabled
[2016.04.14-15.23.57:988][  0]LogConsoleResponse:Display: 
[2016.04.14-15.24.01:143][  0]LogFileCache: Scanning file cache for directory 'D:/Investigation_Zone/Ureal engine 4/Proyectos/Ondarreta/ProjectOndarreta/Content/' took 0.10s
[2016.04.14-15.24.01:143][  0]LogCook:Display: Done creating registry. It took  0.00s.
[2016.04.14-15.24.02:595][  0]SourceControl: Info Source control is disabled
[2016.04.14-15.24.02:644][  0]Cmd: MAP LOAD FILE="../../../../../Ureal engine 4/Proyectos/Ondarreta/ProjectOndarreta/Content/StarterContent/Maps/Minimal_Default.umap" TEMPLATE=0 SHOWPROGRESS=1 FEATURELEVEL=3
[2016.04.14-15.24.02:709][  0]LightingResults: New page: Lighting Build
[2016.04.14-15.24.02:834][  0]MapCheck: New page: Map Check
[2016.04.14-15.24.02:834][  0]LightingResults: New page: Lighting Build
[2016.04.14-15.24.03:135][  0]LogParticles: Destroying 0 GPU particle simulations for FXSystem 0x000001CBE0E08400
[2016.04.14-15.24.42:308][  0]LogTexture:Display: Building textures: HQ_Lightmap0_1 (AutoDXT)
[2016.04.14-15.24.42:463][  0]LogTexture:Display: Building textures: LQ_Lightmap_0_1 (DXT1)
[2016.04.14-15.24.42:527][  0]LogTexture:Display: Building textures: LQ_Lightmap_0_2 (DXT1)
[2016.04.14-15.24.44:955][  0]LogAIModule: Creating AISystem for world Minimal_Default
[2016.04.14-15.25.19:515][  0]LogEditorServer: Finished looking for orphan Actors (0.000 secs)
[2016.04.14-15.25.19:586][  0]Cmd: MAP CHECKDEP NOCLEARLOG
[2016.04.14-15.25.19:840][  0]MapCheck: Info Map check complete: 0 Error(s), 0 Warning(s), took 253.829ms to complete.
[2016.04.14-15.25.19:841][  0]LogFileHelpers: Loading map 'Minimal_Default' took 77.207
[2016.04.14-15.25.21:280][  0]LogCollectionManager: Loaded 0 collections in 0.005147 seconds
[2016.04.14-15.25.21:572][  0]LogFileCache: Scanning file cache for directory 'D:/Investigation_Zone/Ureal engine 4/Proyectos/Ondarreta/ProjectOndarreta/Saved/Collections/' took 0.01s
[2016.04.14-15.25.21:572][  0]LogFileCache: Scanning file cache for directory 'D:/Investigation_Zone/Ureal engine 4/Proyectos/Ondarreta/ProjectOndarreta/Content/Developers/Unai/Collections/' took 0.01s
[2016.04.14-15.25.21:572][  0]LogFileCache: Scanning file cache for directory 'D:/Investigation_Zone/Ureal engine 4/Proyectos/Ondarreta/ProjectOndarreta/Content/Collections/' took 0.01s
[2016.04.14-15.25.21:572][  0]LogCollectionManager: Rebuilt the GUID cache for 0 collections in 0.000024 seconds
[2016.04.14-15.25.21:658][  0]LogContentBrowser: Native class hierarchy populated in 0.0620 seconds. Added 1904 classes and 343 folders.
[2016.04.14-15.25.21:799][  0]LogContentBrowser: Native class hierarchy updated for 'WidgetCarousel' in 0.0011 seconds. Added 0 classes and 0 folders.
[2016.04.14-15.25.24:214][  0]LogContentBrowser: Native class hierarchy updated for 'AddContentDialog' in 0.0012 seconds. Added 0 classes and 0 folders.
[2016.04.14-15.25.24:847][  0]LogContentBrowser: Native class hierarchy updated for 'SceneOutliner' in 0.0013 seconds. Added 1 classes and 2 folders.
[2016.04.14-15.25.25:558][  0]LogCrashTracker: Crashtracker disabled due to settings.
[2016.04.14-15.25.25:776][  0]LogUObjectGlobals:Warning: Failed to find object 'Class None.'
[2016.04.14-15.25.25:857][  0]LogLoad: Full Startup: 175.40 seconds (BP compile: 1.89 seconds)
[2016.04.14-15.25.25:930][  0]LogOcInput: Can't find Oculus library dev build: is proper Runtime installed? Version: 0.8.0.0
[2016.04.14-15.25.26:482][  0]LogContentStreaming: Texture pool size now 400 MB
[2016.04.14-15.25.27:274][  0]LogRenderer: Reallocating scene render targets to support 748x920 (Frame:2).
[2016.04.14-15.25.27:809][  1]Cmd: UpdateLandscapeEditorData -warnings
[2016.04.14-15.25.32:746][ 15]LogAssetRegistry: Asset discovery search completed in 112.3585 seconds
[2016.04.14-15.25.32:795][ 15]LogCollectionManager: Rebuilt the object cache for 0 collections in 0.000003 seconds (found 0 objects)
[2016.04.14-15.25.32:795][ 15]LogCollectionManager: Fixed up redirectors for 0 collections in 0.010808 seconds (updated 0 objects)
[2016.04.14-15.27.27:919][546]LogEditorViewport: Clicking on Actor (context menu): BP_Skydome_C (BP_Skydome)
[2016.04.14-15.27.29:936][578]LogEditorViewport: Clicking on Actor (LMB): BP_Skydome_C (BP_Skydome)
[2016.04.14-15.35.10:245][318]LogEditorViewport: Clicking on Actor (LMB): BP_Skydome_C (BP_Skydome)
[2016.04.14-15.35.45:125][911]LogEditorViewport: Clicking on Actor (LMB): BP_Skydome_C (BP_Skydome)
[2016.04.14-15.35.45:603][912]LogEditorViewport: Clicking on Component (LMB): StaticMeshComponent (InnerCloudSphere)
[2016.04.14-15.36.23:911][831]LogEditorViewport: Clicking on Actor (LMB): BP_Skydome_C (BP_Skydome)
[2016.04.14-15.36.24:523][839]LogEditorViewport: Clicking on Actor (LMB): BP_Skydome_C (BP_Skydome)
[2016.04.14-15.36.25:131][846]LogEditorViewport: Clicking on Actor (LMB): BP_Skydome_C (BP_Skydome)
[2016.04.14-15.36.56:832][529]LogEditorViewport: Clicking on Actor (LMB): BP_Skydome_C (BP_Skydome)
[2016.04.14-15.36.57:500][536]Cmd: SELECT NONE
[2016.04.14-15.37.12:649][615]LogEditorViewport: Clicking on Actor (LMB): BP_Skydome_C (BP_Skydome)
[2016.04.14-15.37.17:315][650]Cmd: TRANSACTION UNDO
[2016.04.14-15.37.17:315][650]LogEditorTransaction: Undo Rotate Actors
[2016.04.14-15.37.18:495][675]LogEditorViewport: Clicking on Actor (LMB): BP_Skydome_C (BP_Skydome)
[2016.04.14-15.37.18:880][677]Cmd: SELECT NONE
[2016.04.14-15.37.19:779][685]Cmd: TRANSACTION UNDO
[2016.04.14-15.37.19:779][685]LogEditorTransaction: Undo Select None
[2016.04.14-15.37.20:048][686]Cmd: TRANSACTION UNDO
[2016.04.14-15.37.20:048][686]LogEditorTransaction: Undo Clicking on Actors
[2016.04.14-15.37.20:353][689]Cmd: TRANSACTION UNDO
[2016.04.14-15.37.20:353][689]LogEditorTransaction: Undo Clicking on Actors
[2016.04.14-15.37.21:141][697]Cmd: TRANSACTION UNDO
[2016.04.14-15.37.21:141][697]LogEditorTransaction: Undo Select None
[2016.04.14-15.37.21:706][702]Cmd: TRANSACTION UNDO
[2016.04.14-15.37.21:706][702]LogEditorTransaction: Undo Clicking on Actors
[2016.04.14-15.37.22:360][708]Cmd: TRANSACTION UNDO
[2016.04.14-15.37.22:360][708]LogEditorTransaction: Undo Clicking on Actors
[2016.04.14-15.37.23:437][717]LogEditorViewport: Clicking on Actor (LMB): BP_Skydome_C (BP_Skydome)
[2016.04.14-15.37.36:556][882]LogEditorViewport: Clicking on Actor (LMB): BP_Skydome_C (BP_Skydome)
[2016.04.14-15.37.37:929][894]Cmd: SELECT NONE
[2016.04.14-15.37.48:842][958]LogEditorViewport: Clicking on Actor (LMB): BP_Skydome_C (BP_Skydome)
[2016.04.14-15.37.50:451][970]LogEditorViewport: Clicking on Actor (LMB): BP_Skydome_C (BP_Skydome)
[2016.04.14-15.37.50:828][974]Cmd: SELECT NONE
[2016.04.14-15.38.57:873][130]LogSavePackage: Save=18018.261719ms
[2016.04.14-15.38.57:873][130]LogSavePackage: Moving '../../../../../Ureal engine 4/Proyectos/Ondarreta/ProjectOndarreta/Saved/Minimal_Default_Auto18EE0D0244458808416D96693BDA1924B.tmp' to '../../../../../Ureal engine 4/Proyectos/Ondarreta/ProjectOndarreta/Saved/Autosaves/Game/StarterContent/Maps/Minimal_Default_Auto1.umap'
[2016.04.14-15.38.57:926][130]LogSavePackage: Total save time: 18234.421052ms
[2016.04.14-15.38.57:926][130]LogSavePackage:Display: Finished SavePackage ../../../../../Ureal engine 4/Proyectos/Ondarreta/ProjectOndarreta/Saved/Autosaves/Game/StarterContent/Maps/Minimal_Default_Auto1.umap
[2016.04.14-15.38.57:963][130]LogFileHelpers: Editor autosave (incl. sublevels) for '/Game/StarterContent/Maps/Minimal_Default' took 18.485
[2016.04.14-15.38.57:963][130]LogFileHelpers: Editor autosave (incl. sublevels) for all levels took 18.485
[2016.04.14-15.40.11:756][761]Cmd: QUIT_EDITOR
[2016.04.14-15.40.12:092][761]LogWindowsTextInputMethodSystem:Display: IME system now deactivated.
[2016.04.14-15.40.12:376][761]LogExit: Preparing to exit.
[2016.04.14-15.40.13:931][761]LogExit: Editor shut down
[2016.04.14-15.40.13:931][761]LogExit: Transaction tracking system shut down
[2016.04.14-15.40.14:019][761]LogParticles: Destroying 0 GPU particle simulations for FXSystem 0x000001CB866CB6A0
[2016.04.14-15.40.15:054][761]LogParticles: Destroying 0 GPU particle simulations for FXSystem 0x000001CBE0ACF880
[2016.04.14-15.40.15:054][761]LogParticles: Destroying 0 GPU particle simulations for FXSystem 0x000001CBF883C680
[2016.04.14-15.40.15:054][761]LogParticles: Destroying 0 GPU particle simulations for FXSystem 0x000001CBF8F5E340
[2016.04.14-15.40.15:054][761]LogParticles: Destroying 0 GPU particle simulations for FXSystem 0x000001CB870D4CC0
[2016.04.14-15.40.15:054][761]LogExit: Object subsystem successfully closed.
[2016.04.14-15.40.15:206][761]LogD3D11RHI: Shutdown
[2016.04.14-15.40.15:206][761]LogD3D11RHI: CleanupD3DDevice
[2016.04.14-15.40.15:629][761]LogD3D11RHI: ~FD3D11DynamicRHI
[2016.04.14-15.40.15:984][761]LogModuleManager: Shutting down and abandoning module CookingStats (200)
[2016.04.14-15.40.16:000][761]LogModuleManager: Shutting down and abandoning module CrashTracker (199)
[2016.04.14-15.40.16:000][761]LogModuleManager: Shutting down and abandoning module SceneOutliner (198)
[2016.04.14-15.40.16:000][761]LogModuleManager: Shutting down and abandoning module SuperSearch (197)
[2016.04.14-15.40.16:000][761]LogModuleManager: Shutting down and abandoning module WidgetCarousel (196)
[2016.04.14-15.40.16:000][761]LogModuleManager: Shutting down and abandoning module AddContentDialog (195)
[2016.04.14-15.40.16:004][761]LogModuleManager: Shutting down and abandoning module EditorWidgets (194)
[2016.04.14-15.40.16:004][761]LogModuleManager: Shutting down and abandoning module CollectionManager (193)
[2016.04.14-15.40.16:005][761]LogModuleManager: Shutting down and abandoning module StatsViewer (192)
[2016.04.14-15.40.16:005][761]LogModuleManager: Shutting down and abandoning module FoliageEdit (191)
[2016.04.14-15.40.16:005][761]LogModuleManager: Shutting down and abandoning module LandscapeEditor (190)
[2016.04.14-15.40.16:024][761]LogModuleManager: Shutting down and abandoning module ActorPickerMode (189)
[2016.04.14-15.40.16:024][761]LogModuleManager: Shutting down and abandoning module GeometryMode (188)
[2016.04.14-15.40.16:024][761]LogModuleManager: Shutting down and abandoning module TextureAlignMode (187)
[2016.04.14-15.40.16:024][761]LogModuleManager: Shutting down and abandoning module BspMode (186)
[2016.04.14-15.40.16:024][761]LogModuleManager: Shutting down and abandoning module PlacementMode (185)
[2016.04.14-15.40.16:024][761]LogModuleManager: Shutting down and abandoning module AutomationWorker (184)
[2016.04.14-15.40.16:024][761]LogModuleManager: Shutting down and abandoning module CharacterAI (183)
[2016.04.14-15.40.16:024][761]LogModuleManager: Shutting down and abandoning module SmartSnapping (182)
[2016.04.14-15.40.16:024][761]LogModuleManager: Shutting down and abandoning module ViewportSnapping (181)
[2016.04.14-15.40.16:024][761]LogModuleManager: Shutting down and abandoning module LogVisualizer (180)
[2016.04.14-15.40.16:025][761]LogModuleManager: Shutting down and abandoning module GameProjectGeneration (179)
[2016.04.14-15.40.16:041][761]LogModuleManager: Shutting down and abandoning module IntroTutorials (178)
[2016.04.14-15.40.16:041][761]LogModuleManager: Shutting down and abandoning module EditorLiveStreaming (177)
[2016.04.14-15.40.16:041][761]LogModuleManager: Shutting down and abandoning module IOSPlatformEditor (176)
[2016.04.14-15.40.16:041][761]LogModuleManager: Shutting down and abandoning module HTML5PlatformEditor (175)
[2016.04.14-15.40.16:041][761]LogModuleManager: Shutting down and abandoning module AndroidDeviceDetection (174)
[2016.04.14-15.40.16:076][761]LogModuleManager: Shutting down and abandoning module AndroidPlatformEditor (173)
[2016.04.14-15.40.16:076][761]LogModuleManager: Shutting down and abandoning module IOSRuntimeSettings (172)
[2016.04.14-15.40.16:076][761]LogModuleManager: Shutting down and abandoning module AndroidRuntimeSettings (171)
[2016.04.14-15.40.16:076][761]LogModuleManager: Shutting down and abandoning module MergeActors (170)
[2016.04.14-15.40.16:076][761]LogModuleManager: Shutting down and abandoning module SizeMap (169)
[2016.04.14-15.40.16:076][761]LogModuleManager: Shutting down and abandoning module TreeMap (168)
[2016.04.14-15.40.16:076][761]LogModuleManager: Shutting down and abandoning module ReferenceViewer (167)
[2016.04.14-15.40.16:076][761]LogModuleManager: Shutting down and abandoning module LocalizationService (166)
[2016.04.14-15.40.16:076][761]LogModuleManager: Shutting down and abandoning module LocalizationDashboard (165)
[2016.04.14-15.40.16:081][761]LogModuleManager: Shutting down and abandoning module HardwareTargeting (164)
[2016.04.14-15.40.16:081][761]LogModuleManager: Shutting down and abandoning module DeviceProfileEditor (163)
[2016.04.14-15.40.16:081][761]LogModuleManager: Shutting down and abandoning module UndoHistory (162)
[2016.04.14-15.40.16:081][761]LogModuleManager: Shutting down and abandoning module GameplayTagsEditor (161)
[2016.04.14-15.40.16:081][761]LogModuleManager: Shutting down and abandoning module UserFeedback (160)
[2016.04.14-15.40.16:081][761]LogModuleManager: Shutting down and abandoning module XmlParser (159)
[2016.04.14-15.40.16:081][761]LogModuleManager: Shutting down and abandoning module Blutility (158)
[2016.04.14-15.40.16:081][761]LogModuleManager: Shutting down and abandoning module ProjectTargetPlatformEditor (157)
[2016.04.14-15.40.16:082][761]LogModuleManager: Shutting down and abandoning module ProjectSettingsViewer (156)
[2016.04.14-15.40.16:082][761]LogModuleManager: Shutting down and abandoning module InputBindingEditor (155)
[2016.04.14-15.40.16:082][761]LogModuleManager: Shutting down and abandoning module EditorSettingsViewer (154)
[2016.04.14-15.40.16:082][761]LogModuleManager: Shutting down and abandoning module SettingsEditor (153)
[2016.04.14-15.40.16:082][761]LogModuleManager: Shutting down and abandoning module ProjectLauncher (152)
[2016.04.14-15.40.16:110][761]LogModuleManager: Shutting down and abandoning module SessionFrontend (151)
[2016.04.14-15.40.16:110][761]LogModuleManager: Shutting down and abandoning module ProfilerClient (150)
[2016.04.14-15.40.16:124][761]LogModuleManager: Shutting down and abandoning module TargetDeviceServices (149)
[2016.04.14-15.40.16:124][761]LogModuleManager: Shutting down and abandoning module DeviceManager (148)
[2016.04.14-15.40.16:125][761]LogModuleManager: Shutting down and abandoning module AutomationController (147)
[2016.04.14-15.40.16:125][761]LogModuleManager: Shutting down and abandoning module AutomationWindow (146)
[2016.04.14-15.40.16:153][761]LogModuleManager: Shutting down and abandoning module Layers (145)
[2016.04.14-15.40.16:186][761]LogModuleManager: Shutting down and abandoning module ComponentVisualizers (144)
[2016.04.14-15.40.16:186][761]LogModuleManager: Shutting down and abandoning module DetailCustomizations (143)
[2016.04.14-15.40.16:186][761]LogModuleManager: Shutting down and abandoning module PackagesDialog (142)
[2016.04.14-15.40.16:186][761]LogModuleManager: Shutting down and abandoning module Persona (141)
[2016.04.14-15.40.16:213][761]LogModuleManager: Shutting down and abandoning module Kismet (140)
[2016.04.14-15.40.16:213][761]LogModuleManager: Shutting down and abandoning module GraphEditor (139)
[2016.04.14-15.40.16:246][761]LogModuleManager: Shutting down and abandoning module ClassViewer (138)
[2016.04.14-15.40.16:246][761]LogModuleManager: Shutting down and abandoning module Toolbox (137)
[2016.04.14-15.40.16:246][761]LogModuleManager: Shutting down and abandoning module ModuleUI (136)
[2016.04.14-15.40.16:258][761]LogModuleManager: Shutting down and abandoning module MovieSceneTools (135)
[2016.04.14-15.40.16:276][761]LogModuleManager: Shutting down and abandoning module OutputLog (134)
[2016.04.14-15.40.16:276][761]LogModuleManager: Shutting down and abandoning module GammaUI (133)
[2016.04.14-15.40.16:287][761]LogModuleManager: Shutting down and abandoning module Documentation (132)
[2016.04.14-15.40.16:288][761]LogModuleManager: Shutting down and abandoning module GameLiveStreaming (131)
[2016.04.14-15.40.16:288][761]LogModuleManager: Shutting down and abandoning module StreamingPauseRendering (130)
[2016.04.14-15.40.16:288][761]LogModuleManager: Shutting down and abandoning module AnalyticsET (129)
[2016.04.14-15.40.16:288][761]LogModuleManager: Shutting down and abandoning module Analytics (128)
[2016.04.14-15.40.16:288][761]LogModuleManager: Shutting down and abandoning module AITestSuite (127)
[2016.04.14-15.40.16:288][761]LogModuleManager: Shutting down and abandoning module GameplayDebugger (126)
[2016.04.14-15.40.16:288][761]LogModuleManager: Shutting down and abandoning module AIModule (125)
[2016.04.14-15.40.16:288][761]LogModuleManager: Shutting down and abandoning module ProfilerService (124)
[2016.04.14-15.40.16:398][761]LogModuleManager: Shutting down and abandoning module TaskGraph (123)
[2016.04.14-15.40.16:412][761]LogModuleManager: Shutting down and abandoning module OceanPlugin (122)
[2016.04.14-15.40.16:412][761]LogModuleManager: Shutting down and abandoning module SlateRemote (121)
[2016.04.14-15.40.16:412][761]LogModuleManager: Shutting down and abandoning module SteamVRController (120)
[2016.04.14-15.40.16:412][761]LogModuleManager: Shutting down and abandoning module SteamVR (119)
[2016.04.14-15.40.16:412][761]LogModuleManager: Shutting down and abandoning module ProceduralMeshComponent (118)
[2016.04.14-15.40.16:412][761]LogModuleManager: Shutting down and abandoning module OculusLibrary (117)
[2016.04.14-15.40.16:412][761]LogModuleManager: Shutting down and abandoning module OculusInput (116)
[2016.04.14-15.40.16:412][761]LogModuleManager: Shutting down and abandoning module LeapMotionController (115)
[2016.04.14-15.40.16:467][761]LogModuleManager: Shutting down and abandoning module CustomMeshComponent (114)
[2016.04.14-15.40.16:467][761]LogModuleManager: Shutting down and abandoning module CableComponent (113)
[2016.04.14-15.40.16:467][761]LogModuleManager: Shutting down and abandoning module ArchVisCharacter (112)
[2016.04.14-15.40.16:467][761]LogModuleManager: Shutting down and abandoning module MessagingDebugger (111)
[2016.04.14-15.40.16:485][761]LogModuleManager: Shutting down and abandoning module MediaPlayerEditor (110)
[2016.04.14-15.40.16:494][761]LogModuleManager: Shutting down and abandoning module HTML5Networking (109)
[2016.04.14-15.40.16:494][761]LogModuleManager: Shutting down and abandoning module SpeedTreeImporter (108)
[2016.04.14-15.40.16:494][761]LogModuleManager: Shutting down and abandoning module PluginBrowser (107)
[2016.04.14-15.40.16:508][761]LogModuleManager: Shutting down and abandoning module EpicSurvey (106)
[2016.04.14-15.40.16:508][761]LogModuleManager: Shutting down and abandoning module DesktopPlatform (105)
[2016.04.14-15.40.16:508][761]LogModuleManager: Shutting down and abandoning module VisualStudioSourceCodeAccess (104)
[2016.04.14-15.40.16:508][761]LogModuleManager: Shutting down and abandoning module UObjectPlugin (103)
[2016.04.14-15.40.16:508][761]LogModuleManager: Shutting down and abandoning module SubversionSourceControl (102)
[2016.04.14-15.40.16:508][761]LogModuleManager: Shutting down and abandoning module PerforceSourceControl (101)
[2016.04.14-15.40.16:508][761]LogModuleManager: Shutting down and abandoning module SourceControl (100)
[2016.04.14-15.40.16:522][761]LogModuleManager: Shutting down and abandoning module GitSourceControl (99)
[2016.04.14-15.40.16:522][761]LogModuleManager: Shutting down and abandoning module LightPropagationVolumeEditor (98)
[2016.04.14-15.40.16:522][761]LogModuleManager: Shutting down and abandoning module PaperTiledImporter (97)
[2016.04.14-15.40.16:522][761]LogModuleManager: Shutting down and abandoning module PaperSpriteSheetImporter (96)
[2016.04.14-15.40.16:522][761]LogModuleManager: Shutting down and abandoning module MeshPaint (95)
[2016.04.14-15.40.16:522][761]LogModuleManager: Shutting down and abandoning module SlateReflector (94)
[2016.04.14-15.40.16:530][761]LogModuleManager: Shutting down and abandoning module HotReload (93)
[2016.04.14-15.40.16:530][761]LogModuleManager: Shutting down and abandoning module MainFrame (92)
[2016.04.14-15.40.16:530][761]LogModuleManager: Shutting down and abandoning module LevelEditor (91)
[2016.04.14-15.40.16:546][761]LogModuleManager: Shutting down and abandoning module DirectoryWatcher (90)
[2016.04.14-15.40.16:550][761]LogModuleManager: Shutting down and abandoning module AssetRegistry (89)
[2016.04.14-15.40.16:818][761]LogModuleManager: Shutting down and abandoning module ContentBrowser (88)
[2016.04.14-15.40.16:821][761]LogModuleManager: Shutting down and abandoning module Paper2DEditor (87)
[2016.04.14-15.40.16:831][761]LogModuleManager: Shutting down and abandoning module UdpMessaging (86)
[2016.04.14-15.40.16:932][761]LogModuleManager: Shutting down and abandoning module LightPropagationVolumeRuntime (85)
[2016.04.14-15.40.16:932][761]LogModuleManager: Shutting down and abandoning module Paper2D (84)
[2016.04.14-15.40.16:932][761]LogModuleManager: Shutting down and abandoning module WindowsMoviePlayer (83)
[2016.04.14-15.40.16:945][761]LogModuleManager: Shutting down and abandoning module Media (82)
[2016.04.14-15.40.16:945][761]LogModuleManager: Shutting down and abandoning module WmfMedia (81)
[2016.04.14-15.40.16:946][761]LogModuleManager: Shutting down and abandoning module OnlineBlueprintSupport (80)
[2016.04.14-15.40.16:946][761]LogModuleManager: Shutting down and abandoning module GameplayTasksEditor (79)
[2016.04.14-15.40.16:946][761]LogModuleManager: Shutting down and abandoning module PropertyEditor (78)
[2016.04.14-15.40.16:946][761]LogModuleManager: Shutting down and abandoning module BehaviorTreeEditor (77)
[2016.04.14-15.40.16:962][761]LogModuleManager: Shutting down and abandoning module FunctionalTesting (76)
[2016.04.14-15.40.16:962][761]LogModuleManager: Shutting down and abandoning module CollisionAnalyzer (75)
[2016.04.14-15.40.16:962][761]LogModuleManager: Shutting down and abandoning module WorkspaceMenuStructure (74)
[2016.04.14-15.40.16:962][761]LogModuleManager: Shutting down and abandoning module MessageLog (73)
[2016.04.14-15.40.16:962][761]LogModuleManager: Shutting down and abandoning module Sequencer (72)
[2016.04.14-15.40.16:971][761]LogModuleManager: Shutting down and abandoning module AssetTools (71)
[2016.04.14-15.40.16:992][761]LogModuleManager: Shutting down and abandoning module UMGEditor (70)
[2016.04.14-15.40.17:019][761]LogModuleManager: Shutting down and abandoning module UMG (69)
[2016.04.14-15.40.17:042][761]LogModuleManager: Shutting down and abandoning module Slate (68)
[2016.04.14-15.40.17:042][761]LogModuleManager: Shutting down and abandoning module EditorStyle (67)
[2016.04.14-15.40.17:048][761]LogModuleManager: Shutting down and abandoning module SessionServices (66)
[2016.04.14-15.40.17:048][761]LogModuleManager: Shutting down and abandoning module SourceCodeAccess (65)
[2016.04.14-15.40.17:048][761]LogModuleManager: Shutting down and abandoning module HeadMountedDisplay (64)
[2016.04.14-15.40.17:048][761]LogModuleManager: Shutting down and abandoning module XAudio2 (63)
[2016.04.14-15.40.17:048][761]LogModuleManager: Shutting down and abandoning module Networking (61)
[2016.04.14-15.40.17:048][761]LogModuleManager: Shutting down and abandoning module Core (60)
[2016.04.14-15.40.17:048][761]LogModuleManager: Shutting down and abandoning module KismetCompiler (59)
[2016.04.14-15.40.17:048][761]LogModuleManager: Shutting down and abandoning module PhysXFormats (58)
[2016.04.14-15.40.17:048][761]LogModuleManager: Shutting down and abandoning module MeshUtilities (57)
[2016.04.14-15.40.17:063][761]LogModuleManager: Shutting down and abandoning module DerivedDataCache (56)
[2016.04.14-15.40.17:096][761]LogDerivedDataCache: Shutdown
[2016.04.14-15.40.17:096][761]LogModuleManager: Shutting down and abandoning module ShaderFormatOpenGL (55)
[2016.04.14-15.40.17:108][761]LogModuleManager: Shutting down and abandoning module ShaderFormatD3D (54)
[2016.04.14-15.40.17:108][761]LogModuleManager: Shutting down and abandoning module MetalShaderFormat (53)
[2016.04.14-15.40.17:119][761]LogModuleManager: Shutting down and abandoning module TextureFormatUncompressed (52)
[2016.04.14-15.40.17:119][761]LogModuleManager: Shutting down and abandoning module TextureFormatPVR (51)
[2016.04.14-15.40.17:119][761]LogModuleManager: Shutting down and abandoning module TextureFormatIntelISPCTexComp (50)
[2016.04.14-15.40.17:119][761]LogModuleManager: Shutting down and abandoning module TextureFormatDXT (49)
[2016.04.14-15.40.17:119][761]LogModuleManager: Shutting down and abandoning module ImageWrapper (48)
[2016.04.14-15.40.17:119][761]LogModuleManager: Shutting down and abandoning module TextureFormatASTC (47)
[2016.04.14-15.40.17:119][761]LogModuleManager: Shutting down and abandoning module TextureFormatAndroid (46)
[2016.04.14-15.40.17:120][761]LogModuleManager: Shutting down and abandoning module AudioFormatOpus (45)
[2016.04.14-15.40.17:120][761]LogModuleManager: Shutting down and abandoning module AudioFormatOgg (44)
[2016.04.14-15.40.17:120][761]LogModuleManager: Shutting down and abandoning module AudioFormatADPCM (43)
[2016.04.14-15.40.17:120][761]LogModuleManager: Shutting down and abandoning module LinuxTargetPlatform (42)
[2016.04.14-15.40.17:120][761]LogModuleManager: Shutting down and abandoning module LinuxServerTargetPlatform (41)
[2016.04.14-15.40.17:120][761]LogModuleManager: Shutting down and abandoning module LinuxNoEditorTargetPlatform (40)
[2016.04.14-15.40.17:120][761]LogModuleManager: Shutting down and abandoning module Messaging (39)
[2016.04.14-15.40.17:120][761]LogModuleManager: Shutting down and abandoning module IOSTargetPlatform (38)
[2016.04.14-15.40.17:120][761]LogModuleManager: Shutting down and abandoning module HTML5TargetPlatform (37)
[2016.04.14-15.40.17:120][761]LogModuleManager: Shutting down and abandoning module Android_PVRTCTargetPlatform (36)
[2016.04.14-15.40.17:120][761]LogModuleManager: Shutting down and abandoning module Android_MultiTargetPlatform (35)
[2016.04.14-15.40.17:120][761]LogModuleManager: Shutting down and abandoning module Android_ETC2TargetPlatform (34)
[2016.04.14-15.40.17:120][761]LogModuleManager: Shutting down and abandoning module Android_ETC1TargetPlatform (33)
[2016.04.14-15.40.17:120][761]LogModuleManager: Shutting down and abandoning module Android_DXTTargetPlatform (32)
[2016.04.14-15.40.17:120][761]LogModuleManager: Shutting down and abandoning module Android_ATCTargetPlatform (31)
[2016.04.14-15.40.17:120][761]LogModuleManager: Shutting down and abandoning module Android_ASTCTargetPlatform (30)
[2016.04.14-15.40.17:120][761]LogModuleManager: Shutting down and abandoning module AndroidTargetPlatform (29)
[2016.04.14-15.40.17:120][761]LogModuleManager: Shutting down and abandoning module WindowsTargetPlatform (28)
[2016.04.14-15.40.17:120][761]LogModuleManager: Shutting down and abandoning module WindowsServerTargetPlatform (27)
[2016.04.14-15.40.17:121][761]LogModuleManager: Shutting down and abandoning module WindowsNoEditorTargetPlatform (26)
[2016.04.14-15.40.17:121][761]LogModuleManager: Shutting down and abandoning module WindowsClientTargetPlatform (25)
[2016.04.14-15.40.17:121][761]LogModuleManager: Shutting down and abandoning module AllDesktopTargetPlatform (24)
[2016.04.14-15.40.17:121][761]LogModuleManager: Shutting down and abandoning module TargetPlatform (23)
[2016.04.14-15.40.17:121][761]LogModuleManager: Shutting down and abandoning module InputCore (22)
[2016.04.14-15.40.17:121][761]LogModuleManager: Shutting down and abandoning module Settings (21)
[2016.04.14-15.40.17:121][761]LogModuleManager: Shutting down and abandoning module OnlineSubsystem (19)
[2016.04.14-15.40.17:121][761]LogModuleManager: Shutting down and abandoning module HTTP (18)
[2016.04.14-15.40.19:125][761]LogModuleManager: Shutting down and abandoning module XMPP (17)
[2016.04.14-15.40.19:157][761]LogModuleManager: Shutting down and abandoning module OculusRift (16)
[2016.04.14-15.40.19:185][761]LogModuleManager: Shutting down and abandoning module ExampleDeviceProfileSelector (15)
[2016.04.14-15.40.19:185][761]LogModuleManager: Shutting down and abandoning module TextureCompressor (14)
[2016.04.14-15.40.19:185][761]LogModuleManager: Shutting down and abandoning module ShaderCore (13)
[2016.04.14-15.40.19:185][761]LogModuleManager: Shutting down and abandoning module Landscape (12)
[2016.04.14-15.40.19:185][761]LogModuleManager: Shutting down and abandoning module SlateRHIRenderer (11)
[2016.04.14-15.40.19:194][761]LogModuleManager: Shutting down and abandoning module OpenGLDrv (10)
[2016.04.14-15.40.19:204][761]LogModuleManager: Shutting down and abandoning module D3D11RHI (9)
[2016.04.14-15.40.19:204][761]LogModuleManager: Shutting down and abandoning module AnimGraphRuntime (8)
[2016.04.14-15.40.19:214][761]LogModuleManager: Shutting down and abandoning module Renderer (7)
[2016.04.14-15.40.19:215][761]LogModuleManager: Shutting down and abandoning module Engine (6)
[2016.04.14-15.40.19:215][761]LogModuleManager: Shutting down and abandoning module CoreUObject (5)
[2016.04.14-15.40.19:215][761]LogModuleManager: Shutting down and abandoning module NetworkFile (4)
[2016.04.14-15.40.19:225][761]LogModuleManager: Shutting down and abandoning module StreamingFile (3)
[2016.04.14-15.40.19:225][761]LogModuleManager: Shutting down and abandoning module SandboxFile (2)
[2016.04.14-15.40.19:225][761]LogModuleManager: Shutting down and abandoning module PakFile (1)
[2016.04.14-15.40.19:228][761]LogExit: Exiting.
[2016.04.14-15.40.19:234][761]Log file closed, 04/14/16 17:40:19
