[2016.03.22-16.30.45:497][  0]Log file open, 03/22/16 17:30:45
[2016.03.22-16.30.45:497][  0]LogInit:Display: Running engine for game: ProjectOndarreta
[2016.03.22-16.30.45:497][  0]LogPlatformFile: Not using cached read wrapper
[2016.03.22-16.30.45:497][  0]LogInit:Display: RandInit(-344095416) SRandInit(-344095411).
[2016.03.22-16.30.45:497][  0]LogTaskGraph: Started task graph with 4 named threads and 7 total threads.
[2016.03.22-16.30.45:497][  0]LogStats: Stats thread started at 0.238180
[2016.03.22-16.30.45:497][  0]LogInit: Version: 4.10.4-2872498+++depot+UE4-Releases+4.10
[2016.03.22-16.30.45:497][  0]LogInit: API Version: 2758231
[2016.03.22-16.30.45:497][  0]LogInit: Compiled (64-bit): Feb 18 2016 15:47:04
[2016.03.22-16.30.45:497][  0]LogInit: Compiled with Visual C++: 19.00.23026.00
[2016.03.22-16.30.45:497][  0]LogInit: Build Configuration: Development
[2016.03.22-16.30.45:497][  0]LogInit: Branch Name: ++depot+UE4-Releases+4.10
[2016.03.22-16.30.45:497][  0]LogInit: Command line:  
[2016.03.22-16.30.45:497][  0]LogInit: Base directory: D:/Investigation_Zone/Epic Games/4.10/Engine/Binaries/Win64/
[2016.03.22-16.30.45:497][  0]LogInit: Rocket: 1
[2016.03.22-16.30.45:583][  0]LogInit: Using libcurl 7.41.0
[2016.03.22-16.30.45:583][  0]LogInit:  - built for x86_64-pc-win32
[2016.03.22-16.30.45:583][  0]LogInit:  - supports SSL with WinSSL
[2016.03.22-16.30.45:583][  0]LogInit:  - other features:
[2016.03.22-16.30.45:583][  0]LogInit:      CURL_VERSION_SSL
[2016.03.22-16.30.45:583][  0]LogInit:      CURL_VERSION_IPV6
[2016.03.22-16.30.45:583][  0]LogInit:      CURL_VERSION_ASYNCHDNS
[2016.03.22-16.30.45:583][  0]LogInit:      CURL_VERSION_LARGEFILE
[2016.03.22-16.30.45:583][  0]LogInit:      CURL_VERSION_IDN
[2016.03.22-16.30.45:584][  0]LogInit:  CurlRequestOptions (configurable via config and command line):
[2016.03.22-16.30.45:584][  0]LogInit:  - bVerifyPeer = true  - Libcurl will verify peer certificate
[2016.03.22-16.30.45:584][  0]LogInit:  - bUseHttpProxy = false  - Libcurl will NOT use HTTP proxy
[2016.03.22-16.30.45:584][  0]LogInit:  - bDontReuseConnections = false  - Libcurl will reuse connections
[2016.03.22-16.30.45:584][  0]LogInit:  - CertBundlePath = nullptr  - Libcurl will use whatever was configured at build time.
[2016.03.22-16.30.45:654][  0]LogInit: Presizing for 0 objects not considered by GC, pre-allocating 0 bytes.
[2016.03.22-16.30.45:730][  0]LogInit: Object subsystem initialized
[2016.03.22-16.30.45:736][  0]LogInit: Selected Device Profile: [Windows]
[2016.03.22-16.30.45:736][  0]LogInit: Applying CVar settings loaded from the selected device profile: [Windows]
[2016.03.22-16.30.45:867][  0]LogInit: Computer: ALMA-ITSASO
[2016.03.22-16.30.45:867][  0]LogInit: User: Unai
[2016.03.22-16.30.45:867][  0]LogInit: CPU Page size=4096, Cores=4
[2016.03.22-16.30.45:867][  0]LogInit: High frequency timer resolution =2.338345 MHz
[2016.03.22-16.30.45:867][  0]LogMemory: Memory total: Physical=7.9GB (8GB approx)
[2016.03.22-16.30.45:867][  0]LogMemory: Platform Memory Stats for Windows
[2016.03.22-16.30.45:868][  0]LogMemory: Process Physical Memory: 56.08 MB used, 56.08 MB peak
[2016.03.22-16.30.45:868][  0]LogMemory: Process Virtual Memory: 58.81 MB used, 58.81 MB peak
[2016.03.22-16.30.45:868][  0]LogMemory: Physical Memory: 6483.18 MB used, 8124.02 MB total
[2016.03.22-16.30.45:868][  0]LogMemory: Virtual Memory: 384.83 MB used, 134217728.00 MB total
[2016.03.22-16.30.49:498][  0]LogD3D11RHI: Found D3D11 adapter 0: NVIDIA GeForce GT 740M    (Feature Level 11_0)
[2016.03.22-16.30.49:498][  0]LogD3D11RHI: Adapter has 1996MB of dedicated video memory, 0MB of dedicated system memory, and 4062MB of shared system memory, 2 output[s]
[2016.03.22-16.30.49:603][  0]LogD3D11RHI: Found D3D11 adapter 1: Intel(R) HD Graphics 4600 (Feature Level 11_0)
[2016.03.22-16.30.49:603][  0]LogD3D11RHI: Adapter has 112MB of dedicated video memory, 0MB of dedicated system memory, and 4062MB of shared system memory, 0 output[s]
[2016.03.22-16.30.49:609][  0]LogD3D11RHI: Found D3D11 adapter 2: Microsoft Basic Render Driver (Feature Level 11_0)
[2016.03.22-16.30.49:610][  0]LogD3D11RHI: Adapter has 0MB of dedicated video memory, 0MB of dedicated system memory, and 4062MB of shared system memory, 0 output[s]
[2016.03.22-16.30.49:610][  0]LogD3D11RHI: Chosen D3D11 Adapter Id = 0
[2016.03.22-16.30.49:634][  0]LogD3D11RHI: !Direct3DDevice
[2016.03.22-16.30.49:634][  0]LogRHI: Texture pool is 1361 MB (70% of 1945 MB)
[2016.03.22-16.30.49:712][  0]LogD3D11RHI: Async texture creation enabled
[2016.03.22-16.30.49:755][  0]LogShaderCompilers: Guid format shader working directory is -22 characters bigger than the processId version (../../../../../Ureal engine 4/Proyectos/Ondarreta/ProjectOndarreta/Intermediate/Shaders/WorkingDirectory/10024/).
[2016.03.22-16.30.49:755][  0]LogShaderCompilers: Cleaned the shader compiler working directory 'C:/Users/Unai/AppData/Local/Temp/UnrealShaderWorkingDir/8A0617D747F07B0A7052F5AA4DF39AF0/'.
[2016.03.22-16.30.49:755][  0]LogShaderCompilers:Display: Using Local Shader Compiler.
[2016.03.22-16.30.58:334][  0]LogTemp:Display: Loaded TP AllDesktopTargetPlatform
[2016.03.22-16.30.58:404][  0]LogTemp:Display: Loaded TP WindowsClientTargetPlatform
[2016.03.22-16.30.58:463][  0]LogTemp:Display: Loaded TP WindowsNoEditorTargetPlatform
[2016.03.22-16.30.58:523][  0]LogTemp:Display: Loaded TP WindowsServerTargetPlatform
[2016.03.22-16.30.58:585][  0]LogTemp:Display: Loaded TP WindowsTargetPlatform
[2016.03.22-16.30.58:620][  0]LogTemp:Display: Loaded TP AndroidTargetPlatform
[2016.03.22-16.30.58:651][  0]LogTemp:Display: Loaded TP Android_ASTCTargetPlatform
[2016.03.22-16.30.58:676][  0]LogTemp:Display: Loaded TP Android_ATCTargetPlatform
[2016.03.22-16.30.58:712][  0]LogTemp:Display: Loaded TP Android_DXTTargetPlatform
[2016.03.22-16.30.58:739][  0]LogTemp:Display: Loaded TP Android_ETC1TargetPlatform
[2016.03.22-16.30.58:756][  0]LogTemp:Display: Loaded TP Android_ETC2TargetPlatform
[2016.03.22-16.30.58:822][  0]LogTemp:Display: Loaded TP Android_MultiTargetPlatform
[2016.03.22-16.30.58:822][  0]LogTemp:Display: Loaded TP Android_PVRTCTargetPlatform
[2016.03.22-16.30.58:826][  0]LogTemp:Display: Loaded TP HTML5TargetPlatform
[2016.03.22-16.30.58:883][  0]LogTemp:Display: Loaded TP IOSTargetPlatform
[2016.03.22-16.30.58:903][  0]LogTemp:Display: Loaded TP LinuxNoEditorTargetPlatform
[2016.03.22-16.30.58:920][  0]LogTemp:Display: Loaded TP LinuxServerTargetPlatform
[2016.03.22-16.30.58:949][  0]LogTemp:Display: Loaded TP LinuxTargetPlatform
[2016.03.22-16.30.58:949][  0]LogTargetPlatformManager:Display: Building Assets For Windows
[2016.03.22-16.30.59:613][  0]LogDerivedDataCache:Display: Max Cache Size: 512 MB
[2016.03.22-16.30.59:992][  0]LogDerivedDataCache: Loaded boot cache 0.38s 41MB C:/Users/Unai/AppData/Local/UnrealEngine/4.10/DerivedDataCache/Boot.ddc.
[2016.03.22-16.30.59:993][  0]LogDerivedDataCache:Display: Loaded Boot cache: C:/Users/Unai/AppData/Local/UnrealEngine/4.10/DerivedDataCache/Boot.ddc
[2016.03.22-16.30.59:993][  0]LogDerivedDataCache: FDerivedDataBackendGraph:  Pak pak cache file ../../../../../Ureal engine 4/Proyectos/Ondarreta/ProjectOndarreta/DerivedDataCache/DDC.ddp not found, will not use a pak cache.
[2016.03.22-16.30.59:993][  0]LogDerivedDataCache: Unable to find inner node Pak for hierarchical cache Hierarchy.
[2016.03.22-16.30.59:993][  0]LogDerivedDataCache: FDerivedDataBackendGraph:  CompressedPak pak cache file ../../../../../Ureal engine 4/Proyectos/Ondarreta/ProjectOndarreta/DerivedDataCache/Compressed.ddp not found, will not use a pak cache.
[2016.03.22-16.30.59:993][  0]LogDerivedDataCache: Unable to find inner node CompressedPak for hierarchical cache Hierarchy.
[2016.03.22-16.31.00:820][  0]LogDerivedDataCache:Display: Pak cache opened for reading ../../../Engine/DerivedDataCache/Compressed.ddp.
[2016.03.22-16.31.00:844][  0]LogDerivedDataCache: Using Local data cache path C:/Users/Unai/AppData/Local/UnrealEngine/Common/DerivedDataCache: Writable
[2016.03.22-16.31.01:104][  0]LogModuleManager:Warning: Found module file ../../../Engine/Plugins/VaOcean/Binaries/Win64/UE4Editor-VaOceanPlugin.dll (API version 2215663), but it was incompatible with the current engine API version (2758231). This is likely a stale module that must be recompiled.
[2016.03.22-16.31.02:297][  0]LogInit: Selected Device Profile: [Windows]
[2016.03.22-16.31.02:320][  0]LogContentStreaming: Texture pool size is 0.000000MB
[2016.03.22-16.31.03:275][  0]LogMeshUtilities: No automatic mesh reduction module available
[2016.03.22-16.31.03:275][  0]LogMeshUtilities: No automatic mesh merging module available
[2016.03.22-16.31.04:902][  0]LogInit: WinSock: version 1.1 (2.2), MaxSocks=32767, MaxUdp=65467
[2016.03.22-16.31.21:759][  0]UdpMessaging: Initializing bridge on interface 0.0.0.0:0 to multicast group 230.0.0.1:6666.
[2016.03.22-16.31.22:984][  0]LogAssetRegistry: FAssetRegistry took 0.0269 seconds to start up
[2016.03.22-16.31.27:081][  0]SourceControl: Info Source control is disabled
[2016.03.22-16.31.28:164][  0]SourceControl: Info Source control is disabled
[2016.03.22-16.31.28:345][  0]SourceControl: Info Source control is disabled
[2016.03.22-16.31.28:457][  0]SourceControl: Info Source control is disabled
[2016.03.22-16.31.31:313][  0]LogObj: 28633 objects as part of root set at end of initial load.
[2016.03.22-16.31.31:313][  0]LogUObjectAllocator: 6099744 out of 0 bytes used by permanent object pool.
[2016.03.22-16.31.32:918][  0]LogEngine: Initializing Engine...
[2016.03.22-16.31.32:986][  0]LogHMD: Can't find Oculus library dev build: is proper Runtime installed? Version: 0.8.0.0
[2016.03.22-16.31.33:078][  0]LogHMD: SteamVR failed to initialize.  Err: 110
[2016.03.22-16.31.35:810][  0]LogAIModule: Creating AISystem for world NewWorld
[2016.03.22-16.31.36:346][  0]LogInit: XAudio2 using 'Altavoces / Auriculares (IDT High Definition Audio CODEC)' : 2 channels at 48 kHz using 16 bits per sample (channel mask 0x3)
[2016.03.22-16.31.36:546][  0]LogInit: FAudioDevice initialized.
[2016.03.22-16.31.36:568][  0]LogDerivedDataCache:Error: Could not save memory cache C:/Users/Unai/AppData/Local/UnrealEngine/4.10/DerivedDataCache/Boot.ddc.
[2016.03.22-16.31.36:604][  0]LogInit: Texture streaming: Enabled
[2016.03.22-16.31.36:769][  0]LogAnalytics: Creating configured Analytics provider AnalyticsET
[2016.03.22-16.31.36:782][  0]LogAnalytics: [UEEditor.Rocket.Release] APIServer = http://et2.epicgames.com/ET2/. AppVersion = 4.10.4-2872498+++depot+UE4-Releases+4.10
[2016.03.22-16.31.36:782][  0]LogAnalytics: [UEEditor.Rocket.Release] SetUserId d7adaae849ea30e6caa19b820571e0d9|33a1c5eb2cc94ca8a72a46d53f3ce1d2|4517af11-a817-4828-86eb-27c26c7bd883
[2016.03.22-16.31.36:795][  0]LogAnalytics: [UEEditor.Rocket.Release] AnalyticsET::StartSession
[2016.03.22-16.31.37:109][  0]LogInit: Transaction tracking system initialized
[2016.03.22-16.31.37:723][  0]BlueprintLog: New page: Editor Load
[2016.03.22-16.31.40:593][  0]LocalizationService: Info Localization service is disabled
[2016.03.22-16.31.44:880][  0]LogConsoleResponse:Display: 
[2016.03.22-16.31.48:350][  0]LogFileCache: Scanning file cache for directory 'D:/Investigation_Zone/Ureal engine 4/Proyectos/Ondarreta/ProjectOndarreta/Content/' took 0.05s
[2016.03.22-16.31.48:350][  0]LogCook:Display: Done creating registry. It took  0.00s.
[2016.03.22-16.31.49:622][  0]SourceControl: Info Source control is disabled
[2016.03.22-16.31.49:652][  0]Cmd: MAP LOAD FILE="../../../../../Ureal engine 4/Proyectos/Ondarreta/ProjectOndarreta/Content/StarterContent/Maps/Minimal_Default.umap" TEMPLATE=0 SHOWPROGRESS=1 FEATURELEVEL=3
[2016.03.22-16.31.49:742][  0]LightingResults: New page: Lighting Build
[2016.03.22-16.31.49:962][  0]MapCheck: New page: Map Check
[2016.03.22-16.31.49:962][  0]LightingResults: New page: Lighting Build
[2016.03.22-16.31.50:533][  0]LogParticles: Destroying 0 GPU particle simulations for FXSystem 0x000001DB05DDF6A0
[2016.03.22-16.32.26:967][  0]LogAIModule: Creating AISystem for world Minimal_Default
[2016.03.22-16.33.23:484][  0]LogEditorServ