[2016.03.09-18.58.08:100][  0]Log file open, 03/09/16 19:58:08
[2016.03.09-18.58.08:101][  0]LogInit:Display: Running engine for game: ProjectOndarreta
[2016.03.09-18.58.08:101][  0]LogPlatformFile: Not using cached read wrapper
[2016.03.09-18.58.08:101][  0]LogInit:Display: RandInit(1589093508) SRandInit(1589093511).
[2016.03.09-18.58.08:101][  0]LogTaskGraph: Started task graph with 4 named threads and 7 total threads.
[2016.03.09-18.58.08:101][  0]LogStats: Stats thread started at 0.151625
[2016.03.09-18.58.08:101][  0]LogInit: Version: 4.10.4-2872498+++depot+UE4-Releases+4.10
[2016.03.09-18.58.08:101][  0]LogInit: API Version: 2758231
[2016.03.09-18.58.08:101][  0]LogInit: Compiled (64-bit): Feb 18 2016 15:47:04
[2016.03.09-18.58.08:101][  0]LogInit: Compiled with Visual C++: 19.00.23026.00
[2016.03.09-18.58.08:101][  0]LogInit: Build Configuration: Development
[2016.03.09-18.58.08:101][  0]LogInit: Branch Name: ++depot+UE4-Releases+4.10
[2016.03.09-18.58.08:101][  0]LogInit: Command line: -EpicPortal 
[2016.03.09-18.58.08:101][  0]LogInit: Base directory: D:/Investigation_Zone/Epic Games/4.10/Engine/Binaries/Win64/
[2016.03.09-18.58.08:101][  0]LogInit: Rocket: 1
[2016.03.09-18.58.08:116][  0]LogInit: Using libcurl 7.41.0
[2016.03.09-18.58.08:116][  0]LogInit:  - built for x86_64-pc-win32
[2016.03.09-18.58.08:116][  0]LogInit:  - supports SSL with WinSSL
[2016.03.09-18.58.08:116][  0]LogInit:  - other features:
[2016.03.09-18.58.08:116][  0]LogInit:      CURL_VERSION_SSL
[2016.03.09-18.58.08:116][  0]LogInit:      CURL_VERSION_IPV6
[2016.03.09-18.58.08:116][  0]LogInit:      CURL_VERSION_ASYNCHDNS
[2016.03.09-18.58.08:116][  0]LogInit:      CURL_VERSION_LARGEFILE
[2016.03.09-18.58.08:116][  0]LogInit:      CURL_VERSION_IDN
[2016.03.09-18.58.08:117][  0]LogInit:  CurlRequestOptions (configurable via config and command line):
[2016.03.09-18.58.08:117][  0]LogInit:  - bVerifyPeer = true  - Libcurl will verify peer certificate
[2016.03.09-18.58.08:117][  0]LogInit:  - bUseHttpProxy = false  - Libcurl will NOT use HTTP proxy
[2016.03.09-18.58.08:117][  0]LogInit:  - bDontReuseConnections = false  - Libcurl will reuse connections
[2016.03.09-18.58.08:117][  0]LogInit:  - CertBundlePath = nullptr  - Libcurl will use whatever was configured at build time.
[2016.03.09-18.58.08:135][  0]LogInit: Presizing for 0 objects not considered by GC, pre-allocating 0 bytes.
[2016.03.09-18.58.08:157][  0]LogInit: Object subsystem initialized
[2016.03.09-18.58.08:183][  0]LogInit: Selected Device Profile: [Windows]
[2016.03.09-18.58.08:183][  0]LogInit: Applying CVar settings loaded from the selected device profile: [Windows]
[2016.03.09-18.58.08:213][  0]LogInit: Computer: ALMA-ITSASO
[2016.03.09-18.58.08:213][  0]LogInit: User: Unai
[2016.03.09-18.58.08:213][  0]LogInit: CPU Page size=4096, Cores=4
[2016.03.09-18.58.08:213][  0]LogInit: High frequency timer resolution =2.338346 MHz
[2016.03.09-18.58.08:213][  0]LogMemory: Memory total: Physical=7.9GB (8GB approx)
[2016.03.09-18.58.08:213][  0]LogMemory: Platform Memory Stats for Windows
[2016.03.09-18.58.08:213][  0]LogMemory: Process Physical Memory: 56.25 MB used, 56.25 MB peak
[2016.03.09-18.58.08:213][  0]LogMemory: Process Virtual Memory: 55.20 MB used, 55.20 MB peak
[2016.03.09-18.58.08:213][  0]LogMemory: Physical Memory: 4978.76 MB used, 8124.02 MB total
[2016.03.09-18.58.08:213][  0]LogMemory: Virtual Memory: 384.15 MB used, 134217728.00 MB total
[2016.03.09-18.58.09:878][  0]LogD3D11RHI: Found D3D11 adapter 0: NVIDIA GeForce GT 740M    (Feature Level 11_0)
[2016.03.09-18.58.09:878][  0]LogD3D11RHI: Adapter has 1996MB of dedicated video memory, 0MB of dedicated system memory, and 4062MB of shared system memory, 1 output[s]
[2016.03.09-18.58.09:895][  0]LogD3D11RHI: Found D3D11 adapter 1: Intel(R) HD Graphics 4600 (Feature Level 11_0)
[2016.03.09-18.58.09:895][  0]LogD3D11RHI: Adapter has 112MB of dedicated video memory, 0MB of dedicated system memory, and 4062MB of shared system memory, 0 output[s]
[2016.03.09-18.58.09:898][  0]LogD3D11RHI: Found D3D11 adapter 2: Microsoft Basic Render Driver (Feature Level 11_0)
[2016.03.09-18.58.09:899][  0]LogD3D11RHI: Adapter has 0MB of dedicated video memory, 0MB of dedicated system memory, and 4062MB of shared system memory, 0 output[s]
[2016.03.09-18.58.09:899][  0]LogD3D11RHI: Chosen D3D11 Adapter Id = 0
[2016.03.09-18.58.09:913][  0]LogD3D11RHI: !Direct3DDevice
[2016.03.09-18.58.09:913][  0]LogRHI: Texture pool is 1361 MB (70% of 1945 MB)
[2016.03.09-18.58.09:947][  0]LogD3D11RHI: Async texture creation enabled
[2016.03.09-18.58.09:970][  0]LogShaderCompilers: Guid format shader working directory is -21 characters bigger than the processId version (../../../../../Ureal engine 4/Proyectos/Ondarreta/ProjectOndarreta/Intermediate/Shaders/WorkingDirectory/9044/).
[2016.03.09-18.58.09:970][  0]LogShaderCompilers: Cleaned the shader compiler working directory 'C:/Users/Unai/AppData/Local/Temp/UnrealShaderWorkingDir/2326441446CFB1E01FE8CDAD28A294C6/'.
[2016.03.09-18.58.09:970][  0]LogShaderCompilers:Display: Using Local Shader Compiler.
[2016.03.09-18.58.12:683][  0]LogTemp:Display: Loaded TP AllDesktopTargetPlatform
[2016.03.09-18.58.12:696][  0]LogTemp:Display: Loaded TP WindowsClientTargetPlatform
[2016.03.09-18.58.12:709][  0]LogTemp:Display: Loaded TP WindowsNoEditorTargetPlatform
[2016.03.09-18.58.12:722][  0]LogTemp:Display: Loaded TP WindowsServerTargetPlatform
[2016.03.09-18.58.12:734][  0]LogTemp:Display: Loaded TP WindowsTargetPlatform
[2016.03.09-18.58.12:743][  0]LogTemp:Display: Loaded TP AndroidTargetPlatform
[2016.03.09-18.58.12:751][  0]LogTemp:Display: Loaded TP Android_ASTCTargetPlatform
[2016.03.09-18.58.12:760][  0]LogTemp:Display: Loaded TP Android_ATCTargetPlatform
[2016.03.09-18.58.12:769][  0]LogTemp:Display: Loaded TP Android_DXTTargetPlatform
[2016.03.09-18.58.12:778][  0]LogTemp:Display: Loaded TP Android_ETC1TargetPlatform
[2016.03.09-18.58.12:788][  0]LogTemp:Display: Loaded TP Android_ETC2TargetPlatform
[2016.03.09-18.58.12:806][  0]LogTemp:Display: Loaded TP Android_MultiTargetPlatform
[2016.03.09-18.58.12:806][  0]LogTemp:Display: Loaded TP Android_PVRTCTargetPlatform
[2016.03.09-18.58.12:809][  0]LogTemp:Display: Loaded TP HTML5TargetPlatform
[2016.03.09-18.58.12:837][  0]LogTemp:Display: Loaded TP IOSTargetPlatform
[2016.03.09-18.58.12:846][  0]LogTemp:Display: Loaded TP LinuxNoEditorTargetPlatform
[2016.03.09-18.58.12:855][  0]LogTemp:Display: Loaded TP LinuxServerTargetPlatform
[2016.03.09-18.58.12:865][  0]LogTemp:Display: Loaded TP LinuxTargetPlatform
[2016.03.09-18.58.12:865][  0]LogTargetPlatformManager:Display: Building Assets For Windows
[2016.03.09-18.58.13:077][  0]LogDerivedDataCache:Display: Max Cache Size: 512 MB
[2016.03.09-18.58.13:231][  0]LogDerivedDataCache: Loaded boot cache 0.15s 41MB C:/Users/Unai/AppData/Local/UnrealEngine/4.10/DerivedDataCache/Boot.ddc.
[2016.03.09-18.58.13:231][  0]LogDerivedDataCache:Display: Loaded Boot cache: C:/Users/Unai/AppData/Local/UnrealEngine/4.10/DerivedDataCache/Boot.ddc
[2016.03.09-18.58.13:231][  0]LogDerivedDataCache: FDerivedDataBackendGraph:  Pak pak cache file ../../../../../Ureal engine 4/Proyectos/Ondarreta/ProjectOndarreta/DerivedDataCache/DDC.ddp not found, will not use a pak cache.
[2016.03.09-18.58.13:231][  0]LogDerivedDataCache: Unable to find inner node Pak for hierarchical cache Hierarchy.
[2016.03.09-18.58.13:231][  0]LogDerivedDataCache: FDerivedDataBackendGraph:  CompressedPak pak cache file ../../../../../Ureal engine 4/Proyectos/Ondarreta/ProjectOndarreta/DerivedDataCache/Compressed.ddp not found, will not use a pak cache.
[2016.03.09-18.58.13:231][  0]LogDerivedDataCache: Unable to find inner node CompressedPak for hierarchical cache Hierarchy.
[2016.03.09-18.58.13:452][  0]LogDerivedDataCache:Display: Pak cache opened for reading ../../../Engine/DerivedDataCache/Compressed.ddp.
[2016.03.09-18.58.13:466][  0]LogDerivedDataCache: Using Local data cache path C:/Users/Unai/AppData/Local/UnrealEngine/Common/DerivedDataCache: Writable
[2016.03.09-18.58.14:029][  0]LogInit: Selected Device Profile: [Windows]
[2016.03.09-18.58.14:039][  0]LogContentStreaming: Texture pool size is 0.000000MB
[2016.03.09-18.58.14:438][  0]LogMeshUtilities: No automatic mesh reduction module available
[2016.03.09-18.58.14:438][  0]LogMeshUtilities: No automatic mesh merging module available
[2016.03.09-18.58.15:116][  0]LogInit: WinSock: version 1.1 (2.2), MaxSocks=32767, MaxUdp=65467
[2016.03.09-18.58.17:704][  0]UdpMessaging: Initializing bridge on interface 0.0.0.0:0 to multicast group 230.0.0.1:6666.
[2016.03.09-18.58.17:862][  0]LogAssetRegistry: FAssetRegistry took 0.0116 seconds to start up
[2016.03.09-18.58.18:327][  0]SourceControl: Info Source control is disabled
[2016.03.09-18.58.18:427][  0]SourceControl: Info Source control is disabled
[2016.03.09-18.58.18:453][  0]SourceControl: Info Source control is disabled
[2016.03.09-18.58.18:478][  0]SourceControl: Info Source control is disabled
[2016.03.09-18.58.19:050][  0]LogObj: 28633 objects as part of root set at end of initial load.
[2016.03.09-18.58.19:050][  0]LogUObjectAllocator: 6099752 out of 0 bytes used by permanent object pool.
[2016.03.09-18.58.19:213][  0]LogEngine: Initializing Engine...
[2016.03.09-18.58.19:219][  0]LogHMD: Can't find Oculus library dev build: is proper Runtime installed? Version: 0.8.0.0
[2016.03.09-18.58.19:220][  0]LogHMD: SteamVR failed to initialize.  Err: 110
[2016.03.09-18.58.19:597][  0]LogAIModule: Creating AISystem for world NewWorld
[2016.03.09-18.58.19:611][  0]LogInit: XAudio2 using 'Altavoces / Auriculares (IDT High Definition Audio CODEC)' : 2 channels at 48 kHz using 16 bits per sample (channel mask 0x3)
[2016.03.09-18.58.19:659][  0]LogInit: FAudioDevice initialized.
[2016.03.09-18.58.19:715][  0]LogDerivedDataCache: Saved boot cache 0.06s 41MB C:/Users/Unai/AppData/Local/UnrealEngine/4.10/DerivedDataCache/Boot.ddc.
[2016.03.09-18.58.19:729][  0]LogInit: Texture streaming: Enabled
[2016.03.09-18.58.19:742][  0]LogAnalytics: Creating configured Analytics provider AnalyticsET
[2016.03.09-18.58.19:742][  0]LogAnalytics: [UEEditor.Rocket.Release] APIServer = http://et2.epicgames.com/ET2/. AppVersion = 4.10.4-2872498+++depot+UE4-Releases+4.10
[2016.03.09-18.58.19:742][  0]LogAnalytics: [UEEditor.Rocket.Release] SetUserId d7adaae849ea30e6caa19b820571e0d9|33a1c5eb2cc94ca8a72a46d53f3ce1d2|4517af11-a817-4828-86eb-27c26c7bd883
[2016.03.09-18.58.19:743][  0]LogAnalytics: [UEEditor.Rocket.Release] AnalyticsET::StartSession
[2016.03.09-18.58.19:784][  0]LogInit: Transaction tracking system initialized
[2016.03.09-18.58.19:853][  0]BlueprintLog: New page: Editor Load
[2016.03.09-18.58.20:976][  0]LocalizationService: Info Localization service is disabled
[2016.03.09-18.58.21:438][  0]LogConsoleResponse:Display: 
[2016.03.09-18.58.21:760][  0]LogFileCache: Scanning file cache for directory 'D:/Investigation_Zone/Ureal engine 4/Proyectos/Ondarreta/ProjectOndarreta/Content/' took 0.01s
[2016.03.09-18.58.21:760][  0]LogCook:Display: Done creating registry. It took  0.00s.
[2016.03.09-18.58.21:935][  0]SourceControl: Info Source control is disabled
[2016.03.09-18.58.21:937][  0]LogFactory: FactoryCreateBinary: PackFactory with PackFactory (0 0 D:/Investigation_Zone/Epic Games/4.10/FeaturePacks/StarterContent.upack)
[2016.03.09-18.58.21:997][  0]LogPackFactory: Finished extracting 8 files (including 0 errors).
[2016.03.09-18.58.22:049][  0]LogPackFactory: Copied "../../../Samples/StarterContent/Content/StarterContent/Architecture/Floor_400x400.uasset" to "../../../../../Ureal engine 4/Proyectos/Ondarreta/ProjectOndarreta/Content/StarterContent/Architecture/Floor_400x400.uasset"
[2016.03.09-18.58.22:084][  0]LogPackFactory: Copied "../../../Samples/StarterContent/Content/StarterContent/Architecture/Pillar_50x500.uasset" to "../../../../../Ureal engine 4/Proyectos/Ondarreta/ProjectOndarreta/Content/StarterContent/Architecture/Pillar_50x500.uasset"
[2016.03.09-18.58.22:120][  0]LogPackFactory: Copied "../../../Samples/StarterContent/Content/StarterContent/Architecture/SM_AssetPlatform.uasset" to "../../../../../Ureal engine 4/Proyectos/Ondarreta/ProjectOndarreta/Content/StarterContent/Architecture/SM_AssetPlatform.uasset"
[2016.03.09-18.58.22:170][  0]LogPackFactory: Copied "../../../Samples/StarterContent/Content/StarterContent/Architecture/Wall_400x200.uasset" to "../../../../../Ureal engine 4/Proyectos/Ondarreta/ProjectOndarreta/Content/StarterContent/Architecture/Wall_400x200.uasset"
[2016.03.09-18.58.22:197][  0]LogPackFactory: Copied "../../../Samples/StarterContent/Content/StarterContent/Architecture/Wall_400x300.uasset" to "../../../../../Ureal engine 4/Proyectos/Ondarreta/ProjectOndarreta/Content/StarterContent/Architecture/Wall_400x300.uasset"
[2016.03.09-18.58.22:239][  0]LogPackFactory: Copied "../../../Samples/StarterContent/Content/StarterContent/Architecture/Wall_400x400.uasset" to "../../../../../Ureal engine 4/Proyectos/Ondarreta/ProjectOndarreta/Content/StarterContent/Architecture/Wall_400x400.uasset"
[2016.03.09-18.58.22:287][  0]LogPackFactory: Copied "../../../Samples/StarterContent/Content/StarterContent/Architecture/Wall_500x500.uasset" to "../../../../../Ureal engine 4/Proyectos/Ondarreta/ProjectOndarreta/Content/StarterContent/Architecture/Wall_500x500.uasset"
[2016.03.09-18.58.22:346][  0]LogPackFactory: Copied "../../../Samples/StarterContent/Content/StarterContent/Architecture/Wall_Door_400x300.uasset" to "../../../../../Ureal engine 4/Proyectos/Ondarreta/ProjectOndarreta/Content/StarterContent/Architecture/Wall_Door_400x300.uasset"
[2016.03.09-18.58.22:374][  0]LogPackFactory: Copied "../../../Samples/StarterContent/Content/StarterContent/Architecture/Wall_Door_400x400.uasset" to "../../../../../Ureal engine 4/Proyectos/Ondarreta/ProjectOndarreta/Content/StarterContent/Architecture/Wall_Door_400x400.uasset"
[2016.03.09-18.58.22:399][  0]LogPackFactory: Copied "../../../Samples/StarterContent/Content/StarterContent/Architecture/Wall_Window_400x300.uasset" to "../../../../../Ureal engine 4/Proyectos/Ondarreta/ProjectOndarreta/Content/StarterContent/Architecture/Wall_Window_400x300.uasset"
[2016.03.09-18.58.22:419][  0]LogPackFactory: Copied "../../../Samples/StarterContent/Content/StarterContent/Architecture/Wall_Window_400x400.uasset" to "../../../../../Ureal engine 4/Proyectos/Ondarreta/ProjectOndarreta/Content/StarterContent/Architecture/Wall_Window_400x400.uasset"
[2016.03.09-18.58.22:462][  0]LogPackFactory: Copied "../../../Samples/StarterContent/Content/StarterContent/Audio/Collapse01.uasset" to "../../../../../Ureal engine 4/Proyectos/Ondarreta/ProjectOndarreta/Content/StarterContent/Audio/Collapse01.uasset"
[2016.03.09-18.58.22:495][  0]LogPackFactory: Copied "../../../Samples/StarterContent/Content/StarterContent/Audio/Collapse02.uasset" to "../../../../../Ureal engine 4/Proyectos/Ondarreta/ProjectOndarreta/Content/StarterContent/Audio/Collapse02.uasset"
[2016.03.09-18.58.22:517][  0]LogPackFactory: Copied "../../../Samples/StarterContent/Content/StarterContent/Audio/Collapse_Cue.uasset" to "../../../../../Ureal engine 4/Proyectos/Ondarreta/ProjectOndarreta/Content/StarterContent/Audio/Collapse_Cue.uasset"
[2016.03.09-18.58.22:583][  0]LogPackFactory: Copied "../../../Samples/StarterContent/Content/StarterContent/Audio/Explosion01.uasset" to "../../../../../Ureal engine 4/Proyectos/Ondarreta/ProjectOndarreta/Content/StarterContent/Audio/Explosion01.uasset"
[2016.03.09-18.58.22:628][  0]LogPackFactory: Copied "../../../Samples/StarterContent/Content/StarterContent/Audio/Explosion02.uasset" to "../../../../../Ureal engine 4/Proyectos/Ondarreta/ProjectOndarreta/Content/StarterContent/Audio/Explosion02.uasset"
[2016.03.09-18.58.22:638][  0]LogPackFactory: Copied "../../../Samples/StarterContent/Content/StarterContent/Audio/Explosion_Cue.uasset" to "../../../../../Ureal engine 4/Proyectos/Ondarreta/ProjectOndarreta/Content/StarterContent/Audio/Explosion_Cue.uasset"
[2016.03.09-18.58.22:690][  0]LogPackFactory: Copied "../../../Samples/StarterContent/Content/StarterContent/Audio/Fire01.uasset" to "../../../../../Ureal engine 4/Proyectos/Ondarreta/ProjectOndarreta/Content/StarterContent/Audio/Fire01.uasset"
[2016.03.09-18.58.22:738][  0]LogPackFactory: Copied "../../../Samples/StarterContent/Content/StarterContent/Audio/Fire01_Cue.uasset" to "../../../../../Ureal engine 4/Proyectos/Ondarreta/ProjectOndarreta/Content/StarterContent/Audio/Fire01_Cue.uasset"
[2016.03.09-18.58.22:784][  0]LogPackFactory: Copied "../../../Samples/StarterContent/Content/StarterContent/Audio/Fire_Sparks01.uasset" to "../../../../../Ureal engine 4/Proyectos/Ondarreta/ProjectOndarreta/Content/StarterContent/Audio/Fire_Sparks01.uasset"
[2016.03.09-18.58.22:794][  0]LogPackFactory: Copied "../../../Samples/StarterContent/Content/StarterContent/Audio/Fire_Sparks01_Cue.uasset" to "../../../../../Ureal engine 4/Proyectos/Ondarreta/ProjectOndarreta/Content/StarterContent/Audio/Fire_Sparks01_Cue.uasset"
[2016.03.09-18.58.22:830][  0]LogPackFactory: Copied "../../../Samples/StarterContent/Content/StarterContent/Audio/Light01.uasset" to "../../../../../Ureal engine 4/Proyectos/Ondarreta/ProjectOndarreta/Content/StarterContent/Audio/Light01.uasset"
[2016.03.09-18.58.22:871][  0]LogPackFactory: Copied "../../../Samples/StarterContent/Content/StarterContent/Audio/Light01_Cue.uasset" to "../../../../../Ureal engine 4/Proyectos/Ondarreta/ProjectOndarreta/Content/StarterContent/Audio/Light01_Cue.uasset"
[2016.03.09-18.58.22:917][  0]LogPackFactory: Copied "../../../Samples/StarterContent/Content/StarterContent/Audio/Light02.uasset" to "../../../../../Ureal engine 4/Proyectos/Ondarreta/ProjectOndarreta/Content/StarterContent/Audio/Light02.uasset"
[2016.03.09-18.58.22:927][  0]LogPackFactory: Copied "../../../Samples/StarterContent/Content/StarterContent/Audio/Light02_Cue.uasset" to "../../../../../Ureal engine 4/Proyectos/Ondarreta/ProjectOndarreta/Content/StarterContent/Audio/Light02_Cue.uasset"
[2016.03.09-18.58.22:966][  0]LogPackFactory: Copied "../../../Samples/StarterContent/Content/StarterContent/Audio/Smoke01.uasset" to "../../../../../Ureal engine 4/Proyectos/Ondarreta/ProjectOndarreta/Content/StarterContent/Audio/Smoke01.uasset"
[2016.03.09-18.58.23:008][  0]LogPackFactory: Copied "../../../Samples/StarterContent/Content/StarterContent/Audio/Smoke01_Cue.uasset" to "../../../../../Ureal engine 4/Proyectos/Ondarreta/ProjectOndarreta/Content/StarterContent/Audio/Smoke01_Cue.uasset"
[2016.03.09-18.58.23:037][  0]LogPackFactory: Copied "../../../Samples/StarterContent/Content/StarterContent/Audio/Starter_Background_Cue.uasset" to "../../../../../Ureal engine 4/Proyectos/Ondarreta/ProjectOndarreta/Content/StarterContent/Audio/Starter_Background_Cue.uasset"
[2016.03.09-18.58.23:096][  0]LogPackFactory: Copied "../../../Samples/StarterContent/Content/StarterContent/Audio/Starter_Birds01.uasset" to "../../../../../Ureal engine 4/Proyectos/Ondarreta/ProjectOndarreta/Content/StarterContent/Audio/Starter_Birds01.uasset"
[2016.03.09-18.58.23:223][  0]LogPackFactory: Copied "../../../Samples/StarterContent/Content/StarterContent/Audio/Starter_Music01.uasset" to "../../../../../Ureal engine 4/Proyectos/Ondarreta/ProjectOndarreta/Content/StarterContent/Audio/Starter_Music01.uasset"
[2016.03.09-18.58.23:264][  0]LogPackFactory: Copied "../../../Samples/StarterContent/Content/StarterContent/Audio/Starter_Music_Cue.uasset" to "../../../../../Ureal engine 4/Proyectos/Ondarreta/ProjectOndarreta/Content/StarterContent/Audio/Starter_Music_Cue.uasset"
[2016.03.09-18.58.23:338][  0]LogPackFactory: Copied "../../../Samples/StarterContent/Content/StarterContent/Audio/Starter_Wind05.uasset" to "../../../../../Ureal engine 4/Proyectos/Ondarreta/ProjectOndarreta/Content/StarterContent/Audio/Starter_Wind05.uasset"
[2016.03.09-18.58.23:385][  0]LogPackFactory: Copied "../../../Samples/StarterContent/Content/StarterContent/Audio/Starter_Wind06.uasset" to "../../../../../Ureal engine 4/Proyectos/Ondarreta/ProjectOndarreta/Content/StarterContent/Audio/Starter_Wind06.uasset"
[2016.03.09-18.58.23:408][  0]LogPackFactory: Copied "../../../Samples/StarterContent/Content/StarterContent/Audio/Steam01.uasset" to "../../../../../Ureal engine 4/Proyectos/Ondarreta/ProjectOndarreta/Content/StarterContent/Audio/Steam01.uasset"
[2016.03.09-18.58.23:446][  0]LogPackFactory: Copied "../../../Samples/StarterContent/Content/StarterContent/Audio/Steam01_Cue.uasset" to "../../../../../Ureal engine 4/Proyectos/Ondarreta/ProjectOndarreta/Content/StarterContent/Audio/Steam01_Cue.uasset"
[2016.03.09-18.58.23:496][  0]LogPackFactory: Copied "../../../Samples/StarterContent/Content/StarterContent/Blueprints/Blueprint_CeilingLight.uasset" to "../../../../../Ureal engine 4/Proyectos/Ondarreta/ProjectOndarreta/Content/StarterContent/Blueprints/Blueprint_CeilingLight.uasset"
[2016.03.09-18.58.23:521][  0]LogPackFactory: Copied "../../../Samples/StarterContent/Content/StarterContent/Blueprints/Blueprint_Effect_Explosion.uasset" to "../../../../../Ureal engine 4/Proyectos/Ondarreta/ProjectOndarreta/Content/StarterContent/Blueprints/Blueprint_Effect_Explosion.uasset"
[2016.03.09-18.58.23:566][  0]LogPackFactory: Copied "../../../Samples/StarterContent/Content/StarterContent/Blueprints/Blueprint_Effect_Fire.uasset" to "../../../../../Ureal engine 4/Proyectos/Ondarreta/ProjectOndarreta/Content/StarterContent/Blueprints/Blueprint_Effect_Fire.uasset"
[2016.03.09-18.58.23:606][  0]LogPackFactory: Copied "../../../Samples/StarterContent/Content/StarterContent/Blueprints/Blueprint_Effect_Smoke.uasset" to "../../../../../Ureal engine 4/Proyectos/Ondarreta/ProjectOndarreta/Content/StarterContent/Blueprints/Blueprint_Effect_Smoke.uasset"
[2016.03.09-18.58.23:624][  0]LogPackFactory: Copied "../../../Samples/StarterContent/Content/StarterContent/Blueprints/Blueprint_Effect_Sparks.uasset" to "../../../../../Ureal engine 4/Proyectos/Ondarreta/ProjectOndarreta/Content/StarterContent/Blueprints/Blueprint_Effect_Sparks.uasset"
[2016.03.09-18.58.23:659][  0]LogPackFactory: Copied "../../../Samples/StarterContent/Content/StarterContent/Blueprints/Blueprint_Effect_Steam.uasset" to "../../../../../Ureal engine 4/Proyectos/Ondarreta/ProjectOndarreta/Content/StarterContent/Blueprints/Blueprint_Effect_Steam.uasset"
[2016.03.09-18.58.23:699][  0]LogPackFactory: Copied "../../../Samples/StarterContent/Content/StarterContent/Blueprints/Blueprint_WallSconce.uasset" to "../../../../../Ureal engine 4/Proyectos/Ondarreta/ProjectOndarreta/Content/StarterContent/Blueprints/Blueprint_WallSconce.uasset"
[2016.03.09-18.58.23:750][  0]LogPackFactory: Copied "../../../Samples/StarterContent/Content/StarterContent/Blueprints/BP_LightStudio.uasset" to "../../../../../Ureal engine 4/Proyectos/Ondarreta/ProjectOndarreta/Content/StarterContent/Blueprints/BP_LightStudio.uasset"
[2016.03.09-18.58.23:779][  0]LogPackFactory: Copied "../../../Samples/StarterContent/Content/StarterContent/Blueprints/Assets/FogBrightnessLUT.uasset" to "../../../../../Ureal engine 4/Proyectos/Ondarreta/ProjectOndarreta/Content/StarterContent/Blueprints/Assets/FogBrightnessLUT.uasset"
[2016.03.09-18.58.23:805][  0]LogPackFactory: Copied "../../../Samples/StarterContent/Content/StarterContent/Blueprints/Assets/M_LightStage_Arrows.uasset" to "../../../../../Ureal engine 4/Proyectos/Ondarreta/ProjectOndarreta/Content/StarterContent/Blueprints/Assets/M_LightStage_Arrows.uasset"
[2016.03.09-18.58.23:851][  0]LogPackFactory: Copied "../../../Samples/StarterContent/Content/StarterContent/Blueprints/Assets/M_LightStage_Skybox_Black.uasset" to "../../../../../Ureal engine 4/Proyectos/Ondarreta/ProjectOndarreta/Content/StarterContent/Blueprints/Assets/M_LightStage_Skybox_Black.uasset"
[2016.03.09-18.58.23:882][  0]LogPackFactory: Copied "../../../Samples/StarterContent/Content/StarterContent/Blueprints/Assets/M_LightStage_Skybox_HDRI.uasset" to "../../../../../Ureal engine 4/Proyectos/Ondarreta/ProjectOndarreta/Content/StarterContent/Blueprints/Assets/M_LightStage_Skybox_HDRI.uasset"
[2016.03.09-18.58.23:900][  0]LogPackFactory: Copied "../../../Samples/StarterContent/Content/StarterContent/Blueprints/Assets/M_LightStage_Skybox_Master.uasset" to "../../../../../Ureal engine 4/Proyectos/Ondarreta/ProjectOndarreta/Content/StarterContent/Blueprints/Assets/M_LightStage_Skybox_Master.uasset"
[2016.03.09-18.58.23:959][  0]LogPackFactory: Copied "../../../Samples/StarterContent/Content/StarterContent/Blueprints/Assets/Skybox.uasset" to "../../../../../Ureal engine 4/Proyectos/Ondarreta/ProjectOndarreta/Content/StarterContent/Blueprints/Assets/Skybox.uasset"
[2016.03.09-18.58.24:007][  0]LogPackFactory: Copied "../../../Samples/StarterContent/Content/StarterContent/Blueprints/Assets/SM_Arrows.uasset" to "../../../../../Ureal engine 4/Proyectos/Ondarreta/ProjectOndarreta/Content/StarterContent/Blueprints/Assets/SM_Arrows.uasset"
[2016.03.09-18.58.24:031][  0]LogPackFactory: Copied "../../../Samples/StarterContent/Content/StarterContent/Blueprints/Assets/SunlightColorLUT.uasset" to "../../../../../Ureal engine 4/Proyectos/Ondarreta/ProjectOndarreta/Content/StarterContent/Blueprints/Assets/SunlightColorLUT.uasset"
[2016.03.09-18.58.24:812][  0]LogPackFactory: Copied "../../../Samples/StarterContent/Content/StarterContent/HDRI/HDRI_Epic_Courtyard_Daylight.uasset" to "../../../../../Ureal engine 4/Proyectos/Ondarreta/ProjectOndarreta/Content/StarterContent/HDRI/HDRI_Epic_Courtyard_Daylight.uasset"
[2016.03.09-18.58.24:868][  0]LogPackFactory: Copied "../../../Samples/StarterContent/Content/StarterContent/Maps/Advanced_Lighting.umap" to "../../../../../Ureal engine 4/Proyectos/Ondarreta/ProjectOndarreta/Content/StarterContent/Maps/Advanced_Lighting.umap"
[2016.03.09-18.58.24:918][  0]LogPackFactory: Copied "../../../Samples/StarterContent/Content/StarterContent/Maps/Minimal_Default.umap" to "../../../../../Ureal engine 4/Proyectos/Ondarreta/ProjectOndarreta/Content/StarterContent/Maps/Minimal_Default.umap"
[2016.03.09-18.58.25:178][  0]LogPackFactory: Copied "../../../Samples/StarterContent/Content/StarterContent/Maps/StarterMap.umap" to "../../../../../Ureal engine 4/Proyectos/Ondarreta/ProjectOndarreta/Content/StarterContent/Maps/StarterMap.umap"
[2016.03.09-18.58.25:215][  0]LogPackFactory: Copied "../../../Samples/StarterContent/Content/StarterContent/Materials/M_AssetPlatform.uasset" to "../../../../../Ureal engine 4/Proyectos/Ondarreta/ProjectOndarreta/Content/StarterContent/Materials/M_AssetPlatform.uasset"
[2016.03.09-18.58.25:248][  0]LogPackFactory: Copied "../../../Samples/StarterContent/Content/StarterContent/Materials/M_Basic_Floor.uasset" to "../../../../../Ureal engine 4/Proyectos/Ondarreta/ProjectOndarreta/Content/StarterContent/Materials/M_Basic_Floor.uasset"
[2016.03.09-18.58.25:303][  0]LogPackFactory: Copied "../../../Samples/StarterContent/Content/StarterContent/Materials/M_Basic_Wall.uasset" to "../../../../../Ureal engine 4/Proyectos/Ondarreta/ProjectOndarreta/Content/StarterContent/Materials/M_Basic_Wall.uasset"
[2016.03.09-18.58.25:339][  0]LogPackFactory: Copied "../../../Samples/StarterContent/Content/StarterContent/Materials/M_Brick_Clay_Beveled.uasset" to "../../../../../Ureal engine 4/Proyectos/Ondarreta/ProjectOndarreta/Content/StarterContent/Materials/M_Brick_Clay_Beveled.uasset"
[2016.03.09-18.58.25:373][  0]LogPackFactory: Copied "../../../Samples/StarterContent/Content/StarterContent/Materials/M_Brick_Clay_New.uasset" to "../../../../../Ureal engine 4/Proyectos/Ondarreta/ProjectOndarreta/Content/StarterContent/Materials/M_Brick_Clay_New.uasset"
[2016.03.09-18.58.25:402][  0]LogPackFactory: Copied "../../../Samples/StarterContent/Content/StarterContent/Materials/M_Brick_Clay_Old.uasset" to "../../../../../Ureal engine 4/Proyectos/Ondarreta/ProjectOndarreta/Content/StarterContent/Materials/M_Brick_Clay_Old.uasset"
[2016.03.09-18.58.25:467][  0]LogPackFactory: Copied "../../../Samples/StarterContent/Content/StarterContent/Materials/M_Brick_Cut_Stone.uasset" to "../../../../../Ureal engine 4/Proyectos/Ondarreta/ProjectOndarreta/Content/StarterContent/Materials/M_Brick_Cut_Stone.uasset"
[2016.03.09-18.58.25:517][  0]LogPackFactory: Copied "../../../Samples/StarterContent/Content/StarterContent/Materials/M_Brick_Hewn_Stone.uasset" to "../../../../../Ureal engine 4/Proyectos/Ondarreta/ProjectOndarreta/Content/StarterContent/Materials/M_Brick_Hewn_Stone.uasset"
[2016.03.09-18.58.25:546][  0]LogPackFactory: Copied "../../../Samples/StarterContent/Content/StarterContent/Materials/M_Ceramic_Tile_Checker.uasset" to "../../../../../Ureal engine 4/Proyectos/Ondarreta/ProjectOndarreta/Content/StarterContent/Materials/M_Ceramic_Tile_Checker.uasset"
[2016.03.09-18.58.25:576][  0]LogPackFactory: Copied "../../../Samples/StarterContent/Content/StarterContent/Materials/M_CobbleStone_Pebble.uasset" to "../../../../../Ureal engine 4/Proyectos/Ondarreta/ProjectOndarreta/Content/StarterContent/Materials/M_CobbleStone_Pebble.uasset"
[2016.03.09-18.58.25:602][  0]LogPackFactory: Copied "../../../Samples/StarterContent/Content/StarterContent/Materials/M_CobbleStone_Rough.uasset" to "../../../../../Ureal engine 4/Proyectos/Ondarreta/ProjectOndarreta/Content/StarterContent/Materials/M_CobbleStone_Rough.uasset"
[2016.03.09-18.58.25:625][  0]LogPackFactory: Copied "../../../Samples/StarterContent/Content/StarterContent/Materials/M_CobbleStone_Smooth.uasset" to "../../../../../Ureal engine 4/Proyectos/Ondarreta/ProjectOndarreta/Content/StarterContent/Materials/M_CobbleStone_Smooth.uasset"
[2016.03.09-18.58.25:643][  0]LogPackFactory: Copied "../../../Samples/StarterContent/Content/StarterContent/Materials/M_ColorGrid_LowSpec.uasset" to "../../../../../Ureal engine 4/Proyectos/Ondarreta/ProjectOndarreta/Content/StarterContent/Materials/M_ColorGrid_LowSpec.uasset"
[2016.03.09-18.58.25:665][  0]LogPackFactory: Copied "../../../Samples/StarterContent/Content/StarterContent/Materials/M_Concrete_Grime.uasset" to "../../../../../Ureal engine 4/Proyectos/Ondarreta/ProjectOndarreta/Content/StarterContent/Materials/M_Concrete_Grime.uasset"
[2016.03.09-18.58.25:719][  0]LogPackFactory: Copied "../../../Samples/StarterContent/Content/StarterContent/Materials/M_Concrete_Panels.uasset" to "../../../../../Ureal engine 4/Proyectos/Ondarreta/ProjectOndarreta/Content/StarterContent/Materials/M_Concrete_Panels.uasset"
[2016.03.09-18.58.25:761][  0]LogPackFactory: Copied "../../../Samples/StarterContent/Content/StarterContent/Materials/M_Concrete_Poured.uasset" to "../../../../../Ureal engine 4/Proyectos/Ondarreta/ProjectOndarreta/Content/StarterContent/Materials/M_Concrete_Poured.uasset"
[2016.03.09-18.58.25:789][  0]LogPackFactory: Copied "../../../Samples/StarterContent/Content/StarterContent/Materials/M_Concrete_Tiles.uasset" to "../../../../../Ureal engine 4/Proyectos/Ondarreta/ProjectOndarreta/Content/StarterContent/Materials/M_Concrete_Tiles.uasset"
[2016.03.09-18.58.25:818][  0]LogPackFactory: Copied "../../../Samples/StarterContent/Content/StarterContent/Materials/M_Glass.uasset" to "../../../../../Ureal engine 4/Proyectos/Ondarreta/ProjectOndarreta/Content/StarterContent/Materials/M_Glass.uasset"
[2016.03.09-18.58.25:844][  0]LogPackFactory: Copied "../../../Samples/StarterContent/Content/StarterContent/Materials/M_Ground_Grass.uasset" to "../../../../../Ureal engine 4/Proyectos/Ondarreta/ProjectOndarreta/Content/StarterContent/Materials/M_Ground_Grass.uasset"
[2016.03.09-18.58.25:866][  0]LogPackFactory: Copied "../../../Samples/StarterContent/Content/StarterContent/Materials/M_Ground_Gravel.uasset" to "../../../../../Ureal engine 4/Proyectos/Ondarreta/ProjectOndarreta/Content/StarterContent/Materials/M_Ground_Gravel.uasset"
[2016.03.09-18.58.25:895][  0]LogPackFactory: Copied "../../../Samples/StarterContent/Content/StarterContent/Materials/M_Ground_Moss.uasset" to "../../../../../Ureal engine 4/Proyectos/Ondarreta/ProjectOndarreta/Content/StarterContent/Materials/M_Ground_Moss.uasset"
[2016.03.09-18.58.25:913][  0]LogPackFactory: Copied "../../../Samples/StarterContent/Content/StarterContent/Materials/M_Metal_Brushed_Nickel.uasset" to "../../../../../Ureal engine 4/Proyectos/Ondarreta/ProjectOndarreta/Content/StarterContent/Materials/M_Metal_Brushed_Nickel.uasset"
[2016.03.09-18.58.25:960][  0]LogPackFactory: Copied "../../../Samples/StarterContent/Content/StarterContent/Materials/M_Metal_Burnished_Steel.uasset" to "../../../../../Ureal engine 4/Proyectos/Ondarreta/ProjectOndarreta/Content/StarterContent/Materials/M_Metal_Burnished_Steel.uasset"
[2016.03.09-18.58.25:995][  0]LogPackFactory: Copied "../../../Samples/StarterContent/Content/StarterContent/Materials/M_Metal_Chrome.uasset" to "../../../../../Ureal engine 4/Proyectos/Ondarreta/ProjectOndarreta/Content/StarterContent/Materials/M_Metal_Chrome.uasset"
[2016.03.09-18.58.26:013][  0]LogPackFactory: Copied "../../../Samples/StarterContent/Content/StarterContent/Materials/M_Metal_Copper.uasset" to "../../../../../Ureal engine 4/Proyectos/Ondarreta/ProjectOndarreta/Content/StarterContent/Materials/M_Metal_Copper.uasset"
[2016.03.09-18.58.26:047][  0]LogPackFactory: Copied "../../../Samples/StarterContent/Content/StarterContent/Materials/M_Metal_Gold.uasset" to "../../../../../Ureal engine 4/Proyectos/Ondarreta/ProjectOndarreta/Content/StarterContent/Materials/M_Metal_Gold.uasset"
[2016.03.09-18.58.26:067][  0]LogPackFactory: Copied "../../../Samples/StarterContent/Content/StarterContent/Materials/M_Metal_Rust.uasset" to "../../../../../Ureal engine 4/Proyectos/Ondarreta/ProjectOndarreta/Content/StarterContent/Materials/M_Metal_Rust.uasset"
[2016.03.09-18.58.26:116][  0]LogPackFactory: Copied "../../../Samples/StarterContent/Content/StarterContent/Materials/M_Metal_Steel.uasset" to "../../../../../Ureal engine 4/Proyectos/Ondarreta/ProjectOndarreta/Content/StarterContent/Materials/M_Metal_Steel.uasset"
[2016.03.09-18.58.26:146][  0]LogPackFactory: Copied "../../../Samples/StarterContent/Content/StarterContent/Materials/M_Rock_Basalt.uasset" to "../../../../../Ureal engine 4/Proyectos/Ondarreta/ProjectOndarreta/Content/StarterContent/Materials/M_Rock_Basalt.uasset"
[2016.03.09-18.58.26:173][  0]LogPackFactory: Copied "../../../Samples/StarterContent/Content/StarterContent/Materials/M_Rock_Marble_Polished.uasset" to "../../../../../Ureal engine 4/Proyectos/Ondarreta/ProjectOndarreta/Content/StarterContent/Materials/M_Rock_Marble_Polished.uasset"
[2016.03.09-18.58.26:227][  0]LogPackFactory: Copied "../../../Samples/StarterContent/Content/StarterContent/Materials/M_Rock_Sandstone.uasset" to "../../../../../Ureal engine 4/Proyectos/Ondarreta/ProjectOndarreta/Content/StarterContent/Materials/M_Rock_Sandstone.uasset"
[2016.03.09-18.58.26:273][  0]LogPackFactory: Copied "../../../Samples/StarterContent/Content/StarterContent/Materials/M_Rock_Slate.uasset" to "../../../../../Ureal engine 4/Proyectos/Ondarreta/ProjectOndarreta/Content/StarterContent/Materials/M_Rock_Slate.uasset"
[2016.03.09-18.58.26:311][  0]LogPackFactory: Copied "../../../Samples/StarterContent/Content/StarterContent/Materials/M_Tech_Checker_Dot.uasset" to "../../../../../Ureal engine 4/Proyectos/Ondarreta/ProjectOndarreta/Content/StarterContent/Materials/M_Tech_Checker_Dot.uasset"
[2016.03.09-18.58.26:338][  0]LogPackFactory: Copied "../../../Samples/StarterContent/Content/StarterContent/Materials/M_Tech_Hex_Tile.uasset" to "../../../../../Ureal engine 4/Proyectos/Ondarreta/ProjectOndarreta/Content/StarterContent/Materials/M_Tech_Hex_Tile.uasset"
[2016.03.09-18.58.26:360][  0]LogPackFactory: Copied "../../../Samples/StarterContent/Content/StarterContent/Materials/M_Tech_Hex_Tile_Pulse.uasset" to "../../../../../Ureal engine 4/Proyectos/Ondarreta/ProjectOndarreta/Content/StarterContent/Materials/M_Tech_Hex_Tile_Pulse.uasset"
[2016.03.09-18.58.26:381][  0]LogPackFactory: Copied "../../../Samples/StarterContent/Content/StarterContent/Materials/M_Tech_Panel.uasset" to "../../../../../Ureal engine 4/Proyectos/Ondarreta/ProjectOndarreta/Content/StarterContent/Materials/M_Tech_Panel.uasset"
[2016.03.09-18.58.26:401][  0]LogPackFactory: Copied "../../../Samples/StarterContent/Content/StarterContent/Materials/M_Water_Lake.uasset" to "../../../../../Ureal engine 4/Proyectos/Ondarreta/ProjectOndarreta/Content/StarterContent/Materials/M_Water_Lake.uasset"
[2016.03.09-18.58.26:423][  0]LogPackFactory: Copied "../../../Samples/StarterContent/Content/StarterContent/Materials/M_Water_Ocean.uasset" to "../../../../../Ureal engine 4/Proyectos/Ondarreta/ProjectOndarreta/Content/StarterContent/Materials/M_Water_Ocean.uasset"
[2016.03.09-18.58.26:459][  0]LogPackFactory: Copied "../../../Samples/StarterContent/Content/StarterContent/Materials/M_Wood_Floor_Walnut_Polished.uasset" to "../../../../../Ureal engine 4/Proyectos/Ondarreta/ProjectOndarreta/Content/StarterContent/Materials/M_Wood_Floor_Walnut_Polished.uasset"
[2016.03.09-18.58.26:502][  0]LogPackFactory: Copied "../../../Samples/StarterContent/Content/StarterContent/Materials/M_Wood_Floor_Walnut_Worn.uasset" to "../../../../../Ureal engine 4/Proyectos/Ondarreta/ProjectOndarreta/Content/StarterContent/Materials/M_Wood_Floor_Walnut_Worn.uasset"
[2016.03.09-18.58.26:533][  0]LogPackFactory: Copied "../../../Samples/StarterContent/Content/StarterContent/Materials/M_Wood_Oak.uasset" to "../../../../../Ureal engine 4/Proyectos/Ondarreta/ProjectOndarreta/Content/StarterContent/Materials/M_Wood_Oak.uasset"
[2016.03.09-18.58.26:561][  0]LogPackFactory: Copied "../../../Samples/StarterContent/Content/StarterContent/Materials/M_Wood_Pine.uasset" to "../../../../../Ureal engine 4/Proyectos/Ondarreta/ProjectOndarreta/Content/StarterContent/Materials/M_Wood_Pine.uasset"
[2016.03.09-18.58.26:592][  0]LogPackFactory: Copied "../../../Samples/StarterContent/Content/StarterContent/Materials/M_Wood_Walnut.uasset" to "../../../../../Ureal engine 4/Proyectos/Ondarreta/ProjectOndarreta/Content/StarterContent/Materials/M_Wood_Walnut.uasset"
[2016.03.09-18.58.26:634][  0]LogPackFactory: Copied "../../../Samples/StarterContent/Content/StarterContent/Particles/P_Ambient_Dust.uasset" to "../../../../../Ureal engine 4/Proyectos/Ondarreta/ProjectOndarreta/Content/StarterContent/Particles/P_Ambient_Dust.uasset"
[2016.03.09-18.58.26:663][  0]LogPackFactory: Copied "../../../Samples/StarterContent/Content/StarterContent/Particles/P_Explosion.uasset" to "../../../../../Ureal engine 4/Proyectos/Ondarreta/ProjectOndarreta/Content/StarterContent/Particles/P_Explosion.uasset"
[2016.03.09-18.58.26:698][  0]LogPackFactory: Copied "../../../Samples/StarterContent/Content/StarterContent/Particles/P_Fire.uasset" to "../../../../../Ureal engine 4/Proyectos/Ondarreta/ProjectOndarreta/Content/StarterContent/Particles/P_Fire.uasset"
[2016.03.09-18.58.26:773][  0]LogPackFactory: Copied "../../../Samples/StarterContent/Content/StarterContent/Particles/P_Smoke.uasset" to "../../../../../Ureal engine 4/Proyectos/Ondarreta/ProjectOndarreta/Content/StarterContent/Particles/P_Smoke.uasset"
[2016.03.09-18.58.26:817][  0]LogPackFactory: Copied "../../../Samples/StarterContent/Content/StarterContent/Particles/P_Sparks.uasset" to "../../../../../Ureal engine 4/Proyectos/Ondarreta/ProjectOndarreta/Content/StarterContent/Particles/P_Sparks.uasset"
[2016.03.09-18.58.26:855][  0]LogPackFactory: Copied "../../../Samples/StarterContent/Content/StarterContent/Particles/P_Steam_Lit.uasset" to "../../../../../Ureal engine 4/Proyectos/Ondarreta/ProjectOndarreta/Content/StarterContent/Particles/P_Steam_Lit.uasset"
[2016.03.09-18.58.26:917][  0]LogPackFactory: Copied "../../../Samples/StarterContent/Content/StarterContent/Particles/Materials/M_Burst.uasset" to "../../../../../Ureal engine 4/Proyectos/Ondarreta/ProjectOndarreta/Content/StarterContent/Particles/Materials/M_Burst.uasset"
[2016.03.09-18.58.26:969][  0]LogPackFactory: Copied "../../../Samples/StarterContent/Content/StarterContent/Particles/Materials/M_Dust_Particle.uasset" to "../../../../../Ureal engine 4/Proyectos/Ondarreta/ProjectOndarreta/Content/StarterContent/Particles/Materials/M_Dust_Particle.uasset"
[2016.03.09-18.58.27:003][  0]LogPackFactory: Copied "../../../Samples/StarterContent/Content/StarterContent/Particles/Materials/M_explosion_subUV.uasset" to "../../../../../Ureal engine 4/Proyectos/Ondarreta/ProjectOndarreta/Content/StarterContent/Particles/Materials/M_explosion_subUV.uasset"
[2016.03.09-18.58.27:027][  0]LogPackFactory: Copied "../../../Samples/StarterContent/Content/StarterContent/Particles/Materials/M_Fire_SubUV.uasset" to "../../../../../Ureal engine 4/Proyectos/Ondarreta/ProjectOndarreta/Content/StarterContent/Particles/Materials/M_Fire_SubUV.uasset"
[2016.03.09-18.58.27:073][  0]LogPackFactory: Copied "../../../Samples/StarterContent/Content/StarterContent/Particles/Materials/m_flare_01.uasset" to "../../../../../Ureal engine 4/Proyectos/Ondarreta/ProjectOndarreta/Content/StarterContent/Particles/Materials/m_flare_01.uasset"
[2016.03.09-18.58.27:116][  0]LogPackFactory: Copied "../../../Samples/StarterContent/Content/StarterContent/Particles/Materials/M_Heat_Distortion.uasset" to "../../../../../Ureal engine 4/Proyectos/Ondarreta/ProjectOndarreta/Content/StarterContent/Particles/Materials/M_Heat_Distortion.uasset"
[2016.03.09-18.58.27:153][  0]LogPackFactory: Copied "../../../Samples/StarterContent/Content/StarterContent/Particles/Materials/M_Radial_Gradient.uasset" to "../../../../../Ureal engine 4/Proyectos/Ondarreta/ProjectOndarreta/Content/StarterContent/Particles/Materials/M_Radial_Gradient.uasset"
[2016.03.09-18.58.27:205][  0]LogPackFactory: Copied "../../../Samples/StarterContent/Content/StarterContent/Particles/Materials/M_radial_ramp.uasset" to "../../../../../Ureal engine 4/Proyectos/Ondarreta/ProjectOndarreta/Content/StarterContent/Particles/Materials/M_radial_ramp.uasset"
[2016.03.09-18.58.27:371][  0]LogPackFactory: Copied "../../../Samples/StarterContent/Content/StarterContent/Particles/Materials/M_smoke_subUV.uasset" to "../../../../../Ureal engine 4/Proyectos/Ondarreta/ProjectOndarreta/Content/StarterContent/Particles/Materials/M_smoke_subUV.uasset"
[2016.03.09-18.58.27:536][  0]LogPackFactory: Copied "../../../Samples/StarterContent/Content/StarterContent/Particles/Materials/M_Spark.uasset" to "../../../../../Ureal engine 4/Proyectos/Ondarreta/ProjectOndarreta/Content/StarterContent/Particles/Materials/M_Spark.uasset"
[2016.03.09-18.58.27:593][  0]LogPackFactory: Copied "../../../Samples/StarterContent/Content/StarterContent/Props/MaterialSphere.uasset" to "../../../../../Ureal engine 4/Proyectos/Ondarreta/ProjectOndarreta/Content/StarterContent/Props/MaterialSphere.uasset"
[2016.03.09-18.58.27:851][  0]LogPackFactory: Copied "../../../Samples/StarterContent/Content/StarterContent/Props/SM_Bush.uasset" to "../../../../../Ureal engine 4/Proyectos/Ondarreta/ProjectOndarreta/Content/StarterContent/Props/SM_Bush.uasset"
[2016.03.09-18.58.27:902][  0]LogPackFactory: Copied "../../../Samples/StarterContent/Content/StarterContent/Props/SM_Chair.uasset" to "../../../../../Ureal engine 4/Proyectos/Ondarreta/ProjectOndarreta/Content/StarterContent/Props/SM_Chair.uasset"
[2016.03.09-18.58.27:974][  0]LogPackFactory: Copied "../../../Samples/StarterContent/Content/StarterContent/Props/SM_CornerFrame.uasset" to "../../../../../Ureal engine 4/Proyectos/Ondarreta/ProjectOndarreta/Content/StarterContent/Props/SM_CornerFrame.uasset"
[2016.03.09-18.58.27:998][  0]LogPackFactory: Copied "../../../Samples/StarterContent/Content/StarterContent/Props/SM_Couch.uasset" to "../../../../../Ureal engine 4/Proyectos/Ondarreta/ProjectOndarreta/Content/StarterContent/Props/SM_Couch.uasset"
[2016.03.09-18.58.28:023][  0]LogPackFactory: Copied "../../../Samples/StarterContent/Content/StarterContent/Props/SM_Door.uasset" to "../../../../../Ureal engine 4/Proyectos/Ondarreta/ProjectOndarreta/Content/StarterContent/Props/SM_Door.uasset"
[2016.03.09-18.58.28:056][  0]LogPackFactory: Copied "../../../Samples/StarterContent/Content/StarterContent/Props/SM_DoorFrame.uasset" to "../../../../../Ureal engine 4/Proyectos/Ondarreta/ProjectOndarreta/Content/StarterContent/Props/SM_DoorFrame.uasset"
[2016.03.09-18.58.28:083][  0]LogPackFactory: Copied "../../../Samples/StarterContent/Content/StarterContent/Props/SM_GlassWindow.uasset" to "../../../../../Ureal engine 4/Proyectos/Ondarreta/ProjectOndarreta/Content/StarterContent/Props/SM_GlassWindow.uasset"
[2016.03.09-18.58.28:107][  0]LogPackFactory: Copied "../../../Samples/StarterContent/Content/StarterContent/Props/SM_Lamp_Ceiling.uasset" to "../../../../../Ureal engine 4/Proyectos/Ondarreta/ProjectOndarreta/Content/StarterContent/Props/SM_Lamp_Ceiling.uasset"
[2016.03.09-18.58.28:140][  0]LogPackFactory: Copied "../../../Samples/StarterContent/Content/StarterContent/Props/SM_Lamp_Wall.uasset" to "../../../../../Ureal engine 4/Proyectos/Ondarreta/ProjectOndarreta/Content/StarterContent/Props/SM_Lamp_Wall.uasset"
[2016.03.09-18.58.28:213][  0]LogPackFactory: Copied "../../../Samples/StarterContent/Content/StarterContent/Props/SM_MatPreviewMesh_02.uasset" to "../../../../../Ureal engine 4/Proyectos/Ondarreta/ProjectOndarreta/Content/StarterContent/Props/SM_MatPreviewMesh_02.uasset"
[2016.03.09-18.58.28:266][  0]LogPackFactory: Copied "../../../Samples/StarterContent/Content/StarterContent/Props/SM_PillarFrame.uasset" to "../../../../../Ureal engine 4/Proyectos/Ondarreta/ProjectOndarreta/Content/StarterContent/Props/SM_PillarFrame.uasset"
[2016.03.09-18.58.28:291][  0]LogPackFactory: Copied "../../../Samples/StarterContent/Content/StarterContent/Props/SM_PillarFrame300.uasset" to "../../../../../Ureal engine 4/Proyectos/Ondarreta/ProjectOndarreta/Content/StarterContent/Props/SM_PillarFrame300.uasset"
[2016.03.09-18.58.28:332][  0]LogPackFactory: Copied "../../../Samples/StarterContent/Content/StarterContent/Props/SM_Rock.uasset" to "../../../../../Ureal engine 4/Proyectos/Ondarreta/ProjectOndarreta/Content/StarterContent/Props/SM_Rock.uasset"
[2016.03.09-18.58.28:350][  0]LogPackFactory: Copied "../../../Samples/StarterContent/Content/StarterContent/Props/SM_Shelf.uasset" to "../../../../../Ureal engine 4/Proyectos/Ondarreta/ProjectOndarreta/Content/StarterContent/Props/SM_Shelf.uasset"
[2016.03.09-18.58.28:382][  0]LogPackFactory: Copied "../../../Samples/StarterContent/Content/StarterContent/Props/SM_Stairs.uasset" to "../../../../../Ureal engine 4/Proyectos/Ondarreta/ProjectOndarreta/Content/StarterContent/Props/SM_Stairs.uasset"
[2016.03.09-18.58.28:421][  0]LogPackFactory: Copied "../../../Samples/StarterContent/Content/StarterContent/Props/SM_Statue.uasset" to "../../../../../Ureal engine 4/Proyectos/Ondarreta/ProjectOndarreta/Content/StarterContent/Props/SM_Statue.uasset"
[2016.03.09-18.58.28:463][  0]LogPackFactory: Copied "../../../Samples/StarterContent/Content/StarterContent/Props/SM_TableRound.uasset" to "../../../../../Ureal engine 4/Proyectos/Ondarreta/ProjectOndarreta/Content/StarterContent/Props/SM_TableRound.uasset"
[2016.03.09-18.58.28:500][  0]LogPackFactory: Copied "../../../Samples/StarterContent/Content/StarterContent/Props/SM_WindowFrame.uasset" to "../../../../../Ureal engine 4/Proyectos/Ondarreta/ProjectOndarreta/Content/StarterContent/Props/SM_WindowFrame.uasset"
[2016.03.09-18.58.28:553][  0]LogPackFactory: Copied "../../../Samples/StarterContent/Content/StarterContent/Props/Materials/M_Bush.uasset" to "../../../../../Ureal engine 4/Proyectos/Ondarreta/ProjectOndarreta/Content/StarterContent/Props/Materials/M_Bush.uasset"
[2016.03.09-18.58.28:851][  0]LogPackFactory: Copied "../../../Samples/StarterContent/Content/StarterContent/Props/Materials/M_Chair.uasset" to "../../../../../Ureal engine 4/Proyectos/Ondarreta/ProjectOndarreta/Content/StarterContent/Props/Materials/M_Chair.uasset"
[2016.03.09-18.58.28:869][  0]LogPackFactory: Copied "../../../Samples/StarterContent/Content/StarterContent/Props/Materials/M_Door.uasset" to "../../../../../Ureal engine 4/Proyectos/Ondarreta/ProjectOndarreta/Content/StarterContent/Props/Materials/M_Door.uasset"
[2016.03.09-18.58.28:959][  0]LogPackFactory: Copied "../../../Samples/StarterContent/Content/StarterContent/Props/Materials/M_Frame.uasset" to "../../../../../Ureal engine 4/Proyectos/Ondarreta/ProjectOndarreta/Content/StarterContent/Props/Materials/M_Frame.uasset"
[2016.03.09-18.58.28:976][  0]LogPackFactory: Copied "../../../Samples/StarterContent/Content/StarterContent/Props/Materials/M_Lamp.uasset" to "../../../../../Ureal engine 4/Proyectos/Ondarreta/ProjectOndarreta/Content/StarterContent/Props/Materials/M_Lamp.uasset"
[2016.03.09-18.58.29:198][  0]LogPackFactory: Copied "../../../Samples/StarterContent/Content/StarterContent/Props/Materials/M_MaterialSphere.uasset" to "../../../../../Ureal engine 4/Proyectos/Ondarreta/ProjectOndarreta/Content/StarterContent/Props/Materials/M_MaterialSphere.uasset"
[2016.03.09-18.58.29:288][  0]LogPackFactory: Copied "../../../Samples/StarterContent/Content/StarterContent/Props/Materials/M_MaterialSphere_Plain.uasset" to "../../../../../Ureal engine 4/Proyectos/Ondarreta/ProjectOndarreta/Content/StarterContent/Props/Materials/M_MaterialSphere_Plain.uasset"
[2016.03.09-18.58.29:363][  0]LogPackFactory: Copied "../../../Samples/StarterContent/Content/StarterContent/Props/Materials/M_Rock.uasset" to "../../../../../Ureal engine 4/Proyectos/Ondarreta/ProjectOndarreta/Content/StarterContent/Props/Materials/M_Rock.uasset"
[2016.03.09-18.58.29:406][  0]LogPackFactory: Copied "../../../Samples/StarterContent/Content/StarterContent/Props/Materials/M_Shelf.uasset" to "../../../../../Ureal engine 4/Proyectos/Ondarreta/ProjectOndarreta/Content/StarterContent/Props/Materials/M_Shelf.uasset"
[2016.03.09-18.58.29:451][  0]LogPackFactory: Copied "../../../Samples/StarterContent/Content/StarterContent/Props/Materials/M_Statue.uasset" to "../../../../../Ureal engine 4/Proyectos/Ondarreta/ProjectOndarreta/Content/StarterContent/Props/Materials/M_Statue.uasset"
[2016.03.09-18.58.29:511][  0]LogPackFactory: Copied "../../../Samples/StarterContent/Content/StarterContent/Props/Materials/M_StatueGlass.uasset" to "../../../../../Ureal engine 4/Proyectos/Ondarreta/ProjectOndarreta/Content/StarterContent/Props/Materials/M_StatueGlass.uasset"
[2016.03.09-18.58.29:543][  0]LogPackFactory: Copied "../../../Samples/StarterContent/Content/StarterContent/Props/Materials/M_TableRound.uasset" to "../../../../../Ureal engine 4/Proyectos/Ondarreta/ProjectOndarreta/Content/StarterContent/Props/Materials/M_TableRound.uasset"
[2016.03.09-18.58.29:615][  0]LogPackFactory: Copied "../../../Samples/StarterContent/Content/StarterContent/Shapes/Shape_Cone.uasset" to "../../../../../Ureal engine 4/Proyectos/Ondarreta/ProjectOndarreta/Content/StarterContent/Shapes/Shape_Cone.uasset"
[2016.03.09-18.58.29:648][  0]LogPackFactory: Copied "../../../Samples/StarterContent/Content/StarterContent/Shapes/Shape_Cube.uasset" to "../../../../../Ureal engine 4/Proyectos/Ondarreta/ProjectOndarreta/Content/StarterContent/Shapes/Shape_Cube.uasset"
[2016.03.09-18.58.29:683][  0]LogPackFactory: Copied "../../../Samples/StarterContent/Content/StarterContent/Shapes/Shape_Cylinder.uasset" to "../../../../../Ureal engine 4/Proyectos/Ondarreta/ProjectOndarreta/Content/StarterContent/Shapes/Shape_Cylinder.uasset"
[2016.03.09-18.58.29:729][  0]LogPackFactory: Copied "../../../Samples/StarterContent/Content/StarterContent/Shapes/Shape_NarrowCapsule.uasset" to "../../../../../Ureal engine 4/Proyectos/Ondarreta/ProjectOndarreta/Content/StarterContent/Shapes/Shape_NarrowCapsule.uasset"
[2016.03.09-18.58.29:747][  0]LogPackFactory: Copied "../../../Samples/StarterContent/Content/StarterContent/Shapes/Shape_Pipe.uasset" to "../../../../../Ureal engine 4/Proyectos/Ondarreta/ProjectOndarreta/Content/StarterContent/Shapes/Shape_Pipe.uasset"
[2016.03.09-18.58.29:782][  0]LogPackFactory: Copied "../../../Samples/StarterContent/Content/StarterContent/Shapes/Shape_Pipe_180.uasset" to "../../../../../Ureal engine 4/Proyectos/Ondarreta/ProjectOndarreta/Content/StarterContent/Shapes/Shape_Pipe_180.uasset"
[2016.03.09-18.58.29:824][  0]LogPackFactory: Copied "../../../Samples/StarterContent/Content/StarterContent/Shapes/Shape_Pipe_90.uasset" to "../../../../../Ureal engine 4/Proyectos/Ondarreta/ProjectOndarreta/Content/StarterContent/Shapes/Shape_Pipe_90.uasset"
[2016.03.09-18.58.29:870][  0]LogPackFactory: Copied "../../../Samples/StarterContent/Content/StarterContent/Shapes/Shape_Plane.uasset" to "../../../../../Ureal engine 4/Proyectos/Ondarreta/ProjectOndarreta/Content/StarterContent/Shapes/Shape_Plane.uasset"
[2016.03.09-18.58.29:901][  0]LogPackFactory: Copied "../../../Samples/StarterContent/Content/StarterContent/Shapes/Shape_QuadPyramid.uasset" to "../../../../../Ureal engine 4/Proyectos/Ondarreta/ProjectOndarreta/Content/StarterContent/Shapes/Shape_QuadPyramid.uasset"
[2016.03.09-18.58.29:976][  0]LogPackFactory: Copied "../../../Samples/StarterContent/Content/StarterContent/Shapes/Shape_Sphere.uasset" to "../../../../../Ureal engine 4/Proyectos/Ondarreta/ProjectOndarreta/Content/StarterContent/Shapes/Shape_Sphere.uasset"
[2016.03.09-18.58.30:118][  0]LogPackFactory: Copied "../../../Samples/StarterContent/Content/StarterContent/Shapes/Shape_Torus.uasset" to "../../../../../Ureal engine 4/Proyectos/Ondarreta/ProjectOndarreta/Content/StarterContent/Shapes/Shape_Torus.uasset"
[2016.03.09-18.58.30:162][  0]LogPackFactory: Copied "../../../Samples/StarterContent/Content/StarterContent/Shapes/Shape_Trim.uasset" to "../../../../../Ureal engine 4/Proyectos/Ondarreta/ProjectOndarreta/Content/StarterContent/Shapes/Shape_Trim.uasset"
[2016.03.09-18.58.30:197][  0]LogPackFactory: Copied "../../../Samples/StarterContent/Content/StarterContent/Shapes/Shape_Trim_90_In.uasset" to "../../../../../Ureal engine 4/Proyectos/Ondarreta/ProjectOndarreta/Content/StarterContent/Shapes/Shape_Trim_90_In.uasset"
[2016.03.09-18.58.30:214][  0]LogPackFactory: Copied "../../../Samples/StarterContent/Content/StarterContent/Shapes/Shape_Trim_90_Out.uasset" to "../../../../../Ureal engine 4/Proyectos/Ondarreta/ProjectOndarreta/Content/StarterContent/Shapes/Shape_Trim_90_Out.uasset"
[2016.03.09-18.58.30:248][  0]LogPackFactory: Copied "../../../Samples/StarterContent/Content/StarterContent/Shapes/Shape_TriPyramid.uasset" to "../../../../../Ureal engine 4/Proyectos/Ondarreta/ProjectOndarreta/Content/StarterContent/Shapes/Shape_TriPyramid.uasset"
[2016.03.09-18.58.30:280][  0]LogPackFactory: Copied "../../../Samples/StarterContent/Content/StarterContent/Shapes/Shape_Tube.uasset" to "../../../../../Ureal engine 4/Proyectos/Ondarreta/ProjectOndarreta/Content/StarterContent/Shapes/Shape_Tube.uasset"
[2016.03.09-18.58.30:298][  0]LogPackFactory: Copied "../../../Samples/StarterContent/Content/StarterContent/Shapes/Shape_Wedge_A.uasset" to "../../../../../Ureal engine 4/Proyectos/Ondarreta/ProjectOndarreta/Content/StarterContent/Shapes/Shape_Wedge_A.uasset"
[2016.03.09-18.58.30:341][  0]LogPackFactory: Copied "../../../Samples/StarterContent/Content/StarterContent/Shapes/Shape_Wedge_B.uasset" to "../../../../../Ureal engine 4/Proyectos/Ondarreta/ProjectOndarreta/Content/StarterContent/Shapes/Shape_Wedge_B.uasset"
[2016.03.09-18.58.30:376][  0]LogPackFactory: Copied "../../../Samples/StarterContent/Content/StarterContent/Shapes/Shape_WideCapsule.uasset" to "../../../../../Ureal engine 4/Proyectos/Ondarreta/ProjectOndarreta/Content/StarterContent/Shapes/Shape_WideCapsule.uasset"
[2016.03.09-18.58.30:516][  0]LogPackFactory: Copied "../../../Samples/StarterContent/Content/StarterContent/Textures/T_Brick_Clay_Beveled_D.uasset" to "../../../../../Ureal engine 4/Proyectos/Ondarreta/ProjectOndarreta/Content/StarterContent/Textures/T_Brick_Clay_Beveled_D.uasset"
[2016.03.09-18.58.30:665][  0]LogPackFactory: Copied "../../../Samples/StarterContent/Content/StarterContent/Textures/T_Brick_Clay_Beveled_M.uasset" to "../../../../../Ureal engine 4/Proyectos/Ondarreta/ProjectOndarreta/Content/StarterContent/Textures/T_Brick_Clay_Beveled_M.uasset"
[2016.03.09-18.58.30:787][  0]LogPackFactory: Copied "../../../Samples/StarterContent/Content/StarterContent/Textures/T_Brick_Clay_Beveled_N.uasset" to "../../../../../Ureal engine 4/Proyectos/Ondarreta/ProjectOndarreta/Content/StarterContent/Textures/T_Brick_Clay_Beveled_N.uasset"
[2016.03.09-18.58.30:939][  0]LogPackFactory: Copied "../../../Samples/StarterContent/Content/StarterContent/Textures/T_Brick_Clay_New_D.uasset" to "../../../../../Ureal engine 4/Proyectos/Ondarreta/ProjectOndarreta/Content/StarterContent/Textures/T_Brick_Clay_New_D.uasset"
[2016.03.09-18.58.31:091][  0]LogPackFactory: Copied "../../../Samples/StarterContent/Content/StarterContent/Textures/T_Brick_Clay_New_M.uasset" to "../../../../../Ureal engine 4/Proyectos/Ondarreta/ProjectOndarreta/Content/StarterContent/Textures/T_Brick_Clay_New_M.uasset"
[2016.03.09-18.58.31:227][  0]LogPackFactory: Copied "../../../Samples/StarterContent/Content/StarterContent/Textures/T_Brick_Clay_New_N.uasset" to "../../../../../Ureal engine 4/Proyectos/Ondarreta/ProjectOndarreta/Content/StarterContent/Textures/T_Brick_Clay_New_N.uasset"
[2016.03.09-18.58.31:426][  0]LogPackFactory: Copied "../../../Samples/StarterContent/Content/StarterContent/Textures/T_Brick_Clay_Old_D.uasset" to "../../../../../Ureal engine 4/Proyectos/Ondarreta/ProjectOndarreta/Content/StarterContent/Textures/T_Brick_Clay_Old_D.uasset"
[2016.03.09-18.58.31:756][  0]LogPackFactory: Copied "../../../Samples/StarterContent/Content/StarterContent/Textures/T_Brick_Clay_Old_N.uasset" to "../../../../../Ureal engine 4/Proyectos/Ondarreta/ProjectOndarreta/Content/StarterContent/Textures/T_Brick_Clay_Old_N.uasset"
[2016.03.09-18.58.31:942][  0]LogPackFactory: Copied "../../../Samples/StarterContent/Content/StarterContent/Textures/T_Brick_Cut_Stone_D.uasset" to "../../../../../Ureal engine 4/Proyectos/Ondarreta/ProjectOndarreta/Content/StarterContent/Textures/T_Brick_Cut_Stone_D.uasset"
[2016.03.09-18.58.32:051][  0]LogPackFactory: Copied "../../../Samples/StarterContent/Content/StarterContent/Textures/T_Brick_Cut_Stone_N.uasset" to "../../../../../Ureal engine 4/Proyectos/Ondarreta/ProjectOndarreta/Content/StarterContent/Textures/T_Brick_Cut_Stone_N.uasset"
[2016.03.09-18.58.32:148][  0]LogPackFactory: Copied "../../../Samples/StarterContent/Content/StarterContent/Textures/T_Brick_Hewn_Stone_D.uasset" to "../../../../../Ureal engine 4/Proyectos/Ondarreta/ProjectOndarreta/Content/StarterContent/Textures/T_Brick_Hewn_Stone_D.uasset"
[2016.03.09-18.58.32:299][  0]LogPackFactory: Copied "../../../Samples/StarterContent/Content/StarterContent/Textures/T_Brick_Hewn_Stone_M.uasset" to "../../../../../Ureal engine 4/Proyectos/Ondarreta/ProjectOndarreta/Content/StarterContent/Textures/T_Brick_Hewn_Stone_M.uasset"
[2016.03.09-18.58.32:436][  0]LogPackFactory: Copied "../../../Samples/StarterContent/Content/StarterContent/Textures/T_Brick_Hewn_Stone_N.uasset" to "../../../../../Ureal engine 4/Proyectos/Ondarreta/ProjectOndarreta/Content/StarterContent/Textures/T_Brick_Hewn_Stone_N.uasset"
[2016.03.09-18.58.32:485][  0]LogPackFactory: Copied "../../../Samples/StarterContent/Content/StarterContent/Textures/T_Burst_M.uasset" to "../../../../../Ureal engine 4/Proyectos/Ondarreta/ProjectOndarreta/Content/StarterContent/Textures/T_Burst_M.uasset"
[2016.03.09-18.58.32:505][  0]LogPackFactory: Copied "../../../Samples/StarterContent/Content/StarterContent/Textures/T_Bush_D.uasset" to "../../../../../Ureal engine 4/Proyectos/Ondarreta/ProjectOndarreta/Content/StarterContent/Textures/T_Bush_D.uasset"
[2016.03.09-18.58.32:564][  0]LogPackFactory: Copied "../../../Samples/StarterContent/Content/StarterContent/Textures/T_Bush_N.uasset" to "../../../../../Ureal engine 4/Proyectos/Ondarreta/ProjectOndarreta/Content/StarterContent/Textures/T_Bush_N.uasset"
[2016.03.09-18.58.32:602][  0]LogPackFactory: Copied "../../../Samples/StarterContent/Content/StarterContent/Textures/T_Ceramic_Tile_M.uasset" to "../../../../../Ureal engine 4/Proyectos/Ondarreta/ProjectOndarreta/Content/StarterContent/Textures/T_Ceramic_Tile_M.uasset"
[2016.03.09-18.58.32:640][  0]LogPackFactory: Copied "../../../Samples/StarterContent/Content/StarterContent/Textures/T_Ceramic_Tile_N.uasset" to "../../../../../Ureal engine 4/Proyectos/Ondarreta/ProjectOndarreta/Content/StarterContent/Textures/T_Ceramic_Tile_N.uasset"
[2016.03.09-18.58.32:742][  0]LogPackFactory: Copied "../../../Samples/StarterContent/Content/StarterContent/Textures/T_Chair_M.uasset" to "../../../../../Ureal engine 4/Proyectos/Ondarreta/ProjectOndarreta/Content/StarterContent/Textures/T_Chair_M.uasset"
[2016.03.09-18.58.33:099][  0]LogPackFactory: Copied "../../../Samples/StarterContent/Content/StarterContent/Textures/T_Chair_N.uasset" to "../../../../../Ureal engine 4/Proyectos/Ondarreta/ProjectOndarreta/Content/StarterContent/Textures/T_Chair_N.uasset"
[2016.03.09-18.58.33:133][  0]LogPackFactory: Copied "../../../Samples/StarterContent/Content/StarterContent/Textures/T_Checker_Noise_M.uasset" to "../../../../../Ureal engine 4/Proyectos/Ondarreta/ProjectOndarreta/Content/StarterContent/Textures/T_Checker_Noise_M.uasset"
[2016.03.09-18.58.33:315][  0]LogPackFactory: Copied "../../../Samples/StarterContent/Content/StarterContent/Textures/T_CobbleStone_Pebble_D.uasset" to "../../../../../Ureal engine 4/Proyectos/Ondarreta/ProjectOndarreta/Content/StarterContent/Textures/T_CobbleStone_Pebble_D.uasset"
[2016.03.09-18.58.33:341][  0]LogPackFactory: Copied "../../../Samples/StarterContent/Content/StarterContent/Textures/T_CobbleStone_Pebble_M.uasset" to "../../../../../Ureal engine 4/Proyectos/Ondarreta/ProjectOndarreta/Content/StarterContent/Textures/T_CobbleStone_Pebble_M.uasset"
[2016.03.09-18.58.33:539][  0]LogPackFactory: Copied "../../../Samples/StarterContent/Content/StarterContent/Textures/T_CobbleStone_Pebble_N.uasset" to "../../../../../Ureal engine 4/Proyectos/Ondarreta/ProjectOndarreta/Content/StarterContent/Textures/T_CobbleStone_Pebble_N.uasset"
[2016.03.09-18.58.33:610][  0]LogPackFactory: Copied "../../../Samples/StarterContent/Content/StarterContent/Textures/T_CobbleStone_Rough_D.uasset" to "../../../../../Ureal engine 4/Proyectos/Ondarreta/ProjectOndarreta/Content/StarterContent/Textures/T_CobbleStone_Rough_D.uasset"
[2016.03.09-18.58.33:666][  0]LogPackFactory: Copied "../../../Samples/StarterContent/Content/StarterContent/Textures/T_CobbleStone_Rough_N.uasset" to "../../../../../Ureal engine 4/Proyectos/Ondarreta/ProjectOndarreta/Content/StarterContent/Textures/T_CobbleStone_Rough_N.uasset"
[2016.03.09-18.58.33:785][  0]LogPackFactory: Copied "../../../Samples/StarterContent/Content/StarterContent/Textures/T_CobbleStone_Smooth_D.uasset" to "../../../../../Ureal engine 4/Proyectos/Ondarreta/ProjectOndarreta/Content/StarterContent/Textures/T_CobbleStone_Smooth_D.uasset"
[2016.03.09-18.58.33:920][  0]LogPackFactory: Copied "../../../Samples/StarterContent/Content/StarterContent/Textures/T_CobbleStone_Smooth_M.uasset" to "../../../../../Ureal engine 4/Proyectos/Ondarreta/ProjectOndarreta/Content/StarterContent/Textures/T_CobbleStone_Smooth_M.uasset"
[2016.03.09-18.58.34:162][  0]LogPackFactory: Copied "../../../Samples/StarterContent/Content/StarterContent/Textures/T_CobbleStone_Smooth_N.uasset" to "../../../../../Ureal engine 4/Proyectos/Ondarreta/ProjectOndarreta/Content/StarterContent/Textures/T_CobbleStone_Smooth_N.uasset"
[2016.03.09-18.58.34:517][  0]LogPackFactory: Copied "../../../Samples/StarterContent/Content/StarterContent/Textures/T_Concrete_Grime_D.uasset" to "../../../../../Ureal engine 4/Proyectos/Ondarreta/ProjectOndarreta/Content/StarterContent/Textures/T_Concrete_Grime_D.uasset"
[2016.03.09-18.58.34:709][  0]LogPackFactory: Copied "../../../Samples/StarterContent/Content/StarterContent/Textures/T_Concrete_Panels_D.uasset" to "../../../../../Ureal engine 4/Proyectos/Ondarreta/ProjectOndarreta/Content/StarterContent/Textures/T_Concrete_Panels_D.uasset"
[2016.03.09-18.58.35:223][  0]LogPackFactory: Copied "../../../Samples/StarterContent/Content/StarterContent/Textures/T_Concrete_Panels_N.uasset" to "../../../../../Ureal engine 4/Proyectos/Ondarreta/ProjectOndarreta/Content/StarterContent/Textures/T_Concrete_Panels_N.uasset"
[2016.03.09-18.58.35:607][  0]LogPackFactory: Copied "../../../Samples/StarterContent/Content/StarterContent/Textures/T_Concrete_Poured_D.uasset" to "../../../../../Ureal engine 4/Proyectos/Ondarreta/ProjectOndarreta/Content/StarterContent/Textures/T_Concrete_Poured_D.uasset"
[2016.03.09-18.58.35:878][  0]LogPackFactory: Copied "../../../Samples/StarterContent/Content/StarterContent/Textures/T_Concrete_Poured_N.uasset" to "../../../../../Ureal engine 4/Proyectos/Ondarreta/ProjectOndarreta/Content/StarterContent/Textures/T_Concrete_Poured_N.uasset"
[2016.03.09-18.58.36:065][  0]LogPackFactory: Copied "../../../Samples/StarterContent/Content/StarterContent/Textures/T_Concrete_Tiles_D.uasset" to "../../../../../Ureal engine 4/Proyectos/Ondarreta/ProjectOndarreta/Content/StarterContent/Textures/T_Concrete_Tiles_D.uasset"
[2016.03.09-18.58.36:342][  0]LogPackFactory: Copied "../../../Samples/StarterContent/Content/StarterContent/Textures/T_Concrete_Tiles_M.uasset" to "../../../../../Ureal engine 4/Proyectos/Ondarreta/ProjectOndarreta/Content/StarterContent/Textures/T_Concrete_Tiles_M.uasset"
[2016.03.09-18.58.36:874][  0]LogPackFactory: Copied "../../../Samples/StarterContent/Content/StarterContent/Textures/T_Concrete_Tiles_N.uasset" to "../../../../../Ureal engine 4/Proyectos/Ondarreta/ProjectOndarreta/Content/StarterContent/Textures/T_Concrete_Tiles_N.uasset"
[2016.03.09-18.58.37:057][  0]LogPackFactory: Copied "../../../Samples/StarterContent/Content/StarterContent/Textures/T_Concrete_Tiles_Variation_M.uasset" to "../../../../../Ureal engine 4/Proyectos/Ondarreta/ProjectOndarreta/Content/StarterContent/Textures/T_Concrete_Tiles_Variation_M.uasset"
[2016.03.09-18.58.37:226][  0]LogPackFactory: Copied "../../../Samples/StarterContent/Content/StarterContent/Textures/T_Detail_Rocky_N.uasset" to "../../../../../Ureal engine 4/Proyectos/Ondarreta/ProjectOndarreta/Content/StarterContent/Textures/T_Detail_Rocky_N.uasset"
[2016.03.09-18.58.37:610][  0]LogPackFactory: Copied "../../../Samples/StarterContent/Content/StarterContent/Textures/T_Door_M.uasset" to "../../../../../Ureal engine 4/Proyectos/Ondarreta/ProjectOndarreta/Content/StarterContent/Textures/T_Door_M.uasset"
[2016.03.09-18.58.38:043][  0]LogPackFactory: Copied "../../../Samples/StarterContent/Content/StarterContent/Textures/T_Door_N.uasset" to "../../../../../Ureal engine 4/Proyectos/Ondarreta/ProjectOndarreta/Content/StarterContent/Textures/T_Door_N.uasset"
[2016.03.09-18.58.38:207][  0]LogPackFactory: Copied "../../../Samples/StarterContent/Content/StarterContent/Textures/T_Dust_Particle_D.uasset" to "../../../../../Ureal engine 4/Proyectos/Ondarreta/ProjectOndarreta/Content/StarterContent/Textures/T_Dust_Particle_D.uasset"
[2016.03.09-18.58.38:385][  0]LogPackFactory: Copied "../../../Samples/StarterContent/Content/StarterContent/Textures/T_Explosion_SubUV.uasset" to "../../../../../Ureal engine 4/Proyectos/Ondarreta/ProjectOndarreta/Content/StarterContent/Textures/T_Explosion_SubUV.uasset"
[2016.03.09-18.58.38:505][  0]LogPackFactory: Copied "../../../Samples/StarterContent/Content/StarterContent/Textures/T_Fire_SubUV.uasset" to "../../../../../Ureal engine 4/Proyectos/Ondarreta/ProjectOndarreta/Content/StarterContent/Textures/T_Fire_SubUV.uasset"
[2016.03.09-18.58.38:552][  0]LogPackFactory: Copied "../../../Samples/StarterContent/Content/StarterContent/Textures/T_Fire_Tiled_D.uasset" to "../../../../../Ureal engine 4/Proyectos/Ondarreta/ProjectOndarreta/Content/StarterContent/Textures/T_Fire_Tiled_D.uasset"
[2016.03.09-18.58.38:589][  0]LogPackFactory: Copied "../../../Samples/StarterContent/Content/StarterContent/Textures/T_Frame_M.uasset" to "../../../../../Ureal engine 4/Proyectos/Ondarreta/ProjectOndarreta/Content/StarterContent/Textures/T_Frame_M.uasset"
[2016.03.09-18.58.38:630][  0]LogPackFactory: Copied "../../../Samples/StarterContent/Content/StarterContent/Textures/T_Frame_N.uasset" to "../../../../../Ureal engine 4/Proyectos/Ondarreta/ProjectOndarreta/Content/StarterContent/Textures/T_Frame_N.uasset"
[2016.03.09-18.58.38:791][  0]LogPackFactory: Copied "../../../Samples/StarterContent/Content/StarterContent/Textures/T_Gradinet_01.uasset" to "../../../../../Ureal engine 4/Proyectos/Ondarreta/ProjectOndarreta/Content/StarterContent/Textures/T_Gradinet_01.uasset"
[2016.03.09-18.58.39:292][  0]LogPackFactory: Copied "../../../Samples/StarterContent/Content/StarterContent/Textures/T_Ground_Grass_D.uasset" to "../../../../../Ureal engine 4/Proyectos/Ondarreta/ProjectOndarreta/Content/StarterContent/Textures/T_Ground_Grass_D.uasset"
[2016.03.09-18.58.39:801][  0]LogPackFactory: Copied "../../../Samples/StarterContent/Content/StarterContent/Textures/T_Ground_Grass_N.uasset" to "../../../../../Ureal engine 4/Proyectos/Ondarreta/ProjectOndarreta/Content/StarterContent/Textures/T_Ground_Grass_N.uasset"
[2016.03.09-18.58.39:963][  0]LogPackFactory: Copied "../../../Samples/StarterContent/Content/StarterContent/Textures/T_Ground_Gravel_D.uasset" to "../../../../../Ureal engine 4/Proyectos/Ondarreta/ProjectOndarreta/Content/StarterContent/Textures/T_Ground_Gravel_D.uasset"
[2016.03.09-18.58.40:100][  0]LogPackFactory: Copied "../../../Samples/StarterContent/Content/StarterContent/Textures/T_Ground_Gravel_N.uasset" to "../../../../../Ureal engine 4/Proyectos/Ondarreta/ProjectOndarreta/Content/StarterContent/Textures/T_Ground_Gravel_N.uasset"
[2016.03.09-18.58.40:687][  0]LogPackFactory: Copied "../../../Samples/StarterContent/Content/StarterContent/Textures/T_ground_Moss_D.uasset" to "../../../../../Ureal engine 4/Proyectos/Ondarreta/ProjectOndarreta/Content/StarterContent/Textures/T_ground_Moss_D.uasset"
[2016.03.09-18.58.40:903][  0]LogPackFactory: Copied "../../../Samples/StarterContent/Content/StarterContent/Textures/T_Ground_Moss_N.uasset" to "../../../../../Ureal engine 4/Proyectos/Ondarreta/ProjectOndarreta/Content/StarterContent/Textures/T_Ground_Moss_N.uasset"
[2016.03.09-18.58.40:995][  0]LogPackFactory: Copied "../../../Samples/StarterContent/Content/StarterContent/Textures/T_Lamp_M.uasset" to "../../../../../Ureal engine 4/Proyectos/Ondarreta/ProjectOndarreta/Content/StarterContent/Textures/T_Lamp_M.uasset"
[2016.03.09-18.58.41:248][  0]LogPackFactory: Copied "../../../Samples/StarterContent/Content/StarterContent/Textures/T_Lamp_N.uasset" to "../../../../../Ureal engine 4/Proyectos/Ondarreta/ProjectOndarreta/Content/StarterContent/Textures/T_Lamp_N.uasset"
[2016.03.09-18.58.41:686][  0]LogPackFactory: Copied "../../../Samples/StarterContent/Content/StarterContent/Textures/T_MacroVariation.uasset" to "../../../../../Ureal engine 4/Proyectos/Ondarreta/ProjectOndarreta/Content/StarterContent/Textures/T_MacroVariation.uasset"
[2016.03.09-18.58.42:107][  0]LogPackFactory: Copied "../../../Samples/StarterContent/Content/StarterContent/Textures/T_Metal_Aluminum_D.uasset" to "../../../../../Ureal engine 4/Proyectos/Ondarreta/ProjectOndarreta/Content/StarterContent/Textures/T_Metal_Aluminum_D.uasset"
[2016.03.09-18.58.42:313][  0]LogPackFactory: Copied "../../../Samples/StarterContent/Content/StarterContent/Textures/T_Metal_Copper_D.uasset" to "../../../../../Ureal engine 4/Proyectos/Ondarreta/ProjectOndarreta/Content/StarterContent/Textures/T_Metal_Copper_D.uasset"
[2016.03.09-18.58.42:678][  0]LogPackFactory: Copied "../../../Samples/StarterContent/Content/StarterContent/Textures/T_Metal_Gold_D.uasset" to "../../../../../Ureal engine 4/Proyectos/Ondarreta/ProjectOndarreta/Content/StarterContent/Textures/T_Metal_Gold_D.uasset"
[2016.03.09-18.58.43:137][  0]LogPackFactory: Copied "../../../Samples/StarterContent/Content/StarterContent/Textures/T_Metal_Gold_N.uasset" to "../../../../../Ureal engine 4/Proyectos/Ondarreta/ProjectOndarreta/Content/StarterContent/Textures/T_Metal_Gold_N.uasset"
[2016.03.09-18.58.43:441][  0]LogPackFactory: Copied "../../../Samples/StarterContent/Content/StarterContent/Textures/T_Metal_Rust_D.uasset" to "../../../../../Ureal engine 4/Proyectos/Ondarreta/ProjectOndarreta/Content/StarterContent/Textures/T_Metal_Rust_D.uasset"
[2016.03.09-18.58.43:667][  0]LogPackFactory: Copied "../../../Samples/StarterContent/Content/StarterContent/Textures/T_Metal_Rust_N.uasset" to "../../../../../Ureal engine 4/Proyectos/Ondarreta/ProjectOndarreta/Content/StarterContent/Textures/T_Metal_Rust_N.uasset"
[2016.03.09-18.58.44:005][  0]LogPackFactory: Copied "../../../Samples/StarterContent/Content/StarterContent/Textures/T_Metal_Steel_D.uasset" to "../../../../../Ureal engine 4/Proyectos/Ondarreta/ProjectOndarreta/Content/StarterContent/Textures/T_Metal_Steel_D.uasset"
[2016.03.09-18.58.44:116][  0]LogPackFactory: Copied "../../../Samples/StarterContent/Content/StarterContent/Textures/T_Metal_Steel_N.uasset" to "../../../../../Ureal engine 4/Proyectos/Ondarreta/ProjectOndarreta/Content/StarterContent/Textures/T_Metal_Steel_N.uasset"
[2016.03.09-18.58.44:511][  0]LogPackFactory: Copied "../../../Samples/StarterContent/Content/StarterContent/Textures/T_Perlin_Noise_M.uasset" to "../../../../../Ureal engine 4/Proyectos/Ondarreta/ProjectOndarreta/Content/StarterContent/Textures/T_Perlin_Noise_M.uasset"
[2016.03.09-18.58.44:924][  0]LogPackFactory: Copied "../../../Samples/StarterContent/Content/StarterContent/Textures/T_RockMesh_M.uasset" to "../../../../../Ureal engine 4/Proyectos/Ondarreta/ProjectOndarreta/Content/StarterContent/Textures/T_RockMesh_M.uasset"
[2016.03.09-18.58.45:266][  0]LogPackFactory: Copied "../../../Samples/StarterContent/Content/StarterContent/Textures/T_RockMesh_N.uasset" to "../../../../../Ureal engine 4/Proyectos/Ondarreta/ProjectOndarreta/Content/StarterContent/Textures/T_RockMesh_N.uasset"
[2016.03.09-18.58.45:509][  0]LogPackFactory: Copied "../../../Samples/StarterContent/Content/StarterContent/Textures/T_Rock_Basalt_D.uasset" to "../../../../../Ureal engine 4/Proyectos/Ondarreta/ProjectOndarreta/Content/StarterContent/Textures/T_Rock_Basalt_D.uasset"
[2016.03.09-18.58.45:878][  0]LogPackFactory: Copied "../../../Samples/StarterContent/Content/StarterContent/Textures/T_Rock_Basalt_N.uasset" to "../../../../../Ureal engine 4/Proyectos/Ondarreta/ProjectOndarreta/Content/StarterContent/Textures/T_Rock_Basalt_N.uasset"
[2016.03.09-18.58.46:210][  0]LogPackFactory: Copied "../../../Samples/StarterContent/Content/StarterContent/Textures/T_Rock_Marble_Polished_D.uasset" to "../../../../../Ureal engine 4/Proyectos/Ondarreta/ProjectOndarreta/Content/StarterContent/Textures/T_Rock_Marble_Polished_D.uasset"
[2016.03.09-18.58.46:452][  0]LogPackFactory: Copied "../../../Samples/StarterContent/Content/StarterContent/Textures/T_Rock_Sandstone_D.uasset" to "../../../../../Ureal engine 4/Proyectos/Ondarreta/ProjectOndarreta/Content/StarterContent/Textures/T_Rock_Sandstone_D.uasset"
[2016.03.09-18.58.46:742][  0]LogPackFactory: Copied "../../../Samples/StarterContent/Content/StarterContent/Textures/T_Rock_Sandstone_N.uasset" to "../../../../../Ureal engine 4/Proyectos/Ondarreta/ProjectOndarreta/Content/StarterContent/Textures/T_Rock_Sandstone_N.uasset"
[2016.03.09-18.58.47:320][  0]LogPackFactory: Copied "../../../Samples/StarterContent/Content/StarterContent/Textures/T_Rock_Slate_D.uasset" to "../../../../../Ureal engine 4/Proyectos/Ondarreta/ProjectOndarreta/Content/StarterContent/Textures/T_Rock_Slate_D.uasset"
[2016.03.09-18.58.47:528][  0]LogPackFactory: Copied "../../../Samples/StarterContent/Content/StarterContent/Textures/T_Rock_Slate_N.uasset" to "../../../../../Ureal engine 4/Proyectos/Ondarreta/ProjectOndarreta/Content/StarterContent/Textures/T_Rock_Slate_N.uasset"
[2016.03.09-18.58.47:736][  0]LogPackFactory: Copied "../../../Samples/StarterContent/Content/StarterContent/Textures/T_Rock_Smooth_Granite_D.uasset" to "../../../../../Ureal engine 4/Proyectos/Ondarreta/ProjectOndarreta/Content/StarterContent/Textures/T_Rock_Smooth_Granite_D.uasset"
[2016.03.09-18.58.47:920][  0]LogPackFactory: Copied "../../../Samples/StarterContent/Content/StarterContent/Textures/T_Shelf_M.uasset" to "../../../../../Ureal engine 4/Proyectos/Ondarreta/ProjectOndarreta/Content/StarterContent/Textures/T_Shelf_M.uasset"
[2016.03.09-18.58.48:372][  0]LogPackFactory: Copied "../../../Samples/StarterContent/Content/StarterContent/Textures/T_Shelf_N.uasset" to "../../../../../Ureal engine 4/Proyectos/Ondarreta/ProjectOndarreta/Content/StarterContent/Textures/T_Shelf_N.uasset"
[2016.03.09-18.58.48:459][  0]LogPackFactory: Copied "../../../Samples/StarterContent/Content/StarterContent/Textures/T_Single_Tile_N.uasset" to "../../../../../Ureal engine 4/Proyectos/Ondarreta/ProjectOndarreta/Content/StarterContent/Textures/T_Single_Tile_N.uasset"
[2016.03.09-18.58.48:775][  0]LogPackFactory: Copied "../../../Samples/StarterContent/Content/StarterContent/Textures/T_Smoke_SubUV.uasset" to "../../../../../Ureal engine 4/Proyectos/Ondarreta/ProjectOndarreta/Content/StarterContent/Textures/T_Smoke_SubUV.uasset"
[2016.03.09-18.58.48:908][  0]LogPackFactory: Copied "../../../Samples/StarterContent/Content/StarterContent/Textures/T_Smoke_Tiled_D.uasset" to "../../../../../Ureal engine 4/Proyectos/Ondarreta/ProjectOndarreta/Content/StarterContent/Textures/T_Smoke_Tiled_D.uasset"
[2016.03.09-18.58.49:164][  0]LogPackFactory: Copied "../../../Samples/StarterContent/Content/StarterContent/Textures/T_Spark_Core.uasset" to "../../../../../Ureal engine 4/Proyectos/Ondarreta/ProjectOndarreta/Content/StarterContent/Textures/T_Spark_Core.uasset"
[2016.03.09-18.58.49:307][  0]LogPackFactory: Copied "../../../Samples/StarterContent/Content/StarterContent/Textures/T_Statue_M.uasset" to "../../../../../Ureal engine 4/Proyectos/Ondarreta/ProjectOndarreta/Content/StarterContent/Textures/T_Statue_M.uasset"
[2016.03.09-18.58.49:629][  0]LogPackFactory: Copied "../../../Samples/StarterContent/Content/StarterContent/Textures/T_Statue_N.uasset" to "../../../../../Ureal engine 4/Proyectos/Ondarreta/ProjectOndarreta/Content/StarterContent/Textures/T_Statue_N.uasset"
[2016.03.09-18.58.49:715][  0]LogPackFactory: Copied "../../../Samples/StarterContent/Content/StarterContent/Textures/T_TableRound_M.uasset" to "../../../../../Ureal engine 4/Proyectos/Ondarreta/ProjectOndarreta/Content/StarterContent/Textures/T_TableRound_M.uasset"
[2016.03.09-18.58.49:900][  0]LogPackFactory: Copied "../../../Samples/StarterContent/Content/StarterContent/Textures/T_TableRound_N.uasset" to "../../../../../Ureal engine 4/Proyectos/Ondarreta/ProjectOndarreta/Content/StarterContent/Textures/T_TableRound_N.uasset"
[2016.03.09-18.58.50:013][  0]LogPackFactory: Copied "../../../Samples/StarterContent/Content/StarterContent/Textures/T_Tech_Dot_M.uasset" to "../../../../../Ureal engine 4/Proyectos/Ondarreta/ProjectOndarreta/Content/StarterContent/Textures/T_Tech_Dot_M.uasset"
[2016.03.09-18.58.50:325][  0]LogPackFactory: Copied "../../../Samples/StarterContent/Content/StarterContent/Textures/T_Tech_Dot_N.uasset" to "../../../../../Ureal engine 4/Proyectos/Ondarreta/ProjectOndarreta/Content/StarterContent/Textures/T_Tech_Dot_N.uasset"
[2016.03.09-18.58.50:468][  0]LogPackFactory: Copied "../../../Samples/StarterContent/Content/StarterContent/Textures/T_Tech_Hex_Tile_M.uasset" to "../../../../../Ureal engine 4/Proyectos/Ondarreta/ProjectOndarreta/Content/StarterContent/Textures/T_Tech_Hex_Tile_M.uasset"
[2016.03.09-18.58.50:687][  0]LogPackFactory: Copied "../../../Samples/StarterContent/Content/StarterContent/Textures/T_Tech_Hex_Tile_N.uasset" to "../../../../../Ureal engine 4/Proyectos/Ondarreta/ProjectOndarreta/Content/StarterContent/Textures/T_Tech_Hex_Tile_N.uasset"
[2016.03.09-18.58.50:734][  0]LogPackFactory: Copied "../../../Samples/StarterContent/Content/StarterContent/Textures/T_Tech_Panel_M.uasset" to "../../../../../Ureal engine 4/Proyectos/Ondarreta/ProjectOndarreta/Content/StarterContent/Textures/T_Tech_Panel_M.uasset"
[2016.03.09-18.58.50:812][  0]LogPackFactory: Copied "../../../Samples/StarterContent/Content/StarterContent/Textures/T_Tech_Panel_N.uasset" to "../../../../../Ureal engine 4/Proyectos/Ondarreta/ProjectOndarreta/Content/StarterContent/Textures/T_Tech_Panel_N.uasset"
[2016.03.09-18.58.50:878][  0]LogPackFactory: Copied "../../../Samples/StarterContent/Content/StarterContent/Textures/T_Water_M.uasset" to "../../../../../Ureal engine 4/Proyectos/Ondarreta/ProjectOndarreta/Content/StarterContent/Textures/T_Water_M.uasset"
[2016.03.09-18.58.50:967][  0]LogPackFactory: Copied "../../../Samples/StarterContent/Content/StarterContent/Textures/T_Water_N.uasset" to "../../../../../Ureal engine 4/Proyectos/Ondarreta/ProjectOndarreta/Content/StarterContent/Textures/T_Water_N.uasset"
[2016.03.09-18.58.51:059][  0]LogPackFactory: Copied "../../../Samples/StarterContent/Content/StarterContent/Textures/T_Wood_Floor_Walnut_D.uasset" to "../../../../../Ureal engine 4/Proyectos/Ondarreta/ProjectOndarreta/Content/StarterContent/Textures/T_Wood_Floor_Walnut_D.uasset"
[2016.03.09-18.58.51:330][  0]LogPackFactory: Copied "../../../Samples/StarterContent/Content/StarterContent/Textures/T_Wood_Floor_Walnut_M.uasset" to "../../../../../Ureal engine 4/Proyectos/Ondarreta/ProjectOndarreta/Content/StarterContent/Textures/T_Wood_Floor_Walnut_M.uasset"
[2016.03.09-18.58.51:672][  0]LogPackFactory: Copied "../../../Samples/StarterContent/Content/StarterContent/Textures/T_Wood_Floor_Walnut_N.uasset" to "../../../../../Ureal engine 4/Proyectos/Ondarreta/ProjectOndarreta/Content/StarterContent/Textures/T_Wood_Floor_Walnut_N.uasset"
[2016.03.09-18.58.52:119][  0]LogPackFactory: Copied "../../../Samples/StarterContent/Content/StarterContent/Textures/T_Wood_Oak_D.uasset" to "../../../../../Ureal engine 4/Proyectos/Ondarreta/ProjectOndarreta/Content/StarterContent/Textures/T_Wood_Oak_D.uasset"
[2016.03.09-18.58.52:234][  0]LogPackFactory: Copied "../../../Samples/StarterContent/Content/StarterContent/Textures/T_Wood_Oak_N.uasset" to "../../../../../Ureal engine 4/Proyectos/Ondarreta/ProjectOndarreta/Content/StarterContent/Textures/T_Wood_Oak_N.uasset"
[2016.03.09-18.58.52:396][  0]LogPackFactory: Copied "../../../Samples/StarterContent/Content/StarterContent/Textures/T_Wood_Pine_D.uasset" to "../../../../../Ureal engine 4/Proyectos/Ondarreta/ProjectOndarreta/Content/StarterContent/Textures/T_Wood_Pine_D.uasset"
[2016.03.09-18.58.52:454][  0]LogPackFactory: Copied "../../../Samples/StarterContent/Content/StarterContent/Textures/T_Wood_Pine_N.uasset" to "../../../../../Ureal engine 4/Proyectos/Ondarreta/ProjectOndarreta/Content/StarterContent/Textures/T_Wood_Pine_N.uasset"
[2016.03.09-18.58.52:686][  0]LogPackFactory: Copied "../../../Samples/StarterContent/Content/StarterContent/Textures/T_Wood_Walnut_D.uasset" to "../../../../../Ureal engine 4/Proyectos/Ondarreta/ProjectOndarreta/Content/StarterContent/Textures/T_Wood_Walnut_D.uasset"
[2016.03.09-18.58.52:974][  0]LogPackFactory: Copied "../../../Samples/StarterContent/Content/StarterContent/Textures/T_Wood_Walnut_N.uasset" to "../../../../../Ureal engine 4/Proyectos/Ondarreta/ProjectOndarreta/Content/StarterContent/Textures/T_Wood_Walnut_N.uasset"
[2016.03.09-18.58.53:517][  0]LogRenderer: Reallocating scene render targets to support 256x256 (Frame:2).
[2016.03.09-18.58.53:751][  0]LogSavePackage: Save=55.803974ms
[2016.03.09-18.58.53:751][  0]LogSavePackage: Moving '../../../../../Ureal engine 4/Proyectos/Ondarreta/ProjectOndarreta/Saved/Floor_400x400D6AF0EDE4A03D6641FC03D9FDF1B6323.tmp' to '../../../../../Ureal engine 4/Proyectos/Ondarreta/ProjectOndarreta/Content/StarterContent/Architecture/Floor_400x400.uasset'
[2016.03.09-18.58.53:761][  0]LogSavePackage: Total save time: 83.789568ms
[2016.03.09-18.58.53:761][  0]LogSavePackage:Display: Finished SavePackage ../../../../../Ureal engine 4/Proyectos/Ondarreta/ProjectOndarreta/Content/StarterContent/Architecture/Floor_400x400.uasset
[2016.03.09-18.58.53:761][  0]LogFeaturePack:Warning: Inserted 1 feature packs
[2016.03.09-18.58.53:770][  0]Cmd: MAP LOAD FILE="../../../../../Ureal engine 4/Proyectos/Ondarreta/ProjectOndarreta/Content/StarterContent/Maps/Minimal_Default.umap" TEMPLATE=0 SHOWPROGRESS=1 FEATURELEVEL=3
[2016.03.09-18.58.53:772][  0]LightingResults: New page: Lighting Build
[2016.03.09-18.58.53:778][  0]MapCheck: New page: Map Check
[2016.03.09-18.58.53:778][  0]LightingResults: New page: Lighting Build
[2016.03.09-18.58.53:814][  0]LogParticles: Destroying 0 GPU particle simulations for FXSystem 0x000001A6286A7B00
[2016.03.09-18.58.54:960][  0]LogAIModule: Creating AISystem for world Minimal_Default
[2016.03.09-18.58.54:978][  0]LogEditorServer: Finished looking for orphan Actors (0.000 secs)
[2016.03.09-18.58.54:979][  0]Cmd: MAP CHECKDEP NOCLEARLOG
[2016.03.09-18.58.55:129][  0]MapCheck: Info Map check complete: 0 Error(s), 0 Warning(s), took 149.912ms to complete.
[2016.03.09-18.58.55:129][  0]LogFileHelpers: Loading map 'Minimal_Default' took 1.360
[2016.03.09-18.58.55:408][  0]LogCollectionManager: Loaded 0 collections in 0.007817 seconds
[2016.03.09-18.58.55:565][  0]LogFileCache: Scanning file cache for directory 'D:/Investigation_Zone/Ureal engine 4/Proyectos/Ondarreta/ProjectOndarreta/Saved/Collections/' took 0.01s
[2016.03.09-18.58.55:565][  0]LogFileCache: Scann