[2016.03.22-16.30.19:546][  0]Log file open, 03/22/16 17:30:19
[2016.03.22-16.30.19:546][  0]LogInit:Display: Running engine for game: ProjectOndarreta
[2016.03.22-16.30.19:546][  0]LogPlatformFile: Not using cached read wrapper
[2016.03.22-16.30.19:546][  0]LogInit:Display: RandInit(-407190582) SRandInit(-407190576).
[2016.03.22-16.30.19:546][  0]LogTaskGraph: Started task graph with 4 named threads and 7 total threads.
[2016.03.22-16.30.19:546][  0]LogStats: Stats thread started at 0.238099
[2016.03.22-16.30.19:546][  0]LogInit: Version: 4.10.4-2872498+++depot+UE4-Releases+4.10
[2016.03.22-16.30.19:546][  0]LogInit: API Version: 2758231
[2016.03.22-16.30.19:546][  0]LogInit: Compiled (64-bit): Feb 18 2016 15:47:04
[2016.03.22-16.30.19:547][  0]LogInit: Compiled with Visual C++: 19.00.23026.00
[2016.03.22-16.30.19:547][  0]LogInit: Build Configuration: Development
[2016.03.22-16.30.19:547][  0]LogInit: Branch Name: ++depot+UE4-Releases+4.10
[2016.03.22-16.30.19:547][  0]LogInit: Command line:  
[2016.03.22-16.30.19:547][  0]LogInit: Base directory: D:/Investigation_Zone/Epic Games/4.10/Engine/Binaries/Win64/
[2016.03.22-16.30.19:547][  0]LogInit: Rocket: 1
[2016.03.22-16.30.19:584][  0]LogInit: Using libcurl 7.41.0
[2016.03.22-16.30.19:584][  0]LogInit:  - built for x86_64-pc-win32
[2016.03.22-16.30.19:584][  0]LogInit:  - supports SSL with WinSSL
[2016.03.22-16.30.19:584][  0]LogInit:  - other features:
[2016.03.22-16.30.19:584][  0]LogInit:      CURL_VERSION_SSL
[2016.03.22-16.30.19:584][  0]LogInit:      CURL_VERSION_IPV6
[2016.03.22-16.30.19:584][  0]LogInit:      CURL_VERSION_ASYNCHDNS
[2016.03.22-16.30.19:584][  0]LogInit:      CURL_VERSION_LARGEFILE
[2016.03.22-16.30.19:584][  0]LogInit:      CURL_VERSION_IDN
[2016.03.22-16.30.19:584][  0]LogInit:  CurlRequestOptions (configurable via config and command line):
[2016.03.22-16.30.19:584][  0]LogInit:  - bVerifyPeer = true  - Libcurl will verify peer certificate
[2016.03.22-16.30.19:584][  0]LogInit:  - bUseHttpProxy = false  - Libcurl will NOT use HTTP proxy
[2016.03.22-16.30.19:585][  0]LogInit:  - bDontReuseConnections = false  - Libcurl will reuse connections
[2016.03.22-16.30.19:585][  0]LogInit:  - CertBundlePath = nullptr  - Libcurl will use whatever was configured at build time.
[2016.03.22-16.30.19:658][  0]LogInit: Presizing for 0 objects not considered by GC, pre-allocating 0 bytes.
[2016.03.22-16.30.19:702][  0]LogInit: Object subsystem initialized
[2016.03.22-16.30.19:708][  0]LogInit: Selected Device Profile: [Windows]
[2016.03.22-16.30.19:708][  0]LogInit: Applying CVar settings loaded from the selected device profile: [Windows]
[2016.03.22-16.30.19:787][  0]LogInit: Computer: ALMA-ITSASO
[2016.03.22-16.30.19:787][  0]LogInit: User: Unai
[2016.03.22-16.30.19:787][  0]LogInit: CPU Page size=4096, Cores=4
[2016.03.22-16.30.19:787][  0]LogInit: High frequency timer resolution =2.338345 MHz
[2016.03.22-16.30.19:787][  0]LogMemory: Memory total: Physical=7.9GB (8GB approx)
[2016.03.22-16.30.19:800][  0]LogMemory: Platform Memory Stats for Windows
[2016.03.22-16.30.19:800][  0]LogMemory: Process Physical Memory: 56.09 MB used, 56.09 MB peak
[2016.03.22-16.30.19:800][  0]LogMemory: Process Virtual Memory: 58.81 MB used, 58.81 MB peak
[2016.03.22-16.30.19:800][  0]LogMemory: Physical Memory: 6294.91 MB used, 8124.02 MB total
[2016.03.22-16.30.19:800][  0]LogMemory: Virtual Memory: 384.83 MB used, 134217728.00 MB total
[2016.03.22-16.30.23:974][  0]LogD3D11RHI: Found D3D11 adapter 0: NVIDIA GeForce GT 740M    (Feature Level 11_0)
[2016.03.22-16.30.23:974][  0]LogD3D11RHI: Adapter has 1996MB of dedicated video memory, 0MB of dedicated system memory, and 4062MB of shared system memory, 2 output[s]
[2016.03.22-16.30.23:998][  0]LogD3D11RHI: Found D3D11 adapter 1: Intel(R) HD Graphics 4600 (Feature Level 11_0)
[2016.03.22-16.30.23:998][  0]LogD3D11RHI: Adapter has 112MB of dedicated video memory, 0MB of dedicated system memory, and 4062MB of shared system memory, 0 output[s]
[2016.03.22-16.30.24:005][  0]LogD3D11RHI: Found D3D11 adapter 2: Microsoft Basic Render Driver (Feature Level 11_0)
[2016.03.22-16.30.24:005][  0]LogD3D11RHI: Adapter has 0MB of dedicated video memory, 0MB of dedicated system memory, and 4062MB of shared system memory, 0 output[s]
[2016.03.22-16.30.24:005][  0]LogD3D11RHI: Chosen D3D11 Adapter Id = 0
[2016.03.22-16.30.24:031][  0]LogD3D11RHI: !Direct3DDevice
[2016.03.22-16.30.24:031][  0]LogRHI: Texture pool is 1361 MB (70% of 1945 MB)
[2016.03.22-16.30.24:106][  0]LogD3D11RHI: Async texture creation enabled
[2016.03.22-16.30.24:180][  0]LogShaderCompilers: Guid format shader working directory is -22 characters bigger than the processId version (../../../../../Ureal engine 4/Proyectos/Ondarreta/ProjectOndarreta/Intermediate/Shaders/WorkingDirectory/20820/).
[2016.03.22-16.30.24:180][  0]LogShaderCompilers: Cleaned the shader compiler working directory 'C:/Users/Unai/AppData/Local/Temp/UnrealShaderWorkingDir/9BBB579F434C2501DE659FAADC5273F2/'.
[2016.03.22-16.30.24:180][  0]LogShaderCompilers:Display: Using Local Shader Compiler.
[2016.03.22-16.30.30:940][  0]LogTemp:Display: Loaded TP AllDesktopTargetPlatform
[2016.03.22-16.30.30:983][  0]LogTemp:Display: Loaded TP WindowsClientTargetPlatform
[2016.03.22-16.30.31:019][  0]LogTemp:Display: Loaded TP WindowsNoEditorTargetPlatform
[2016.03.22-16.30.31:054][  0]LogTemp:Display: Loaded TP WindowsServerTargetPlatform
[2016.03.22-16.30.31:081][  0]LogTemp:Display: Loaded TP WindowsTargetPlatform
[2016.03.22-16.30.31:099][  0]LogTemp:Display: Loaded TP AndroidTargetPlatform
[2016.03.22-16.30.31:122][  0]LogTemp:Display: Loaded TP Android_ASTCTargetPlatform
[2016.03.22-16.30.31:142][  0]LogTemp:Display: Loaded TP Android_ATCTargetPlatform
[2016.03.22-16.30.31:159][  0]LogTemp:Display: Loaded TP Android_DXTTargetPlatform
[2016.03.22-16.30.31:183][  0]LogTemp:Display: Loaded TP Android_ETC1TargetPlatform
[2016.03.22-16.30.31:208][  0]LogTemp:Display: Loaded TP Android_ETC2TargetPlatform
[2016.03.22-16.30.31:260][  0]LogTemp:Display: Loaded TP Android_MultiTargetPlatform
[2016.03.22-16.30.31:261][  0]LogTemp:Display: Loaded TP Android_PVRTCTargetPlatform
[2016.03.22-16.30.31:265][  0]LogTemp:Display: Loaded TP HTML5TargetPlatform
[2016.03.22-16.30.31:334][  0]LogTemp:Display: Loaded TP IOSTargetPlatform
[2016.03.22-16.30.31:359][  0]LogTemp:Display: Loaded TP LinuxNoEditorTargetPlatform
[2016.03.22-16.30.31:402][  0]LogTemp:Display: Loaded TP LinuxServerTargetPlatform
[2016.03.22-16.30.31:423][  0]LogTemp:Display: Loaded TP LinuxTargetPlatform
[2016.03.22-16.30.31:423][  0]LogTargetPlatformManager:Display: Building Assets For Windows
[2016.03.22-16.30.31:870][  0]LogDerivedDataCache:Display: Max Cache Size: 512 MB
[2016.03.22-16.30.32:190][  0]LogDerivedDataCache: Loaded boot cache 0.32s 41MB C:/Users/Unai/AppData/Local/UnrealEngine/4.10/DerivedDataCache/Boot.ddc.
[2016.03.22-16.30.32:190][  0]LogDerivedDataCache:Display: Loaded Boot cache: C:/Users/Unai/AppData/Local/UnrealEngine/4.10/DerivedDataCache/Boot.ddc
[2016.03.22-16.30.32:190][  0]LogDerivedDataCache: FDerivedDataBackendGraph:  Pak pak cache file ../../../../../Ureal engine 4/Proyectos/Ondarreta/ProjectOndarreta/DerivedDataCache/DDC.ddp not found, will not use a pak cache.
[2016.03.22-16.30.32:191][  0]LogDerivedDataCache: Unable to find inner node Pak for hierarchical cache Hierarchy.
[2016.03.22-16.30.32:191][  0]LogDerivedDataCache: FDerivedDataBackendGraph:  CompressedPak pak cache file ../../../../../Ureal engine 4/Proyectos/Ondarreta/ProjectOndarreta/DerivedDataCache/Compressed.ddp not found, will not use a pak cache.
[2016.03.22-16.30.32:191][  0]LogDerivedDataCache: Unable to find inner node CompressedPak for hierarchical cache Hierarchy.
[2016.03.22-16.30.32:686][  0]LogDerivedDataCache:Display: Pak cache opened for reading ../../../Engine/DerivedDataCache/Compressed.ddp.
[2016.03.22-16.30.32:711][  0]LogDerivedDataCache: Using Local data cache path C:/Users/Unai/AppData/Local/UnrealEngine/Common/DerivedDataCache: Writable
[2016.03.22-16.30.32:939][  0]LogModuleManager:Warning: Found module file ../../../Engine/Plugins/VaOcean/Binaries/Win64/UE4Editor-VaOceanPlugin.dll (API version 2215663), but it was incompatible with the current engine API version (2758231). This is likely a stale module that must be recompiled.
[2016.03.22-16.30.34:177][  0]LogInit: Selected Device Profile: [Windows]
[2016.03.22-16.30.34:196][  0]LogContentStreaming: Texture pool size is 0.000000MB
[2016.03.22-16.30.35:682][  0]LogMeshUtilities: No automatic mesh reduction module available
[2016.03.22-16.30.35:682][  0]LogMeshUtilities: No automatic mesh merging module available
[2016.03.22-16.30.42:136][  0]LogInit: WinSock: version 1.1 (2.2), MaxSocks=32767, MaxUdp=65467
[2016.03.22-16.31.21:757][  0]UdpMessaging: Initializing bridge on interface 0.0.0.0:0 to multicast group 230.0.0.1:6666.
[2016.03.22-16.31.22:984][  0]LogAssetRegistry: FAssetRegistry took 0.0270 seconds to start up
[2016.03.22-16.31.27:083][  0]SourceControl: Info Source control is disabled
[2016.03.22-16.31.28:188][  0]SourceControl: Info Source control is disabled
[2016.03.22-16.31.28:324][  0]SourceControl: Info Source control is disabled
[2016.03.22-16.31.28:485][  0]SourceControl: Info Source control is disabled
[2016.03.22-16.31.31:281][  0]LogObj: 28633 objects as part of root set at end of initial load.
[2016.03.22-16.31.31:281][  0]LogUObjectAllocator: 6099744 out of 0 bytes used by permanent object pool.
[2016.03.22-16.31.32:917][  0]LogEngine: Initializing Engine...
[2016.03.22-16.31.32:967][  0]LogHMD: Can't find Oculus library dev build: is proper Runtime installed? Version: 0.8.0.0
[2016.03.22-16.31.33:077][  0]LogHMD: SteamVR failed to initialize.  Err: 110
[2016.03.22-16.31.35:809][  0]LogAIModule: Creating AISystem for world NewWorld
[2016.03.22-16.31.36:354][  0]LogInit: XAudio2 using 'Altavoces / Auriculares (IDT High Definition Audio CODEC)' : 2 channels at 48 kHz using 16 bits per sample (channel mask 0x3)
[2016.03.22-16.31.36:511][  0]LogInit: FAudioDevice initialized.
[2016.03.22-16.31.36:648][  0]LogDerivedDataCache: Saved boot cache 0.14s 41MB C:/Users/Unai/AppData/Local/UnrealEngine/4.10/DerivedDataCache/Boot.ddc.
[2016.03.22-16.31.36:694][  0]LogInit: Texture streaming: Enabled
[2016.03.22-16.31.36:768][  0]LogAnalytics: Creating configured Analytics provider AnalyticsET
[2016.03.22-16.31.36:769][  0]LogAnalytics: [UEEditor.Rocket.Release] APIServer = http://et2.epicgames.com/ET2/. AppVersion = 4.10.4-2872498+++depot+UE4-Releases+4.10
[2016.03.22-16.31.36:770][  0]LogAnalytics: [UEEditor.Rocket.Release] SetUserId d7adaae849ea30e6caa19b820571e0d9|33a1c5eb2cc94ca8a72a46d53f3ce1d2|4517af11-a817-4828-86eb-27c26c7bd883
[2016.03.22-16.31.36:791][  0]LogAnalytics: [UEEditor.Rocket.Release] AnalyticsET::StartSession
[2016.03.22-16.31.37:094][  0]LogInit: Transaction tracking system initialized
[2016.03.22-16.31.37:718][  0]BlueprintLog: New page: Editor Load
[2016.03.22-16.31.40:599][  0]LocalizationService: Info Localization service is disabled
[2016.03.22-16.31.44:881][  0]LogConsoleResponse:Display: 
[2016.03.22-16.31.48:322][  0]LogFileCache: Scanning file cache for directory 'D:/Investigation_Zone/Ureal engine 4/Proyectos/Ondarreta/ProjectOndarreta/Content/' took 0.04s
[2016.03.22-16.31.48:322][  0]LogCook:Display: Done creating registry. It took  0.00s.
[2016.03.22-16.31.49:625][  0]SourceControl: Info Source control is disabled
[2016.03.22-16.31.49:652][  0]Cmd: MAP LOAD FILE="../../../../../Ureal engine 4/Proyectos/Ondarreta/ProjectOndarreta/Content/StarterContent/Maps/Minimal_Default.umap" TEMPLATE=0 SHOWPROGRESS=1 FEATURELEVEL=3
[2016.03.22-16.31.49:732][  0]LightingResults: New page: Lighting Build
[2016.03.22-16.31.49:947][  0]MapCheck: New page: Map Check
[2016.03.22-16.31.49:947][  0]LightingResults: New page: Lighting Build
[2016.03.22-16.31.50:531][  0]LogParticles: Destroying 0 GPU particle simulations for FXSystem 0x0000020174BFF6A0
[2016.03.22-16.32.27:480][  0]LogAIModule: Creating AISystem for world Minimal_Default
[2016.03.22-16.33.23:480][  0]LogEditorServer: Finished looking for orphan Actors (0.011 secs)
[2016.03.22-16.33.23:657][  0]Cmd: MAP CHECKDEP NOCLEARLOG
[2016.03.22-16.33.24:227][  0]MapCheck: Info Map check complete: 0 Error(s), 0 Warning(s), took 569.171ms to complete.
[2016.03.22-16.33.24:227][  0]LogFileHelpers: Loading map 'Minimal_Default' took 94.587
[2016.03.22-16.33.28:451][  0]LogCollectionManager: Loaded 0 collections in 0.010198 seconds
[2016.03.22-16.33.28:953][  0]LogFileCache: Scanning file cache for directory 'D:/Investigation_Zone/Ureal engine 4/Proyectos/Ondarreta/ProjectOndarreta/Saved/Collections/' took 0.01s
[2016.03.22-16.33.28:954][  0]LogFileCache: Scanning file cache for directory 'D:/Investigation_Zone/Ureal engine 4/Proyectos/Ondarreta/ProjectOndarreta/Content/Developers/Unai/Collections/' took 0.01s
[2016.03.22-16.33.28:954][  0]LogFileCache: Scanning file cache for directory 'D:/Investigation_Zone/Ureal engine 4/Proyectos/Ondarreta/ProjectOndarreta/Content/Collections/' took 0.05s
[2016.03.22-16.33.28:954][  0]LogCollectionManager: Rebuilt the GUID cache for 0 collections in 0.000006 seconds
[2016.03.22-16.33.29:097][  0]LogContentBrowser: Native class hierarchy populated in 0.1409 seconds. Added 1893 classes and 338 folders.
[2016.03.22-16.33.29:542][  0]LogContentBrowser: Native class hierarchy updated for 'WidgetCarousel' in 0.0017 seconds. Added 0 classes and 0 folders.
[2016.03.22-16.33.32:461][  0]LogContentBrowser: Native class hierarchy updated for 'AddContentDialog' in 0.0020 seconds. Added 0 classes and 0 folders.
[2016.03.22-16.33.32:634][  0]LogContentBrowser: Native class hierarchy updated for 'SceneOutliner' in 0.0017 seconds. Added 1 classes and 2 folders.
[2016.03.22-16.33.33:880][  0]LogCrashTracker: Crashtracker disabled due to settings.
[2016.03.22-16.33.34:192][  0]LogUObjectGlobals:Warning: Failed to find object 'Class None.'
[2016.03.22-16.33.34:385][  0]LogLoad: Full Startup: 198.24 seconds (BP compile: 1.31 seconds)
[2016.03.22-16.33.44:461][  0]LogOcInput: Can't find Oculus library dev build: is proper Runtime installed? Version: 0.8.0.0
[2016.03.22-16.34.21:606][  0]LogContentStreaming: Texture pool size now 400 MB
[2016.03.22-16.34.27:310][  0]LogRenderer: Reallocating scene render targets to support 1208x684 (Frame:2).
[2016.03.22-16.34.29:715][  1]Cmd: UpdateLandscapeEditorData -warnings
[2016.03.22-16.34.50:872][  7]LogWindowsTextInputMethodSystem:Display: IME system now deactivated.
[2016.03.22-16.34.56:458][  8]Cmd: QUIT_EDITOR
[2016.03.22-16.35.13:928][  8]LogExit: Preparing to exit.
[2016.03.22-16.35.50:078][  8]LogExit: Editor shut down
[2016.03.22-16.35.50:080][  8]LogExit: Transaction tracking system shut down
[2016.03.22-16.35.51:393][  8]LogParticles: Destroying 0 GPU particle simulations for FXSystem 0x000002017BC73CE0
[2016.03.22-16.35.59:871][  8]LogParticles: Destroying 0 GPU particle simulations for FXSystem 0x00000201049F8FE0
[2016.03.22-16.36.13:993][  8]LogExit: Object subsystem successfully closed.
[2016.03.22-16.36.14:909][  8]LogD3D11RHI: Shutdown
[2016.03.22-16.36.14:909][  8]LogD3D11RHI: CleanupD3DDevice
[2016.03.22-16.36.23:184][  8]LogD3D11RHI: ~FD3D11DynamicRHI
[2016.03.22-16.36.25:198][  8]LogModuleManager: Shutting down and abandoning module CrashTracker (198)
[2016.03.22-16.36.25:198][  8]LogModuleManager: Shutting down and abandoning module SceneOutliner (197)
[2016.03.22-16.36.25:198][  8]LogModuleManager: Shutting down and abandoning module SuperSearch (196)
[2016.03.22-16.36.25:198][  8]LogModuleManager: Shutting down and abandoning module WidgetCarousel (195)
[2016.03.22-16.36.25:198][  8]LogModuleManager: Shutting down and abandoning module AddContentDialog (194)
[2016.03.22-16.36.25:211][  8]LogModuleManager: Shutting down and abandoning module EditorWidgets (193)
[2016.03.22-16.36.25:211][  8]LogModuleManager: Shutting down and abandoning module CollectionManager (192)
[2016.03.22-16.36.25:229][  8]LogModuleManager: Shutting down and abandoning module StatsViewer (191)
[2016.03.22-16.36.25:248][  8]LogModuleManager: Shutting down and abandoning module FoliageEdit (190)
[2016.03.22-16.36.25:248][  8]LogModuleManager: Shutting down and abandoning module LandscapeEditor (189)
[2016.03.22-16.36.25:275][  8]LogModuleManager: Shutting down and abandoning module ActorPickerMode (188)
[2016.03.22-16.36.25:275][  8]LogModuleManager: Shutting down and abandoning module GeometryMode (187)
[2016.03.22-16.36.25:275][  8]LogModuleManager: Shutting down and abandoning module TextureAlignMode (186)
[2016.03.22-16.36.25:275][  8]LogModuleManager: Shutting down and abandoning module BspMode (185)
[2016.03.22-16.36.25:275][  8]LogModuleManager: Shutting down and abandoning module PlacementMode (184)
[2016.03.22-16.36.25:275][  8]LogModuleManager: Shutting down and abandoning module AutomationWorker (183)
[2016.03.22-16.36.25:275][  8]LogModuleManager: Shutting down and abandoning module CharacterAI (182)
[2016.03.22-16.36.25:275][  8]LogModuleManager: Shutting down and abandoning module SmartSnapping (181)
[2016.03.22-16.36.25:275][  8]LogModuleManager: Shutting down and abandoning module ViewportSnapping (180)
[2016.03.22-16.36.25:275][  8]LogModuleManager: Shutting down and abandoning module LogVisualizer (179)
[2016.03.22-16.36.25:299][  8]LogModuleManager: Shutting down and abandoning module GameProjectGeneration (178)
[2016.03.22-16.36.25:318][  8]LogModuleManager: Shutting down and abandoning module IntroTutorials (177)
[2016.03.22-16.36.25:358][  8]LogModuleManager: Shutting down and abandoning module EditorLiveStreaming (176)
[2016.03.22-16.36.25:358][  8]LogModuleManager: Shutting down and abandoning module IOSPlatformEditor (175)
[2016.03.22-16.36.25:369][  8]LogModuleManager: Shutting down and abandoning module HTML5PlatformEditor (174)
[2016.03.22-16.36.25:369][  8]LogModuleManager: Shutting down and abandoning module AndroidDeviceDetection (173)
[2016.03.22-16.36.25:974][  8]LogModuleManager: Shutting down and abandoning module AndroidPlatformEditor (172)
[2016.03.22-16.36.25:974][  8]LogModuleManager: Shutting down and abandoning module IOSRuntimeSettings (171)
[2016.03.22-16.36.25:975][  8]LogModuleManager: Shutting down and abandoning module AndroidRuntimeSettings (170)
[2016.03.22-16.36.25:975][  8]LogModuleManager: Shutting down and abandoning module MergeActors (169)
[2016.03.22-16.36.26:019][  8]LogModuleManager: Shutting down and abandoning module SizeMap (168)
[2016.03.22-16.36.26:019][  8]LogModuleManager: Shutting down and abandoning module TreeMap (167)
[2016.03.22-16.36.26:030][  8]LogModuleManager: Shutting down and abandoning module ReferenceViewer (166)
[2016.03.22-16.36.26:035][  8]LogModuleManager: Shutting down and abandoning module LocalizationService (165)
[2016.03.22-16.36.26:051][  8]LogModuleManager: Shutting down and abandoning module LocalizationDashboard (164)
[2016.03.22-16.36.26:059][  8]LogModuleManager: Shutting down and abandoning module HardwareTargeting (163)
[2016.03.22-16.36.26:075][  8]LogModuleManager: Shutting down and abandoning module DeviceProfileEditor (162)
[2016.03.22-16.36.26:097][  8]LogModuleManager: Shutting down and abandoning module UndoHistory (161)
[2016.03.22-16.36.26:119][  8]LogModuleManager: Shutting down and abandoning module GameplayTagsEditor (160)
[2016.03.22-16.36.26:134][  8]LogModuleManager: Shutting down and abandoning module UserFeedback (159)
[2016.03.22-16.36.26:134][  8]LogModuleManager: Shutting down and abandoning module XmlParser (158)
[2016.03.22-16.36.26:134][  8]LogModuleManager: Shutting down and abandoning module Blutility (157)
[2016.03.22-16.36.26:134][  8]LogModuleManager: Shutting down and abandoning module ProjectTargetPlatformEditor (156)
[2016.03.22-16.36.26:150][  8]LogModuleManager: Shutting down and abandoning module ProjectSettingsViewer (155)
[2016.03.22-16.36.26:150][  8]LogModuleManager: Shutting down and abandoning module InputBindingEditor (154)
[2016.03.22-16.36.26:170][  8]LogModuleManager: Shutting down and abandoning module EditorSettingsViewer (153)
[2016.03.22-16.36.26:170][  8]LogModuleManager: Shutting down and abandoning module SettingsEditor (152)
[2016.03.22-16.36.26:209][  8]LogModuleManager: Shutting down and abandoning module ProjectLauncher (151)
[2016.03.22-16.36.26:229][  8]LogModuleManager: Shutting down and abandoning module SessionFrontend (150)
[2016.03.22-16.36.26:245][  8]LogModuleManager: Shutting down and abandoning module ProfilerClient (149)
[2016.03.22-16.36.26:269][  8]LogModuleManager: Shutting down and abandoning module TargetDeviceServices (148)
[2016.03.22-16.36.26:269][  8]LogModuleManager: Shutting down and abandoning module DeviceManager (147)
[2016.03.22-16.36.26:285][  8]LogModuleManager: Shutting down and abandoning module AutomationController (146)
[2016.03.22-16.36.26:315][  8]LogModuleManager: Shutting down and abandoning module AutomationWindow (145)
[2016.03.22-16.36.26:330][  8]LogModuleManager: Shutting down and abandoning module Layers (144)
[2016.03.22-16.36.26:369][  8]LogModuleManager: Shutting down and abandoning module ComponentVisualizers (143)
[2016.03.22-16.36.26:369][  8]LogModuleManager: Shutting down and abandoning module DetailCustomizations (142)
[2016.03.22-16.36.26:369][  8]LogModuleManager: Shutting down and abandoning module PackagesDialog (141)
[2016.03.22-16.36.26:380][  8]LogModuleManager: Shutting down and abandoning module Persona (140)
[2016.03.22-16.36.26:445][  8]LogModuleManager: Shutting down and abandoning module Kismet (139)
[2016.03.22-16.36.26:469][  8]LogModuleManager: Shutting down and abandoning module GraphEditor (138)
[2016.03.22-16.36.26:548][  8]LogModuleManager: Shutting down and abandoning module ClassViewer (137)
[2016.03.22-16.36.26:569][  8]LogModuleManager: Shutting down and abandoning module Toolbox (136)
[2016.03.22-16.36.26:569][  8]LogModuleManager: Shutting down and abandoning module ModuleUI (135)
[2016.03.22-16.36.26:585][  8]LogModuleManager: Shutting down and abandoning module MovieSceneTools (134)
[2016.03.22-16.36.26:605][  8]LogModuleManager: Shutting down and abandoning module OutputLog (133)
[2016.03.22-16.36.26:605][  8]LogModuleManager: Shutting down and abandoning module GammaUI (132)
[2016.03.22-16.36.26:620][  8]LogModuleManager: Shutting down and abandoning module Documentation (131)
[2016.03.22-16.36.26:620][  8]LogModuleManager: Shutting down and abandoning module GameLiveStreaming (130)
[2016.03.22-16.36.26:630][  8]LogModuleManager: Shutting down and abandoning module StreamingPauseRendering (129)
[2016.03.22-16.36.26:630][  8]LogModuleManager: Shutting down and abandoning module AnalyticsET (128)
[2016.03.22-16.36.26:630][  8]LogModuleManager: Shutting down and abandoning module Analytics (127)
[2016.03.22-16.36.26:630][  8]LogModuleManager: Shutting down and abandoning module AITestSuite (126)
[2016.03.22-16.36.26:665][  8]LogModuleManager: Shutting down and abandoning module GameplayDebugger (125)
[2016.03.22-16.36.26:684][  8]LogModuleManager: Shutting down and abandoning module AIModule (124)
[2016.03.22-16.36.26:699][  8]LogModuleManager: Shutting down and abandoning module ProfilerService (123)
[2016.03.22-16.36.26:764][  8]LogModuleManager: Shutting down and abandoning module TaskGraph (122)
[2016.03.22-16.36.26:785][  8]LogModuleManager: Shutting down and abandoning module SlateRemote (121)
[2016.03.22-16.36.26:789][  8]LogModuleManager: Shutting down and abandoning module SteamVRController (120)
[2016.03.22-16.36.26:790][  8]LogModuleManager: Shutting down and abandoning module SteamVR (119)
[2016.03.22-16.36.26:790][  8]LogModuleManager: Shutting down and abandoning module ProceduralMeshComponent (118)
[2016.03.22-16.36.26:790][  8]LogModuleManager: Shutting down and abandoning module OculusLibrary (117)
[2016.03.22-16.36.26:790][  8]LogModuleManager: Shutting down and abandoning module OculusInput (116)
[2016.03.22-16.36.26:790][  8]LogModuleManager: Shutting down and abandoning module LeapMotionController (115)
[2016.03.22-16.36.27:350][  8]LogModuleManager: Shutting down and abandoning module CustomMeshComponent (114)
[2016.03.22-16.36.27:350][  8]LogModuleManager: Shutting down and abandoning module CableComponent (113)
[2016.03.22-16.36.27:360][  8]LogModuleManager: Shutting down and abandoning module ArchVisCharacter (112)
[2016.03.22-16.36.27:360][  8]LogModuleManager: Shutting down and abandoning module MessagingDebugger (111)
[2016.03.22-16.36.27:390][  8]LogModuleManager: Shutting down and abandoning module MediaPlayerEditor (110)
[2016.03.22-16.36.27:420][  8]LogModuleManager: Shutting down and abandoning module HTML5Networking (109)
[2016.03.22-16.36.27:420][  8]LogModuleManager: Shutting down and abandoning module SpeedTreeImporter (108)
[2016.03.22-16.36.27:421][  8]LogModuleManager: Shutting down and abandoning module PluginBrowser (107)
[2016.03.22-16.36.27:430][  8]LogModuleManager: Shutting down and abandoning module EpicSurvey (106)
[2016.03.22-16.36.27:450][  8]LogModuleManager: Shutting down and abandoning module DesktopPlatform (105)
[2016.03.22-16.36.27:470][  8]LogModuleManager: Shutting down and abandoning module VisualStudioSourceCodeAccess (104)
[2016.03.22-16.36.27:470][  8]LogModuleManager: Shutting down and abandoning module UObjectPlugin (103)
[2016.03.22-16.36.27:470][  8]LogModuleManager: Shutting down and abandoning module SubversionSourceControl (102)
[2016.03.22-16.36.27:484][  8]LogModuleManager: Shutting down and abandoning module PerforceSourceControl (101)
[2016.03.22-16.36.27:511][  8]LogModuleManager: Shutting down and abandoning module SourceControl (100)
[2016.03.22-16.36.27:530][  8]LogModuleManager: Shutting down and abandoning module GitSourceControl (99)
[2016.03.22-16.36.27:551][  8]LogModuleManager: Shutting down and abandoning module LightPropagationVolumeEditor (98)
[2016.03.22-16.36.27:551][  8]LogModuleManager: Shutting down and abandoning module PaperTiledImporter (97)
[2016.03.22-16.36.27:570][  8]LogModuleManager: Shutting down and abandoning module PaperSpriteSheetImporter (96)
[2016.03.22-16.36.27:570][  8]LogModuleManager: Shutting down and abandoning module MeshPaint (95)
[2016.03.22-16.36.27:570][  8]LogModuleManager: Shutting down and abandoning module SlateReflector (94)
[2016.03.22-16.36.27:611][  8]LogModuleManager: Shutting down and abandoning module HotReload (93)
[2016.03.22-16.36.27:620][  8]LogModuleManager: Shutting down and abandoning module MainFrame (92)
[2016.03.22-16.36.27:620][  8]LogModuleManager: Shutting down and abandoning module LevelEditor (91)
[2016.03.22-16.36.27:659][  8]LogModuleManager: Shutting down and abandoning module DirectoryWatcher (90)
[2016.03.22-16.36.27:665][  8]LogModuleManager: Shutting down and abandoning module AssetRegistry (89)
[2016.03.22-16.36.29:907][  8]LogModuleManager: Shutting down and abandoning module ContentBrowser (88)
[2016.03.22-16.36.29:912][  8]LogModuleManager: Shutting down and abandoning module Paper2DEditor (87)
[2016.03.22-16.36.29:924][  8]LogModuleManager: Shutting down and abandoning module UdpMessaging (86)
[2016.03.22-16.36.30:203][  8]LogModuleManager: Shutting down and abandoning module LightPropagationVolumeRuntime (85)
[2016.03.22-16.36.30:203][  8]LogModuleManager: Shutting down and abandoning module Paper2D (84)
[2016.03.22-16.36.30:215][  8]LogModuleManager: Shutting down and abandoning module WindowsMoviePlayer (83)
[2016.03.22-16.36.30:248][  8]LogModuleManager: Shutting down and abandoning module Media (82)
[2016.03.22-16.36.30:248][  8]LogModuleManager: Shutting down and abandoning module WmfMedia (81)
[2016.03.22-16.36.30:313][  8]LogModuleManager: Shutting down and abandoning module OnlineBlueprintSupport (80)
[2016.03.22-16.36.30:313][  8]LogModuleManager: Shutting down and abandoning module GameplayTasksEditor (79)
[2016.03.22-16.36.30:313][  8]LogModuleManager: Shutting down and abandoning module PropertyEditor (78)
[2016.03.22-16.36.30:313][  8]LogModuleManager: Shutting down and abandoning module BehaviorTreeEditor (77)
[2016.03.22-16.36.30:354][  8]LogModuleManager: Shutting down and abandoning module FunctionalTesting (76)
[2016.03.22-16.36.30:354][  8]LogModuleManager: Shutting down and abandoning module CollisionAnalyzer (75)
[2016.03.22-16.36.30:363][  8]LogModuleManager: Shutting down and abandoning module WorkspaceMenuStructure (74)
[2016.03.22-16.36.30:364][  8]LogModuleManager: Shutting down and abandoning module MessageLog (73)
[2016.03.22-16.36.30:364][  8]LogModuleManager: Shutting down and abandoning module Sequencer (72)
[2016.03.22-16.36.30:414][  8]LogModuleManager: Shutting down and abandoning module AssetTools (71)
[2016.03.22-16.36.30:463][  8]LogModuleManager: Shutting down and abandoning module UMGEditor (70)
[2016.03.22-16.36.30:504][  8]LogModuleManager: Shutting down and abandoning module UMG (69)
[2016.03.22-16.36.30:524][  8]LogModuleManager: Shutting down and abandoning module Slate (68)
[2016.03.22-16.36.30:524][  8]LogModuleManager: Shutting down and abandoning module EditorStyle (67)
[2016.03.22-16.36.30:535][  8]LogModuleManager: Shutting down and abandoning module SessionServices (66)
[2016.03.22-16.36.30:535][  8]LogModuleManager: Shutting down and abandoning module SourceCodeAccess (65)
[2016.03.22-16.36.30:535][  8]LogModuleManager: Shutting down and abandoning module HeadMountedDisplay (64)
[2016.03.22-16.36.30:535][  8]LogModuleManager: Shutting down and abandoning module XAudio2 (63)
[2016.03.22-16.36.30:535][  8]LogModuleManager: Shutting down and abandoning module Networking (61)
[2016.03.22-16.36.30:535][  8]LogModuleManager: Shutting down and abandoning module Core (60)
[2016.03.22-16.36.30:535][  8]LogModuleManager: Shutting down and abandoning module KismetCompiler (59)
[2016.03.22-16.36.30:535][  8]LogModuleManager: Shutting down and abandoning module PhysXFormats (58)
[2016.03.22-16.36.30:536][  8]LogModuleManager: Shutting down and abandoning module MeshUtilities (57)
[2016.03.22-16.36.30:573][  8]LogModuleManager: Shutting down and abandoning module DerivedDataCache (56)
[2016.03.22-16.36.34:192][  8]LogDerivedDataCache: Shutdown
[2016.03.22-16.36.34:192][  8]LogModuleManager: Shutting down and abandoning module ShaderFormatOpenGL (55)
[2016.03.22-16.36.34:302][  8]LogModuleManager: Shutting down and abandoning module ShaderFormatD3D (54)
[2016.03.22-16.36.34:302][  8]LogModuleManager: Shutting down and abandoning module MetalShaderFormat (53)
[2016.03.22-16.36.34:342][  8]LogModuleManager: Shutting down and abandoning module TextureFormatUncompressed (52)
[2016.03.22-16.36.34:342][  8]LogModuleManager: Shutting down and abandoning module TextureFormatPVR (51)
[2016.03.22-16.36.34:343][  8]LogModuleManager: Shutting down and abandoning module TextureFormatIntelISPCTexComp (50)
[2016.03.22-16.36.34:343][  8]LogModuleManager: Shutting down and abandoning module TextureFormatDXT (49)
[2016.03.22-16.36.34:343][  8]LogModuleManager: Shutting down and abandoning module ImageWrapper (48)
[2016.03.22-16.36.34:343][  8]LogModuleManager: Shutting down and abandoning module TextureFormatASTC (47)
[2016.03.22-16.36.34:343][  8]LogModuleManager: Shutting down and abandoning module TextureFormatAndroid (46)
[2016.03.22-16.36.34:343][  8]LogModuleManager: Shutting down and abandoning module AudioFormatOpus (45)
[2016.03.22-16.36.34:362][  8]LogModuleManager: Shutting down and abandoning module AudioFormatOgg (44)
[2016.03.22-16.36.34:362][  8]LogModuleManager: Shutting down and abandoning module AudioFormatADPCM (43)
[2016.03.22-16.36.34:362][  8]LogModuleManager: Shutting down and abandoning module LinuxTargetPlatform (42)
[2016.03.22-16.36.34:363][  8]LogModuleManager: Shutting down and abandoning module LinuxServerTargetPlatform (41)
[2016.03.22-16.36.34:363][  8]LogModuleManager: Shutting down and abandoning module LinuxNoEditorTargetPlatform (40)
[2016.03.22-16.36.34:363][  8]LogModuleManager: Shutting down and abandoning module Messaging (39)
[2016.03.22-16.36.34:363][  8]LogModuleManager: Shutting down and abandoning module IOSTargetPlatform (38)
[2016.03.22-16.36.34:363][  8]LogModuleManager: Shutting down and abandoning module HTML5TargetPlatform (37)
[2016.03.22-16.36.34:363][  8]LogModuleManager: Shutting down and abandoning module Android_PVRTCTargetPlatform (36)
[2016.03.22-16.36.34:363][  8]LogModuleManager: Shutting down and abandoning module Android_MultiTargetPlatform (35)
[2016.03.22-16.36.34:363][  8]LogModuleManager: Shutting down and abandoning module Android_ETC2TargetPlatform (34)
[2016.03.22-16.36.34:363][  8]LogModuleManager: Shutting down and abandoning module Android_ETC1TargetPlatform (33)
[2016.03.22-16.36.34:363][  8]LogModuleManager: Shutting down and abandoning module Android_DXTTargetPlatform (32)
[2016.03.22-16.36.34:363][  8]LogModuleManager: Shutting down and abandoning module Android_ATCTargetPlatform (31)
[2016.03.22-16.36.34:363][  8]LogModuleManager: Shutting down and abandoning module Android_ASTCTargetPlatform (30)
[2016.03.22-16.36.34:363][  8]LogModuleManager: Shutting down and abandoning module AndroidTargetPlatform (29)
[2016.03.22-16.36.34:364][  8]LogModuleManager: Shutting down and abandoning module WindowsTargetPlatform (28)
[2016.03.22-16.36.34:364][  8]LogModuleManager: Shutting down and abandoning module WindowsServerTargetPlatform (27)
[2016.03.22-16.36.34:364][  8]LogModuleManager: Shutting down and abandoning module WindowsNoEditorTargetPlatform (26)
[2016.03.22-16.36.34:364][  8]LogModuleManager: Shutting down and abandoning module WindowsClientTargetPlatform (25)
[2016.03.22-16.36.34:364][  8]LogModuleManager: Shutting down and abandoning module AllDesktopTargetPlatform (24)
[2016.03.22-16.36.34:364][  8]LogModuleManager: Shutting down and abandoning module TargetPlatform (23)
[2016.03.22-16.36.34:364][  8]LogModuleManager: Shutting down and abandoning module InputCore (22)
[2016.03.22-16.36.34:364][  8]LogModuleManager: Shutting down and abandoning module Settings (21)
[2016.03.22-16.36.34:365][  8]LogModuleManager: Shutting down and abandoning module OnlineSubsystem (19)
[2016.03.22-16.36.34:365][  8]LogModuleManager: Shutting down and abandoning module HTTP (18)
[2016.03.22-16.36.44:791][  8]LogModuleManager: Shutting down and abandoning module XMPP (17)
[2016.03.22-16.36.44:841][  8]LogModuleManager: Shutting down and abandoning module OculusRift (16)
[2016.03.22-16.36.44:855][  8]LogModuleManager: Shutting down and abandoning module ExampleDeviceProfileSelector (15)
[2016.03.22-16.36.44:855][  8]LogModuleManager: Shutting down and abandoning module TextureCompressor (14)
[2016.03.22-16.36.44:875][  8]LogModuleManager: Shutting down and abandoning module ShaderCore (13)
[2016.03.22-16.36.44:875][  8]LogModuleManager: Shutting down and abandoning module Landscape (12)
[2016.03.22-16.36.44:875][  8]LogModuleManager: Shutting down and abandoning module SlateRHIRenderer (11)
[2016.03.22-16.36.44:911][  8]LogModuleManager: Shutting down and abandoning module OpenGLDrv (10)
[2016.03.22-16.36.44:941][  8]LogModuleManager: Shutting down and abandoning module D3D11RHI (9)
[2016.03.22-16.36.44:941][  8]LogModuleManager: Shutting down and abandoning module AnimGraphRuntime (8)
[2016.03.22-16.36.44:961][  8]LogModuleManager: Shutting down and abandoning module Renderer (7)
[2016.03.22-16.36.44:961][  8]LogModuleManager: Shutting down and abandoning module Engine (6)
[2016.03.22-16.36.44:961][  8]LogModuleManager: Shutting down and abandoning module CoreUObject (5)
[2016.03.22-16.36.44:961][  8]LogModuleManager: Shutting down and abandoning module NetworkFile (4)
[2016.03.22-16.36.44:982][  8]LogModuleManager: Shutting down and abandoning module StreamingFile (3)
[2016.03.22-16.36.44:982][  8]LogModuleManager: Shutting down and abandoning module SandboxFile (2)
[2016.03.22-16.36.44:991][  8]LogModuleManager: Shutting down and abandoning module PakFile (1)
[2016.03.22-16.36.45:022][  8]LogExit: Exiting.
[2016.03.22-16.36.45:049][  8]Log file closed, 03/22/16 17:36:45
