[2016.04.07-19.32.45:251][  0]Log file open, 04/07/16 21:32:45
[2016.04.07-19.32.45:251][  0]LogInit:Display: Running engine for game: ProjectOndarreta
[2016.04.07-19.32.45:251][  0]LogPlatformFile: Not using cached read wrapper
[2016.04.07-19.32.45:251][  0]LogInit:Display: RandInit(1093792582) SRandInit(1093792586).
[2016.04.07-19.32.45:251][  0]LogTaskGraph: Started task graph with 4 named threads and 7 total threads.
[2016.04.07-19.32.45:251][  0]LogStats: Stats thread started at 0.198652
[2016.04.07-19.32.45:251][  0]LogInit: Version: 4.10.4-2872498+++depot+UE4-Releases+4.10
[2016.04.07-19.32.45:251][  0]LogInit: API Version: 2758231
[2016.04.07-19.32.45:251][  0]LogInit: Compiled (64-bit): Feb 18 2016 15:47:04
[2016.04.07-19.32.45:251][  0]LogInit: Compiled with Visual C++: 19.00.23026.00
[2016.04.07-19.32.45:251][  0]LogInit: Build Configuration: Development
[2016.04.07-19.32.45:251][  0]LogInit: Branch Name: ++depot+UE4-Releases+4.10
[2016.04.07-19.32.45:251][  0]LogInit: Command line:  
[2016.04.07-19.32.45:251][  0]LogInit: Base directory: D:/Investigation_Zone/Epic Games/4.10/Engine/Binaries/Win64/
[2016.04.07-19.32.45:251][  0]LogInit: Rocket: 1
[2016.04.07-19.32.45:283][  0]LogInit: Using libcurl 7.41.0
[2016.04.07-19.32.45:283][  0]LogInit:  - built for x86_64-pc-win32
[2016.04.07-19.32.45:283][  0]LogInit:  - supports SSL with WinSSL
[2016.04.07-19.32.45:283][  0]LogInit:  - other features:
[2016.04.07-19.32.45:283][  0]LogInit:      CURL_VERSION_SSL
[2016.04.07-19.32.45:283][  0]LogInit:      CURL_VERSION_IPV6
[2016.04.07-19.32.45:283][  0]LogInit:      CURL_VERSION_ASYNCHDNS
[2016.04.07-19.32.45:283][  0]LogInit:      CURL_VERSION_LARGEFILE
[2016.04.07-19.32.45:283][  0]LogInit:      CURL_VERSION_IDN
[2016.04.07-19.32.45:283][  0]LogInit:  CurlRequestOptions (configurable via config and command line):
[2016.04.07-19.32.45:283][  0]LogInit:  - bVerifyPeer = true  - Libcurl will verify peer certificate
[2016.04.07-19.32.45:283][  0]LogInit:  - bUseHttpProxy = false  - Libcurl will NOT use HTTP proxy
[2016.04.07-19.32.45:283][  0]LogInit:  - bDontReuseConnections = false  - Libcurl will reuse connections
[2016.04.07-19.32.45:283][  0]LogInit:  - CertBundlePath = nullptr  - Libcurl will use whatever was configured at build time.
[2016.04.07-19.32.45:316][  0]LogInit: Presizing for 0 objects not considered by GC, pre-allocating 0 bytes.
[2016.04.07-19.32.45:360][  0]LogInit: Object subsystem initialized
[2016.04.07-19.32.45:365][  0]LogInit: Selected Device Profile: [Windows]
[2016.04.07-19.32.45:365][  0]LogInit: Applying CVar settings loaded from the selected device profile: [Windows]
[2016.04.07-19.32.45:419][  0]LogInit: Computer: ALMA-ITSASO
[2016.04.07-19.32.45:419][  0]LogInit: User: Unai
[2016.04.07-19.32.45:419][  0]LogInit: CPU Page size=4096, Cores=4
[2016.04.07-19.32.45:419][  0]LogInit: High frequency timer resolution =2.338346 MHz
[2016.04.07-19.32.45:419][  0]LogMemory: Memory total: Physical=7.9GB (8GB approx)
[2016.04.07-19.32.45:420][  0]LogMemory: Platform Memory Stats for Windows
[2016.04.07-19.32.45:420][  0]LogMemory: Process Physical Memory: 56.16 MB used, 56.16 MB peak
[2016.04.07-19.32.45:420][  0]LogMemory: Process Virtual Memory: 58.73 MB used, 58.73 MB peak
[2016.04.07-19.32.45:420][  0]LogMemory: Physical Memory: 4607.89 MB used, 8124.02 MB total
[2016.04.07-19.32.45:420][  0]LogMemory: Virtual Memory: 384.83 MB used, 134217728.00 MB total
[2016.04.07-19.32.48:530][  0]LogD3D11RHI: Found D3D11 adapter 0: NVIDIA GeForce GT 740M    (Feature Level 11_0)
[2016.04.07-19.32.48:530][  0]LogD3D11RHI: Adapter has 1996MB of dedicated video memory, 0MB of dedicated system memory, and 4062MB of shared system memory, 1 output[s]
[2016.04.07-19.32.48:551][  0]LogD3D11RHI: Found D3D11 adapter 1: Intel(R) HD Graphics 4600 (Feature Level 11_0)
[2016.04.07-19.32.48:551][  0]LogD3D11RHI: Adapter has 112MB of dedicated video memory, 0MB of dedicated system memory, and 4062MB of shared system memory, 0 output[s]
[2016.04.07-19.32.48:557][  0]LogD3D11RHI: Found D3D11 adapter 2: Microsoft Basic Render Driver (Feature Level 11_0)
[2016.04.07-19.32.48:557][  0]LogD3D11RHI: Adapter has 0MB of dedicated video memory, 0MB of dedicated system memory, and 4062MB of shared system memory, 0 output[s]
[2016.04.07-19.32.48:557][  0]LogD3D11RHI: Chosen D3D11 Adapter Id = 0
[2016.04.07-19.32.48:579][  0]LogD3D11RHI: !Direct3DDevice
[2016.04.07-19.32.48:579][  0]LogRHI: Texture pool is 1361 MB (70% of 1945 MB)
[2016.04.07-19.32.48:652][  0]LogD3D11RHI: Async texture creation enabled
[2016.04.07-19.32.48:683][  0]LogShaderCompilers: Guid format shader working directory is -21 characters bigger than the processId version (../../../../../Ureal engine 4/Proyectos/Ondarreta/ProjectOndarreta/Intermediate/Shaders/WorkingDirectory/2420/).
[2016.04.07-19.32.48:684][  0]LogShaderCompilers: Cleaned the shader compiler working directory 'C:/Users/Unai/AppData/Local/Temp/UnrealShaderWorkingDir/526695CF490BCDF212B9F48B8757BAA4/'.
[2016.04.07-19.32.48:684][  0]LogShaderCompilers:Display: Using Local Shader Compiler.
[2016.04.07-19.32.54:923][  0]LogTemp:Display: Loaded TP AllDesktopTargetPlatform
[2016.04.07-19.32.54:946][  0]LogTemp:Display: Loaded TP WindowsClientTargetPlatform
[2016.04.07-19.32.54:969][  0]LogTemp:Display: Loaded TP WindowsNoEditorTargetPlatform
[2016.04.07-19.32.54:999][  0]LogTemp:Display: Loaded TP WindowsServerTargetPlatform
[2016.04.07-19.32.55:028][  0]LogTemp:Display: Loaded TP WindowsTargetPlatform
[2016.04.07-19.32.55:053][  0]LogTemp:Display: Loaded TP AndroidTargetPlatform
[2016.04.07-19.32.55:077][  0]LogTemp:Display: Loaded TP Android_ASTCTargetPlatform
[2016.04.07-19.32.55:101][  0]LogTemp:Display: Loaded TP Android_ATCTargetPlatform
[2016.04.07-19.32.55:134][  0]LogTemp:Display: Loaded TP Android_DXTTargetPlatform
[2016.04.07-19.32.55:167][  0]LogTemp:Display: Loaded TP Android_ETC1TargetPlatform
[2016.04.07-19.32.55:189][  0]LogTemp:Display: Loaded TP Android_ETC2TargetPlatform
[2016.04.07-19.32.55:228][  0]LogTemp:Display: Loaded TP Android_MultiTargetPlatform
[2016.04.07-19.32.55:228][  0]LogTemp:Display: Loaded TP Android_PVRTCTargetPlatform
[2016.04.07-19.32.55:231][  0]LogTemp:Display: Loaded TP HTML5TargetPlatform
[2016.04.07-19.32.55:267][  0]LogTemp:Display: Loaded TP IOSTargetPlatform
[2016.04.07-19.32.55:283][  0]LogTemp:Display: Loaded TP LinuxNoEditorTargetPlatform
[2016.04.07-19.32.55:297][  0]LogTemp:Display: Loaded TP LinuxServerTargetPlatform
[2016.04.07-19.32.55:315][  0]LogTemp:Display: Loaded TP LinuxTargetPlatform
[2016.04.07-19.32.55:315][  0]LogTargetPlatformManager:Display: Building Assets For Windows
[2016.04.07-19.32.55:771][  0]LogDerivedDataCache:Display: Max Cache Size: 512 MB
[2016.04.07-19.32.56:002][  0]LogDerivedDataCache: Loaded boot cache 0.23s 41MB C:/Users/Unai/AppData/Local/UnrealEngine/4.10/DerivedDataCache/Boot.ddc.
[2016.04.07-19.32.56:002][  0]LogDerivedDataCache:Display: Loaded Boot cache: C:/Users/Unai/AppData/Local/UnrealEngine/4.10/DerivedDataCache/Boot.ddc
[2016.04.07-19.32.56:002][  0]LogDerivedDataCache: FDerivedDataBackendGraph:  Pak pak cache file ../../../../../Ureal engine 4/Proyectos/Ondarreta/ProjectOndarreta/DerivedDataCache/DDC.ddp not found, will not use a pak cache.
[2016.04.07-19.32.56:002][  0]LogDerivedDataCache: Unable to find inner node Pak for hierarchical cache Hierarchy.
[2016.04.07-19.32.56:003][  0]LogDerivedDataCache: FDerivedDataBackendGraph:  CompressedPak pak cache file ../../../../../Ureal engine 4/Proyectos/Ondarreta/ProjectOndarreta/DerivedDataCache/Compressed.ddp not found, will not use a pak cache.
[2016.04.07-19.32.56:003][  0]LogDerivedDataCache: Unable to find inner node CompressedPak for hierarchical cache Hierarchy.
[2016.04.07-19.32.56:429][  0]LogDerivedDataCache:Display: Pak cache opened for reading ../../../Engine/DerivedDataCache/Compressed.ddp.
[2016.04.07-19.32.56:445][  0]LogDerivedDataCache: Using Local data cache path C:/Users/Unai/AppData/Local/UnrealEngine/Common/DerivedDataCache: Writable
[2016.04.07-19.32.56:614][  0]LogModuleManager:Warning: Found module file ../../../Engine/Plugins/VaOcean/Binaries/Win64/UE4Editor-VaOceanPlugin.dll (API version 2215663), but it was incompatible with the current engine API version (2758231). This is likely a stale module that must be recompiled.
[2016.04.07-19.32.57:808][  0]LogInit: Selected Device Profile: [Windows]
[2016.04.07-19.32.57:835][  0]LogContentStreaming: Texture pool size is 0.000000MB
[2016.04.07-19.32.58:791][  0]LogMeshUtilities: No automatic mesh reduction module available
[2016.04.07-19.32.58:791][  0]LogMeshUtilities: No automatic mesh merging module available
[2016.04.07-19.33.00:202][  0]LogInit: WinSock: version 1.1 (2.2), MaxSocks=32767, MaxUdp=65467
[2016.04.07-19.33.05:163][  0]UdpMessaging: Initializing bridge on interface 0.0.0.0:0 to multicast group 230.0.0.1:6666.
[2016.04.07-19.33.05:359][  0]LogAssetRegistry: FAssetRegistry took 0.0123 seconds to start up
[2016.04.07-19.33.05:372][  0]LogDirectoryWatcher:Warning: Failed to begin reading directory changes for ../../../../../Ureal engine 4/Proyectos/Ondarreta/ProjectOndarreta/Plugins/OceanPlugin/Content/. Error: 0
[2016.04.07-19.33.06:130][  0]SourceControl: Info Source control is disabled
[2016.04.07-19.33.06:285][  0]SourceControl: Info Source control is disabled
[2016.04.07-19.33.06:326][  0]SourceControl: Info Source control is disabled
[2016.04.07-19.33.06:367][  0]SourceControl: Info Source control is disabled
[2016.04.07-19.33.07:438][  0]LogObj: 28866 objects as part of root set at end of initial load.
[2016.04.07-19.33.07:438][  0]LogUObjectAllocator: 6152488 out of 0 bytes used by permanent object pool.
[2016.04.07-19.33.07:674][  0]LogEngine: Initializing Engine...
[2016.04.07-19.33.07:686][  0]LogHMD: Can't find Oculus library dev build: is proper Runtime installed? Version: 0.8.0.0
[2016.04.07-19.33.07:730][  0]LogHMD: SteamVR failed to initialize.  Err: 108
[2016.04.07-19.33.08:271][  0]LogAIModule: Creating AISystem for world NewWorld
[2016.04.07-19.33.08:292][  0]LogInit: XAudio2 using 'Altavoces / Auriculares (IDT High Definition Audio CODEC)' : 2 channels at 48 kHz using 16 bits per sample (channel mask 0x3)
[2016.04.07-19.33.08:363][  0]LogInit: FAudioDevice initialized.
[2016.04.07-19.33.08:440][  0]LogDerivedDataCache: Saved boot cache 0.08s 41MB C:/Users/Unai/AppData/Local/UnrealEngine/4.10/DerivedDataCache/Boot.ddc.
[2016.04.07-19.33.08:459][  0]LogInit: Texture streaming: Enabled
[2016.04.07-19.33.08:482][  0]LogAnalytics: Creating configured Analytics provider AnalyticsET
[2016.04.07-19.33.08:482][  0]LogAnalytics: [UEEditor.Rocket.Release] APIServer = http://et2.epicgames.com/ET2/. AppVersion = 4.10.4-2872498+++depot+UE4-Releases+4.10
[2016.04.07-19.33.08:482][  0]LogAnalytics: [UEEditor.Rocket.Release] SetUserId d7adaae849ea30e6caa19b820571e0d9|33a1c5eb2cc94ca8a72a46d53f3ce1d2|4517af11-a817-4828-86eb-27c26c7bd883
[2016.04.07-19.33.08:483][  0]LogAnalytics: [UEEditor.Rocket.Release] AnalyticsET::StartSession
[2016.04.07-19.33.08:536][  0]LogInit: Transaction tracking system initialized
[2016.04.07-19.33.08:642][  0]BlueprintLog: New page: Editor Load
[2016.04.07-19.33.09:025][  0]LocalizationService: Info Localization service is disabled
[2016.04.07-19.33.10:351][  0]LogConsoleResponse:Display: 
[2016.04.07-19.33.10:862][  0]LogCook:Display: Done creating registry. It took  0.00s.
[2016.04.07-19.33.11:138][  0]LogFileCache: Scanning file cache for directory 'D:/Investigation_Zone/Ureal engine 4/Proyectos/Ondarreta/ProjectOndarreta/Content/' took 0.09s
[2016.04.07-19.33.11:138][  0]SourceControl: Info Source control is disabled
[2016.04.07-19.33.11:139][  0]Cmd: MAP LOAD FILE="../../../../../Ureal engine 4/Proyectos/Ondarreta/ProjectOndarreta/Content/StarterContent/Maps/Minimal_Default.umap" TEMPLATE=0 SHOWPROGRESS=1 FEATURELEVEL=3
[2016.04.07-19.33.11:140][  0]LightingResults: New page: Lighting Build
[2016.04.07-19.33.11:155][  0]MapCheck: New page: Map Check
[2016.04.07-19.33.11:155][  0]LightingResults: New page: Lighting Build
[2016.04.07-19.33.11:208][  0]LogParticles: Destroying 0 GPU particle simulations for FXSystem 0x00000222EB7A0400
[2016.04.07-19.33.21:134][  0]LogBlueprint:Warning: [compiler BP_ManOfWar] Warning InputAction Event references unknown Action 'PrevGear' for  InputAction PrevGear 
[2016.04.07-19.33.21:134][  0]LogBlueprint:Warning: [compiler BP_ManOfWar] Warning InputAction Event references unknown Action 'NextGear' for  InputAction NextGear 
[2016.04.07-19.33.21:135][  0]LogBlueprint:Warning: [compiler BP_ManOfWar] Warning InputAction Event references unknown Action 'Fire' for  InputAction Fire 
[2016.04.07-19.33.21:196][  0]LogBlueprint:Warning: [compiler BP_ManOfWar] Warning [0038.00] Compile of BP_ManOfWar successful, but with 3 Warning(s) [in 214 ms]
[2016.04.07-19.33.21:198][  0]LogBlueprint:Warning: [compiler BP_ManOfWar] Warning [0038.01] Compile of BP_ManOfWar successful, but with 4 Warning(s) [in 1 ms]
[2016.04.07-19.33.21:198][  0]LogBlueprint:Warning: [compiler BP_ManOfWar] Warning [0038.01] Compile of BP_ManOfWar successful, but with 5 Warning(s) [in 0 ms]
[2016.04.07-19.33.21:929][  0]LogBlueprint:Warning: [compiler TP_VehicleController] Warning InputAction Event references unknown Action 'EnterChat' for  InputAction EnterChat 
[2016.04.07-19.33.21:931][  0]LogBlueprint:Warning: [compiler TP_VehicleController] Warning InputAction Event references unknown Action 'Interact' for  InputAction Interact 
[2016.04.07-19.33.21:967][  0]LogBlueprint:Warning: [compiler TP_VehicleController] Warning [0038.77] Compile of TP_VehicleController successful, but with 2 Warning(s) [in 98 ms]
[2016.04.07-19.33.21:979][  0]LogBlueprint:Warning: [compiler TP_VehicleController] Warning [0038.79] Compile of TP_VehicleController successful, but with 3 Warning(s) [in 11 ms]
[2016.04.07-19.33.21:979][  0]LogBlueprint:Warning: [compiler TP_VehicleController] Warning [0038.79] Compile of TP_VehicleController successful, but with 4 Warning(s) [in 0 ms]
[2016.04.07-19.33.23:501][  0]LogBlueprint:Warning: [compiler BP_ManOfWar] Warning InputAction Event references unknown Action 'PrevGear' for  InputAction PrevGear 
[2016.04.07-19.33.23:501][  0]LogBlueprint:Warning: [compiler BP_ManOfWar] Warning InputAction Event references unknown Action 'NextGear' for  InputAction NextGear 
[2016.04.07-19.33.23:502][  0]LogBlueprint:Warning: [compiler BP_ManOfWar] Warning InputAction Event references unknown Action 'Fire' for  InputAction Fire 
[2016.04.07-19.33.23:565][  0]LogBlueprint:Warning: [compiler BP_ManOfWar] Warning [0040.37] Compile of BP_ManOfWar successful, but with 3 Warning(s) [in 214 ms]
[2016.04.07-19.33.23:565][  0]LogBlueprint:Warning: [compiler BP_ManOfWar] Warning [0040.37] Compile of BP_ManOfWar successful, but with 4 Warning(s) [in 0 ms]
[2016.04.07-19.33.23:566][  0]LogBlueprint:Warning: [compiler BP_ManOfWar] Warning [0040.37] Compile of BP_ManOfWar successful, but with 5 Warning(s) [in 1 ms]
[2016.04.07-19.33.23:851][  0]LogBlueprint:Warning: [compiler TP_VehicleController] Warning InputAction Event references unknown Action 'EnterChat' for  InputAction EnterChat 
[2016.04.07-19.33.23:853][  0]LogBlueprint:Warning: [compiler TP_VehicleController] Warning InputAction Event references unknown Action 'Interact' for  InputAction Interact 
[2016.04.07-19.33.23:888][  0]LogBlueprint:Warning: [compiler TP_VehicleController] Warning [0040.70] Compile of TP_VehicleController successful, but with 2 Warning(s) [in 113 ms]
[2016.04.07-19.33.23:888][  0]LogBlueprint:Warning: [compiler TP_VehicleController] Warning [0040.70] Compile of TP_VehicleController successful, but with 3 Warning(s) [in 0 ms]
[2016.04.07-19.33.23:898][  0]LogBlueprint:Warning: [compiler TP_VehicleController] Warning [0040.71] Compile of TP_VehicleController successful, but with 4 Warning(s) [in 9 ms]
[2016.04.07-19.33.31:349][  0]LogSkeletalMesh:Warning: Building adjacency information for skeletal mesh '/Game/ShipsAndExamples/ManOfWar/Flag/Flag_01.Flag_01'.
[2016.04.07-19.33.31:452][  0]LogSkeletalMesh:Warning: Building adjacency information for skeletal mesh '/Game/ShipsAndExamples/ManOfWar/Meshes/Back_Sails_LOD.Back_Sails_LOD'.
[2016.04.07-19.33.31:669][  0]LogSkeletalMesh:Warning: Building adjacency information for skeletal mesh '/Game/ShipsAndExamples/ManOfWar/Meshes/Back_Sails_LOD.Back_Sails_LOD'.
[2016.04.07-19.33.31:733][  0]LogSkeletalMesh:Warning: Building adjacency information for skeletal mesh '/Game/ShipsAndExamples/ManOfWar/Meshes/Back_Sails_LOD.Back_Sails_LOD'.
[2016.04.07-19.33.32:087][  0]LogSkeletalMesh:Warning: Building adjacency information for skeletal mesh '/Game/ShipsAndExamples/ManOfWar/Meshes/Front_Sails_LOD.Front_Sails_LOD'.
[2016.04.07-19.33.32:272][  0]LogSkeletalMesh:Warning: Building adjacency information for skeletal mesh '/Game/ShipsAndExamples/ManOfWar/Meshes/Front_Sails_LOD.Front_Sails_LOD'.
[2016.04.07-19.33.32:322][  0]LogSkeletalMesh:Warning: Building adjacency information for skeletal mesh '/Game/ShipsAndExamples/ManOfWar/Meshes/Front_Sails_LOD.Front_Sails_LOD'.
[2016.04.07-19.33.40:242][  0]LogAIModule: Creating AISystem for world Minimal_Default
[2016.04.07-19.33.50:897][  0]LogEditorServer: Finished looking for orphan Actors (0.000 secs)
[2016.04.07-19.33.50:898][  0]Cmd: MAP CHECKDEP NOCLEARLOG
[2016.04.07-19.33.51:358][  0]MapCheck: Info Map check complete: 0 Error(s), 0 Warning(s), took 459.897ms to complete.
[2016.04.07-19.33.51:359][  0]LogFileHelpers: Loading map 'Minimal_Default' took 40.221
[2016.04.07-19.33.51:687][  0]LogCollectionManager: Loaded 0 collections in 0.010445 seconds
[2016.04.07-19.33.51:755][  0]LogFileCache: Scanning file cache for directory 'D:/Investigation_Zone/Ureal engine 4/Proyectos/Ondarreta/ProjectOndarreta/Saved/Collections/' took 0.01s
[2016.04.07-19.33.51:755][  0]LogFileCache: Scanning file cache for directory 'D:/Investigation_Zone/Ureal engine 4/Proyectos/Ondarreta/ProjectOndarreta/Content/Developers/Unai/Collections/' took 0.01s
[2016.04.07-19.33.51:755][  0]LogFileCache: Scanning file cache for directory 'D:/Investigation_Zone/Ureal engine 4/Proyectos/Ondarreta/ProjectOndarreta/Content/Collections/' took 0.01s
[2016.04.07-19.33.51:755][  0]LogCollectionManager: Rebuilt the GUID cache for 0 collections in 0.000006 seconds
[2016.04.07-19.33.51:802][  0]LogContentBrowser: Native class hierarchy populated in 0.0460 seconds. Added 1904 classes and 343 folders.
[2016.04.07-19.33.51:853][  0]LogContentBrowser: Native class hierarchy updated for 'WidgetCarousel' in 0.0010 seconds. Added 0 classes and 0 folders.
[2016.04.07-19.33.54:296][  0]LogContentBrowser: Native class hierarchy updated for 'AddContentDialog' in 0.0017 seconds. Added 0 classes and 0 folders.
[2016.04.07-19.33.54:580][  0]LogContentBrowser: Native class hierarchy updated for 'SceneOutliner' in 0.0011 seconds. Added 1 classes and 2 folders.
[2016.04.07-19.33.54:856][  0]LogCrashTracker: Crashtracker disabled due to settings.
[2016.04.07-19.33.54:925][  0]LogUObjectGlobals:Warning: Failed to find object 'Class None.'
[2016.04.07-19.33.54:951][  0]LogLoad: Full Startup: 71.76 seconds (BP compile: 5.16 seconds)
[2016.04.07-19.33.55:301][  0]LogOcInput: Can't find Oculus library dev build: is proper Runtime installed? Version: 0.8.0.0
[2016.04.07-19.33.55:439][  0]LogContentStreaming: Texture pool size now 400 MB
[2016.04.07-19.33.56:136][  0]LogRenderer: Reallocating scene render targets to support 748x920 (Frame:2).
[2016.04.07-19.33.56:594][  1]Cmd: UpdateLandscapeEditorData -warnings
[2016.04.07-19.34.03:570][ 15]LogWindowsTextInputMethodSystem:Display: IME system now deactivated.
[2016.04.07-19.34.04:727][ 16]Cmd: QUIT_EDITOR
[2016.04.07-19.34.05:287][ 16]LogExit: Preparing to exit.
[2016.04.07-19.34.06:856][ 16]LogExit: Editor shut down
[2016.04.07-19.34.06:857][ 16]LogExit: Transaction tracking system shut down
[2016.04.07-19.34.06:962][ 16]LogParticles: Destroying 0 GPU particle simulations for FXSystem 0x000002229F0A9F80
[2016.04.07-19.34.07:700][ 16]LogParticles: Destroying 0 GPU particle simulations for FXSystem 0x00000222A2EB6840
[2016.04.07-19.34.07:700][ 16]LogParticles: Destroying 0 GPU particle simulations for FXSystem 0x00000222A3017060
[2016.04.07-19.34.07:700][ 16]LogParticles: Destroying 0 GPU particle simulations for FXSystem 0x00000222A31463E0
[2016.04.07-19.34.07:700][ 16]LogExit: Object subsystem successfully closed.
[2016.04.07-19.34.07:743][ 16]LogD3D11RHI: Shutdown
[2016.04.07-19.34.07:743][ 16]LogD3D11RHI: CleanupD3DDevice
[2016.04.07-19.34.08:087][ 16]LogD3D11RHI: ~FD3D11DynamicRHI
[2016.04.07-19.34.08:147][ 16]LogModuleManager: Shutting down and abandoning module CrashTracker (199)
[2016.04.07-19.34.08:147][ 16]LogModuleManager: Shutting down and abandoning module SceneOutliner (198)
[2016.04.07-19.34.08:147][ 16]LogModuleManager: Shutting down and abandoning module SuperSearch (197)
[2016.04.07-19.34.08:147][ 16]LogModuleManager: Shutting down and abandoning module WidgetCarousel (196)
[2016.04.07-19.34.08:147][ 16]LogModuleManager: Shutting down and abandoning module AddContentDialog (195)
[2016.04.07-19.34.08:149][ 16]LogModuleManager: Shutting down and abandoning module EditorWidgets (194)
[2016.04.07-19.34.08:149][ 16]LogModuleManager: Shutting down and abandoning module CollectionManager (193)
[2016.04.07-19.34.08:150][ 16]LogModuleManager: Shutting down and abandoning module StatsViewer (192)
[2016.04.07-19.34.08:150][ 16]LogModuleManager: Shutting down and abandoning module FoliageEdit (191)
[2016.04.07-19.34.08:150][ 16]LogModuleManager: Shutting down and abandoning module LandscapeEditor (190)
[2016.04.07-19.34.08:150][ 16]LogModuleManager: Shutting down and abandoning module ActorPickerMode (189)
[2016.04.07-19.34.08:150][ 16]LogModuleManager: Shutting down and abandoning module GeometryMode (188)
[2016.04.07-19.34.08:151][ 16]LogModuleManager: Shutting down and abandoning module TextureAlignMode (187)
[2016.04.07-19.34.08:151][ 16]LogModuleManager: Shutting down and abandoning module BspMode (186)
[2016.04.07-19.34.08:151][ 16]LogModuleManager: Shutting down and abandoning module PlacementMode (185)
[2016.04.07-19.34.08:151][ 16]LogModuleManager: Shutting down and abandoning module AutomationWorker (184)
[2016.04.07-19.34.08:151][ 16]LogModuleManager: Shutting down and abandoning module CharacterAI (183)
[2016.04.07-19.34.08:151][ 16]LogModuleManager: Shutting down and abandoning module SmartSnapping (182)
[2016.04.07-19.34.08:151][ 16]LogModuleManager: Shutting down and abandoning module ViewportSnapping (181)
[2016.04.07-19.34.08:151][ 16]LogModuleManager: Shutting down and abandoning module LogVisualizer (180)
[2016.04.07-19.34.08:151][ 16]LogModuleManager: Shutting down and abandoning module GameProjectGeneration (179)
[2016.04.07-19.34.08:151][ 16]LogModuleManager: Shutting down and abandoning module IntroTutorials (178)
[2016.04.07-19.34.08:151][ 16]LogModuleManager: Shutting down and abandoning module EditorLiveStreaming (177)
[2016.04.07-19.34.08:151][ 16]LogModuleManager: Shutting down and abandoning module IOSPlatformEditor (176)
[2016.04.07-19.34.08:151][ 16]LogModuleManager: Shutting down and abandoning module HTML5PlatformEditor (175)
[2016.04.07-19.34.08:152][ 16]LogModuleManager: Shutting down and abandoning module AndroidDeviceDetection (174)
[2016.04.07-19.34.08:225][ 16]LogModuleManager: Shutting down and abandoning module AndroidPlatformEditor (173)
[2016.04.07-19.34.08:226][ 16]LogModuleManager: Shutting down and abandoning module IOSRuntimeSettings (172)
[2016.04.07-19.34.08:226][ 16]LogModuleManager: Shutting down and abandoning module AndroidRuntimeSettings (171)
[2016.04.07-19.34.08:226][ 16]LogModuleManager: Shutting down and abandoning module MergeActors (170)
[2016.04.07-19.34.08:226][ 16]LogModuleManager: Shutting down and abandoning module SizeMap (169)
[2016.04.07-19.34.08:226][ 16]LogModuleManager: Shutting down and abandoning module TreeMap (168)
[2016.04.07-19.34.08:226][ 16]LogModuleManager: Shutting down and abandoning module ReferenceViewer (167)
[2016.04.07-19.34.08:226][ 16]LogModuleManager: Shutting down and abandoning module LocalizationService (166)
[2016.04.07-19.34.08:226][ 16]LogModuleManager: Shutting down and abandoning module LocalizationDashboard (165)
[2016.04.07-19.34.08:226][ 16]LogModuleManager: Shutting down and abandoning module HardwareTargeting (164)
[2016.04.07-19.34.08:226][ 16]LogModuleManager: Shutting down and abandoning module DeviceProfileEditor (163)
[2016.04.07-19.34.08:226][ 16]LogModuleManager: Shutting down and abandoning module UndoHistory (162)
[2016.04.07-19.34.08:226][ 16]LogModuleManager: Shutting down and abandoning module GameplayTagsEditor (161)
[2016.04.07-19.34.08:226][ 16]LogModuleManager: Shutting down and abandoning module UserFeedback (160)
[2016.04.07-19.34.08:226][ 16]LogModuleManager: Shutting down and abandoning module XmlParser (159)
[2016.04.07-19.34.08:226][ 16]LogModuleManager: Shutting down and abandoning module Blutility (158)
[2016.04.07-19.34.08:226][ 16]LogModuleManager: Shutting down and abandoning module ProjectTargetPlatformEditor (157)
[2016.04.07-19.34.08:227][ 16]LogModuleManager: Shutting down and abandoning module ProjectSettingsViewer (156)
[2016.04.07-19.34.08:227][ 16]LogModuleManager: Shutting down and abandoning module InputBindingEditor (155)
[2016.04.07-19.34.08:227][ 16]LogModuleManager: Shutting down and abandoning module EditorSettingsViewer (154)
[2016.04.07-19.34.08:227][ 16]LogModuleManager: Shutting down and abandoning module SettingsEditor (153)
[2016.04.07-19.34.08:228][ 16]LogModuleManager: Shutting down and abandoning module ProjectLauncher (152)
[2016.04.07-19.34.08:228][ 16]LogModuleManager: Shutting down and abandoning module SessionFrontend (151)
[2016.04.07-19.34.08:228][ 16]LogModuleManager: Shutting down and abandoning module ProfilerClient (150)
[2016.04.07-19.34.08:228][ 16]LogModuleManager: Shutting down and abandoning module TargetDeviceServices (149)
[2016.04.07-19.34.08:228][ 16]LogModuleManager: Shutting down and abandoning module DeviceManager (148)
[2016.04.07-19.34.08:228][ 16]LogModuleManager: Shutting down and abandoning module AutomationController (147)
[2016.04.07-19.34.08:228][ 16]LogModuleManager: Shutting down and abandoning module AutomationWindow (146)
[2016.04.07-19.34.08:228][ 16]LogModuleManager: Shutting down and abandoning module Layers (145)
[2016.04.07-19.34.08:228][ 16]LogModuleManager: Shutting down and abandoning module ComponentVisualizers (144)
[2016.04.07-19.34.08:229][ 16]LogModuleManager: Shutting down and abandoning module DetailCustomizations (143)
[2016.04.07-19.34.08:229][ 16]LogModuleManager: Shutting down and abandoning module PackagesDialog (142)
[2016.04.07-19.34.08:229][ 16]LogModuleManager: Shutting down and abandoning module Persona (141)
[2016.04.07-19.34.08:229][ 16]LogModuleManager: Shutting down and abandoning module Kismet (140)
[2016.04.07-19.34.08:229][ 16]LogModuleManager: Shutting down and abandoning module GraphEditor (139)
[2016.04.07-19.34.08:230][ 16]LogModuleManager: Shutting down and abandoning module ClassViewer (138)
[2016.04.07-19.34.08:230][ 16]LogModuleManager: Shutting down and abandoning module Toolbox (137)
[2016.04.07-19.34.08:230][ 16]LogModuleManager: Shutting down and abandoning module ModuleUI (136)
[2016.04.07-19.34.08:230][ 16]LogModuleManager: Shutting down and abandoning module MovieSceneTools (135)
[2016.04.07-19.34.08:230][ 16]LogModuleManager: Shutting down and abandoning module OutputLog (134)
[2016.04.07-19.34.08:230][ 16]LogModuleManager: Shutting down and abandoning module GammaUI (133)
[2016.04.07-19.34.08:230][ 16]LogModuleManager: Shutting down and abandoning module Documentation (132)
[2016.04.07-19.34.08:230][ 16]LogModuleManager: Shutting down and abandoning module GameLiveStreaming (131)
[2016.04.07-19.34.08:230][ 16]LogModuleManager: Shutting down and abandoning module StreamingPauseRendering (130)
[2016.04.07-19.34.08:230][ 16]LogModuleManager: Shutting down and abandoning module AnalyticsET (129)
[2016.04.07-19.34.08:230][ 16]LogModuleManager: Shutting down and abandoning module Analytics (128)
[2016.04.07-19.34.08:230][ 16]LogModuleManager: Shutting down and abandoning module AITestSuite (127)
[2016.04.07-19.34.08:230][ 16]LogModuleManager: Shutting down and abandoning module GameplayDebugger (126)
[2016.04.07-19.34.08:230][ 16]LogModuleManager: Shutting down and abandoning module AIModule (125)
[2016.04.07-19.34.08:231][ 16]LogModuleManager: Shutting down and abandoning module ProfilerService (124)
[2016.04.07-19.34.08:275][ 16]LogModuleManager: Shutting down and abandoning module TaskGraph (123)
[2016.04.07-19.34.08:275][ 16]LogModuleManager: Shutting down and abandoning module OceanPlugin (122)
[2016.04.07-19.34.08:275][ 16]LogModuleManager: Shutting down and abandoning module SlateRemote (121)
[2016.04.07-19.34.08:275][ 16]LogModuleManager: Shutting down and abandoning module SteamVRController (120)
[2016.04.07-19.34.08:275][ 16]LogModuleManager: Shutting down and abandoning module SteamVR (119)
[2016.04.07-19.34.08:275][ 16]LogModuleManager: Shutting down and abandoning module ProceduralMeshComponent (118)
[2016.04.07-19.34.08:275][ 16]LogModuleManager: Shutting down and abandoning module OculusLibrary (117)
[2016.04.07-19.34.08:275][ 16]LogModuleManager: Shutting down and abandoning module OculusInput (116)
[2016.04.07-19.34.08:275][ 16]LogModuleManager: Shutting down and abandoning module LeapMotionController (115)
[2016.04.07-19.34.08:343][ 16]LogModuleManager: Shutting down and abandoning module CustomMeshComponent (114)
[2016.04.07-19.34.08:343][ 16]LogModuleManager: Shutting down and abandoning module CableComponent (113)
[2016.04.07-19.34.08:343][ 16]LogModuleManager: Shutting down and abandoning module ArchVisCharacter (112)
[2016.04.07-19.34.08:343][ 16]LogModuleManager: Shutting down and abandoning module MessagingDebugger (111)
[2016.04.07-19.34.08:343][ 16]LogModuleManager: Shutting down and abandoning module MediaPlayerEditor (110)
[2016.04.07-19.34.08:343][ 16]LogModuleManager: Shutting down and abandoning module HTML5Networking (109)
[2016.04.07-19.34.08:343][ 16]LogModuleManager: Shutting down and abandoning module SpeedTreeImporter (108)
[2016.04.07-19.34.08:343][ 16]LogModuleManager: Shutting down and abandoning module PluginBrowser (107)
[2016.04.07-19.34.08:343][ 16]LogModuleManager: Shutting down and abandoning module EpicSurvey (106)
[2016.04.07-19.34.08:344][ 16]LogModuleManager: Shutting down and abandoning module DesktopPlatform (105)
[2016.04.07-19.34.08:344][ 16]LogModuleManager: Shutting down and abandoning module VisualStudioSourceCodeAccess (104)
[2016.04.07-19.34.08:344][ 16]LogModuleManager: Shutting down and abandoning module UObjectPlugin (103)
[2016.04.07-19.34.08:344][ 16]LogModuleManager: Shutting down and abandoning module SubversionSourceControl (102)
[2016.04.07-19.34.08:344][ 16]LogModuleManager: Shutting down and abandoning module PerforceSourceControl (101)
[2016.04.07-19.34.08:344][ 16]LogModuleManager: Shutting down and abandoning module SourceControl (100)
[2016.04.07-19.34.08:344][ 16]LogModuleManager: Shutting down and abandoning module GitSourceControl (99)
[2016.04.07-19.34.08:344][ 16]LogModuleManager: Shutting down and abandoning module LightPropagationVolumeEditor (98)
[2016.04.07-19.34.08:344][ 16]LogModuleManager: Shutting down and abandoning module PaperTiledImporter (97)
[2016.04.07-19.34.08:344][ 16]LogModuleManager: Shutting down and abandoning module PaperSpriteSheetImporter (96)
[2016.04.07-19.34.08:344][ 16]LogModuleManager: Shutting down and abandoning module MeshPaint (95)
[2016.04.07-19.34.08:344][ 16]LogModuleManager: Shutting down and abandoning module SlateReflector (94)
[2016.04.07-19.34.08:344][ 16]LogModuleManager: Shutting down and abandoning module HotReload (93)
[2016.04.07-19.34.08:344][ 16]LogModuleManager: Shutting down and abandoning module MainFrame (92)
[2016.04.07-19.34.08:344][ 16]LogModuleManager: Shutting down and abandoning module LevelEditor (91)
[2016.04.07-19.34.08:348][ 16]LogModuleManager: Shutting down and abandoning module DirectoryWatcher (90)
[2016.04.07-19.34.08:350][ 16]LogModuleManager: Shutting down and abandoning module AssetRegistry (89)
[2016.04.07-19.34.08:592][ 16]LogModuleManager: Shutting down and abandoning module ContentBrowser (88)
[2016.04.07-19.34.08:594][ 16]LogModuleManager: Shutting down and abandoning module Paper2DEditor (87)
[2016.04.07-19.34.08:594][ 16]LogModuleManager: Shutting down and abandoning module UdpMessaging (86)
[2016.04.07-19.34.08:695][ 16]LogModuleManager: Shutting down and abandoning module LightPropagationVolumeRuntime (85)
[2016.04.07-19.34.08:695][ 16]LogModuleManager: Shutting down and abandoning module Paper2D (84)
[2016.04.07-19.34.08:695][ 16]LogModuleManager: Shutting down and abandoning module WindowsMoviePlayer (83)
[2016.04.07-19.34.08:711][ 16]LogModuleManager: Shutting down and abandoning module Media (82)
[2016.04.07-19.34.08:711][ 16]LogModuleManager: Shutting down and abandoning module WmfMedia (81)
[2016.04.07-19.34.08:712][ 16]LogModuleManager: Shutting down and abandoning module OnlineBlueprintSupport (80)
[2016.04.07-19.34.08:712][ 16]LogModuleManager: Shutting down and abandoning module GameplayTasksEditor (79)
[2016.04.07-19.34.08:712][ 16]LogModuleManager: Shutting down and abandoning module PropertyEditor (78)
[2016.04.07-19.34.08:712][ 16]LogModuleManager: Shutting down and abandoning module BehaviorTreeEditor (77)
[2016.04.07-19.34.08:712][ 16]LogModuleManager: Shutting down and abandoning module FunctionalTesting (76)
[2016.04.07-19.34.08:712][ 16]LogModuleManager: Shutting down and abandoning module CollisionAnalyzer (75)
[2016.04.07-19.34.08:712][ 16]LogModuleManager: Shutting down and abandoning module WorkspaceMenuStructure (74)
[2016.04.07-19.34.08:712][ 16]LogModuleManager: Shutting down and abandoning module MessageLog (73)
[2016.04.07-19.34.08:712][ 16]LogModuleManager: Shutting down and abandoning module Sequencer (72)
[2016.04.07-19.34.08:713][ 16]LogModuleManager: Shutting down and abandoning module AssetTools (71)
[2016.04.07-19.34.08:713][ 16]LogModuleManager: Shutting down and abandoning module UMGEditor (70)
[2016.04.07-19.34.08:713][ 16]LogModuleManager: Shutting down and abandoning module UMG (69)
[2016.04.07-19.34.08:713][ 16]LogModuleManager: Shutting down and abandoning module Slate (68)
[2016.04.07-19.34.08:713][ 16]LogModuleManager: Shutting down and abandoning module EditorStyle (67)
[2016.04.07-19.34.08:718][ 16]LogModuleManager: Shutting down and abandoning module SessionServices (66)
[2016.04.07-19.34.08:718][ 16]LogModuleManager: Shutting down and abandoning module SourceCodeAccess (65)
[2016.04.07-19.34.08:718][ 16]LogModuleManager: Shutting down and abandoning module HeadMountedDisplay (64)
[2016.04.07-19.34.08:718][ 16]LogModuleManager: Shutting down and abandoning module XAudio2 (63)
[2016.04.07-19.34.08:718][ 16]LogModuleManager: Shutting down and abandoning module Networking (61)
[2016.04.07-19.34.08:718][ 16]LogModuleManager: Shutting down and abandoning module Core (60)
[2016.04.07-19.34.08:718][ 16]LogModuleManager: Shutting down and abandoning module KismetCompiler (59)
[2016.04.07-19.34.08:718][ 16]LogModuleManager: Shutting down and abandoning module PhysXFormats (58)
[2016.04.07-19.34.08:719][ 16]LogModuleManager: Shutting down and abandoning module MeshUtilities (57)
[2016.04.07-19.34.08:719][ 16]LogModuleManager: Shutting down and abandoning module DerivedDataCache (56)
[2016.04.07-19.34.09:034][ 16]LogDerivedDataCache: Shutdown
[2016.04.07-19.34.09:034][ 16]LogModuleManager: Shutting down and abandoning module ShaderFormatOpenGL (55)
[2016.04.07-19.34.09:034][ 16]LogModuleManager: Shutting down and abandoning module ShaderFormatD3D (54)
[2016.04.07-19.34.09:034][ 16]LogModuleManager: Shutting down and abandoning module MetalShaderFormat (53)
[2016.04.07-19.34.09:034][ 16]LogModuleManager: Shutting down and abandoning module TextureFormatUncompressed (52)
[2016.04.07-19.34.09:034][ 16]LogModuleManager: Shutting down and abandoning module TextureFormatPVR (51)
[2016.04.07-19.34.09:034][ 16]LogModuleManager: Shutting down and abandoning module TextureFormatIntelISPCTexComp (50)
[2016.04.07-19.34.09:034][ 16]LogModuleManager: Shutting down and abandoning module TextureFormatDXT (49)
[2016.04.07-19.34.09:034][ 16]LogModuleManager: Shutting down and abandoning module ImageWrapper (48)
[2016.04.07-19.34.09:034][ 16]LogModuleManager: Shutting down and abandoning module TextureFormatASTC (47)
[2016.04.07-19.34.09:034][ 16]LogModuleManager: Shutting down and abandoning module TextureFormatAndroid (46)
[2016.04.07-19.34.09:034][ 16]LogModuleManager: Shutting down and abandoning module AudioFormatOpus (45)
[2016.04.07-19.34.09:035][ 16]LogModuleManager: Shutting down and abandoning module AudioFormatOgg (44)
[2016.04.07-19.34.09:035][ 16]LogModuleManager: Shutting down and abandoning module AudioFormatADPCM (43)
[2016.04.07-19.34.09:035][ 16]LogModuleManager: Shutting down and abandoning module LinuxTargetPlatform (42)
[2016.04.07-19.34.09:035][ 16]LogModuleManager: Shutting down and abandoning module LinuxServerTargetPlatform (41)
[2016.04.07-19.34.09:035][ 16]LogModuleManager: Shutting down and abandoning module LinuxNoEditorTargetPlatform (40)
[2016.04.07-19.34.09:035][ 16]LogModuleManager: Shutting down and abandoning module Messaging (39)
[2016.04.07-19.34.09:035][ 16]LogModuleManager: Shutting down and abandoning module IOSTargetPlatform (38)
[2016.04.07-19.34.09:035][ 16]LogModuleManager: Shutting down and abandoning module HTML5TargetPlatform (37)
[2016.04.07-19.34.09:035][ 16]LogModuleManager: Shutting down and abandoning module Android_PVRTCTargetPlatform (36)
[2016.04.07-19.34.09:035][ 16]LogModuleManager: Shutting down and abandoning module Android_MultiTargetPlatform (35)
[2016.04.07-19.34.09:035][ 16]LogModuleManager: Shutting down and abandoning module Android_ETC2TargetPlatform (34)
[2016.04.07-19.34.09:035][ 16]LogModuleManager: Shutting down and abandoning module Android_ETC1TargetPlatform (33)
[2016.04.07-19.34.09:035][ 16]LogModuleManager: Shutting down and abandoning module Android_DXTTargetPlatform (32)
[2016.04.07-19.34.09:035][ 16]LogModuleManager: Shutting down and abandoning module Android_ATCTargetPlatform (31)
[2016.04.07-19.34.09:035][ 16]LogModuleManager: Shutting down and abandoning module Android_ASTCTargetPlatform (30)
[2016.04.07-19.34.09:035][ 16]LogModuleManager: Shutting down and abandoning module AndroidTargetPlatform (29)
[2016.04.07-19.34.09:035][ 16]LogModuleManager: Shutting down and abandoning module WindowsTargetPlatform (28)
[2016.04.07-19.34.09:035][ 16]LogModuleManager: Shutting down and abandoning module WindowsServerTargetPlatform (27)
[2016.04.07-19.34.09:035][ 16]LogModuleManager: Shutting down and abandoning module WindowsNoEditorTargetPlatform (26)
[2016.04.07-19.34.09:035][ 16]LogModuleManager: Shutting down and abandoning module WindowsClientTargetPlatform (25)
[2016.04.07-19.34.09:035][ 16]LogModuleManager: Shutting down and abandoning module AllDesktopTargetPlatform (24)
[2016.04.07-19.34.09:036][ 16]LogModuleManager: Shutting down and abandoning module TargetPlatform (23)
[2016.04.07-19.34.09:036][ 16]LogModuleManager: Shutting down and abandoning module InputCore (22)
[2016.04.07-19.34.09:036][ 16]LogModuleManager: Shutting down and abandoning module Settings (21)
[2016.04.07-19.34.09:036][ 16]LogModuleManager: Shutting down and abandoning module OnlineSubsystem (19)
[2016.04.07-19.34.09:036][ 16]LogModuleManager: Shutting down and abandoning module HTTP (18)
[2016.04.07-19.34.11:539][ 16]LogModuleManager: Shutting down and abandoning module XMPP (17)
[2016.04.07-19.34.11:539][ 16]LogModuleManager: Shutting down and abandoning module OculusRift (16)
[2016.04.07-19.34.11:539][ 16]LogModuleManager: Shutting down and abandoning module ExampleDeviceProfileSelector (15)
[2016.04.07-19.34.11:539][ 16]LogModuleManager: Shutting down and abandoning module TextureCompressor (14)
[2016.04.07-19.34.11:540][ 16]LogModuleManager: Shutting down and abandoning module ShaderCore (13)
[2016.04.07-19.34.11:540][ 16]LogModuleManager: Shutting down and abandoning module Landscape (12)
[2016.04.07-19.34.11:540][ 16]LogModuleManager: Shutting down and abandoning module SlateRHIRenderer (11)
[2016.04.07-19.34.11:541][ 16]LogModuleManager: Shutting down and abandoning module OpenGLDrv (10)
[2016.04.07-19.34.11:541][ 16]LogModuleManager: Shutting down and abandoning module D3D11RHI (9)
[2016.04.07-19.34.11:541][ 16]LogModuleManager: Shutting down and abandoning module AnimGraphRuntime (8)
[2016.04.07-19.34.11:541][ 16]LogModuleManager: Shutting down and abandoning module Renderer (7)
[2016.04.07-19.34.11:541][ 16]LogModuleManager: Shutting down and abandoning module Engine (6)
[2016.04.07-19.34.11:541][ 16]LogModuleManager: Shutting down and abandoning module CoreUObject (5)
[2016.04.07-19.34.11:541][ 16]LogModuleManager: Shutting down and abandoning module NetworkFile (4)
[2016.04.07-19.34.11:541][ 16]LogModuleManager: Shutting down and abandoning module StreamingFile (3)
[2016.04.07-19.34.11:541][ 16]LogModuleManager: Shutting down and abandoning module SandboxFile (2)
[2016.04.07-19.34.11:541][ 16]LogModuleManager: Shutting down and abandoning module PakFile (1)
[2016.04.07-19.34.11:545][ 16]LogExit: Exiting.
[2016.04.07-19.34.11:549][ 16]Log file closed, 04/07/16 21:34:11
