[2016.03.02-11.54.48:543][  0]Log file open, 03/02/16 12:54:48
[2016.03.02-11.54.48:543][  0]LogInit:Display: Running engine without a game
[2016.03.02-11.54.48:543][  0]LogPlatformFile: Not using cached read wrapper
[2016.03.02-11.54.48:543][  0]LogInit:Display: Loading recent project file: ../../../../../Ureal engine 4/Proyectos/Ondarreta/ProyectOndarreta.uproject
[2016.03.02-11.54.48:543][  0]LogInit:Display: RandInit(1868203610) SRandInit(1868203615).
[2016.03.02-11.54.48:543][  0]LogTaskGraph: Started task graph with 4 named threads and 7 total threads.
[2016.03.02-11.54.48:543][  0]LogStats: Stats thread started at 0.131399
[2016.03.02-11.54.48:543][  0]LogInit: Version: 4.10.4-2872498+++depot+UE4-Releases+4.10
[2016.03.02-11.54.48:543][  0]LogInit: API Version: 2758231
[2016.03.02-11.54.48:543][  0]LogInit: Compiled (64-bit): Feb 18 2016 15:47:04
[2016.03.02-11.54.48:544][  0]LogInit: Compiled with Visual C++: 19.00.23026.00
[2016.03.02-11.54.48:544][  0]LogInit: Build Configuration: Development
[2016.03.02-11.54.48:544][  0]LogInit: Branch Name: ++depot+UE4-Releases+4.10
[2016.03.02-11.54.48:544][  0]LogInit: Command line: 
[2016.03.02-11.54.48:544][  0]LogInit: Base directory: D:/Investigation_Zone/Epic Games/4.10/Engine/Binaries/Win64/
[2016.03.02-11.54.48:544][  0]LogInit: Rocket: 1
[2016.03.02-11.54.48:559][  0]LogInit: Using libcurl 7.41.0
[2016.03.02-11.54.48:559][  0]LogInit:  - built for x86_64-pc-win32
[2016.03.02-11.54.48:559][  0]LogInit:  - supports SSL with WinSSL
[2016.03.02-11.54.48:559][  0]LogInit:  - other features:
[2016.03.02-11.54.48:559][  0]LogInit:      CURL_VERSION_SSL
[2016.03.02-11.54.48:559][  0]LogInit:      CURL_VERSION_IPV6
[2016.03.02-11.54.48:559][  0]LogInit:      CURL_VERSION_ASYNCHDNS
[2016.03.02-11.54.48:559][  0]LogInit:      CURL_VERSION_LARGEFILE
[2016.03.02-11.54.48:559][  0]LogInit:      CURL_VERSION_IDN
[2016.03.02-11.54.48:560][  0]LogInit:  CurlRequestOptions (configurable via config and command line):
[2016.03.02-11.54.48:560][  0]LogInit:  - bVerifyPeer = true  - Libcurl will verify peer certificate
[2016.03.02-11.54.48:560][  0]LogInit:  - bUseHttpProxy = false  - Libcurl will NOT use HTTP proxy
[2016.03.02-11.54.48:560][  0]LogInit:  - bDontReuseConnections = false  - Libcurl will reuse connections
[2016.03.02-11.54.48:560][  0]LogInit:  - CertBundlePath = nullptr  - Libcurl will use whatever was configured at build time.
[2016.03.02-11.54.48:579][  0]LogInit: Presizing for 0 objects not considered by GC, pre-allocating 0 bytes.
[2016.03.02-11.54.48:600][  0]LogInit: Object subsystem initialized
[2016.03.02-11.54.48:603][  0]LogInit: Selected Device Profile: [Windows]
[2016.03.02-11.54.48:603][  0]LogInit: Applying CVar settings loaded from the selected device profile: [Windows]
[2016.03.02-11.54.48:636][  0]LogInit: Computer: ALMA-ITSASO
[2016.03.02-11.54.48:636][  0]LogInit: User: Unai
[2016.03.02-11.54.48:636][  0]LogInit: CPU Page size=4096, Cores=4
[2016.03.02-11.54.48:636][  0]LogInit: High frequency timer resolution =2.338348 MHz
[2016.03.02-11.54.48:636][  0]LogMemory: Memory total: Physical=7.9GB (8GB approx)
[2016.03.02-11.54.48:636][  0]LogMemory: Platform Memory Stats for Windows
[2016.03.02-11.54.48:636][  0]LogMemory: Process Physical Memory: 55.99 MB used, 55.99 MB peak
[2016.03.02-11.54.48:636][  0]LogMemory: Process Virtual Memory: 56.92 MB used, 56.92 MB peak
[2016.03.02-11.54.48:636][  0]LogMemory: Physical Memory: 4498.01 MB used, 8124.02 MB total
[2016.03.02-11.54.48:636][  0]LogMemory: Virtual Memory: 382.89 MB used, 134217728.00 MB total
[2016.03.02-11.54.50:134][  0]LogD3D11RHI: Found D3D11 adapter 0: NVIDIA GeForce GT 740M    (Feature Level 11_0)
[2016.03.02-11.54.50:134][  0]LogD3D11RHI: Adapter has 1996MB of dedicated video memory, 0MB of dedicated system memory, and 4062MB of shared system memory, 1 output[s]
[2016.03.02-11.54.50:153][  0]LogD3D11RHI: Found D3D11 adapter 1: Intel(R) HD Graphics 4600 (Feature Level 11_0)
[2016.03.02-11.54.50:153][  0]LogD3D11RHI: Adapter has 112MB of dedicated video memory, 0MB of dedicated system memory, and 4062MB of shared system memory, 0 output[s]
[2016.03.02-11.54.50:158][  0]LogD3D11RHI: Found D3D11 adapter 2: Microsoft Basic Render Driver (Feature Level 11_0)
[2016.03.02-11.54.50:158][  0]LogD3D11RHI: Adapter has 0MB of dedicated video memory, 0MB of dedicated system memory, and 4062MB of shared system memory, 0 output[s]
[2016.03.02-11.54.50:158][  0]LogD3D11RHI: Chosen D3D11 Adapter Id = 0
[2016.03.02-11.54.50:175][  0]LogD3D11RHI: !Direct3DDevice
[2016.03.02-11.54.50:175][  0]LogRHI: Texture pool is 1361 MB (70% of 1945 MB)
[2016.03.02-11.54.50:212][  0]LogD3D11RHI: Async texture creation enabled
[2016.03.02-11.54.50:235][  0]LogShaderCompilers: Guid format shader working directory is -5 characters bigger than the processId version (../../../../../Ureal engine 4/Proyectos/Ondarreta/Intermediate/Shaders/WorkingDirectory/17584/).
[2016.03.02-11.54.50:236][  0]LogShaderCompilers: Cleaned the shader compiler working directory 'C:/Users/Unai/AppData/Local/Temp/UnrealShaderWorkingDir/2071D25547212189F59212A4586055AA/'.
[2016.03.02-11.54.50:236][  0]LogShaderCompilers:Display: Using Local Shader Compiler.
[2016.03.02-11.54.53:248][  0]LogTemp:Display: Loaded TP AllDesktopTargetPlatform
[2016.03.02-11.54.53:263][  0]LogTemp:Display: Loaded TP WindowsClientTargetPlatform
[2016.03.02-11.54.53:277][  0]LogTemp:Display: Loaded TP WindowsNoEditorTargetPlatform
[2016.03.02-11.54.53:292][  0]LogTemp:Display: Loaded TP WindowsServerTargetPlatform
[2016.03.02-11.54.53:305][  0]LogTemp:Display: Loaded TP WindowsTargetPlatform
[2016.03.02-11.54.53:315][  0]LogTemp:Display: Loaded TP AndroidTargetPlatform
[2016.03.02-11.54.53:324][  0]LogTemp:Display: Loaded TP Android_ASTCTargetPlatform
[2016.03.02-11.54.53:333][  0]LogTemp:Display: Loaded TP Android_ATCTargetPlatform
[2016.03.02-11.54.53:343][  0]LogTemp:Display: Loaded TP Android_DXTTargetPlatform
[2016.03.02-11.54.53:356][  0]LogTemp:Display: Loaded TP Android_ETC1TargetPlatform
[2016.03.02-11.54.53:366][  0]LogTemp:Display: Loaded TP Android_ETC2TargetPlatform
[2016.03.02-11.54.53:389][  0]LogTemp:Display: Loaded TP Android_MultiTargetPlatform
[2016.03.02-11.54.53:389][  0]LogTemp:Display: Loaded TP Android_PVRTCTargetPlatform
[2016.03.02-11.54.53:391][  0]LogTemp:Display: Loaded TP HTML5TargetPlatform
[2016.03.02-11.54.53:424][  0]LogTemp:Display: Loaded TP IOSTargetPlatform
[2016.03.02-11.54.53:434][  0]LogTemp:Display: Loaded TP LinuxNoEditorTargetPlatform
[2016.03.02-11.54.53:447][  0]LogTemp:Display: Loaded TP LinuxServerTargetPlatform
[2016.03.02-11.54.53:465][  0]LogTemp:Display: Loaded TP LinuxTargetPlatform
[2016.03.02-11.54.53:465][  0]LogTargetPlatformManager:Display: Building Assets For Windows
[2016.03.02-11.54.53:697][  0]LogDerivedDataCache:Display: Max Cache Size: 512 MB
[2016.03.02-11.54.53:852][  0]LogDerivedDataCache: Loaded boot cache 0.15s 41MB C:/Users/Unai/AppData/Local/UnrealEngine/4.10/DerivedDataCache/Boot.ddc.
[2016.03.02-11.54.53:852][  0]LogDerivedDataCache:Display: Loaded Boot cache: C:/Users/Unai/AppData/Local/UnrealEngine/4.10/DerivedDataCache/Boot.ddc
[2016.03.02-11.54.53:852][  0]LogDerivedDataCache: FDerivedDataBackendGraph:  Pak pak cache file ../../../../../Ureal engine 4/Proyectos/Ondarreta/DerivedDataCache/DDC.ddp not found, will not use a pak cache.
[2016.03.02-11.54.53:852][  0]LogDerivedDataCache: Unable to find inner node Pak for hierarchical cache Hierarchy.
[2016.03.02-11.54.53:852][  0]LogDerivedDataCache: FDerivedDataBackendGraph:  CompressedPak pak cache file ../../../../../Ureal engine 4/Proyectos/Ondarreta/DerivedDataCache/Compressed.ddp not found, will not use a pak cache.
[2016.03.02-11.54.53:852][  0]LogDerivedDataCache: Unable to find inner node CompressedPak for hierarchical cache Hierarchy.
[2016.03.02-11.54.54:084][  0]LogDerivedDataCache:Display: Pak cache opened for reading ../../../Engine/DerivedDataCache/Compressed.ddp.
[2016.03.02-11.54.54:098][  0]LogDerivedDataCache: Using Local data cache path C:/Users/Unai/AppData/Local/UnrealEngine/Common/DerivedDataCache: Writable
[2016.03.02-11.54.54:705][  0]LogInit: Selected Device Profile: [Windows]
[2016.03.02-11.54.54:714][  0]LogContentStreaming: Texture pool size is 0.000000MB
[2016.03.02-11.54.55:084][  0]LogMeshUtilities: No automatic mesh reduction module available
[2016.03.02-11.54.55:084][  0]LogMeshUtilities: No automatic mesh merging module available
[2016.03.02-11.54.55:795][  0]LogInit: WinSock: version 1.1 (2.2), MaxSocks=32767, MaxUdp=65467
[2016.03.02-11.54.58:258][  0]UdpMessaging: Initializing bridge on interface 0.0.0.0:0 to multicast group 230.0.0.1:6666.
[2016.03.02-11.54.58:422][  0]LogAssetRegistry: FAssetRegistry took 0.0120 seconds to start up
[2016.03.02-11.54.58:973][  0]SourceControl: Info Source control is disabled
[2016.03.02-11.55.01:384][  0]LogObj: 28633 objects as part of root set at end of initial load.
[2016.03.02-11.55.01:384][  0]LogUObjectAllocator: 6099752 out of 0 bytes used by permanent object pool.
[2016.03.02-11.55.01:563][  0]LogEngine: Initializing Engine...
[2016.03.02-11.55.01:570][  0]LogHMD: Can't find Oculus library dev build: is proper Runtime installed? Version: 0.8.0.0
[2016.03.02-11.55.01:572][  0]LogHMD: SteamVR failed to initialize.  Err: 110
[2016.03.02-11.55.01:994][  0]LogAIModule: Creating AISystem for world NewWorld
[2016.03.02-11.55.02:007][  0]LogInit: XAudio2 using 'Altavoces / Auriculares (IDT High Definition Audio CODEC)' : 2 channels at 48 kHz using 16 bits per sample (channel mask 0x3)
[2016.03.02-11.55.02:065][  0]LogInit: FAudioDevice initialized.
[2016.03.02-11.55.02:149][  0]LogDerivedDataCache: Saved boot cache 0.08s 41MB C:/Users/Unai/AppData/Local/UnrealEngine/4.10/DerivedDataCache/Boot.ddc.
[2016.03.02-11.55.02:168][  0]LogInit: Texture streaming: Enabled
[2016.03.02-11.55.02:185][  0]LogAnalytics: Creating configured Analytics provider AnalyticsET
[2016.03.02-11.55.02:185][  0]LogAnalytics: [UEEditor.Rocket.Release] APIServer = http://et2.epicgames.com/ET2/. AppVersion = 4.10.4-2872498+++depot+UE4-Releases+4.10
[2016.03.02-11.55.02:185][  0]LogAnalytics: [UEEditor.Rocket.Release] SetUserId d7adaae849ea30e6caa19b820571e0d9|33a1c5eb2cc94ca8a72a46d53f3ce1d2|4517af11-a817-4828-86eb-27c26c7bd883
[2016.03.02-11.55.02:185][  0]LogAnalytics: [UEEditor.Rocket.Release] AnalyticsET::StartSession
[2016.03.02-11.55.02:223][  0]LogInit: Transaction tracking system initialized
[2016.03.02-11.55.02:335][  0]BlueprintLog: New page: Editor Load
[2016.03.02-11.55.02:631][  0]LocalizationService: Info Localization service is disabled
[2016.03.02-11.55.02:884][  0]LogConsoleResponse:Display: 
[2016.03.02-11.55.03:372][  0]LogCook:Display: Done creating registry. It took  0.00s.
[2016.03.02-11.55.04:194][  0]LogFileCache: Scanning file cache for directory 'D:/Investigation_Zone/Ureal engine 4/Proyectos/Ondarreta/Content/' took 0.01s
[2016.03.02-11.55.04:195][  0]Cmd: MAP LOAD FILE="../../../Engine/Content/Maps/Templates/Template_Default.umap" TEMPLATE=1 SHOWPROGRESS=1 FEATURELEVEL=3
[2016.03.02-11.55.04:196][  0]LightingResults: New page: Lighting Build
[2016.03.02-11.55.04:203][  0]MapCheck: New page: Map Check
[2016.03.02-11.55.04:203][  0]LightingResults: New page: Lighting Build
[2016.03.02-11.55.04:240][  0]LogParticles: Destroying 0 GPU particle simulations for FXSystem 0x000002073F2E7B00
[2016.03.02-11.55.05:175][  0]LogAIModule: Creating AISystem for world Untitled_1
[2016.03.02-11.55.05:191][  0]LogEditorServer: Finished looking for orphan Actors (0.000 secs)
[2016.03.02-11.55.05:205][  0]Cmd: MAP CHECKDEP NOCLEARLOG
[2016.03.02-11.55.05:354][  0]MapCheck: Info Map check complete: 0 Error(s), 0 Warning(s), took 148.493ms to complete.
[2016.03.02-11.55.05:354][  0]LogFileHelpers: Loading map 'Template_Default' took 1.160
[2016.03.02-11.55.05:617][  0]LogCollectionManager: Loaded 0 collections in 0.006240 seconds
[2016.03.02-11.55.05:670][  0]LogFileCache: Scanning file cache for directory 'D:/Investigation_Zone/Ureal engine 4/Proyectos/Ondarreta/Saved/Collections/' took 0.01s
[2016.03.02-11.55.05:670][  0]LogFileCache: Scanning file cache for directory 'D:/Investigation_Zone/Ureal engine 4/Proyectos/Ondarreta/Content/Developers/Unai/Collections/' took 0.01s
[2016.03.02-11.55.05:670][  0]LogFileCache: Scanning file cache for directory 'D:/Investigation_Zone/Ureal engine 4/Proyectos/Ondarreta/Content/Collections/' took 0.01s
[2016.03.02-11.55.05:670][  0]LogCollectionManager: Rebuilt the GUID cache for 0 collections in 0.000005 seconds
[2016.03.02-11.55.05:696][  0]LogContentBrowser: Native class hierarchy populated in 0.0256 seconds. Added 1893 classes and 338 folders.
[2016.03.02-11.55.05:714][  0]LogContentBrowser: Native class hierarchy updated for 'WidgetCarousel' in 0.0013 seconds. Added 0 classes and 0 folders.
[2016.03.02-11.55.05:842][  0]LogContentBrowser: Native class hierarchy updated for 'AddContentDialog' in 0.0012 seconds. Added 0 classes and 0 folders.
[2016.03.02-11.55.05:853][  0]LogContentBrowser: Native class hierarchy updated for 'SceneOutliner' in 0.0013 seconds. Added 1 classes and 2 folders.
[2016.03.02-11.55.05:919][  0]LogCrashTracker: Crashtracker disabled due to settings.
[2016.03.02-11.55.05:929][  0]LogUObjectGlobals:Warning: Failed to find object 'Class None.'
[2016.03.02-11.55.05:955][  0]LogLoad: Full Startup: 18.55 seconds (BP compile: 0.15 seconds)
[2016.03.02-11.55.06:302][  0]LogOcInput: Can't find Oculus library dev build: is proper Runtime installed? Version: 0.8.0.0
[2016.03.02-11.55.06:445][  0]SourceControl: Info On branch master
[2016.03.02-11.55.06:445][  0]SourceControl: Info Your branch is ahead of 'origin/master' by 1 commit.
[2016.03.02-11.55.06:446][  0]SourceControl: Info   (use "git push" to publish your local commits)
[2016.03.02-11.55.06:446][  0]SourceControl: Info Changes not staged for commit:
[2016.03.02-11.55.06:446][  0]SourceControl: Info   (use "git add <file>..." to update what will be committed)
[2016.03.02-11.55.06:446][  0]SourceControl: Info   (use "git checkout -- <file>..." to discard changes in working directory)
[2016.03.02-11.55.06:446][  0]SourceControl: Info 	modified:   Config/DefaultGame.ini
[2016.03.02-11.55.06:446][  0]SourceControl: Info Untracked files:
[2016.03.02-11.55.06:446][  0]SourceControl: Info   (use "git add <file>..." to include in what will be committed)
[2016.03.02-11.55.06:446][  0]SourceControl: Info 	Intermediate/
[2016.03.02-11.55.06:446][  0]SourceControl: Info 	Ondarreta/
[2016.03.02-11.55.06:446][  0]SourceControl: Info 	ProyectOndarreta.uproject
[2016.03.02-11.55.06:446][  0]SourceControl: Info 	Saved/
[2016.03.02-11.55.06:446][  0]SourceControl: Info no changes added to commit (use "git add" and/or "git commit -a")
[2016.03.02-11.55.06:447][  0]LogContentStreaming: Texture pool size now 1000 MB
[2016.03.02-11.55.06:990][  2]LogRenderer: Reallocating scene render targets to support 860x500 (Frame:2).
[2016.03.02-11.55.08:219][  5]LogAssetRegistry: Asset discovery search completed in 9.8083 seconds
[2016.03.02-11.55.08:219][  5]LogCollectionManager: Rebuilt the object cache for 0 collections in 0.000002 seconds (found 0 objects)
[2016.03.02-11.55.08:219][  5]LogCollectionManager: Fixed up redirectors for 0 collections in 0.000081 seconds (updated 0 objects)
[2016.03.02-11.55.28:173][ 64]LogWindowsTextInputMethodSystem:Display: IME system now deactivated.
[2016.03.02-11.55.28:650][ 65]Cmd: QUIT_EDITOR
[2016.03.02-11.55.29:144][ 65]LogExit: Preparing to exit.
[2016.03.02-11.55.30:349][ 65]LogExit: Editor shut down
[2016.03.02-11.55.30:350][ 65]LogExit: Transaction tracking system shut down
[2016.03.02-11.55.30:353][ 65]LogParticles: Destroying 0 GPU particle simulations for FXSystem 0x00000207332F3880
[2016.03.02-11.55.30:354][ 65]LogParticles: Destroying 0 GPU particle simulations for FXSystem 0x00000207491E8360
[2016.03.02-11.55.30:822][ 65]LogExit: Object subsystem successfully closed.
[2016.03.02-11.55.30:844][ 65]LogD3D11RHI: Shutdown
[2016.03.02-11.55.30:844][ 65]LogD3D11RHI: CleanupD3DDevice
[2016.03.02-11.55.30:989][ 65]LogD3D11RHI: ~FD3D11DynamicRHI
[2016.03.02-11.55.31:027][ 65]LogModuleManager: Shutting down and abandoning module CrashTracker (198)
[2016.03.02-11.55.31:027][ 65]LogModuleManager: Shutting down and abandoning module SceneOutliner (197)
[2016.03.02-11.55.31:027][ 65]LogModuleManager: Shutting down and abandoning module SuperSearch (196)
[2016.03.02-11.55.31:027][ 65]LogModuleManager: Shutting down and abandoning module WidgetCarousel (195)
[2016.03.02-11.55.31:027][ 65]LogModuleManager: Shutting down and abandoning module AddContentDialog (194)
[2016.03.02-11.55.31:030][ 65]LogModuleManager: Shutting down and abandoning module EditorWidgets (193)
[2016.03.02-11.55.31:030][ 65]LogModuleManager: Shutting down and abandoning module CollectionManager (192)
[2016.03.02-11.55.31:031][ 65]LogModuleManager: Shutting down and abandoning module StatsViewer (191)
[2016.03.02-11.55.31:031][ 65]LogModuleManager: Shutting down and abandoning module FoliageEdit (190)
[2016.03.02-11.55.31:031][ 65]LogModuleManager: Shutting down and abandoning module LandscapeEditor (189)
[2016.03.02-11.55.31:031][ 65]LogModuleManager: Shutting down and abandoning module ActorPickerMode (188)
[2016.03.02-11.55.31:031][ 65]LogModuleManager: Shutting down and abandoning module GeometryMode (187)
[2016.03.02-11.55.31:031][ 65]LogModuleManager: Shutting down and abandoning module TextureAlignMode (186)
[2016.03.02-11.55.31:031][ 65]LogModuleManager: Shutting down and abandoning module BspMode (185)
[2016.03.02-11.55.31:031][ 65]LogModuleManager: Shutting down and abandoning module PlacementMode (184)
[2016.03.02-11.55.31:032][ 65]LogModuleManager: Shutting down and abandoning module AutomationWorker (183)
[2016.03.02-11.55.31:032][ 65]LogModuleManager: Shutting down and abandoning module CharacterAI (182)
[2016.03.02-11.55.31:032][ 65]LogModuleManager: Shutting down and abandoning module SmartSnapping (181)
[2016.03.02-11.55.31:032][ 65]LogModuleManager: Shutting down and abandoning module ViewportSnapping (180)
[2016.03.02-11.55.31:032][ 65]LogModuleManager: Shutting down and abandoning module LogVisualizer (179)
[2016.03.02-11.55.31:032][ 65]LogModuleManager: Shutting down and abandoning module GameProjectGeneration (178)
[2016.03.02-11.55.31:032][ 65]LogModuleManager: Shutting down and abandoning module IntroTutorials (177)
[2016.03.02-11.55.31:032][ 65]LogModuleManager: Shutting down and abandoning module EditorLiveStreaming (176)
[2016.03.02-11.55.31:032][ 65]LogModuleManager: Shutting down and abandoning module IOSPlatformEditor (175)
[2016.03.02-11.55.31:032][ 65]LogModuleManager: Shutting down and abandoning module HTML5PlatformEditor (174)
[2016.03.02-11.55.31:032][ 65]LogModuleManager: Shutting down and abandoning module AndroidDeviceDetection (173)
[2016.03.02-11.55.31:750][ 65]LogModuleManager: Shutting down and abandoning module AndroidPlatformEditor (172)
[2016.03.02-11.55.31:750][ 65]LogModuleManager: Shutting down and abandoning module IOSRuntimeSettings (171)
[2016.03.02-11.55.31:750][ 65]LogModuleManager: Shutting down and abandoning module AndroidRuntimeSettings (170)
[2016.03.02-11.55.31:750][ 65]LogModuleManager: Shutting down and abandoning module MergeActors (169)
[2016.03.02-11.55.31:750][ 65]LogModuleManager: Shutting down and abandoning module SizeMap (168)
[2016.03.02-11.55.31:751][ 65]LogModuleManager: Shutting down and abandoning module TreeMap (167)
[2016.03.02-11.55.31:751][ 65]LogModuleManager: Shutting down and abandoning module ReferenceViewer (166)
[2016.03.02-11.55.31:751][ 65]LogModuleManager: Shutting down and abandoning module LocalizationService (165)
[2016.03.02-11.55.31:751][ 65]LogModuleManager: Shutting down and abandoning module LocalizationDashboard (164)
[2016.03.02-11.55.31:751][ 65]LogModuleManager: Shutting down and abandoning module HardwareTargeting (163)
[2016.03.02-11.55.31:751][ 65]LogModuleManager: Shutting down and abandoning module DeviceProfileEditor (162)
[2016.03.02-11.55.31:751][ 65]LogModuleManager: Shutting down and abandoning module UndoHistory (161)
[2016.03.02-11.55.31:751][ 65]LogModuleManager: Shutting down and abandoning module GameplayTagsEditor (160)
[2016.03.02-11.55.31:751][ 65]LogModuleManager: Shutting down and abandoning module UserFeedback (159)
[2016.03.02-11.55.31:751][ 65]LogModuleManager: Shutting down and abandoning module XmlParser (158)
[2016.03.02-11.55.31:751][ 65]LogModuleManager: Shutting down and abandoning module Blutility (157)
[2016.03.02-11.55.31:751][ 65]LogModuleManager: Shutting down and abandoning module ProjectTargetPlatformEditor (156)
[2016.03.02-11.55.31:752][ 65]LogModuleManager: Shutting down and abandoning module ProjectSettingsViewer (155)
[2016.03.02-11.55.31:752][ 65]LogModuleManager: Shutting down and abandoning module InputBindingEditor (154)
[2016.03.02-11.55.31:752][ 65]LogModuleManager: Shutting down and abandoning module EditorSettingsViewer (153)
[2016.03.02-11.55.31:752][ 65]LogModuleManager: Shutting down and abandoning module SettingsEditor (152)
[2016.03.02-11.55.31:752][ 65]LogModuleManager: Shutting down and abandoning module ProjectLauncher (151)
[2016.03.02-11.55.31:752][ 65]LogModuleManager: Shutting down and abandoning module SessionFrontend (150)
[2016.03.02-11.55.31:752][ 65]LogModuleManager: Shutting down and abandoning module ProfilerClient (149)
[2016.03.02-11.55.31:752][ 65]LogModuleManager: Shutting down and abandoning module TargetDeviceServices (148)
[2016.03.02-11.55.31:752][ 65]LogModuleManager: Shutting down and abandoning module DeviceManager (147)
[2016.03.02-11.55.31:752][ 65]LogModuleManager: Shutting down and abandoning module AutomationController (146)
[2016.03.02-11.55.31:753][ 65]LogModuleManager: Shutting down and abandoning module AutomationWindow (145)
[2016.03.02-11.55.31:753][ 65]LogModuleManager: Shutting down and abandoning module Layers (144)
[2016.03.02-11.55.31:753][ 65]LogModuleManager: Shutting down and abandoning module ComponentVisualizers (143)
[2016.03.02-11.55.31:753][ 65]LogModuleManager: Shutting down and abandoning module DetailCustomizations (142)
[2016.03.02-11.55.31:753][ 65]LogModuleManager: Shutting down and abandoning module PackagesDialog (141)
[2016.03.02-11.55.31:753][ 65]LogModuleManager: Shutting down and abandoning module Persona (140)
[2016.03.02-11.55.31:753][ 65]LogModuleManager: Shutting down and abandoning module Kismet (139)
[2016.03.02-11.55.31:753][ 65]LogModuleManager: Shutting down and abandoning module GraphEditor (138)
[2016.03.02-11.55.31:753][ 65]LogModuleManager: Shutting down and abandoning module ClassViewer (137)
[2016.03.02-11.55.31:753][ 65]LogModuleManager: Shutting down and abandoning module Toolbox (136)
[2016.03.02-11.55.31:753][ 65]LogModuleManager: Shutting down and abandoning module ModuleUI (135)
[2016.03.02-11.55.31:753][ 65]LogModuleManager: Shutting down and abandoning module MovieSceneTools (134)
[2016.03.02-11.55.31:753][ 65]LogModuleManager: Shutting down and abandoning module OutputLog (133)
[2016.03.02-11.55.31:753][ 65]LogModuleManager: Shutting down and abandoning module GammaUI (132)
[2016.03.02-11.55.31:753][ 65]LogModuleManager: Shutting down and abandoning module Documentation (131)
[2016.03.02-11.55.31:754][ 65]LogModuleManager: Shutting down and abandoning module GameLiveStreaming (130)
[2016.03.02-11.55.31:754][ 65]LogModuleManager: Shutting down and abandoning module StreamingPauseRendering (129)
[2016.03.02-11.55.31:754][ 65]LogModuleManager: Shutting down and abandoning module AnalyticsET (128)
[2016.03.02-11.55.31:754][ 65]LogModuleManager: Shutting down and abandoning module Analytics (127)
[2016.03.02-11.55.31:754][ 65]LogModuleManager: Shutting down and abandoning module AITestSuite (126)
[2016.03.02-11.55.31:754][ 65]LogModuleManager: Shutting down and abandoning module GameplayDebugger (125)
[2016.03.02-11.55.31:754][ 65]LogModuleManager: Shutting down and abandoning module AIModule (124)
[2016.03.02-11.55.31:754][ 65]LogModuleManager: Shutting down and abandoning module ProfilerService (123)
[2016.03.02-11.55.31:940][ 65]LogModuleManager: Shutting down and abandoning module TaskGraph (122)
[2016.03.02-11.55.31:941][ 65]LogModuleManager: Shutting down and abandoning module SlateRemote (121)
[2016.03.02-11.55.31:941][ 65]LogModuleManager: Shutting down and abandoning module SteamVRController (120)
[2016.03.02-11.55.31:941][ 65]LogModuleManager: Shutting down and abandoning module SteamVR (119)
[2016.03.02-11.55.31:941][ 65]LogModuleManager: Shutting down and abandoning module ProceduralMeshComponent (118)
[2016.03.02-11.55.31:941][ 65]LogModuleManager: Shutting down and abandoning module OculusLibrary (117)
[2016.03.02-11.55.31:941][ 65]LogModuleManager: Shutting down and abandoning module OculusInput (116)
[2016.03.02-11.55.31:941][ 65]LogModuleManager: Shutting down and abandoning module LeapMotionController (115)
[2016.03.02-11.55.32:010][ 65]LogModuleManager: Shutting down and abandoning module CustomMeshComponent (114)
[2016.03.02-11.55.32:010][ 65]LogModuleManager: Shutting down and abandoning module CableComponent (113)
[2016.03.02-11.55.32:010][ 65]LogModuleManager: Shutting down and abandoning module ArchVisCharacter (112)
[2016.03.02-11.55.32:010][ 65]LogModuleManager: Shutting down and abandoning module MessagingDebugger (111)
[2016.03.02-11.55.32:010][ 65]LogModuleManager: Shutting down and abandoning module MediaPlayerEditor (110)
[2016.03.02-11.55.32:010][ 65]LogModuleManager: Shutting down and abandoning module HTML5Networking (109)
[2016.03.02-11.55.32:010][ 65]LogModuleManager: Shutting down and abandoning module SpeedTreeImporter (108)
[2016.03.02-11.55.32:010][ 65]LogModuleManager: Shutting down and abandoning module PluginBrowser (107)
[2016.03.02-11.55.32:010][ 65]LogModuleManager: Shutting down and abandoning module EpicSurvey (106)
[2016.03.02-11.55.32:010][ 65]LogModuleManager: Shutting down and abandoning module DesktopPlatform (105)
[2016.03.02-11.55.32:011][ 65]LogModuleManager: Shutting down and abandoning module VisualStudioSourceCodeAccess (104)
[2016.03.02-11.55.32:011][ 65]LogModuleManager: Shutting down and abandoning module UObjectPlugin (103)
[2016.03.02-11.55.32:011][ 65]LogModuleManager: Shutting down and abandoning module SubversionSourceControl (102)
[2016.03.02-11.55.32:011][ 65]LogModuleManager: Shutting down and abandoning module PerforceSourceControl (101)
[2016.03.02-11.55.32:011][ 65]LogModuleManager: Shutting down and abandoning module SourceControl (100)
[2016.03.02-11.55.32:011][ 65]LogModuleManager: Shutting down and abandoning module GitSourceControl (99)
[2016.03.02-11.55.32:011][ 65]LogModuleManager: Shutting down and abandoning module LightPropagationVolumeEditor (98)
[2016.03.02-11.55.32:011][ 65]LogModuleManager: Shutting down and abandoning module PaperTiledImporter (97)
[2016.03.02-11.55.32:011][ 65]LogModuleManager: Shutting down and abandoning module PaperSpriteSheetImporter (96)
[2016.03.02-11.55.32:011][ 65]LogModuleManager: Shutting down and abandoning module MeshPaint (95)
[2016.03.02-11.55.32:011][ 65]LogModuleManager: Shutting down and abandoning module SlateReflector (94)
[2016.03.02-11.55.32:011][ 65]LogModuleManager: Shutting down and abandoning module HotReload (93)
[2016.03.02-11.55.32:011][ 65]LogModuleManager: Shutting down and abandoning module MainFrame (92)
[2016.03.02-11.55.32:011][ 65]LogModuleManager: Shutting down and abandoning module LevelEditor (91)
[2016.03.02-11.55.32:014][ 65]LogModuleManager: Shutting down and abandoning module DirectoryWatcher (90)
[2016.03.02-11.55.32:015][ 65]LogModuleManager: Shutting down and abandoning module AssetRegistry (89)
[2016.03.02-11.55.32:155][ 65]LogModuleManager: Shutting down and abandoning module ContentBrowser (88)
[2016.03.02-11.55.32:157][ 65]LogModuleManager: Shutting down and abandoning module Paper2DEditor (87)
[2016.03.02-11.55.32:157][ 65]LogModuleManager: Shutting down and abandoning module UdpMessaging (86)
[2016.03.02-11.55.32:258][ 65]LogModuleManager: Shutting down and abandoning module LightPropagationVolumeRuntime (85)
[2016.03.02-11.55.32:258][ 65]LogModuleManager: Shutting down and abandoning module Paper2D (84)
[2016.03.02-11.55.32:258][ 65]LogModuleManager: Shutting down and abandoning module WindowsMoviePlayer (83)
[2016.03.02-11.55.32:269][ 65]LogModuleManager: Shutting down and abandoning module Media (82)
[2016.03.02-11.55.32:269][ 65]LogModuleManager: Shutting down and abandoning module WmfMedia (81)
[2016.03.02-11.55.32:270][ 65]LogModuleManager: Shutting down and abandoning module OnlineBlueprintSupport (80)
[2016.03.02-11.55.32:270][ 65]LogModuleManager: Shutting down and abandoning module GameplayTasksEditor (79)
[2016.03.02-11.55.32:270][ 65]LogModuleManager: Shutting down and abandoning module PropertyEditor (78)
[2016.03.02-11.55.32:270][ 65]LogModuleManager: Shutting down and abandoning module BehaviorTreeEditor (77)
[2016.03.02-11.55.32:270][ 65]LogModuleManager: Shutting down and abandoning module FunctionalTesting (76)
[2016.03.02-11.55.32:270][ 65]LogModuleManager: Shutting down and abandoning module CollisionAnalyzer (75)
[2016.03.02-11.55.32:270][ 65]LogModuleManager: Shutting down and abandoning module WorkspaceMenuStructure (74)
[2016.03.02-11.55.32:270][ 65]LogModuleManager: Shutting down and abandoning module MessageLog (73)
[2016.03.02-11.55.32:270][ 65]LogModuleManager: Shutting down and abandoning module Sequencer (72)
[2016.03.02-11.55.32:270][ 65]LogModuleManager: Shutting down and abandoning module AssetTools (71)
[2016.03.02-11.55.32:270][ 65]LogModuleManager: Shutting down and abandoning module UMGEditor (70)
[2016.03.02-11.55.32:271][ 65]LogModuleManager: Shutting down and abandoning module UMG (69)
[2016.03.02-11.55.32:271][ 65]LogModuleManager: Shutting down and abandoning module Slate (68)
[2016.03.02-11.55.32:271][ 65]LogModuleManager: Shutting down and abandoning module EditorStyle (67)
[2016.03.02-11.55.32:278][ 65]LogModuleManager: Shutting down and abandoning module SessionServices (66)
[2016.03.02-11.55.32:278][ 65]LogModuleManager: Shutting down and abandoning module SourceCodeAccess (65)
[2016.03.02-11.55.32:278][ 65]LogModuleManager: Shutting down and abandoning module HeadMountedDisplay (64)
[2016.03.02-11.55.32:278][ 65]LogModuleManager: Shutting down and abandoning module XAudio2 (63)
[2016.03.02-11.55.32:278][ 65]LogModuleManager: Shutting down and abandoning module Networking (61)
[2016.03.02-11.55.32:278][ 65]LogModuleManager: Shutting down and abandoning module Core (60)
[2016.03.02-11.55.32:278][ 65]LogModuleManager: Shutting down and abandoning module KismetCompiler (59)
[2016.03.02-11.55.32:278][ 65]LogModuleManager: Shutting down and abandoning module PhysXFormats (58)
[2016.03.02-11.55.32:278][ 65]LogModuleManager: Shutting down and abandoning module MeshUtilities (57)
[2016.03.02-11.55.32:278][ 65]LogModuleManager: Shutting down and abandoning module DerivedDataCache (56)
[2016.03.02-11.55.32:614][ 65]LogDerivedDataCache: Shutdown
[2016.03.02-11.55.32:614][ 65]LogModuleManager: Shutting down and abandoning module ShaderFormatOpenGL (55)
[2016.03.02-11.55.32:614][ 65]LogModuleManager: Shutting down and abandoning module ShaderFormatD3D (54)
[2016.03.02-11.55.32:614][ 65]LogModuleManager: Shutting down and abandoning module MetalShaderFormat (53)
[2016.03.02-11.55.32:614][ 65]LogModuleManager: Shutting down and abandoning module TextureFormatUncompressed (52)
[2016.03.02-11.55.32:614][ 65]LogModuleManager: Shutting down and abandoning module TextureFormatPVR (51)
[2016.03.02-11.55.32:614][ 65]LogModuleManager: Shutting down and abandoning module TextureFormatIntelISPCTexComp (50)
[2016.03.02-11.55.32:614][ 65]LogModuleManager: Shutting down and abandoning module TextureFormatDXT (49)
[2016.03.02-11.55.32:614][ 65]LogModuleManager: Shutting down and abandoning module ImageWrapper (48)
[2016.03.02-11.55.32:615][ 65]LogModuleManager: Shutting down and abandoning module TextureFormatASTC (47)
[2016.03.02-11.55.32:615][ 65]LogModuleManager: Shutting down and abandoning module TextureFormatAndroid (46)
[2016.03.02-11.55.32:615][ 65]LogModuleManager: Shutting down and abandoning module AudioFormatOpus (45)
[2016.03.02-11.55.32:615][ 65]LogModuleManager: Shutting down and abandoning module AudioFormatOgg (44)
[2016.03.02-11.55.32:615][ 65]LogModuleManager: Shutting down and abandoning module AudioFormatADPCM (43)
[2016.03.02-11.55.32:615][ 65]LogModuleManager: Shutting down and abandoning module LinuxTargetPlatform (42)
[2016.03.02-11.55.32:615][ 65]LogModuleManager: Shutting down and abandoning module LinuxServerTargetPlatform (41)
[2016.03.02-11.55.32:615][ 65]LogModuleManager: Shutting down and abandoning module LinuxNoEditorTargetPlatform (40)
[2016.03.02-11.55.32:615][ 65]LogModuleManager: Shutting down and abandoning module Messaging (39)
[2016.03.02-11.55.32:615][ 65]LogModuleManager: Shutting down and abandoning module IOSTargetPlatform (38)
[2016.03.02-11.55.32:615][ 65]LogModuleManager: Shutting down and abandoning module HTML5TargetPlatform (37)
[2016.03.02-11.55.32:615][ 65]LogModuleManager: Shutting down and abandoning module Android_PVRTCTargetPlatform (36)
[2016.03.02-11.55.32:615][ 65]LogModuleManager: Shutting down and abandoning module Android_MultiTargetPlatform (35)
[2016.03.02-11.55.32:615][ 65]LogModuleManager: Shutting down and abandoning module Android_ETC2TargetPlatform (34)
[2016.03.02-11.55.32:615][ 65]LogModuleManager: Shutting down and abandoning module Android_ETC1TargetPlatform (33)
[2016.03.02-11.55.32:615][ 65]LogModuleManager: Shutting down and abandoning module Android_DXTTargetPlatform (32)
[2016.03.02-11.55.32:615][ 65]LogModuleManager: Shutting down and abandoning module Android_ATCTargetPlatform (31)
[2016.03.02-11.55.32:615][ 65]LogModuleManager: Shutting down and abandoning module Android_ASTCTargetPlatform (30)
[2016.03.02-11.55.32:615][ 65]LogModuleManager: Shutting down and abandoning module AndroidTargetPlatform (29)
[2016.03.02-11.55.32:615][ 65]LogModuleManager: Shutting down and abandoning module WindowsTargetPlatform (28)
[2016.03.02-11.55.32:615][ 65]LogModuleManager: Shutting down and abandoning module WindowsServerTargetPlatform (27)
[2016.03.02-11.55.32:615][ 65]LogModuleManager: Shutting down and abandoning module WindowsNoEditorTargetPlatform (26)
[2016.03.02-11.55.32:615][ 65]LogModuleManager: Shutting down and abandoning module WindowsClientTargetPlatform (25)
[2016.03.02-11.55.32:615][ 65]LogModuleManager: Shutting down and abandoning module AllDesktopTargetPlatform (24)
[2016.03.02-11.55.32:615][ 65]LogModuleManager: Shutting down and abandoning module TargetPlatform (23)
[2016.03.02-11.55.32:615][ 65]LogModuleManager: Shutting down and abandoning module InputCore (22)
[2016.03.02-11.55.32:615][ 65]LogModuleManager: Shutting down and abandoning module Settings (21)
[2016.03.02-11.55.32:615][ 65]LogModuleManager: Shutting down and abandoning module OnlineSubsystem (19)
[2016.03.02-11.55.32:616][ 65]LogModuleManager: Shutting down and abandoning module HTTP (18)
[2016.03.02-11.55.34:618][ 65]LogModuleManager: Shutting down and abandoning module XMPP (17)
[2016.03.02-11.55.34:618][ 65]LogModuleManager: Shutting down and abandoning module OculusRift (16)
[2016.03.02-11.55.34:618][ 65]LogModuleManager: Shutting down and abandoning module ExampleDeviceProfileSelector (15)
[2016.03.02-11.55.34:618][ 65]LogModuleManager: Shutting down and abandoning module TextureCompressor (14)
[2016.03.02-11.55.34:618][ 65]LogModuleManager: Shutting down and abandoning module ShaderCore (13)
[2016.03.02-11.55.34:619][ 65]LogModuleManager: Shutting down and abandoning module Landscape (12)
[2016.03.02-11.55.34:619][ 65]LogModuleManager: Shutting down and abandoning module SlateRHIRenderer (11)
[2016.03.02-11.55.34:620][ 65]LogModuleManager: Shutting down and abandoning module OpenGLDrv (10)
[2016.03.02-11.55.34:620][ 65]LogModuleManager: Shutting down and abandoning module D3D11RHI (9)
[2016.03.02-11.55.34:620][ 65]LogModuleManager: Shutting down and abandoning module AnimGraphRuntime (8)
[2016.03.02-11.55.34:620][ 65]LogModuleManager: Shutting down and abandoning module Renderer (7)
[2016.03.02-11.55.34:620][ 65]LogModuleManager: Shutting down and abandoning module Engine (6)
[2016.03.02-11.55.34:620][ 65]LogModuleManager: Shutting down and abandoning module CoreUObject (5)
[2016.03.02-11.55.34:620][ 65]LogModuleManager: Shutting down and abandoning module NetworkFile (4)
[2016.03.02-11.55.34:620][ 65]LogModuleManager: Shutting down and abandoning module StreamingFile (3)
[2016.03.02-11.55.34:620][ 65]LogModuleManager: Shutting down and abandoning module SandboxFile (2)
[2016.03.02-11.55.34:620][ 65]LogModuleManager: Shutting down and abandoning module PakFile (1)
[2016.03.02-11.55.34:624][ 65]LogExit: Exiting.
[2016.03.02-11.55.34:628][ 65]Log file closed, 03/02/16 12:55:34
