[2016.03.02-11.40.06:250][  0]Log file open, 03/02/16 12:40:06
[2016.03.02-11.40.06:250][  0]LogInit:Display: Running engine without a game
[2016.03.02-11.40.06:250][  0]LogPlatformFile: Not using cached read wrapper
[2016.03.02-11.40.06:250][  0]LogInit:Display: Loading recent project file: ../../../../../Ureal engine 4/Proyectos/Ondarreta/ProyectOndarreta.uproject
[2016.03.02-11.40.06:250][  0]LogInit:Display: RandInit(-195146346) SRandInit(-195146341).
[2016.03.02-11.40.06:250][  0]LogTaskGraph: Started task graph with 4 named threads and 7 total threads.
[2016.03.02-11.40.06:250][  0]LogStats: Stats thread started at 0.142289
[2016.03.02-11.40.06:250][  0]LogInit: Version: 4.10.4-2872498+++depot+UE4-Releases+4.10
[2016.03.02-11.40.06:250][  0]LogInit: API Version: 2758231
[2016.03.02-11.40.06:250][  0]LogInit: Compiled (64-bit): Feb 18 2016 15:47:04
[2016.03.02-11.40.06:250][  0]LogInit: Compiled with Visual C++: 19.00.23026.00
[2016.03.02-11.40.06:251][  0]LogInit: Build Configuration: Development
[2016.03.02-11.40.06:251][  0]LogInit: Branch Name: ++depot+UE4-Releases+4.10
[2016.03.02-11.40.06:251][  0]LogInit: Command line: 
[2016.03.02-11.40.06:251][  0]LogInit: Base directory: D:/Investigation_Zone/Epic Games/4.10/Engine/Binaries/Win64/
[2016.03.02-11.40.06:251][  0]LogInit: Rocket: 1
[2016.03.02-11.40.06:266][  0]LogInit: Using libcurl 7.41.0
[2016.03.02-11.40.06:266][  0]LogInit:  - built for x86_64-pc-win32
[2016.03.02-11.40.06:266][  0]LogInit:  - supports SSL with WinSSL
[2016.03.02-11.40.06:266][  0]LogInit:  - other features:
[2016.03.02-11.40.06:266][  0]LogInit:      CURL_VERSION_SSL
[2016.03.02-11.40.06:267][  0]LogInit:      CURL_VERSION_IPV6
[2016.03.02-11.40.06:267][  0]LogInit:      CURL_VERSION_ASYNCHDNS
[2016.03.02-11.40.06:267][  0]LogInit:      CURL_VERSION_LARGEFILE
[2016.03.02-11.40.06:267][  0]LogInit:      CURL_VERSION_IDN
[2016.03.02-11.40.06:267][  0]LogInit:  CurlRequestOptions (configurable via config and command line):
[2016.03.02-11.40.06:267][  0]LogInit:  - bVerifyPeer = true  - Libcurl will verify peer certificate
[2016.03.02-11.40.06:267][  0]LogInit:  - bUseHttpProxy = false  - Libcurl will NOT use HTTP proxy
[2016.03.02-11.40.06:267][  0]LogInit:  - bDontReuseConnections = false  - Libcurl will reuse connections
[2016.03.02-11.40.06:267][  0]LogInit:  - CertBundlePath = nullptr  - Libcurl will use whatever was configured at build time.
[2016.03.02-11.40.06:287][  0]LogInit: Presizing for 0 objects not considered by GC, pre-allocating 0 bytes.
[2016.03.02-11.40.06:306][  0]LogInit: Object subsystem initialized
[2016.03.02-11.40.06:310][  0]LogInit: Selected Device Profile: [Windows]
[2016.03.02-11.40.06:310][  0]LogInit: Applying CVar settings loaded from the selected device profile: [Windows]
[2016.03.02-11.40.06:343][  0]LogInit: Computer: ALMA-ITSASO
[2016.03.02-11.40.06:343][  0]LogInit: User: Unai
[2016.03.02-11.40.06:343][  0]LogInit: CPU Page size=4096, Cores=4
[2016.03.02-11.40.06:343][  0]LogInit: High frequency timer resolution =2.338348 MHz
[2016.03.02-11.40.06:343][  0]LogMemory: Memory total: Physical=7.9GB (8GB approx)
[2016.03.02-11.40.06:343][  0]LogMemory: Platform Memory Stats for Windows
[2016.03.02-11.40.06:343][  0]LogMemory: Process Physical Memory: 55.89 MB used, 55.89 MB peak
[2016.03.02-11.40.06:343][  0]LogMemory: Process Virtual Memory: 56.82 MB used, 56.82 MB peak
[2016.03.02-11.40.06:343][  0]LogMemory: Physical Memory: 4039.95 MB used, 8124.02 MB total
[2016.03.02-11.40.06:343][  0]LogMemory: Virtual Memory: 382.89 MB used, 134217728.00 MB total
[2016.03.02-11.40.07:982][  0]LogD3D11RHI: Found D3D11 adapter 0: NVIDIA GeForce GT 740M    (Feature Level 11_0)
[2016.03.02-11.40.07:982][  0]LogD3D11RHI: Adapter has 1996MB of dedicated video memory, 0MB of dedicated system memory, and 4062MB of shared system memory, 1 output[s]
[2016.03.02-11.40.07:995][  0]LogD3D11RHI: Found D3D11 adapter 1: Intel(R) HD Graphics 4600 (Feature Level 11_0)
[2016.03.02-11.40.07:995][  0]LogD3D11RHI: Adapter has 112MB of dedicated video memory, 0MB of dedicated system memory, and 4062MB of shared system memory, 0 output[s]
[2016.03.02-11.40.07:999][  0]LogD3D11RHI: Found D3D11 adapter 2: Microsoft Basic Render Driver (Feature Level 11_0)
[2016.03.02-11.40.07:999][  0]LogD3D11RHI: Adapter has 0MB of dedicated video memory, 0MB of dedicated system memory, and 4062MB of shared system memory, 0 output[s]
[2016.03.02-11.40.07:999][  0]LogD3D11RHI: Chosen D3D11 Adapter Id = 0
[2016.03.02-11.40.08:014][  0]LogD3D11RHI: !Direct3DDevice
[2016.03.02-11.40.08:014][  0]LogRHI: Texture pool is 1361 MB (70% of 1945 MB)
[2016.03.02-11.40.08:045][  0]LogD3D11RHI: Async texture creation enabled
[2016.03.02-11.40.08:066][  0]LogShaderCompilers: Guid format shader working directory is -4 characters bigger than the processId version (../../../../../Ureal engine 4/Proyectos/Ondarreta/Intermediate/Shaders/WorkingDirectory/6588/).
[2016.03.02-11.40.08:066][  0]LogShaderCompilers: Cleaned the shader compiler working directory 'C:/Users/Unai/AppData/Local/Temp/UnrealShaderWorkingDir/389C70634839B5FE7EE2E2B090DB4887/'.
[2016.03.02-11.40.08:066][  0]LogShaderCompilers:Display: Using Local Shader Compiler.
[2016.03.02-11.40.10:881][  0]LogTemp:Display: Loaded TP AllDesktopTargetPlatform
[2016.03.02-11.40.10:895][  0]LogTemp:Display: Loaded TP WindowsClientTargetPlatform
[2016.03.02-11.40.10:908][  0]LogTemp:Display: Loaded TP WindowsNoEditorTargetPlatform
[2016.03.02-11.40.10:921][  0]LogTemp:Display: Loaded TP WindowsServerTargetPlatform
[2016.03.02-11.40.10:934][  0]LogTemp:Display: Loaded TP WindowsTargetPlatform
[2016.03.02-11.40.10:943][  0]LogTemp:Display: Loaded TP AndroidTargetPlatform
[2016.03.02-11.40.10:951][  0]LogTemp:Display: Loaded TP Android_ASTCTargetPlatform
[2016.03.02-11.40.10:960][  0]LogTemp:Display: Loaded TP Android_ATCTargetPlatform
[2016.03.02-11.40.10:970][  0]LogTemp:Display: Loaded TP Android_DXTTargetPlatform
[2016.03.02-11.40.10:979][  0]LogTemp:Display: Loaded TP Android_ETC1TargetPlatform
[2016.03.02-11.40.10:989][  0]LogTemp:Display: Loaded TP Android_ETC2TargetPlatform
[2016.03.02-11.40.11:010][  0]LogTemp:Display: Loaded TP Android_MultiTargetPlatform
[2016.03.02-11.40.11:010][  0]LogTemp:Display: Loaded TP Android_PVRTCTargetPlatform
[2016.03.02-11.40.11:012][  0]LogTemp:Display: Loaded TP HTML5TargetPlatform
[2016.03.02-11.40.11:041][  0]LogTemp:Display: Loaded TP IOSTargetPlatform
[2016.03.02-11.40.11:050][  0]LogTemp:Display: Loaded TP LinuxNoEditorTargetPlatform
[2016.03.02-11.40.11:059][  0]LogTemp:Display: Loaded TP LinuxServerTargetPlatform
[2016.03.02-11.40.11:069][  0]LogTemp:Display: Loaded TP LinuxTargetPlatform
[2016.03.02-11.40.11:069][  0]LogTargetPlatformManager:Display: Building Assets For Windows
[2016.03.02-11.40.11:278][  0]LogDerivedDataCache:Display: Max Cache Size: 512 MB
[2016.03.02-11.40.11:424][  0]LogDerivedDataCache: Loaded boot cache 0.15s 41MB C:/Users/Unai/AppData/Local/UnrealEngine/4.10/DerivedDataCache/Boot.ddc.
[2016.03.02-11.40.11:424][  0]LogDerivedDataCache:Display: Loaded Boot cache: C:/Users/Unai/AppData/Local/UnrealEngine/4.10/DerivedDataCache/Boot.ddc
[2016.03.02-11.40.11:425][  0]LogDerivedDataCache: FDerivedDataBackendGraph:  Pak pak cache file ../../../../../Ureal engine 4/Proyectos/Ondarreta/DerivedDataCache/DDC.ddp not found, will not use a pak cache.
[2016.03.02-11.40.11:425][  0]LogDerivedDataCache: Unable to find inner node Pak for hierarchical cache Hierarchy.
[2016.03.02-11.40.11:425][  0]LogDerivedDataCache: FDerivedDataBackendGraph:  CompressedPak pak cache file ../../../../../Ureal engine 4/Proyectos/Ondarreta/DerivedDataCache/Compressed.ddp not found, will not use a pak cache.
[2016.03.02-11.40.11:425][  0]LogDerivedDataCache: Unable to find inner node CompressedPak for hierarchical cache Hierarchy.
[2016.03.02-11.40.11:710][  0]LogDerivedDataCache:Display: Pak cache opened for reading ../../../Engine/DerivedDataCache/Compressed.ddp.
[2016.03.02-11.40.11:723][  0]LogDerivedDataCache: Using Local data cache path C:/Users/Unai/AppData/Local/UnrealEngine/Common/DerivedDataCache: Writable
[2016.03.02-11.40.12:276][  0]LogInit: Selected Device Profile: [Windows]
[2016.03.02-11.40.12:285][  0]LogContentStreaming: Texture pool size is 0.000000MB
[2016.03.02-11.40.12:646][  0]LogMeshUtilities: No automatic mesh reduction module available
[2016.03.02-11.40.12:646][  0]LogMeshUtilities: No automatic mesh merging module available
[2016.03.02-11.40.13:281][  0]LogInit: WinSock: version 1.1 (2.2), MaxSocks=32767, MaxUdp=65467
[2016.03.02-11.40.15:614][  0]UdpMessaging: Initializing bridge on interface 0.0.0.0:0 to multicast group 230.0.0.1:6666.
[2016.03.02-11.40.15:775][  0]LogAssetRegistry: FAssetRegistry took 0.0116 seconds to start up
[2016.03.02-11.40.16:242][  0]SourceControl: Info Source control is disabled
[2016.03.02-11.40.16:352][  0]SourceControl: Info Source control is disabled
[2016.03.02-11.40.16:378][  0]SourceControl: Info Source control is disabled
[2016.03.02-11.40.16:403][  0]SourceControl: Info Source control is disabled
[2016.03.02-11.40.16:969][  0]LogObj: 28633 objects as part of root set at end of initial load.
[2016.03.02-11.40.16:969][  0]LogUObjectAllocator: 6099752 out of 0 bytes used by permanent object pool.
[2016.03.02-11.40.17:128][  0]LogEngine: Initializing Engine...
[2016.03.02-11.40.17:135][  0]LogHMD: Can't find Oculus library dev build: is proper Runtime installed? Version: 0.8.0.0
[2016.03.02-11.40.17:136][  0]LogHMD: SteamVR failed to initialize.  Err: 110
[2016.03.02-11.40.17:519][  0]LogAIModule: Creating AISystem for world NewWorld
[2016.03.02-11.40.17:534][  0]LogInit: XAudio2 using 'Altavoces / Auriculares (IDT High Definition Audio CODEC)' : 2 channels at 48 kHz using 16 bits per sample (channel mask 0x3)
[2016.03.02-11.40.17:615][  0]LogInit: FAudioDevice initialized.
[2016.03.02-11.40.17:671][  0]LogDerivedDataCache: Saved boot cache 0.06s 41MB C:/Users/Unai/AppData/Local/UnrealEngine/4.10/DerivedDataCache/Boot.ddc.
[2016.03.02-11.40.17:685][  0]LogInit: Texture streaming: Enabled
[2016.03.02-11.40.17:698][  0]LogAnalytics: Creating configured Analytics provider AnalyticsET
[2016.03.02-11.40.17:698][  0]LogAnalytics: [UEEditor.Rocket.Release] APIServer = http://et2.epicgames.com/ET2/. AppVersion = 4.10.4-2872498+++depot+UE4-Releases+4.10
[2016.03.02-11.40.17:698][  0]LogAnalytics: [UEEditor.Rocket.Release] SetUserId d7adaae849ea30e6caa19b820571e0d9|33a1c5eb2cc94ca8a72a46d53f3ce1d2|4517af11-a817-4828-86eb-27c26c7bd883
[2016.03.02-11.40.17:699][  0]LogAnalytics: [UEEditor.Rocket.Release] AnalyticsET::StartSession
[2016.03.02-11.40.17:735][  0]LogInit: Transaction tracking system initialized
[2016.03.02-11.40.17:803][  0]BlueprintLog: New page: Editor Load
[2016.03.02-11.40.18:003][  0]LocalizationService: Info Localization service is disabled
[2016.03.02-11.40.18:201][  0]LogConsoleResponse:Display: 
[2016.03.02-11.40.18:503][  0]LogCook:Display: Done creating registry. It took  0.00s.
[2016.03.02-11.40.18:645][  0]LogFileCache: Scanning file cache for directory 'D:/Investigation_Zone/Ureal engine 4/Proyectos/Ondarreta/Content/' took 0.01s
[2016.03.02-11.40.18:645][  0]SourceControl: Info Source control is disabled
[2016.03.02-11.40.18:646][  0]Cmd: MAP LOAD FILE="../../../Engine/Content/Maps/Templates/Template_Default.umap" TEMPLATE=1 SHOWPROGRESS=1 FEATURELEVEL=3
[2016.03.02-11.40.18:647][  0]LightingResults: New page: Lighting Build
[2016.03.02-11.40.18:654][  0]MapCheck: New page: Map Check
[2016.03.02-11.40.18:654][  0]LightingResults: New page: Lighting Build
[2016.03.02-11.40.18:686][  0]LogParticles: Destroying 0 GPU particle simulations for FXSystem 0x000001EA55BABB00
[2016.03.02-11.40.19:460][  0]LogAIModule: Creating AISystem for world Untitled_1
[2016.03.02-11.40.19:475][  0]LogEditorServer: Finished looking for orphan Actors (0.000 secs)
[2016.03.02-11.40.19:489][  0]Cmd: MAP CHECKDEP NOCLEARLOG
[2016.03.02-11.40.19:635][  0]MapCheck: Info Map check complete: 0 Error(s), 0 Warning(s), took 144.885ms to complete.
[2016.03.02-11.40.19:635][  0]LogFileHelpers: Loading map 'Template_Default' took 0.989
[2016.03.02-11.40.19:891][  0]LogCollectionManager: Loaded 0 collections in 0.004474 seconds
[2016.03.02-11.40.19:941][  0]LogFileCache: Scanning file cache for directory 'D:/Investigation_Zone/Ureal engine 4/Proyectos/Ondarreta/Saved/Collections/' took 0.01s
[2016.03.02-11.40.19:941][  0]LogFileCache: Scanning file cache for directory 'D:/Investigation_Zone/Ureal engine 4/Proyectos/Ondarreta/Content/Developers/Unai/Collections/' took 0.01s
[2016.03.02-11.40.19:941][  0]LogFileCache: Scanning file cache for directory 'D:/Investigation_Zone/Ureal engine 4/Proyectos/Ondarreta/Content/Collections/' took 0.01s
[2016.03.02-11.40.19:941][  0]LogCollectionManager: Rebuilt the GUID cache for 0 collections in 0.000004 seconds
[2016.03.02-11.40.19:965][  0]LogContentBrowser: Native class hierarchy populated in 0.0236 seconds. Added 1893 classes and 338 folders.
[2016.03.02-11.40.19:980][  0]LogContentBrowser: Native class hierarchy updated for 'WidgetCarousel' in 0.0010 seconds. Added 0 classes and 0 folders.
[2016.03.02-11.40.20:108][  0]LogContentBrowser: Native class hierarchy updated for 'AddContentDialog' in 0.0010 seconds. Added 0 classes and 0 folders.
[2016.03.02-11.40.20:118][  0]LogContentBrowser: Native class hierarchy updated for 'SceneOutliner' in 0.0010 seconds. Added 1 classes and 2 folders.
[2016.03.02-11.40.20:177][  0]LogCrashTracker: Crashtracker disabled due to settings.
[2016.03.02-11.40.20:187][  0]LogUObjectGlobals:Warning: Failed to find object 'Class None.'
[2016.03.02-11.40.20:211][  0]LogLoad: Full Startup: 15.22 seconds (BP compile: 0.12 seconds)
[2016.03.02-11.40.20:230][  0]LogWindowsTextInputMethodSystem:Display: IME system now deactivated.
[2016.03.02-11.40.20:236][  0]LogOcInput: Can't find Oculus library dev build: is proper Runtime installed? Version: 0.8.0.0
[2016.03.02-11.40.20:340][  0]LogContentStreaming: Texture pool size now 1000 MB
[2016.03.02-11.40.20:772][  2]LogRenderer: Reallocating scene render targets to support 860x500 (Frame:2).
[2016.03.02-11.40.21:308][  5]LogAssetRegistry: Asset discovery search completed in 5.5446 seconds
[2016.03.02-11.40.21:308][  5]LogCollectionManager: Rebuilt the object cache for 0 collections in 0.000001 seconds (found 0 objects)
[2016.03.02-11.40.21:308][  5]LogCollectionManager: Fixed up redirectors for 0 collections in 0.000055 seconds (updated 0 objects)
[2016.03.02-11.40.38:353][831]SourceControl: Info On branch master
[2016.03.02-11.40.38:353][831]SourceControl: Info Your branch is up-to-date with 'origin/master'.
[2016.03.02-11.40.38:353][831]SourceControl: Info Untracked files:
[2016.03.02-11.40.38:353][831]SourceControl: Info   (use "git add <file>..." to include in what will be committed)
[2016.03.02-11.40.38:353][831]SourceControl: Info 	Config/
[2016.03.02-11.40.38:353][831]SourceControl: Info 	Intermediate/
[2016.03.02-11.40.38:353][831]SourceControl: Info 	Ondarreta/
[2016.03.02-11.40.38:353][831]SourceControl: Info 	ProyectOndarreta.uproject
[2016.03.02-11.40.38:353][831]SourceControl: Info 	Saved/
[2016.03.02-11.40.38:353][831]SourceControl: Info nothing added to commit but untracked files present (use "git add" to track)
[2016.03.02-11.41.09:664][275]SourceControl: Info On branch master
[2016.03.02-11.41.09:664][275]SourceControl: Info Your branch is up-to-date with 'origin/master'.
[2016.03.02-11.41.09:664][275]SourceControl: Info Untracked files:
[2016.03.02-11.41.09:664][275]SourceControl: Info   (use "git add <file>..." to include in what will be committed)
[2016.03.02-11.41.09:664][275]SourceControl: Info 	Config/
[2016.03.02-11.41.09:664][275]SourceControl: Info 	Intermediate/
[2016.03.02-11.41.09:664][275]SourceControl: Info 	Ondarreta/
[2016.03.02-11.41.09:664][275]SourceControl: Info 	ProyectOndarreta.uproject
[2016.03.02-11.41.09:664][275]SourceControl: Info 	Saved/
[2016.03.02-11.41.09:664][275]SourceControl: Info nothing added to commit but untracked files present (use "git add" to track)
[2016.03.02-11.41.13:937][489]LogEditorViewport: Clicking on Actor (LMB): StaticMeshActor (Floor)
[2016.03.02-11.42.23:622][459]SourceControl: Info On branch master
[2016.03.02-11.42.23:622][459]SourceControl: Info Your branch is up-to-date with 'origin/master'.
[2016.03.02-11.42.23:622][459]SourceControl: Info Untracked files:
[2016.03.02-11.42.23:622][459]SourceControl: Info   (use "git add <file>..." to include in what will be committed)
[2016.03.02-11.42.23:622][459]SourceControl: Info 	Config/
[2016.03.02-11.42.23:622][459]SourceControl: Info 	Intermediate/
[2016.03.02-11.42.23:622][459]SourceControl: Info 	Ondarreta/
[2016.03.02-11.42.23:622][459]SourceControl: Info 	ProyectOndarreta.uproject
[2016.03.02-11.42.23:622][459]SourceControl: Info 	Saved/
[2016.03.02-11.42.23:622][459]SourceControl: Info nothing added to commit but untracked files present (use "git add" to track)
[2016.03.02-11.47.46:222][251]SourceControl: Info fatal: D:/Investigation_Zone/Epic Games/4.10/Engine/Content/ArtTools/RenderToTexture/Blueprints/PhysMesh.uasset: 'D:/Investigation_Zone/Epic Games/4.10/Engine/Content/ArtTools/RenderToTexture/Blueprints/PhysMesh.uasset' is outside repository
[2016.03.02-11.47.46:222][251]SourceControl: Info fatal: D:/Investigation_Zone/Epic Games/4.10/Engine/Content/ArtTools/RenderToTexture/Enums/EFloatTypes.uasset: 'D:/Investigation_Zone/Epic Games/4.10/Engine/Content/ArtTools/RenderToTexture/Enums/EFloatTypes.uasset' is outside repository
[2016.03.02-11.47.46:222][251]SourceControl: Info fatal: D:/Investigation_Zone/Epic Games/4.10/Engine/Content/ArtTools/RenderToTexture/Macros/RenderToTextureMacros.uasset: 'D:/Investigation_Zone/Epic Games/4.10/Engine/Content/ArtTools/RenderToTexture/Macros/RenderToTextureMacros.uasset' is outside repository
[2016.03.02-11.47.46:222][251]SourceControl: Info fatal: D:/Investigation_Zone/Epic Games/4.10/Engine/Content/ArtTools/RenderToTexture/MaterialFunctions/BoundingSphereBased_0-1_UVW.uasset: 'D:/Investigation_Zone/Epic Games/4.10/Engine/Content/ArtTools/RenderToTexture/MaterialFunctions/BoundingSphereBased_0-1_UVW.uasset' is outside repository
[2016.03.02-11.47.46:222][251]SourceControl: Info fatal: D:/Investigation_Zone/Epic Games/4.10/Engine/Content/ArtTools/RenderToTexture/Materials/MPC_R2T.uasset: 'D:/Investigation_Zone/Epic Games/4.10/Engine/Content/ArtTools/RenderToTexture/Materials/MPC_R2T.uasset' is outside repository
[2016.03.02-11.47.46:222][251]SourceControl: Info fatal: D:/Investigation_Zone/Epic Games/4.10/Engine/Content/ArtTools/RenderToTexture/Materials/Debug/M_2sidedLit.uasset: 'D:/Investigation_Zone/Epic Games/4.10/Engine/Content/ArtTools/RenderToTexture/Materials/Debug/M_2sidedLit.uasset' is outside repository
[2016.03.02-11.47.46:222][251]SourceControl: Info fatal: D:/Investigation_Zone/Epic Games/4.10/Engine/Content/ArtTools/RenderToTexture/Materials/Flipbooks/M_FlipBookCounter_01.uasset: 'D:/Investigation_Zone/Epic Games/4.10/Engine/Content/ArtTools/RenderToTexture/Materials/Flipbooks/M_FlipBookCounter_01.uasset' is outside repository
[2016.03.02-11.47.46:222][251]SourceControl: Info fatal: D:/Investigation_Zone/Epic Games/4.10/Engine/Content/ArtTools/RenderToTexture/Materials/Imposters/M_ImposterTest_01.uasset: 'D:/Investigation_Zone/Epic Games/4.10/Engine/Content/ArtTools/RenderToTexture/Materials/Imposters/M_ImposterTest_01.uasset' is outside repository
[2016.03.02-11.47.46:222][251]SourceControl: Info fatal: D:/Investigation_Zone/Epic Games/4.10/Engine/Content/ArtTools/RenderToTexture/Meshes/ShadowTestMesh.uasset: 'D:/Investigation_Zone/Epic Games/4.10/Engine/Content/ArtTools/RenderToTexture/Meshes/ShadowTestMesh.uasset' is outside repository
[2016.03.02-11.47.46:223][251]SourceControl: Info fatal: D:/Investigation_Zone/Epic Games/4.10/Engine/Content/ArtTools/RenderToTexture/Textures/127grey.uasset: 'D:/Investigation_Zone/Epic Games/4.10/Engine/Content/ArtTools/RenderToTexture/Textures/127grey.uasset' is outside repository
[2016.03.02-11.47.46:223][251]SourceControl: Info fatal: D:/Investigation_Zone/Epic Games/4.10/Engine/Content/ArtTools/RenderToTexture/Textures/FlipbookMotionVectors/Position1.uasset: 'D:/Investigation_Zone/Epic Games/4.10/Engine/Content/ArtTools/RenderToTexture/Textures/FlipbookMotionVectors/Position1.uasset' is outside repository
[2016.03.02-11.47.46:223][251]SourceControl: Info fatal: D:/Investigation_Zone/Epic Games/4.10/Engine/Content/BasicShapes/BasicShapeMaterial.uasset: 'D:/Investigation_Zone/Epic Games/4.10/Engine/Content/BasicShapes/BasicShapeMaterial.uasset' is outside repository
[2016.03.02-11.47.46:223][251]SourceControl: Info fatal: D:/Investigation_Zone/Epic Games/4.10/Engine/Content/BufferVisualization/AmbientOcclusion.uasset: 'D:/Investigation_Zone/Epic Games/4.10/Engine/Content/BufferVisualization/AmbientOcclusion.uasset' is outside repository
[2016.03.02-11.47.46:223][251]SourceControl: Info fatal: D:/Investigation_Zone/Epic Games/4.10/Engine/Content/Editor/Slate/Icons/AssetIcons/Cone_16x.uasset: 'D:/Investigation_Zone/Epic Games/4.10/Engine/Content/Editor/Slate/Icons/AssetIcons/Cone_16x.uasset' is outside repository
[2016.03.02-11.47.46:223][251]SourceControl: Info fatal: D:/Investigation_Zone/Epic Games/4.10/Engine/Content/EditorBlueprintResources/ActorMacros.uasset: 'D:/Investigation_Zone/Epic Games/4.10/Engine/Content/EditorBlueprintResources/ActorMacros.uasset' is outside repository
[2016.03.02-11.47.46:223][251]SourceControl: Info fatal: D:/Investigation_Zone/Epic Games/4.10/Engine/Content/EditorKismetResources/StandardMacros.uasset: 'D:/Investigation_Zone/Epic Games/4.10/Engine/Content/EditorKismetResources/StandardMacros.uasset' is outside repository
[2016.03.02-11.47.46:223][251]SourceControl: Info fatal: D:/Investigation_Zone/Epic Games/4.10/Engine/Content/EditorLandscapeResources/AlphaBrushMaterial.uasset: 'D:/Investigation_Zone/Epic Games/4.10/Engine/Content/EditorLandscapeResources/AlphaBrushMaterial.uasset' is outside repository
[2016.03.02-11.47.46:223][251]SourceControl: Info fatal: D:/Investigation_Zone/Epic Games/4.10/Engine/Content/EditorMaterials/Anchor.uasset: 'D:/Investigation_Zone/Epic Games/4.10/Engine/Content/EditorMaterials/Anchor.uasset' is outside repository
[2016.03.02-11.47.46:223][251]SourceControl: Info fatal: D:/Investigation_Zone/Epic Games/4.10/Engine/Content/EditorMaterials/TreeArrow_ExpandedRealtimePreview.uasset: 'D:/Investigation_Zone/Epic Games/4.10/Engine/Content/EditorMaterials/TreeArrow_ExpandedRealtimePreview.uasset' is outside repository
[2016.03.02-11.47.46:223][251]SourceControl: Info fatal: D:/Investigation_Zone/Epic Games/4.10/Engine/Content/EditorMaterials/Cascade/CASC_BackgroundCube_MAT.uasset: 'D:/Investigation_Zone/Epic Games/4.10/Engine/Content/EditorMaterials/Cascade/CASC_BackgroundCube_MAT.uasset' is outside repository
[2016.03.02-11.47.46:223][251]SourceControl: Info fatal: D:/Investigation_Zone/Epic Games/4.10/Engine/Content/EditorMaterials/Matinee/MAT_EnableTrack_Mat.uasset: 'D:/Investigation_Zone/Epic Games/4.10/Engine/Content/EditorMaterials/Matinee/MAT_EnableTrack_Mat.uasset' is outside repository
[2016.03.02-11.47.46:224][251]SourceControl: Info fatal: D:/Investigation_Zone/Epic Games/4.10/Engine/Content/EditorMaterials/MatineeGroups/MAT_ColorTrack.uasset: 'D:/Investigation_Zone/Epic Games/4.10/Engine/Content/EditorMaterials/MatineeGroups/MAT_ColorTrack.uasset' is outside repository
[2016.03.02-11.47.46:224][251]SourceControl: Info fatal: D:/Investigation_Zone/Epic Games/4.10/Engine/Content/EditorMaterials/ParticleSystems/PSysThumbnail_NoImage.uasset: 'D:/Investigation_Zone/Epic Games/4.10/Engine/Content/EditorMaterials/ParticleSystems/PSysThumbnail_NoImage.uasset' is outside repository
[2016.03.02-11.47.46:224][251]SourceControl: Info fatal: D:/Investigation_Zone/Epic Games/4.10/Engine/Content/EditorMaterials/Thumbnails/FloorPlaneMaterial.uasset: 'D:/Investigation_Zone/Epic Games/4.10/Engine/Content/EditorMaterials/Thumbnails/FloorPlaneMaterial.uasset' is outside repository
[2016.03.02-11.47.46:224][251]SourceControl: Info fatal: D:/Investigation_Zone/Epic Games/4.10/Engine/Content/EditorMaterials/Utilities/ImageReflectionPreview.uasset: 'D:/Investigation_Zone/Epic Games/4.10/Engine/Content/EditorMaterials/Utilities/ImageReflectionPreview.uasset' is outside repository
[2016.03.02-11.47.46:224][251]SourceControl: Info fatal: D:/Investigation_Zone/Epic Games/4.10/Engine/Content/EditorMeshes/AnimTreeEd_PreviewFloor.uasset: 'D:/Investigation_Zone/Epic Games/4.10/Engine/Content/EditorMeshes/AnimTreeEd_PreviewFloor.uasset' is outside repository
[2016.03.02-11.47.46:224][251]SourceControl: Info fatal: D:/Investigation_Zone/Epic Games/4.10/Engine/Content/EditorMeshes/Cascade/BackgroundCube.uasset: 'D:/Investigation_Zone/Epic Games/4.10/Engine/Content/EditorMeshes/Cascade/BackgroundCube.uasset' is outside repository
[2016.03.02-11.47.46:224][251]SourceControl: Info fatal: D:/Investigation_Zone/Epic Games/4.10/Engine/Content/EditorMeshes/ColorCalibrator/M_ChromeBall.uasset: 'D:/Investigation_Zone/Epic Games/4.10/Engine/Content/EditorMeshes/ColorCalibrator/M_ChromeBall.uasset' is outside repository
[2016.03.02-11.47.46:224][251]SourceControl: Info fatal: D:/Investigation_Zone/Epic Games/4.10/Engine/Content/EditorMeshes/SkeletalMesh/DefaultSkeletalMesh.uasset: 'D:/Investigation_Zone/Epic Games/4.10/Engine/Content/EditorMeshes/SkeletalMesh/DefaultSkeletalMesh.uasset' is outside repository
[2016.03.02-11.47.46:224][251]SourceControl: Info fatal: D:/Investigation_Zone/Epic Games/4.10/Engine/Content/EditorResources/Ai_Spawnpoint.uasset: 'D:/Investigation_Zone/Epic Games/4.10/Engine/Content/EditorResources/Ai_Spawnpoint.uasset' is outside repository
[2016.03.02-11.47.46:224][251]SourceControl: Info fatal: D:/Investigation_Zone/Epic Games/4.10/Engine/Content/EditorResources/S_Trigger.uasset: 'D:/Investigation_Zone/Epic Games/4.10/Engine/Content/EditorResources/S_Trigger.uasset' is outside repository
[2016.03.02-11.47.46:224][251]SourceControl: Info fatal: D:/Investigation_Zone/Epic Games/4.10/Engine/Content/EditorResources/AI/S_NavLink.uasset: 'D:/Investigation_Zone/Epic Games/4.10/Engine/Content/EditorResources/AI/S_NavLink.uasset' is outside repository
[2016.03.02-11.47.46:224][251]SourceControl: Info fatal: D:/Investigation_Zone/Epic Games/4.10/Engine/Content/EditorResources/AudioIcons/S_Ambient_Sound_Moveable.uasset: 'D:/Investigation_Zone/Epic Games/4.10/Engine/Content/EditorResources/AudioIcons/S_Ambient_Sound_Moveable.uasset' is outside repository
[2016.03.02-11.47.46:225][251]SourceControl: Info fatal: D:/Investigation_Zone/Epic Games/4.10/Engine/Content/EditorResources/Crowd/T_Crowd_Spline.uasset: 'D:/Investigation_Zone/Epic Games/4.10/Engine/Content/EditorResources/Crowd/T_Crowd_Spline.uasset' is outside repository
[2016.03.02-11.47.46:225][251]SourceControl: Info fatal: D:/Investigation_Zone/Epic Games/4.10/Engine/Content/EditorResources/LightIcons/Light_Point_Stationary_Statics.uasset: 'D:/Investigation_Zone/Epic Games/4.10/Engine/Content/EditorResources/LightIcons/Light_Point_Stationary_Statics.uasset' is outside repository
[2016.03.02-11.47.46:225][251]SourceControl: Info fatal: D:/Investigation_Zone/Epic Games/4.10/Engine/Content/EditorResources/Spline/T_Loft_Spline.uasset: 'D:/Investigation_Zone/Epic Games/4.10/Engine/Content/EditorResources/Spline/T_Loft_Spline.uasset' is outside repository
[2016.03.02-11.47.46:225][251]SourceControl: Info fatal: D:/Investigation_Zone/Epic Games/4.10/Engine/Content/EditorShapes/Materials/MI_ShapeInstance.uasset: 'D:/Investigation_Zone/Epic Games/4.10/Engine/Content/EditorShapes/Materials/MI_ShapeInstance.uasset' is outside repository
[2016.03.02-11.47.46:225][251]SourceControl: Info fatal: D:/Investigation_Zone/Epic Games/4.10/Engine/Content/EditorShapes/Textures/T_ShapeDiffuse.uasset: 'D:/Investigation_Zone/Epic Games/4.10/Engine/Content/EditorShapes/Textures/T_ShapeDiffuse.uasset' is outside repository
[2016.03.02-11.47.46:225][251]SourceControl: Info fatal: D:/Investigation_Zone/Epic Games/4.10/Engine/Content/EditorShellMaterials/MI_BaseFlat.uasset: 'D:/Investigation_Zone/Epic Games/4.10/Engine/Content/EditorShellMaterials/MI_BaseFlat.uasset' is outside repository
[2016.03.02-11.47.46:225][251]SourceControl: Info fatal: D:/Investigation_Zone/Epic Games/4.10/Engine/Content/EditorShellMaterials/ManualUVs/MI_BaseGrid_MUV.uasset: 'D:/Investigation_Zone/Epic Games/4.10/Engine/Content/EditorShellMaterials/ManualUVs/MI_BaseGrid_MUV.uasset' is outside repository
[2016.03.02-11.47.46:225][251]SourceControl: Info fatal: D:/Investigation_Zone/Epic Games/4.10/Engine/Content/EditorShellMaterials/SketchUp/MI_BaseGrid_WUV_SketchUp.uasset: 'D:/Investigation_Zone/Epic Games/4.10/Engine/Content/EditorShellMaterials/SketchUp/MI_BaseGrid_WUV_SketchUp.uasset' is outside repository
[2016.03.02-11.47.46:225][251]SourceControl: Info fatal: D:/Investigation_Zone/Epic Games/4.10/Engine/Content/EditorShellMaterials/WorldUVs/MI_BaseGrid_WUV.uasset: 'D:/Investigation_Zone/Epic Games/4.10/Engine/Content/EditorShellMaterials/WorldUVs/MI_BaseGrid_WUV.uasset' is outside repository
[2016.03.02-11.47.46:225][251]SourceControl: Info fatal: D:/Investigation_Zone/Epic Games/4.10/Engine/Content/EditorSounds/GamePreview/EjectFromPlayer.uasset: 'D:/Investigation_Zone/Epic Games/4.10/Engine/Content/EditorSounds/GamePreview/EjectFromPlayer.uasset' is outside repository
[2016.03.02-11.47.46:225][251]SourceControl: Info fatal: D:/Investigation_Zone/Epic Games/4.10/Engine/Content/EditorSounds/Notifications/CompileFailed.uasset: 'D:/Investigation_Zone/Epic Games/4.10/Engine/Content/EditorSounds/Notifications/CompileFailed.uasset' is outside repository
[2016.03.02-11.47.46:225][251]SourceControl: Info fatal: D:/Investigation_Zone/Epic Games/4.10/Engine/Content/EngineAnimNotifies/AnimNotify_PlayParticleEffect.uasset: 'D:/Investigation_Zone/Epic Games/4.10/Engine/Content/EngineAnimNotifies/AnimNotify_PlayParticleEffect.uasset' is outside repository
[2016.03.02-11.47.46:225][251]SourceControl: Info fatal: D:/Investigation_Zone/Epic Games/4.10/Engine/Content/EngineDamageTypes/DmgTypeBP_Environmental.uasset: 'D:/Investigation_Zone/Epic Games/4.10/Engine/Content/EngineDamageTypes/DmgTypeBP_Environmental.uasset' is outside repository
[2016.03.02-11.47.46:225][251]SourceControl: Info fatal: D:/Investigation_Zone/Epic Games/4.10/Engine/Content/EngineDebugMaterials/BlackUnlitMaterial.uasset: 'D:/Investigation_Zone/Epic Games/4.10/Engine/Content/EngineDebugMaterials/BlackUnlitMaterial.uasset' is outside repository
[2016.03.02-11.47.46:225][251]SourceControl: Info fatal: D:/Investigation_Zone/Epic Games/4.10/Engine/Content/EngineDebugMaterials/LightingModels/M_TextureDefinedSpecularReflecti.uasset: 'D:/Investigation_Zone/Epic Games/4.10/Engine/Content/EngineDebugMaterials/LightingModels/M_TextureDefinedSpecularReflecti.uasset' is outside repository
[2016.03.02-11.47.46:226][251]SourceControl: Info fatal: D:/Investigation_Zone/Epic Games/4.10/Engine/Content/EngineFonts/Roboto.uasset: 'D:/Investigation_Zone/Epic Games/4.10/Engine/Content/EngineFonts/Roboto.uasset' is outside repository
[2016.03.02-11.47.46:226][251]SourceControl: Info fatal: D:/Investigation_Zone/Epic Games/4.10/Engine/Content/EngineLightProfiles/180Degree_IES.uasset: 'D:/Investigation_Zone/Epic Games/4.10/Engine/Content/EngineLightProfiles/180Degree_IES.uasset' is outside repository
[2016.03.02-11.47.46:226][251]SourceControl: Info fatal: D:/Investigation_Zone/Epic Games/4.10/Engine/Content/EngineMaterials/AntiAliasedTextMaterialTranslucent.uasset: 'D:/Investigation_Zone/Epic Games/4.10/Engine/Content/EngineMaterials/AntiAliasedTextMaterialTranslucent.uasset' is outside repository
[2016.03.02-11.47.46:226][251]SourceControl: Info fatal: D:/Investigation_Zone/Epic Games/4.10/Engine/Content/EngineMaterials/RandomMirrorDisc.uasset: 'D:/Investigation_Zone/Epic Games/4.10/Engine/Content/EngineMaterials/RandomMirrorDisc.uasset' is outside repository
[2016.03.02-11.47.46:226][251]SourceControl: Info fatal: D:/Investigation_Zone/Epic Games/4.10/Engine/Content/EngineMeshes/BackgroundCube.uasset: 'D:/Investigation_Zone/Epic Games/4.10/Engine/Content/EngineMeshes/BackgroundCube.uasset' is outside repository
[2016.03.02-11.47.46:226][251]SourceControl: Info fatal: D:/Investigation_Zone/Epic Games/4.10/Engine/Content/EngineProduction/ReferenceNormalMap.uasset: 'D:/Investigation_Zone/Epic Games/4.10/Engine/Content/EngineProduction/ReferenceNormalMap.uasset' is outside repository
[2016.03.02-11.47.46:226][251]SourceControl: Info fatal: D:/Investigation_Zone/Epic Games/4.10/Engine/Content/EngineResources/AICON-Green.uasset: 'D:/Investigation_Zone/Epic Games/4.10/Engine/Content/EngineResources/AICON-Green.uasset' is outside repository
[2016.03.02-11.47.46:226][251]SourceControl: Info fatal: D:/Investigation_Zone/Epic Games/4.10/Engine/Content/EngineResources/Cursors/Arrow.uasset: 'D:/Investigation_Zone/Epic Games/4.10/Engine/Content/EngineResources/Cursors/Arrow.uasset' is outside repository
[2016.03.02-11.47.46:226][251]SourceControl: Info fatal: D:/Investigation_Zone/Epic Games/4.10/Engine/Content/EngineSky/BP_Sky_Shere.uasset: 'D:/Investigation_Zone/Epic Games/4.10/Engine/Content/EngineSky/BP_Sky_Shere.uasset' is outside repository
[2016.03.02-11.47.46:226][251]SourceControl: Info fatal: D:/Investigation_Zone/Epic Games/4.10/Engine/Content/EngineSounds/Duck_Normal_Attack_MixMod.uasset: 'D:/Investigation_Zone/Epic Games/4.10/Engine/Content/EngineSounds/Duck_Normal_Attack_MixMod.uasset' is outside repository
[2016.03.02-11.47.46:226][251]SourceControl: Info fatal: D:/Investigation_Zone/Epic Games/4.10/Engine/Content/EngineSounds/ReverbSettings/Alley.uasset: 'D:/Investigation_Zone/Epic Games/4.10/Engine/Content/EngineSounds/ReverbSettings/Alley.uasset' is outside repository
[2016.03.02-11.47.46:226][251]SourceControl: Info fatal: D:/Investigation_Zone/Epic Games/4.10/Engine/Content/EngineTireTypes/DefaultTireType.uasset: 'D:/Investigation_Zone/Epic Games/4.10/Engine/Content/EngineTireTypes/DefaultTireType.uasset' is outside repository
[2016.03.02-11.47.46:226][251]SourceControl: Info fatal: D:/Investigation_Zone/Epic Games/4.10/Engine/Content/EngineVolumetrics/FalloffSphere/Materials/M_EV_FalloffSphere_Master_01.uasset: 'D:/Investigation_Zone/Epic Games/4.10/Engine/Content/EngineVolumetrics/FalloffSphere/Materials/M_EV_FalloffSphere_Master_01.uasset' is outside repository
[2016.03.02-11.47.46:226][251]SourceControl: Info fatal: D:/Investigation_Zone/Epic Games/4.10/Engine/Content/EngineVolumetrics/FalloffSphere/Mesh/S_EV_FalloffSphere_Mesh_01.uasset: 'D:/Investigation_Zone/Epic Games/4.10/Engine/Content/EngineVolumetrics/FalloffSphere/Mesh/S_EV_FalloffSphere_Mesh_01.uasset' is outside repository
[2016.03.02-11.47.46:226][251]SourceControl: Info fatal: D:/Investigation_Zone/Epic Games/4.10/Engine/Content/EngineVolumetrics/FogEnvironment/Materials/M_EV_FogEnvironment_Master_01.uasset: 'D:/Investigation_Zone/Epic Games/4.10/Engine/Content/EngineVolumetrics/FogEnvironment/Materials/M_EV_FogEnvironment_Master_01.uasset' is outside repository
[2016.03.02-11.47.46:226][251]SourceControl: Info fatal: D:/Investigation_Zone/Epic Games/4.10/Engine/Content/EngineVolumetrics/FogEnvironment/Mesh/S_EV_FogEnvironment_01_Mesh.uasset: 'D:/Investigation_Zone/Epic Games/4.10/Engine/Content/EngineVolumetrics/FogEnvironment/Mesh/S_EV_FogEnvironment_01_Mesh.uasset' is outside repository
[2016.03.02-11.47.46:226][251]SourceControl: Info fatal: D:/Investigation_Zone/Epic Games/4.10/Engine/Content/EngineVolumetrics/Fogsheet/T_EV_Fogsheet_FlareColors_01.uasset: 'D:/Investigation_Zone/Epic Games/4.10/Engine/Content/EngineVolumetrics/Fogsheet/T_EV_Fogsheet_FlareColors_01.uasset' is outside repository
[2016.03.02-11.47.46:227][251]SourceControl: Info fatal: D:/Investigation_Zone/Epic Games/4.10/Engine/Content/EngineVolumetrics/Fogsheet/Materials/M_EV_FogSheet_1sided_Master_01.uasset: 'D:/Investigation_Zone/Epic Games/4.10/Engine/Content/EngineVolumetrics/Fogsheet/Materials/M_EV_FogSheet_1sided_Master_01.uasset' is outside repository
[2016.03.02-11.47.46:227][251]SourceControl: Info fatal: D:/Investigation_Zone/Epic Games/4.10/Engine/Content/EngineVolumetrics/Fogsheet/Mesh/MI_Fogsheet_HideClose.uasset: 'D:/Investigation_Zone/Epic Games/4.10/Engine/Content/EngineVolumetrics/Fogsheet/Mesh/MI_Fogsheet_HideClose.uasset' is outside repository
[2016.03.02-11.47.46:227][251]SourceControl: Info fatal: D:/Investigation_Zone/Epic Games/4.10/Engine/Content/EngineVolumetrics/LightBeam/Materials/M_EV_Lightbeam_Master_01.uasset: 'D:/Investigation_Zone/Epic Games/4.10/Engine/Content/EngineVolumetrics/LightBeam/Materials/M_EV_Lightbeam_Master_01.uasset' is outside repository
[2016.03.02-11.47.46:227][251]SourceControl: Info fatal: D:/Investigation_Zone/Epic Games/4.10/Engine/Content/EngineVolumetrics/LightBeam/Mesh/S_EV_SimpleLightBeam_01.uasset: 'D:/Investigation_Zone/Epic Games/4.10/Engine/Content/EngineVolumetrics/LightBeam/Mesh/S_EV_SimpleLightBeam_01.uasset' is outside repository
[2016.03.02-11.47.46:227][251]SourceControl: Info fatal: D:/Investigation_Zone/Epic Games/4.10/Engine/Content/Engine_MI_Shaders/MI_Shader_BaseTileEx.uasset: 'D:/Investigation_Zone/Epic Games/4.10/Engine/Content/Engine_MI_Shaders/MI_Shader_BaseTileEx.uasset' is outside repository
[2016.03.02-11.47.46:227][251]SourceControl: Info fatal: D:/Investigation_Zone/Epic Games/4.10/Engine/Content/Engine_MI_Shaders/Instances/M_ES_Phong_Opaque_INST_01.uasset: 'D:/Investigation_Zone/Epic Games/4.10/Engine/Content/Engine_MI_Shaders/Instances/M_ES_Phong_Opaque_INST_01.uasset' is outside repository
[2016.03.02-11.47.46:227][251]SourceControl: Info fatal: D:/Investigation_Zone/Epic Games/4.10/Engine/Content/Engine_MI_Shaders/Textures/Bokeh.uasset: 'D:/Investigation_Zone/Epic Games/4.10/Engine/Content/Engine_MI_Shaders/Textures/Bokeh.uasset' is outside repository
[2016.03.02-11.47.46:227][251]SourceControl: Info fatal: D:/Investigation_Zone/Epic Games/4.10/Engine/Content/FunctionalTesting/Blueprints/AITesting_MoveGoal.uasset: 'D:/Investigation_Zone/Epic Games/4.10/Engine/Content/FunctionalTesting/Blueprints/AITesting_MoveGoal.uasset' is outside repository
[2016.03.02-11.47.46:227][251]SourceControl: Info fatal: D:/Investigation_Zone/Epic Games/4.10/Engine/Content/Functions/DistanceFields/Combiners/DistanceField_Intersection.uasset: 'D:/Investigation_Zone/Epic Games/4.10/Engine/Content/Functions/DistanceFields/Combiners/DistanceField_Intersection.uasset' is outside repository
[2016.03.02-11.47.46:227][251]SourceControl: Info fatal: D:/Investigation_Zone/Epic Games/4.10/Engine/Content/Functions/DistanceFields/Shapes/DistanceField_Capsule.uasset: 'D:/Investigation_Zone/Epic Games/4.10/Engine/Content/Functions/DistanceFields/Shapes/DistanceField_Capsule.uasset' is outside repository
[2016.03.02-11.47.46:227][251]SourceControl: Info fatal: D:/Investigation_Zone/Epic Games/4.10/Engine/Content/Functions/Engine_MaterialFunctions01/AlphaBlend/World_Aligned_Blend.uasset: 'D:/Investigation_Zone/Epic Games/4.10/Engine/Content/Functions/Engine_MaterialFunctions01/AlphaBlend/World_Aligned_Blend.uasset' is outside repository
[2016.03.02-11.47.46:227][251]SourceControl: Info fatal: D:/Investigation_Zone/Epic Games/4.10/Engine/Content/Functions/Engine_MaterialFunctions01/Coordinates/DrawLine-2D.uasset: 'D:/Investigation_Zone/Epic Games/4.10/Engine/Content/Functions/Engine_MaterialFunctions01/Coordinates/DrawLine-2D.uasset' is outside repository
[2016.03.02-11.47.46:228][251]SourceControl: Info fatal: D:/Investigation_Zone/Epic Games/4.10/Engine/Content/Functions/Engine_MaterialFunctions01/Debug/FunctionGraphSetup.uasset: 'D:/Investigation_Zone/Epic Games/4.10/Engine/Content/Functions/Engine_MaterialFunctions01/Debug/FunctionGraphSetup.uasset' is outside repository
[2016.03.02-11.47.46:228][251]SourceControl: Info fatal: D:/Investigation_Zone/Epic Games/4.10/Engine/Content/Functions/Engine_MaterialFunctions01/Density/ExponentialDensity.uasset: 'D:/Investigation_Zone/Epic Games/4.10/Engine/Content/Functions/Engine_MaterialFunctions01/Density/ExponentialDensity.uasset' is outside repository
[2016.03.02-11.47.46:228][251]SourceControl: Info fatal: D:/Investigation_Zone/Epic Games/4.10/Engine/Content/Functions/Engine_MaterialFunctions01/Gradient/BellCurve.uasset: 'D:/Investigation_Zone/Epic Games/4.10/Engine/Content/Functions/Engine_MaterialFunctions01/Gradient/BellCurve.uasset' is outside repository
[2016.03.02-11.47.46:228][251]SourceControl: Info fatal: D:/Investigation_Zone/Epic Games/4.10/Engine/Content/Functions/Engine_MaterialFunctions01/ImageAdjustment/3ColorBlend.uasset: 'D:/Investigation_Zone/Epic Games/4.10/Engine/Content/Functions/Engine_MaterialFunctions01/ImageAdjustment/3ColorBlend.uasset' is outside repository
[2016.03.02-11.47.46:228][251]SourceControl: Info fatal: D:/Investigation_Zone/Epic Games/4.10/Engine/Content/Functions/Engine_MaterialFunctions01/Lighting/PixelDepthOffset_Foliage.uasset: 'D:/Investigation_Zone/Epic Games/4.10/Engine/Content/Functions/Engine_MaterialFunctions01/Lighting/PixelDepthOffset_Foliage.uasset' is outside repository
[2016.03.02-11.47.46:228][251]SourceControl: Info fatal: D:/Investigation_Zone/Epic Games/4.10/Engine/Content/Functions/Engine_MaterialFunctions01/Opacity/AlphaOffset.uasset: 'D:/Investigation_Zone/Epic Games/4.10/Engine/Content/Functions/Engine_MaterialFunctions01/Opacity/AlphaOffset.uasset' is outside repository
[2016.03.02-11.47.46:228][251]SourceControl: Info fatal: D:/Investigation_Zone/Epic Games/4.10/Engine/Content/Functions/Engine_MaterialFunctions01/Reflections/ReflectionVectorSoft.uasset: 'D:/Investigation_Zone/Epic Games/4.10/Engine/Content/Functions/Engine_MaterialFunctions01/Reflections/ReflectionVectorSoft.uasset' is outside repository
[2016.03.02-11.47.46:228][251]SourceControl: Info fatal: D:/Investigation_Zone/Epic Games/4.10/Engine/Content/Functions/Engine_MaterialFunctions01/Shading/CalcLightsourceAngle.uasset: 'D:/Investigation_Zone/Epic Games/4.10/Engine/Content/Functions/Engine_MaterialFunctions01/Shading/CalcLightsourceAngle.uasset' is outside repository
[2016.03.02-11.47.46:228][251]SourceControl: Info fatal: D:/Investigation_Zone/Epic Games/4.10/Engine/Content/Functions/Engine_MaterialFunctions01/SpeedTree/SpeedTreeColorVariation.uasset: 'D:/Investigation_Zone/Epic Games/4.10/Engine/Content/Functions/Engine_MaterialFunctions01/SpeedTree/SpeedTreeColorVariation.uasset' is outside repository
[2016.03.02-11.47.46:228][251]SourceControl: Info fatal: D:/Investigation_Zone/Epic Games/4.10/Engine/Content/Functions/Engine_MaterialFunctions01/Texturing/BakedDisplacement.uasset: 'D:/Investigation_Zone/Epic Games/4.10/Engine/Content/Functions/Engine_MaterialFunctions01/Texturing/BakedDisplacement.uasset' is outside repository
[2016.03.02-11.47.46:228][251]SourceControl: Info fatal: D:/Investigation_Zone/Epic Games/4.10/Engine/Content/Functions/Engine_MaterialFunctions01/Vectors/MF_RotateVector_90.uasset: 'D:/Investigation_Zone/Epic Games/4.10/Engine/Content/Functions/Engine_MaterialFunctions01/Vectors/MF_RotateVector_90.uasset' is outside repository
[2016.03.02-11.47.46:228][251]SourceControl: Info fatal: D:/Investigation_Zone/Epic Games/4.10/Engine/Content/Functions/Engine_MaterialFunctions01/WorldPositionOffset/ConstantScalebyDistance.uasset: 'D:/Investigation_Zone/Epic Games/4.10/Engine/Content/Functions/Engine_MaterialFunctions01/WorldPositionOffset/ConstantScalebyDistance.uasset' is outside repository
[2016.03.02-11.47.46:228][251]SourceControl: Info fatal: D:/Investigation_Zone/Epic Games/4.10/Engine/Content/Functions/Engine_MaterialFunctions02/3PointLevels.uasset: 'D:/Investigation_Zone/Epic Games/4.10/Engine/Content/Functions/Engine_MaterialFunctions02/3PointLevels.uasset' is outside repository
[2016.03.02-11.47.46:228][251]SourceControl: Info fatal: D:/Investigation_Zone/Epic Games/4.10/Engine/Content/Functions/Engine_MaterialFunctions02/ExampleContent/3dParticleOpacityInstance.uasset: 'D:/Investigation_Zone/Epic Games/4.10/Engine/Content/Functions/Engine_MaterialFunctions02/ExampleContent/3dParticleOpacityInstance.uasset' is outside repository
[2016.03.02-11.47.46:228][251]SourceControl: Info fatal: D:/Investigation_Zone/Epic Games/4.10/Engine/Content/Functions/Engine_MaterialFunctions02/ExampleContent/MacroUVs/MacroUVs.uasset: 'D:/Investigation_Zone/Epic Games/4.10/Engine/Content/Functions/Engine_MaterialFunctions02/ExampleContent/MacroUVs/MacroUVs.uasset' is outside repository
[2016.03.02-11.47.46:229][251]SourceControl: Info fatal: D:/Investigation_Zone/Epic Games/4.10/Engine/Content/Functions/Engine_MaterialFunctions02/ExampleContent/TextureBasedWPO/DemoBox.uasset: 'D:/Investigation_Zone/Epic Games/4.10/Engine/Content/Functions/Engine_MaterialFunctions02/ExampleContent/TextureBasedWPO/DemoBox.uasset' is outside repository
[2016.03.02-11.47.46:229][251]SourceControl: Info fatal: D:/Investigation_Zone/Epic Games/4.10/Engine/Content/Functions/Engine_MaterialFunctions02/ExampleContent/Textures/DebugNumberPeriod.uasset: 'D:/Investigation_Zone/Epic Games/4.10/Engine/Content/Functions/Engine_MaterialFunctions02/ExampleContent/Textures/DebugNumberPeriod.uasset' is outside repository
[2016.03.02-11.47.46:229][251]SourceControl: Info fatal: D:/Investigation_Zone/Epic Games/4.10/Engine/Content/Functions/Engine_MaterialFunctions02/Gradients/GradientMap_Multi.uasset: 'D:/Investigation_Zone/Epic Games/4.10/Engine/Content/Functions/Engine_MaterialFunctions02/Gradients/GradientMap_Multi.uasset' is outside repository
[2016.03.02-11.47.46:229][251]SourceControl: Info fatal: D:/Investigation_Zone/Epic Games/4.10/Engine/Content/Functions/Engine_MaterialFunctions02/Math/AddComponents.uasset: 'D:/Investigation_Zone/Epic Games/4.10/Engine/Content/Functions/Engine_MaterialFunctions02/Math/AddComponents.uasset' is outside repository
[2016.03.02-11.47.46:229][251]SourceControl: Info fatal: D:/Investigation_Zone/Epic Games/4.10/Engine/Content/Functions/Engine_MaterialFunctions02/MAXScripts/MeshSequenceFlipbook_Script.uasset: 'D:/Investigation_Zone/Epic Games/4.10/Engine/Content/Functions/Engine_MaterialFunctions02/MAXScripts/MeshSequenceFlipbook_Script.uasset' is outside repository
[2016.03.02-11.47.46:229][251]SourceControl: Info fatal: D:/Investigation_Zone/Epic Games/4.10/Engine/Content/Functions/Engine_MaterialFunctions02/Normals/RotateNormalWhileMasking.uasset: 'D:/Investigation_Zone/Epic Games/4.10/Engine/Content/Functions/Engine_MaterialFunctions02/Normals/RotateNormalWhileMasking.uasset' is outside repository
[2016.03.02-11.47.46:229][251]SourceControl: Info fatal: D:/Investigation_Zone/Epic Games/4.10/Engine/Content/Functions/Engine_MaterialFunctions02/NotInUse/WorldAlignedNormals_HighQuality_optimizationAttempt.uasset: 'D:/Investigation_Zone/Epic Games/4.10/Engine/Content/Functions/Engine_MaterialFunctions02/NotInUse/WorldAlignedNormals_HighQuality_optimizationAttempt.uasset' is outside repository
[2016.03.02-11.47.46:229][251]SourceControl: Info fatal: D:/Investigation_Zone/Epic Games/4.10/Engine/Content/Functions/Engine_MaterialFunctions02/PivotPainter/PivotPainter_HierarchyData.uasset: 'D:/Investigation_Zone/Epic Games/4.10/Engine/Content/Functions/Engine_MaterialFunctions02/PivotPainter/PivotPainter_HierarchyData.uasset' is outside repository
[2016.03.02-11.47.46:229][251]SourceControl: Info fatal: D:/Investigation_Zone/Epic Games/4.10/Engine/Content/Functions/Engine_MaterialFunctions02/Texturing/3dParticleOpacity.uasset: 'D:/Investigation_Zone/Epic Games/4.10/Engine/Content/Functions/Engine_MaterialFunctions02/Texturing/3dParticleOpacity.uasset' is outside repository
[2016.03.02-11.47.46:229][251]SourceControl: Info fatal: D:/Investigation_Zone/Epic Games/4.10/Engine/Content/Functions/Engine_MaterialFunctions02/Utility/Append4.uasset: 'D:/Investigation_Zone/Epic Games/4.10/Engine/Content/Functions/Engine_MaterialFunctions02/Utility/Append4.uasset' is outside repository
[2016.03.02-11.47.46:229][251]SourceControl: Info fatal: D:/Investigation_Zone/Epic Games/4.10/Engine/Content/Functions/Engine_MaterialFunctions02/UVs/BoundingBoxBased_0-1_UVW.uasset: 'D:/Investigation_Zone/Epic Games/4.10/Engine/Content/Functions/Engine_MaterialFunctions02/UVs/BoundingBoxBased_0-1_UVW.uasset' is outside repository
[2016.03.02-11.47.46:229][251]SourceControl: Info fatal: D:/Investigation_Zone/Epic Games/4.10/Engine/Content/Functions/Engine_MaterialFunctions02/WorldPositionOffset/AdjustNormalsToCompensateForRotateAboutAxisOffset.uasset: 'D:/Investigation_Zone/Epic Games/4.10/Engine/Content/Functions/Engine_MaterialFunctions02/WorldPositionOffset/AdjustNormalsToCompensateForRotateAboutAxisOffset.uasset' is outside repository
[2016.03.02-11.47.46:229][251]SourceControl: Info fatal: D:/Investigation_Zone/Epic Games/4.10/Engine/Content/Functions/Engine_MaterialFunctions03/Blends/Blend_ColorBurn.uasset: 'D:/Investigation_Zone/Epic Games/4.10/Engine/Content/Functions/Engine_MaterialFunctions03/Blends/Blend_ColorBurn.uasset' is outside repository
[2016.03.02-11.47.46:229][251]SourceControl: Info fatal: D:/Investigation_Zone/Epic Games/4.10/Engine/Content/Functions/Engine_MaterialFunctions03/ComplexMotion/Motion_4WayChaos.uasset: 'D:/Investigation_Zone/Epic Games/4.10/Engine/Content/Functions/Engine_MaterialFunctions03/ComplexMotion/Motion_4WayChaos.uasset' is outside repository
[2016.03.02-11.47.46:230][251]SourceControl: Info fatal: D:/Investigation_Zone/Epic Games/4.10/Engine/Content/Functions/Engine_MaterialFunctions03/Particles/Distance_Blend.uasset: 'D:/Investigation_Zone/Epic Games/4.10/Engine/Content/Functions/Engine_MaterialFunctions03/Particles/Distance_Blend.uasset' is outside repository
[2016.03.02-11.47.46:230][251]SourceControl: Info fatal: D:/Investigation_Zone/Epic Games/4.10/Engine/Content/Functions/Engine_MaterialFunctions03/Procedurals/ComputeFilterWidth.uasset: 'D:/Investigation_Zone/Epic Games/4.10/Engine/Content/Functions/Engine_MaterialFunctions03/Procedurals/ComputeFilterWidth.uasset' is outside repository
[2016.03.02-11.47.46:230][251]SourceControl: Info fatal: D:/Investigation_Zone/Epic Games/4.10/Engine/Content/Functions/Engine_MaterialFunctions03/Texturing/CameraWorldBlend.uasset: 'D:/Investigation_Zone/Epic Games/4.10/Engine/Content/Functions/Engine_MaterialFunctions03/Texturing/CameraWorldBlend.uasset' is outside repository
[2016.03.02-11.47.46:230][251]SourceControl: Info fatal: D:/Investigation_Zone/Epic Games/4.10/Engine/Content/Functions/GetPostProcessFunctions/GetAmbientCubemapIntensity.uasset: 'D:/Investigation_Zone/Epic Games/4.10/Engine/Content/Functions/GetPostProcessFunctions/GetAmbientCubemapIntensity.uasset' is outside repository
[2016.03.02-11.47.46:230][251]SourceControl: Info fatal: D:/Investigation_Zone/Epic Games/4.10/Engine/Content/Functions/MaterialLayerFunctions/MatLayerBlend_AddWorldPositionOffset.uasset: 'D:/Investigation_Zone/Epic Games/4.10/Engine/Content/Functions/MaterialLayerFunctions/MatLayerBlend_AddWorldPositionOffset.uasset' is outside repository
[2016.03.02-11.47.46:230][251]SourceControl: Info fatal: D:/Investigation_Zone/Epic Games/4.10/Engine/Content/Maps/Entry.umap: 'D:/Investigation_Zone/Epic Games/4.10/Engine/Content/Maps/Entry.umap' is outside repository
[2016.03.02-11.47.46:230][251]SourceControl: Info fatal: D:/Investigation_Zone/Epic Games/4.10/Engine/Content/Maps/Templates/Template_Default.umap: 'D:/Investigation_Zone/Epic Games/4.10/Engine/Content/Maps/Templates/Template_Default.umap' is outside repository
[2016.03.02-11.47.46:230][251]SourceControl: Info fatal: D:/Investigation_Zone/Epic Games/4.10/Engine/Content/Maps/Templates/Thumbnails/Default.uasset: 'D:/Investigation_Zone/Epic Games/4.10/Engine/Content/Maps/Templates/Thumbnails/Default.uasset' is outside repository
[2016.03.02-11.47.46:230][251]SourceControl: Info fatal: D:/Investigation_Zone/Epic Games/4.10/Engine/Content/MapTemplates/Bokeh_5Sides.uasset: 'D:/Investigation_Zone/Epic Games/4.10/Engine/Content/MapTemplates/Bokeh_5Sides.uasset' is outside repository
[2016.03.02-11.47.46:230][251]SourceControl: Info fatal: D:/Investigation_Zone/Epic Games/4.10/Engine/Content/MapTemplates/lut/LUT_Afternoon.uasset: 'D:/Investigation_Zone/Epic Games/4.10/Engine/Content/MapTemplates/lut/LUT_Afternoon.uasset' is outside repository
[2016.03.02-11.47.46:230][251]SourceControl: Info fatal: D:/Investigation_Zone/Epic Games/4.10/Engine/Content/MapTemplates/Materials/BasicAsset01.uasset: 'D:/Investigation_Zone/Epic Games/4.10/Engine/Content/MapTemplates/Materials/BasicAsset01.uasset' is outside repository
[2016.03.02-11.47.46:230][251]SourceControl: Info fatal: D:/Investigation_Zone/Epic Games/4.10/Engine/Content/MapTemplates/Sky/DaylightAmbientCubemap.uasset: 'D:/Investigation_Zone/Epic Games/4.10/Engine/Content/MapTemplates/Sky/DaylightAmbientCubemap.uasset' is outside repository
[2016.03.02-11.47.46:230][251]SourceControl: Info fatal: D:/Investigation_Zone/Epic Games/4.10/Engine/Content/MaterialTemplates/Gradients/Gradient_Linear.uasset: 'D:/Investigation_Zone/Epic Games/4.10/Engine/Content/MaterialTemplates/Gradients/Gradient_Linear.uasset' is outside repository
[2016.03.02-11.47.46:230][251]SourceControl: Info fatal: D:/Investigation_Zone/Epic Games/4.10/Engine/Content/MaterialTemplates/PerfTricks/MultiChannelMask.uasset: 'D:/Investigation_Zone/Epic Games/4.10/Engine/Content/MaterialTemplates/PerfTricks/MultiChannelMask.uasset' is outside repository
[2016.03.02-11.47.46:230][251]SourceControl: Info fatal: D:/Investigation_Zone/Epic Games/4.10/Engine/Content/MaterialTemplates/Textures/T_multiMask.uasset: 'D:/Investigation_Zone/Epic Games/4.10/Engine/Content/MaterialTemplates/Textures/T_multiMask.uasset' is outside repository
[2016.03.02-11.47.46:230][251]SourceControl: Info fatal: D:/Investigation_Zone/Epic Games/4.10/Engine/Content/MaterialTemplates/VertexAnimation/AdvancedFlag.uasset: 'D:/Investigation_Zone/Epic Games/4.10/Engine/Content/MaterialTemplates/VertexAnimation/AdvancedFlag.uasset' is outside repository
[2016.03.02-11.47.46:230][251]SourceControl: Info fatal: D:/Investigation_Zone/Epic Games/4.10/Engine/Content/MobileResources/T_MobileControls_texture.uasset: 'D:/Investigation_Zone/Epic Games/4.10/Engine/Content/MobileResources/T_MobileControls_texture.uasset' is outside repository
[2016.03.02-11.47.46:231][251]SourceControl: Info fatal: D:/Investigation_Zone/Epic Games/4.10/Engine/Content/MobileResources/HUD/AnalogHat.uasset: 'D:/Investigation_Zone/Epic Games/4.10/Engine/Content/MobileResources/HUD/AnalogHat.uasset' is outside repository
[2016.03.02-11.47.46:231][251]SourceControl: Info fatal: D:/Investigation_Zone/Epic Games/4.10/Engine/Content/TemplateResources/MI_Template_BaseBlue.uasset: 'D:/Investigation_Zone/Epic Games/4.10/Engine/Content/TemplateResources/MI_Template_BaseBlue.uasset' is outside repository
[2016.03.02-11.47.46:231][251]SourceControl: Info fatal: D:/Investigation_Zone/Epic Games/4.10/Engine/Content/Tutorial/ContentIntroCurve.uasset: 'D:/Investigation_Zone/Epic Games/4.10/Engine/Content/Tutorial/ContentIntroCurve.uasset' is outside repository
[2016.03.02-11.47.46:231][251]SourceControl: Info fatal: D:/Investigation_Zone/Epic Games/4.10/Engine/Content/Tutorial/Audio/Audience.uasset: 'D:/Investigation_Zone/Epic Games/4.10/Engine/Content/Tutorial/Audio/Audience.uasset' is outside repository
[2016.03.02-11.47.46:231][251]SourceControl: Info fatal: D:/Investigation_Zone/Epic Games/4.10/Engine/Content/Tutorial/Basics/ContentBrowserOverview.uasset: 'D:/Investigation_Zone/Epic Games/4.10/Engine/Content/Tutorial/Basics/ContentBrowserOverview.uasset' is outside repository
[2016.03.02-11.47.46:231][251]SourceControl: Info fatal: D:/Investigation_Zone/Epic Games/4.10/Engine/Content/Tutorial/Basics/TutorialAssets/CameraActor_64x.uasset: 'D:/Investigation_Zone/Epic Games/4.10/Engine/Content/Tutorial/Basics/TutorialAssets/CameraActor_64x.uasset' is outside repository
[2016.03.02-11.47.46:231][251]SourceControl: Info fatal: D:/Investigation_Zone/Epic Games/4.10/Engine/Content/Tutorial/BlueprintTutorials/BlueprintEditorTutorial.uasset: 'D:/Investigation_Zone/Epic Games/4.10/Engine/Content/Tutorial/BlueprintTutorials/BlueprintEditorTutorial.uasset' is outside repository
[2016.03.02-11.47.46:231][251]SourceControl: Info fatal: D:/Investigation_Zone/Epic Games/4.10/Engine/Content/Tutorial/BlueprintTutorials/TutorialAssets/BlueprintFunctionLibrary_64x.uasset: 'D:/Investigation_Zone/Epic Games/4.10/Engine/Content/Tutorial/BlueprintTutorials/TutorialAssets/BlueprintFunctionLibrary_64x.uasset' is outside repository
[2016.03.02-11.47.46:231][251]SourceControl: Info fatal: D:/Investigation_Zone/Epic Games/4.10/Engine/Content/Tutorial/Code/AddingCode.uasset: 'D:/Investigation_Zone/Epic Games/4.10/Engine/Content/Tutorial/Code/AddingCode.uasset' is outside repository
[2016.03.02-11.47.46:231][251]SourceControl: Info fatal: D:/Investigation_Zone/Epic Games/4.10/Engine/Content/Tutorial/Foliage/FoliageWalkThrough.uasset: 'D:/Investigation_Zone/Epic Games/4.10/Engine/Content/Tutorial/Foliage/FoliageWalkThrough.uasset' is outside repository
[2016.03.02-11.47.46:231][251]SourceControl: Info fatal: D:/Investigation_Zone/Epic Games/4.10/Engine/Content/Tutorial/Foliage/TutorialAssets/Foliage.uasset: 'D:/Investigation_Zone/Epic Games/4.10/Engine/Content/Tutorial/Foliage/TutorialAssets/Foliage.uasset' is outside repository
[2016.03.02-11.47.46:231][251]SourceControl: Info fatal: D:/Investigation_Zone/Epic Games/4.10/Engine/Content/Tutorial/Installation/InstallingVisualStudioTutorial.uasset: 'D:/Investigation_Zone/Epic Games/4.10/Engine/Content/Tutorial/Installation/InstallingVisualStudioTutorial.uasset' is outside repository
[2016.03.02-11.47.46:231][251]SourceControl: Info fatal: D:/Investigation_Zone/Epic Games/4.10/Engine/Content/Tutorial/InWorldBlueprintEditing/IWBE_Tutorial.uasset: 'D:/Investigation_Zone/Epic Games/4.10/Engine/Content/Tutorial/InWorldBlueprintEditing/IWBE_Tutorial.uasset' is outside repository
[2016.03.02-11.47.46:231][251]SourceControl: Info fatal: D:/Investigation_Zone/Epic Games/4.10/Engine/Content/Tutorial/InWorldBlueprintEditing/TutorialAssets/IWBE_Blutility.uasset: 'D:/Investigation_Zone/Epic Games/4.10/Engine/Content/Tutorial/InWorldBlueprintEditing/TutorialAssets/IWBE_Blutility.uasset' is outside repository
[2016.03.02-11.47.46:231][251]SourceControl: Info fatal: D:/Investigation_Zone/Epic Games/4.10/Engine/Content/Tutorial/Landscape/LandscapeWalkThrough.uasset: 'D:/Investigation_Zone/Epic Games/4.10/Engine/Content/Tutorial/Landscape/LandscapeWalkThrough.uasset' is outside repository
[2016.03.02-11.47.46:231][251]SourceControl: Info fatal: D:/Investigation_Zone/Epic Games/4.10/Engine/Content/Tutorial/Landscape/TutorialAssets/Landscape.uasset: 'D:/Investigation_Zone/Epic Games/4.10/Engine/Content/Tutorial/Landscape/TutorialAssets/Landscape.uasset' is outside repository
[2016.03.02-11.47.46:231][251]SourceControl: Info fatal: D:/Investigation_Zone/Epic Games/4.10/Engine/Content/Tutorial/Mobile/CreatingSigningCertAndProvisionTutorial.uasset: 'D:/Investigation_Zone/Epic Games/4.10/Engine/Content/Tutorial/Mobile/CreatingSigningCertAndProvisionTutorial.uasset' is outside repository
[2016.03.02-11.47.46:231][251]SourceControl: Info fatal: D:/Investigation_Zone/Epic Games/4.10/Engine/Content/Tutorial/Mobile/TutorialAssets/android_Icon.uasset: 'D:/Investigation_Zone/Epic Games/4.10/Engine/Content/Tutorial/Mobile/TutorialAssets/android_Icon.uasset' is outside repository
[2016.03.02-11.47.46:232][251]SourceControl: Info fatal: D:/Investigation_Zone/Epic Games/4.10/Engine/Content/Tutorial/Paper2D/FlipbookEditorTutorial.uasset: 'D:/Investigation_Zone/Epic Games/4.10/Engine/Content/Tutorial/Paper2D/FlipbookEditorTutorial.uasset' is outside repository
[2016.03.02-11.47.46:232][251]SourceControl: Info fatal: D:/Investigation_Zone/Epic Games/4.10/Engine/Content/Tutorial/Paper2D/TutorialAssets/Paper2DFlipbook_TutorialIcon.uasset: 'D:/Investigation_Zone/Epic Games/4.10/Engine/Content/Tutorial/Paper2D/TutorialAssets/Paper2DFlipbook_TutorialIcon.uasset' is outside repository
[2016.03.02-11.47.46:232][251]SourceControl: Info fatal: D:/Investigation_Zone/Epic Games/4.10/Engine/Content/Tutorial/SubEditors/DestructibleMeshEditorTutorial.uasset: 'D:/Investigation_Zone/Epic Games/4.10/Engine/Content/Tutorial/SubEditors/DestructibleMeshEditorTutorial.uasset' is outside repository
[2016.03.02-11.47.46:232][251]SourceControl: Info fatal: D:/Investigation_Zone/Epic Games/4.10/Engine/Content/Tutorial/SubEditors/TutorialAssets/icon_Editor_Preferences_General_40x.uasset: 'D:/Investigation_Zone/Epic Games/4.10/Engine/Content/Tutorial/SubEditors/TutorialAssets/icon_Editor_Preferences_General_40x.uasset' is outside repository
[2016.03.02-11.47.46:232][251]SourceControl: Info fatal: D:/Investigation_Zone/Epic Games/4.10/Engine/Content/Tutorial/SubEditors/TutorialAssets/Character/NewBlendSpace1D.uasset: 'D:/Investigation_Zone/Epic Games/4.10/Engine/Content/Tutorial/SubEditors/TutorialAssets/Character/NewBlendSpace1D.uasset' is outside repository
[2016.03.02-11.47.46:232][251]SourceControl: Info fatal: D:/Investigation_Zone/Epic Games/4.10/Engine/Plugins/2D/Paper2D/Content/DefaultLitSpriteMaterial.uasset: 'D:/Investigation_Zone/Epic Games/4.10/Engine/Plugins/2D/Paper2D/Content/DefaultLitSpriteMaterial.uasset' is outside repository
[2016.03.02-11.47.46:232][251]SourceControl: Info fatal: D:/Investigation_Zone/Epic Games/4.10/Engine/Plugins/2D/Paper2D/Content/PlaceholderTextures/DummySpriteTexture.uasset: 'D:/Investigation_Zone/Epic Games/4.10/Engine/Plugins/2D/Paper2D/Content/PlaceholderTextures/DummySpriteTexture.uasset' is outside repository
[2016.03.02-11.47.46:232][251]SourceControl: Info fatal: D:/Investigation_Zone/Epic Games/4.10/Engine/Plugins/Runtime/LeapMotionController/Content/LM_CapsuleMesh.uasset: 'D:/Investigation_Zone/Epic Games/4.10/Engine/Plugins/Runtime/LeapMotionController/Content/LM_CapsuleMesh.uasset' is outside repository
[2016.03.02-11.47.46:232][251]SourceControl: Info fatal: D:/Investigation_Zone/Epic Games/4.10/Engine/Content/: 'D:/Investigation_Zone/Epic Games/4.10/Engine/Content/' is outside repository
[2016.03.02-11.48.15:750][251]LogSourceControl: FGitCheckInWorker: commit successful
[2016.03.02-11.48.15:879][251]SourceControl: Info [master aa1bc83] First UProject Commit
[2016.03.02-11.48.15:879][251]SourceControl: Info  3 files changed, 63 insertions(+)
[2016.03.02-11.48.15:879][251]SourceControl: Info  create mode 100644 Config/DefaultEditor.ini
[2016.03.02-11.48.15:879][251]SourceControl: Info  create mode 100644 Config/DefaultEngine.ini
[2016.03.02-11.48.15:879][251]SourceControl: Info  create mode 100644 Config/DefaultGame.ini
[2016.03.02-11.48.15:898][251]SourceControl: Info Commited [master aa1bc83] First UProject Commit.
[2016.03.02-11.48.45:339][907]LogEditorViewport: Clicking on Actor (LMB): StaticMeshActor (Floor)
[2016.03.02-11.49.20:383][844]SourceControl:Error: Error fatal: Could not switch to '/Script/': No such file or directory
[2016.03.02-11.50.21:130][878]LogFileHelpers: Editor autosave (incl. sublevels) for '/Temp/Untitled_1' took 0.064
[2016.03.02-11.50.55:095][664]LogEditorViewport: Clicking on Actor (LMB): StaticMeshActor (Floor)
[2016.03.02-11.50.57:846][800]LogEditorViewport: Clicking on Actor (LMB): StaticMeshActor (Floor)
[2016.03.02-11.51.04:541][135]LogEditorViewport: Clicking on Actor (LMB): StaticMeshActor (Floor)
[2016.03.02-11.51.20:730][867]SourceControl: Info Source control is disabled
[2016.03.02-11.51.41:252][281]SourceControl: Info On branch master
[2016.03.02-11.51.41:252][281]SourceControl: Info Your branch is ahead of 'origin/master' by 1 commit.
[2016.03.02-11.51.41:252][281]SourceControl: Info   (use "git push" to publish your local commits)
[2016.03.02-11.51.41:252][281]SourceControl: Info Changes not staged for commit:
[2016.03.02-11.51.41:252][281]SourceControl: Info   (use "git add <file>..." to update what will be committed)
[2016.03.02-11.51.41:252][281]SourceControl: Info   (use "git checkout -- <file>..." to discard changes in working directory)
[2016.03.02-11.51.41:252][281]SourceControl: Info 	modified:   Config/DefaultGame.ini
[2016.03.02-11.51.41:252][281]SourceControl: Info Untracked files:
[2016.03.02-11.51.41:252][281]SourceControl: Info   (use "git add <file>..." to include in what will be committed)
[2016.03.02-11.51.41:252][281]SourceControl: Info 	Intermediate/
[2016.03.02-11.51.41:252][281]SourceControl: Info 	Ondarreta/
[2016.03.02-11.51.41:252][281]SourceControl: Info 	ProyectOndarreta.uproject
[2016.03.02-11.51.41:252][281]SourceControl: Info 	Saved/
[2016.03.02-11.51.41:252][281]SourceControl: Info no changes added to commit (use "git add" and/or "git commit -a")
[2016.03.02-11.53.24:263][949]SourceControl: Info Source control is disabled
[2016.03.02-11.55.27:387][652]Cmd: QUIT_EDITOR
[2016.03.02-11.55.27:640][652]LogWindowsTextInputMethodSystem:Display: IME system now deactivated.
[2016.03.02-11.55.27:873][652]LogExit: Preparing to exit.
[2016.03.02-11.55.29:014][652]LogExit: Editor shut down
[2016.03.02-11.55.29:015][652]LogExit: Transaction tracking system shut down
[2016.03.02-11.55.29:019][652]LogParticles: Destroying 0 GPU particle simulations for FXSystem 0x000001EA49DB32E0
[2016.03.02-11.55.29:020][652]LogParticles: Destroying 0 GPU particle simulations for FXSystem 0x000001EA5DA782C0
[2016.03.02-11.55.29:020][652]LogParticles: Destroying 0 GPU particle simulations for FXSystem 0x000001EA5FD53560
[2016.03.02-11.55.29:020][652]LogParticles: Destroying 0 GPU particle simulations for FXSystem 0x000001EA736DFD80
[2016.03.02-11.55.29:510][652]LogExit: Object subsystem successfully closed.
[2016.03.02-11.55.29:536][652]LogD3D11RHI: Shutdown
[2016.03.02-11.55.29:536][652]LogD3D11RHI: CleanupD3DDevice
[2016.03.02-11.55.29:688][652]LogD3D11RHI: ~FD3D11DynamicRHI
[2016.03.02-11.55.29:744][652]LogModuleManager: Shutting down and abandoning module ExternalImagePicker (199)
[2016.03.02-11.55.29:745][652]LogModuleManager: Shutting down and abandoning module CrashTracker (198)
[2016.03.02-11.55.29:745][652]LogModuleManager: Shutting down and abandoning module SceneOutliner (197)
[2016.03.02-11.55.29:745][652]LogModuleManager: Shutting down and abandoning module SuperSearch (196)
[2016.03.02-11.55.29:745][652]LogModuleManager: Shutting down and abandoning module WidgetCarousel (195)
[2016.03.02-11.55.29:745][652]LogModuleManager: Shutting down and abandoning module AddContentDialog (194)
[2016.03.02-11.55.29:749][652]LogModuleManager: Shutting down and abandoning module EditorWidgets (193)
[2016.03.02-11.55.29:749][652]LogModuleManager: Shutting down and abandoning module CollectionManager (192)
[2016.03.02-11.55.29:750][652]LogModuleManager: Shutting down and abandoning module StatsViewer (191)
[2016.03.02-11.55.29:750][652]LogModuleManager: Shutting down and abandoning module FoliageEdit (190)
[2016.03.02-11.55.29:750][652]LogModuleManager: Shutting down and abandoning module LandscapeEditor (189)
[2016.03.02-11.55.29:751][652]LogModuleManager: Shutting down and abandoning module ActorPickerMode (188)
[2016.03.02-11.55.29:751][652]LogModuleManager: Shutting down and abandoning module GeometryMode (187)
[2016.03.02-11.55.29:751][652]LogModuleManager: Shutting down and abandoning module TextureAlignMode (186)
[2016.03.02-11.55.29:751][652]LogModuleManager: Shutting down and abandoning module BspMode (185)
[2016.03.02-11.55.29:751][652]LogModuleManager: Shutting down and abandoning module PlacementMode (184)
[2016.03.02-11.55.29:751][652]LogModuleManager: Shutting down and abandoning module AutomationWorker (183)
[2016.03.02-11.55.29:751][652]LogModuleManager: Shutting down and abandoning module CharacterAI (182)
[2016.03.02-11.55.29:751][652]LogModuleManager: Shutting down and abandoning module SmartSnapping (181)
[2016.03.02-11.55.29:751][652]LogModuleManager: Shutting down and abandoning module ViewportSnapping (180)
[2016.03.02-11.55.29:751][652]LogModuleManager: Shutting down and abandoning module LogVisualizer (179)
[2016.03.02-11.55.29:752][652]LogModuleManager: Shutting down and abandoning module GameProjectGeneration (178)
[2016.03.02-11.55.29:752][652]LogModuleManager: Shutting down and abandoning module IntroTutorials (177)
[2016.03.02-11.55.29:752][652]LogModuleManager: Shutting down and abandoning module EditorLiveStreaming (176)
[2016.03.02-11.55.29:752][652]LogModuleManager: Shutting down and abandoning module IOSPlatformEditor (175)
[2016.03.02-11.55.29:752][652]LogModuleManager: Shutting down and abandoning module HTML5PlatformEditor (174)
[2016.03.02-11.55.29:752][652]LogModuleManager: Shutting down and abandoning module AndroidDeviceDetection (173)
[2016.03.02-11.55.30:364][652]LogModuleManager: Shutting down and abandoning module AndroidPlatformEditor (172)
[2016.03.02-11.55.30:364][652]LogModuleManager: Shutting down and abandoning module IOSRuntimeSettings (171)
[2016.03.02-11.55.30:364][652]LogModuleManager: Shutting down and abandoning module AndroidRuntimeSettings (170)
[2016.03.02-11.55.30:364][652]LogModuleManager: Shutting down and abandoning module MergeActors (169)
[2016.03.02-11.55.30:364][652]LogModuleManager: Shutting down and abandoning module SizeMap (168)
[2016.03.02-11.55.30:364][652]LogModuleManager: Shutting down and abandoning module TreeMap (167)
[2016.03.02-11.55.30:364][652]LogModuleManager: Shutting down and abandoning module ReferenceViewer (166)
[2016.03.02-11.55.30:364][652]LogModuleManager: Shutting down and abandoning module LocalizationService (165)
[2016.03.02-11.55.30:365][652]LogModuleManager: Shutting down and abandoning module LocalizationDashboard (164)
[2016.03.02-11.55.30:365][652]LogModuleManager: Shutting down and abandoning module HardwareTargeting (163)
[2016.03.02-11.55.30:365][652]LogModuleManager: Shutting down and abandoning module DeviceProfileEditor (162)
[2016.03.02-11.55.30:365][652]LogModuleManager: Shutting down and abandoning module UndoHistory (161)
[2016.03.02-11.55.30:365][652]LogModuleManager: Shutting down and abandoning module GameplayTagsEditor (160)
[2016.03.02-11.55.30:365][652]LogModuleManager: Shutting down and abandoning module UserFeedback (159)
[2016.03.02-11.55.30:365][652]LogModuleManager: Shutting down and abandoning module XmlParser (158)
[2016.03.02-11.55.30:365][652]LogModuleManager: Shutting down and abandoning module Blutility (157)
[2016.03.02-11.55.30:365][652]LogModuleManager: Shutting down and abandoning module ProjectTargetPlatformEditor (156)
[2016.03.02-11.55.30:365][652]LogModuleManager: Shutting down and abandoning module ProjectSettingsViewer (155)
[2016.03.02-11.55.30:365][652]LogModuleManager: Shutting down and abandoning module InputBindingEditor (154)
[2016.03.02-11.55.30:366][652]LogModuleManager: Shutting down and abandoning module EditorSettingsViewer (153)
[2016.03.02-11.55.30:366][652]LogModuleManager: Shutting down and abandoning module SettingsEditor (152)
[2016.03.02-11.55.30:366][652]LogModuleManager: Shutting down and abandoning module ProjectLauncher (151)
[2016.03.02-11.55.30:366][652]LogModuleManager: Shutting down and abandoning module SessionFrontend (150)
[2016.03.02-11.55.30:366][652]LogModuleManager: Shutting down and abandoning module ProfilerClient (149)
[2016.03.02-11.55.30:366][652]LogModuleManager: Shutting down and abandoning module TargetDeviceServices (148)
[2016.03.02-11.55.30:366][652]LogModuleManager: Shutting down and abandoning module DeviceManager (147)
[2016.03.02-11.55.30:366][652]LogModuleManager: Shutting down and abandoning module AutomationController (146)
[2016.03.02-11.55.30:366][652]LogModuleManager: Shutting down and abandoning module AutomationWindow (145)
[2016.03.02-11.55.30:366][652]LogModuleManager: Shutting down and abandoning module Layers (144)
[2016.03.02-11.55.30:367][652]LogModuleManager: Shutting down and abandoning module ComponentVisualizers (143)
[2016.03.02-11.55.30:367][652]LogModuleManager: Shutting down and abandoning module DetailCustomizations (142)
[2016.03.02-11.55.30:367][652]LogModuleManager: Shutting down and abandoning module PackagesDialog (141)
[2016.03.02-11.55.30:367][652]LogModuleManager: Shutting down and abandoning module Persona (140)
[2016.03.02-11.55.30:367][652]LogModuleManager: Shutting down and abandoning module Kismet (139)
[2016.03.02-11.55.30:367][652]LogModuleManager: Shutting down and abandoning module GraphEditor (138)
[2016.03.02-11.55.30:367][652]LogModuleManager: Shutting down and abandoning module ClassViewer (137)
[2016.03.02-11.55.30:367][652]LogModuleManager: Shutting down and abandoning module Toolbox (136)
[2016.03.02-11.55.30:367][652]LogModuleManager: Shutting down and abandoning module ModuleUI (135)
[2016.03.02-11.55.30:367][652]LogModuleManager: Shutting down and abandoning module MovieSceneTools (134)
[2016.03.02-11.55.30:368][652]LogModuleManager: Shutting down and abandoning module OutputLog (133)
[2016.03.02-11.55.30:368][652]LogModuleManager: Shutting down and abandoning module GammaUI (132)
[2016.03.02-11.55.30:368][652]LogModuleManager: Shutting down and abandoning module Documentation (131)
[2016.03.02-11.55.30:368][652]LogModuleManager: Shutting down and abandoning module GameLiveStreaming (130)
[2016.03.02-11.55.30:368][652]LogModuleManager: Shutting down and abandoning module StreamingPauseRendering (129)
[2016.03.02-11.55.30:368][652]LogModuleManager: Shutting down and abandoning module AnalyticsET (128)
[2016.03.02-11.55.30:368][652]LogModuleManager: Shutting down and abandoning module Analytics (127)
[2016.03.02-11.55.30:368][652]LogModuleManager: Shutting down and abandoning module AITestSuite (126)
[2016.03.02-11.55.30:368][652]LogModuleManager: Shutting down and abandoning module GameplayDebugger (125)
[2016.03.02-11.55.30:368][652]LogModuleManager: Shutting down and abandoning module AIModule (124)
[2016.03.02-11.55.30:368][652]LogModuleManager: Shutting down and abandoning module ProfilerService (123)
[2016.03.02-11.55.30:572][652]LogModuleManager: Shutting down and abandoning module TaskGraph (122)
[2016.03.02-11.55.30:572][652]LogModuleManager: Shutting down and abandoning module SlateRemote (121)
[2016.03.02-11.55.30:572][652]LogModuleManager: Shutting down and abandoning module SteamVRController (120)
[2016.03.02-11.55.30:572][652]LogModuleManager: Shutting down and abandoning module SteamVR (119)
[2016.03.02-11.55.30:572][652]LogModuleManager: Shutting down and abandoning module ProceduralMeshComponent (118)
[2016.03.02-11.55.30:573][652]LogModuleManager: Shutting down and abandoning module OculusLibrary (117)
[2016.03.02-11.55.30:573][652]LogModuleManager: Shutting down and abandoning module OculusInput (116)
[2016.03.02-11.55.30:573][652]LogModuleManager: Shutting down and abandoning module LeapMotionController (115)
[2016.03.02-11.55.30:652][652]LogModuleManager: Shutting down and abandoning module CustomMeshComponent (114)
[2016.03.02-11.55.30:652][652]LogModuleManager: Shutting down and abandoning module CableComponent (113)
[2016.03.02-11.55.30:652][652]LogModuleManager: Shutting down and abandoning module ArchVisCharacter (112)
[2016.03.02-11.55.30:652][652]LogModuleManager: Shutting down and abandoning module MessagingDebugger (111)
[2016.03.02-11.55.30:652][652]LogModuleManager: Shutting down and abandoning module MediaPlayerEditor (110)
[2016.03.02-11.55.30:652][652]LogModuleManager: Shutting down and abandoning module HTML5Networking (109)
[2016.03.02-11.55.30:652][652]LogModuleManager: Shutting down and abandoning module SpeedTreeImporter (108)
[2016.03.02-11.55.30:653][652]LogModuleManager: Shutting down and abandoning module PluginBrowser (107)
[2016.03.02-11.55.30:653][652]LogModuleManager: Shutting down and abandoning module EpicSurvey (106)
[2016.03.02-11.55.30:653][652]LogModuleManager: Shutting down and abandoning module DesktopPlatform (105)
[2016.03.02-11.55.30:653][652]LogModuleManager: Shutting down and abandoning module VisualStudioSourceCodeAccess (104)
[2016.03.02-11.55.30:653][652]LogModuleManager: Shutting down and abandoning module UObjectPlugin (103)
[2016.03.02-11.55.30:653][652]LogModuleManager: Shutting down and abandoning module SubversionSourceControl (102)
[2016.03.02-11.55.30:653][652]LogModuleManager: Shutting down and abandoning module PerforceSourceControl (101)
[2016.03.02-11.55.30:653][652]LogModuleManager: Shutting down and abandoning module SourceControl (100)
[2016.03.02-11.55.30:653][652]LogModuleManager: Shutting down and abandoning module GitSourceControl (99)
[2016.03.02-11.55.30:653][652]LogModuleManager: Shutting down and abandoning module LightPropagationVolumeEditor (98)
[2016.03.02-11.55.30:653][652]LogModuleManager: Shutting down and abandoning module PaperTiledImporter (97)
[2016.03.02-11.55.30:653][652]LogModuleManager: Shutting down and abandoning module PaperSpriteSheetImporter (96)
[2016.03.02-11.55.30:653][652]LogModuleManager: Shutting down and abandoning module MeshPaint (95)
[2016.03.02-11.55.30:653][652]LogModuleManager: Shutting down and abandoning module SlateReflector (94)
[2016.03.02-11.55.30:654][652]LogModuleManager: Shutting down and abandoning module HotReload (93)
[2016.03.02-11.55.30:654][652]LogModuleManager: Shutting down and abandoning module MainFrame (92)
[2016.03.02-11.55.30:654][652]LogModuleManager: Shutting down and abandoning module LevelEditor (91)
[2016.03.02-11.55.30:656][652]LogModuleManager: Shutting down and abandoning module DirectoryWatcher (90)
[2016.03.02-11.55.30:658][652]LogModuleManager: Shutting down and abandoning module AssetRegistry (89)
[2016.03.02-11.55.30:773][652]LogModuleManager: Shutting down and abandoning module ContentBrowser (88)
[2016.03.02-11.55.30:776][652]LogModuleManager: Shutting down and abandoning module Paper2DEditor (87)
[2016.03.02-11.55.30:776][652]LogModuleManager: Shutting down and abandoning module UdpMessaging (86)
[2016.03.02-11.55.30:876][652]LogModuleManager: Shutting down and abandoning module LightPropagationVolumeRuntime (85)
[2016.03.02-11.55.30:876][652]LogModuleManager: Shutting down and abandoning module Paper2D (84)
[2016.03.02-11.55.30:876][652]LogModuleManager: Shutting down and abandoning module WindowsMoviePlayer (83)
[2016.03.02-11.55.30:887][652]LogModuleManager: Shutting down and abandoning module Media (82)
[2016.03.02-11.55.30:887][652]LogModuleManager: Shutting down and abandoning module WmfMedia (81)
[2016.03.02-11.55.30:887][652]LogModuleManager: Shutting down and abandoning module OnlineBlueprintSupport (80)
[2016.03.02-11.55.30:887][652]LogModuleManager: Shutting down and abandoning module GameplayTasksEditor (79)
[2016.03.02-11.55.30:888][652]LogModuleManager: Shutting down and abandoning module PropertyEditor (78)
[2016.03.02-11.55.30:888][652]LogModuleManager: Shutting down and abandoning module BehaviorTreeEditor (77)
[2016.03.02-11.55.30:888][652]LogModuleManager: Shutting down and abandoning module FunctionalTesting (76)
[2016.03.02-11.55.30:888][652]LogModuleManager: Shutting down and abandoning module CollisionAnalyzer (75)
[2016.03.02-11.55.30:888][652]LogModuleManager: Shutting down and abandoning module WorkspaceMenuStructure (74)
[2016.03.02-11.55.30:888][652]LogModuleManager: Shutting down and abandoning module MessageLog (73)
[2016.03.02-11.55.30:889][652]LogModuleManager: Shutting down and abandoning module Sequencer (72)
[2016.03.02-11.55.30:889][652]LogModuleManager: Shutting down and abandoning module AssetTools (71)
[2016.03.02-11.55.30:889][652]LogModuleManager: Shutting down and abandoning module UMGEditor (70)
[2016.03.02-11.55.30:889][652]LogModuleManager: Shutting down and abandoning module UMG (69)
[2016.03.02-11.55.30:889][652]LogModuleManager: Shutting down and abandoning module Slate (68)
[2016.03.02-11.55.30:889][652]LogModuleManager: Shutting down and abandoning module EditorStyle (67)
[2016.03.02-11.55.30:898][652]LogModuleManager: Shutting down and abandoning module SessionServices (66)
[2016.03.02-11.55.30:899][652]LogModuleManager: Shutting down and abandoning module SourceCodeAccess (65)
[2016.03.02-11.55.30:899][652]LogModuleManager: Shutting down and abandoning module HeadMountedDisplay (64)
[2016.03.02-11.55.30:899][652]LogModuleManager: Shutting down and abandoning module XAudio2 (63)
[2016.03.02-11.55.30:899][652]LogModuleManager: Shutting down and abandoning module Networking (61)
[2016.03.02-11.55.30:899][652]LogModuleManager: Shutting down and abandoning module Core (60)
[2016.03.02-11.55.30:899][652]LogModuleManager: Shutting down and abandoning module KismetCompiler (59)
[2016.03.02-11.55.30:899][652]LogModuleManager: Shutting down and abandoning module PhysXFormats (58)
[2016.03.02-11.55.30:899][652]LogModuleManager: Shutting down and abandoning module MeshUtilities (57)
[2016.03.02-11.55.30:899][652]LogModuleManager: Shutting down and abandoning module DerivedDataCache (56)
[2016.03.02-11.55.30:932][652]LogDerivedDataCache: Shutdown
[2016.03.02-11.55.30:932][652]LogModuleManager: Shutting down and abandoning module ShaderFormatOpenGL (55)
[2016.03.02-11.55.30:932][652]LogModuleManager: Shutting down and abandoning module ShaderFormatD3D (54)
[2016.03.02-11.55.30:932][652]LogModuleManager: Shutting down and abandoning module MetalShaderFormat (53)
[2016.03.02-11.55.30:932][652]LogModuleManager: Shutting down and abandoning module TextureFormatUncompressed (52)
[2016.03.02-11.55.30:932][652]LogModuleManager: Shutting down and abandoning module TextureFormatPVR (51)
[2016.03.02-11.55.30:932][652]LogModuleManager: Shutting down and abandoning module TextureFormatIntelISPCTexComp (50)
[2016.03.02-11.55.30:932][652]LogModuleManager: Shutting down and abandoning module TextureFormatDXT (49)
[2016.03.02-11.55.30:932][652]LogModuleManager: Shutting down and abandoning module ImageWrapper (48)
[2016.03.02-11.55.30:932][652]LogModuleManager: Shutting down and abandoning module TextureFormatASTC (47)
[2016.03.02-11.55.30:932][652]LogModuleManager: Shutting down and abandoning module TextureFormatAndroid (46)
[2016.03.02-11.55.30:933][652]LogModuleManager: Shutting down and abandoning module AudioFormatOpus (45)
[2016.03.02-11.55.30:933][652]LogModuleManager: Shutting down and abandoning module AudioFormatOgg (44)
[2016.03.02-11.55.30:933][652]LogModuleManager: Shutting down and abandoning module AudioFormatADPCM (43)
[2016.03.02-11.55.30:933][652]LogModuleManager: Shutting down and abandoning module LinuxTargetPlatform (42)
[2016.03.02-11.55.30:933][652]LogModuleManager: Shutting down and abandoning module LinuxServerTargetPlatform (41)
[2016.03.02-11.55.30:933][652]LogModuleManager: Shutting down and abandoning module LinuxNoEditorTargetPlatform (40)
[2016.03.02-11.55.30:933][652]LogModuleManager: Shutting down and abandoning module Messaging (39)
[2016.03.02-11.55.30:933][652]LogModuleManager: Shutting down and abandoning module IOSTargetPlatform (38)
[2016.03.02-11.55.30:933][652]LogModuleManager: Shutting down and abandoning module HTML5TargetPlatform (37)
[2016.03.02-11.55.30:933][652]LogModuleManager: Shutting down and abandoning module Android_PVRTCTargetPlatform (36)
[2016.03.02-11.55.30:933][652]LogModuleManager: Shutting down and abandoning module Android_MultiTargetPlatform (35)
[2016.03.02-11.55.30:933][652]LogModuleManager: Shutting down and abandoning module Android_ETC2TargetPlatform (34)
[2016.03.02-11.55.30:933][652]LogModuleManager: Shutting down and abandoning module Android_ETC1TargetPlatform (33)
[2016.03.02-11.55.30:933][652]LogModuleManager: Shutting down and abandoning module Android_DXTTargetPlatform (32)
[2016.03.02-11.55.30:933][652]LogModuleManager: Shutting down and abandoning module Android_ATCTargetPlatform (31)
[2016.03.02-11.55.30:933][652]LogModuleManager: Shutting down and abandoning module Android_ASTCTargetPlatform (30)
[2016.03.02-11.55.30:933][652]LogModuleManager: Shutting down and abandoning module AndroidTargetPlatform (29)
[2016.03.02-11.55.30:933][652]LogModuleManager: Shutting down and abandoning module WindowsTargetPlatform (28)
[2016.03.02-11.55.30:933][652]LogModuleManager: Shutting down and abandoning module WindowsServerTargetPlatform (27)
[2016.03.02-11.55.30:933][652]LogModuleManager: Shutting down and abandoning module WindowsNoEditorTargetPlatform (26)
[2016.03.02-11.55.30:933][652]LogModuleManager: Shutting down and abandoning module WindowsClientTargetPlatform (25)
[2016.03.02-11.55.30:933][652]LogModuleManager: Shutting down and abandoning module AllDesktopTargetPlatform (24)
[2016.03.02-11.55.30:933][652]LogModuleManager: Shutting down and abandoning module TargetPlatform (23)
[2016.03.02-11.55.30:933][652]LogModuleManager: Shutting down and abandoning module InputCore (22)
[2016.03.02-11.55.30:933][652]LogModuleManager: Shutting down and abandoning module Settings (21)
[2016.03.02-11.55.30:933][652]LogModuleManager: Shutting down and abandoning module OnlineSubsystem (19)
[2016.03.02-11.55.30:933][652]LogModuleManager: Shutting down and abandoning module HTTP (18)
[2016.03.02-11.55.32:937][652]LogModuleManager: Shutting down and abandoning module XMPP (17)
[2016.03.02-11.55.32:937][652]LogModuleManager: Shutting down and abandoning module OculusRift (16)
[2016.03.02-11.55.32:937][652]LogModuleManager: Shutting down and abandoning module ExampleDeviceProfileSelector (15)
[2016.03.02-11.55.32:937][652]LogModuleManager: Shutting down and abandoning module TextureCompressor (14)
[2016.03.02-11.55.32:937][652]LogModuleManager: Shutting down and abandoning module ShaderCore (13)
[2016.03.02-11.55.32:937][652]LogModuleManager: Shutting down and abandoning module Landscape (12)
[2016.03.02-11.55.32:937][652]LogModuleManager: Shutting down and abandoning module SlateRHIRenderer (11)
[2016.03.02-11.55.32:940][652]LogModuleManager: Shutting down and abandoning module OpenGLDrv (10)
[2016.03.02-11.55.32:940][652]LogModuleManager: Shutting down and abandoning module D3D11RHI (9)
[2016.03.02-11.55.32:940][652]LogModuleManager: Shutting down and abandoning module AnimGraphRuntime (8)
[2016.03.02-11.55.32:940][652]LogModuleManager: Shutting down and abandoning module Renderer (7)
[2016.03.02-11.55.32:940][652]LogModuleManager: Shutting down and abandoning module Engine (6)
[2016.03.02-11.55.32:940][652]LogModuleManager: Shutting down and abandoning module CoreUObject (5)
[2016.03.02-11.55.32:941][652]LogModuleManager: Shutting down and abandoning module NetworkFile (4)
[2016.03.02-11.55.32:941][652]LogModuleManager: Shutting down and abandoning module StreamingFile (3)
[2016.03.02-11.55.32:941][652]LogModuleManager: Shutting down and abandoning module SandboxFile (2)
[2016.03.02-11.55.32:941][652]LogModuleManager: Shutting down and abandoning module PakFile (1)
[2016.03.02-11.55.32:945][652]LogExit: Exiting.
[2016.03.02-11.55.32:949][652]Log file closed, 03/02/16 12:55:32
