[2016.03.02-11.15.24:956][  0]Log file open, 03/02/16 12:15:24
[2016.03.02-11.15.24:956][  0]LogInit:Display: Running engine for game: ProyectOndarreta
[2016.03.02-11.15.24:956][  0]LogPlatformFile: Not using cached read wrapper
[2016.03.02-11.15.24:956][  0]LogInit:Display: RandInit(635849910) SRandInit(635849914).
[2016.03.02-11.15.24:956][  0]LogTaskGraph: Started task graph with 4 named threads and 7 total threads.
[2016.03.02-11.15.24:956][  0]LogStats: Stats thread started at 0.221175
[2016.03.02-11.15.24:956][  0]LogInit: Version: 4.10.4-2872498+++depot+UE4-Releases+4.10
[2016.03.02-11.15.24:956][  0]LogInit: API Version: 2758231
[2016.03.02-11.15.24:956][  0]LogInit: Compiled (64-bit): Feb 18 2016 15:47:04
[2016.03.02-11.15.24:956][  0]LogInit: Compiled with Visual C++: 19.00.23026.00
[2016.03.02-11.15.24:956][  0]LogInit: Build Configuration: Development
[2016.03.02-11.15.24:956][  0]LogInit: Branch Name: ++depot+UE4-Releases+4.10
[2016.03.02-11.15.24:956][  0]LogInit: Command line: 
[2016.03.02-11.15.24:956][  0]LogInit: Base directory: D:/Investigation_Zone/Epic Games/4.10/Engine/Binaries/Win64/
[2016.03.02-11.15.24:956][  0]LogInit: Rocket: 1
[2016.03.02-11.15.24:981][  0]LogInit: Using libcurl 7.41.0
[2016.03.02-11.15.24:981][  0]LogInit:  - built for x86_64-pc-win32
[2016.03.02-11.15.24:981][  0]LogInit:  - supports SSL with WinSSL
[2016.03.02-11.15.24:981][  0]LogInit:  - other features:
[2016.03.02-11.15.24:981][  0]LogInit:      CURL_VERSION_SSL
[2016.03.02-11.15.24:981][  0]LogInit:      CURL_VERSION_IPV6
[2016.03.02-11.15.24:982][  0]LogInit:      CURL_VERSION_ASYNCHDNS
[2016.03.02-11.15.24:982][  0]LogInit:      CURL_VERSION_LARGEFILE
[2016.03.02-11.15.24:982][  0]LogInit:      CURL_VERSION_IDN
[2016.03.02-11.15.24:982][  0]LogInit:  CurlRequestOptions (configurable via config and command line):
[2016.03.02-11.15.24:982][  0]LogInit:  - bVerifyPeer = true  - Libcurl will verify peer certificate
[2016.03.02-11.15.24:982][  0]LogInit:  - bUseHttpProxy = false  - Libcurl will NOT use HTTP proxy
[2016.03.02-11.15.24:982][  0]LogInit:  - bDontReuseConnections = false  - Libcurl will reuse connections
[2016.03.02-11.15.24:982][  0]LogInit:  - CertBundlePath = nullptr  - Libcurl will use whatever was configured at build time.
[2016.03.02-11.15.25:010][  0]LogInit: Presizing for 0 objects not considered by GC, pre-allocating 0 bytes.
[2016.03.02-11.15.25:032][  0]LogInit: Object subsystem initialized
[2016.03.02-11.15.25:034][  0]LogInit: Selected Device Profile: [Windows]
[2016.03.02-11.15.25:034][  0]LogInit: Applying CVar settings loaded from the selected device profile: [Windows]
[2016.03.02-11.15.25:066][  0]LogInit: Computer: ALMA-ITSASO
[2016.03.02-11.15.25:066][  0]LogInit: User: Unai
[2016.03.02-11.15.25:066][  0]LogInit: CPU Page size=4096, Cores=4
[2016.03.02-11.15.25:066][  0]LogInit: High frequency timer resolution =2.338348 MHz
[2016.03.02-11.15.25:066][  0]LogMemory: Memory total: Physical=7.9GB (8GB approx)
[2016.03.02-11.15.25:066][  0]LogMemory: Platform Memory Stats for Windows
[2016.03.02-11.15.25:066][  0]LogMemory: Process Physical Memory: 56.16 MB used, 56.16 MB peak
[2016.03.02-11.15.25:066][  0]LogMemory: Process Virtual Memory: 57.12 MB used, 57.12 MB peak
[2016.03.02-11.15.25:066][  0]LogMemory: Physical Memory: 3858.52 MB used, 8124.02 MB total
[2016.03.02-11.15.25:066][  0]LogMemory: Virtual Memory: 383.89 MB used, 134217728.00 MB total
[2016.03.02-11.15.26:773][  0]LogD3D11RHI: Found D3D11 adapter 0: NVIDIA GeForce GT 740M    (Feature Level 11_0)
[2016.03.02-11.15.26:773][  0]LogD3D11RHI: Adapter has 1996MB of dedicated video memory, 0MB of dedicated system memory, and 4062MB of shared system memory, 1 output[s]
[2016.03.02-11.15.26:790][  0]LogD3D11RHI: Found D3D11 adapter 1: Intel(R) HD Graphics 4600 (Feature Level 11_0)
[2016.03.02-11.15.26:790][  0]LogD3D11RHI: Adapter has 112MB of dedicated video memory, 0MB of dedicated system memory, and 4062MB of shared system memory, 0 output[s]
[2016.03.02-11.15.26:794][  0]LogD3D11RHI: Found D3D11 adapter 2: Microsoft Basic Render Driver (Feature Level 11_0)
[2016.03.02-11.15.26:794][  0]LogD3D11RHI: Adapter has 0MB of dedicated video memory, 0MB of dedicated system memory, and 4062MB of shared system memory, 0 output[s]
[2016.03.02-11.15.26:794][  0]LogD3D11RHI: Chosen D3D11 Adapter Id = 0
[2016.03.02-11.15.26:809][  0]LogD3D11RHI: !Direct3DDevice
[2016.03.02-11.15.26:810][  0]LogRHI: Texture pool is 1361 MB (70% of 1945 MB)
[2016.03.02-11.15.26:844][  0]LogD3D11RHI: Async texture creation enabled
[2016.03.02-11.15.26:865][  0]LogShaderCompilers: Guid format shader working directory is -11 characters bigger than the processId version (../../../../../Ureal engine 4/Proyectos/ProyectOndarreta/Intermediate/Shaders/WorkingDirectory/7160/).
[2016.03.02-11.15.26:866][  0]LogShaderCompilers: Cleaned the shader compiler working directory 'C:/Users/Unai/AppData/Local/Temp/UnrealShaderWorkingDir/581A29B5440E3F0B43D9C5B61AC88C8C/'.
[2016.03.02-11.15.26:866][  0]LogShaderCompilers:Display: Using Local Shader Compiler.
[2016.03.02-11.15.29:858][  0]LogTemp:Display: Loaded TP AllDesktopTargetPlatform
[2016.03.02-11.15.29:872][  0]LogTemp:Display: Loaded TP WindowsClientTargetPlatform
[2016.03.02-11.15.29:885][  0]LogTemp:Display: Loaded TP WindowsNoEditorTargetPlatform
[2016.03.02-11.15.29:899][  0]LogTemp:Display: Loaded TP WindowsServerTargetPlatform
[2016.03.02-11.15.29:911][  0]LogTemp:Display: Loaded TP WindowsTargetPlatform
[2016.03.02-11.15.29:920][  0]LogTemp:Display: Loaded TP AndroidTargetPlatform
[2016.03.02-11.15.29:929][  0]LogTemp:Display: Loaded TP Android_ASTCTargetPlatform
[2016.03.02-11.15.29:938][  0]LogTemp:Display: Loaded TP Android_ATCTargetPlatform
[2016.03.02-11.15.29:947][  0]LogTemp:Display: Loaded TP Android_DXTTargetPlatform
[2016.03.02-11.15.29:960][  0]LogTemp:Display: Loaded TP Android_ETC1TargetPlatform
[2016.03.02-11.15.29:976][  0]LogTemp:Display: Loaded TP Android_ETC2TargetPlatform
[2016.03.02-11.15.30:000][  0]LogTemp:Display: Loaded TP Android_MultiTargetPlatform
[2016.03.02-11.15.30:000][  0]LogTemp:Display: Loaded TP Android_PVRTCTargetPlatform
[2016.03.02-11.15.30:002][  0]LogTemp:Display: Loaded TP HTML5TargetPlatform
[2016.03.02-11.15.30:032][  0]LogTemp:Display: Loaded TP IOSTargetPlatform
[2016.03.02-11.15.30:043][  0]LogTemp:Display: Loaded TP LinuxNoEditorTargetPlatform
[2016.03.02-11.15.30:052][  0]LogTemp:Display: Loaded TP LinuxServerTargetPlatform
[2016.03.02-11.15.30:066][  0]LogTemp:Display: Loaded TP LinuxTargetPlatform
[2016.03.02-11.15.30:066][  0]LogTargetPlatformManager:Display: Building Assets For Windows
[2016.03.02-11.15.30:292][  0]LogDerivedDataCache:Display: Max Cache Size: 512 MB
[2016.03.02-11.15.30:434][  0]LogDerivedDataCache: Loaded boot cache 0.14s 41MB C:/Users/Unai/AppData/Local/UnrealEngine/4.10/DerivedDataCache/Boot.ddc.
[2016.03.02-11.15.30:434][  0]LogDerivedDataCache:Display: Loaded Boot cache: C:/Users/Unai/AppData/Local/UnrealEngine/4.10/DerivedDataCache/Boot.ddc
[2016.03.02-11.15.30:435][  0]LogDerivedDataCache: FDerivedDataBackendGraph:  Pak pak cache file ../../../../../Ureal engine 4/Proyectos/ProyectOndarreta/DerivedDataCache/DDC.ddp not found, will not use a pak cache.
[2016.03.02-11.15.30:435][  0]LogDerivedDataCache: Unable to find inner node Pak for hierarchical cache Hierarchy.
[2016.03.02-11.15.30:435][  0]LogDerivedDataCache: FDerivedDataBackendGraph:  CompressedPak pak cache file ../../../../../Ureal engine 4/Proyectos/ProyectOndarreta/DerivedDataCache/Compressed.ddp not found, will not use a pak cache.
[2016.03.02-11.15.30:435][  0]LogDerivedDataCache: Unable to find inner node CompressedPak for hierarchical cache Hierarchy.
[2016.03.02-11.15.30:664][  0]LogDerivedDataCache:Display: Pak cache opened for reading ../../../Engine/DerivedDataCache/Compressed.ddp.
[2016.03.02-11.15.30:678][  0]LogDerivedDataCache: Using Local data cache path C:/Users/Unai/AppData/Local/UnrealEngine/Common/DerivedDataCache: Writable
[2016.03.02-11.15.31:258][  0]LogInit: Selected Device Profile: [Windows]
[2016.03.02-11.15.31:268][  0]LogContentStreaming: Texture pool size is 0.000000MB
[2016.03.02-11.15.31:656][  0]LogMeshUtilities: No automatic mesh reduction module available
[2016.03.02-11.15.31:656][  0]LogMeshUtilities: No automatic mesh merging module available
[2016.03.02-11.15.32:349][  0]LogInit: WinSock: version 1.1 (2.2), MaxSocks=32767, MaxUdp=65467
[2016.03.02-11.15.34:834][  0]UdpMessaging: Initializing bridge on interface 0.0.0.0:0 to multicast group 230.0.0.1:6666.
[2016.03.02-11.15.35:007][  0]LogAssetRegistry: FAssetRegistry took 0.0123 seconds to start up
[2016.03.02-11.15.35:494][  0]SourceControl: Info Source control is disabled
[2016.03.02-11.15.35:499][  0]SourceControl: Info Source control is disabled
[2016.03.02-11.15.35:532][  0]SourceControl: Info Source control is disabled
[2016.03.02-11.15.35:559][  0]SourceControl: Info Source control is disabled
[2016.03.02-11.15.36:142][  0]LogObj: 28633 objects as part of root set at end of initial load.
[2016.03.02-11.15.36:142][  0]LogUObjectAllocator: 6099752 out of 0 bytes used by permanent object pool.
[2016.03.02-11.15.36:309][  0]LogEngine: Initializing Engine...
[2016.03.02-11.15.36:317][  0]LogHMD: Can't find Oculus library dev build: is proper Runtime installed? Version: 0.8.0.0
[2016.03.02-11.15.36:318][  0]LogHMD: SteamVR failed to initialize.  Err: 110
[2016.03.02-11.15.36:721][  0]LogAIModule: Creating AISystem for world NewWorld
[2016.03.02-11.15.36:735][  0]LogInit: XAudio2 using 'Altavoces / Auriculares (IDT High Definition Audio CODEC)' : 2 channels at 48 kHz using 16 bits per sample (channel mask 0x3)
[2016.03.02-11.15.36:781][  0]LogInit: FAudioDevice initialized.
[2016.03.02-11.15.36:842][  0]LogDerivedDataCache: Saved boot cache 0.06s 41MB C:/Users/Unai/AppData/Local/UnrealEngine/4.10/DerivedDataCache/Boot.ddc.
[2016.03.02-11.15.36:858][  0]LogInit: Texture streaming: Enabled
[2016.03.02-11.15.36:870][  0]LogAnalytics: Creating configured Analytics provider AnalyticsET
[2016.03.02-11.15.36:870][  0]LogAnalytics: [UEEditor.Rocket.Release] APIServer = http://et2.epicgames.com/ET2/. AppVersion = 4.10.4-2872498+++depot+UE4-Releases+4.10
[2016.03.02-11.15.36:871][  0]LogAnalytics: [UEEditor.Rocket.Release] SetUserId d7adaae849ea30e6caa19b820571e0d9|33a1c5eb2cc94ca8a72a46d53f3ce1d2|4517af11-a817-4828-86eb-27c26c7bd883
[2016.03.02-11.15.36:871][  0]LogAnalytics: [UEEditor.Rocket.Release] AnalyticsET::StartSession
[2016.03.02-11.15.36:907][  0]LogInit: Transaction tracking system initialized
[2016.03.02-11.15.36:978][  0]BlueprintLog: New page: Editor Load
[2016.03.02-11.15.37:180][  0]LocalizationService: Info Localization service is disabled
[2016.03.02-11.15.37:382][  0]LogConsoleResponse:Display: 
[2016.03.02-11.15.37:720][  0]LogCook:Display: Done creating registry. It took  0.00s.
[2016.03.02-11.15.37:877][  0]LogFileCache: Scanning file cache for directory 'D:/Investigation_Zone/Ureal engine 4/Proyectos/ProyectOndarreta/Content/' took 0.01s
[2016.03.02-11.15.37:877][  0]SourceControl: Info Source control is disabled
[2016.03.02-11.15.37:877][  0]Cmd: MAP LOAD FILE="../../../Engine/Content/Maps/Templates/Template_Default.umap" TEMPLATE=1 SHOWPROGRESS=1 FEATURELEVEL=3
[2016.03.02-11.15.37:878][  0]LightingResults: New page: Lighting Build
[2016.03.02-11.15.37:885][  0]MapCheck: New page: Map Check
[2016.03.02-11.15.37:885][  0]LightingResults: New page: Lighting Build
[2016.03.02-11.15.37:918][  0]LogParticles: Destroying 0 GPU particle simulations for FXSystem 0x0000019664D0BB00
[2016.03.02-11.15.38:674][  0]LogAIModule: Creating AISystem for world Untitled_1
[2016.03.02-11.15.38:689][  0]LogEditorServer: Finished looking for orphan Actors (0.000 secs)
[2016.03.02-11.15.38:703][  0]Cmd: MAP CHECKDEP NOCLEARLOG
[2016.03.02-11.15.38:838][  0]MapCheck: Info Map check complete: 0 Error(s), 0 Warning(s), took 134.622ms to complete.
[2016.03.02-11.15.38:838][  0]LogFileHelpers: Loading map 'Template_Default' took 0.961
[2016.03.02-11.15.39:070][  0]LogCollectionManager: Loaded 0 collections in 0.004801 seconds
[2016.03.02-11.15.39:119][  0]LogFileCache: Scanning file cache for directory 'D:/Investigation_Zone/Ureal engine 4/Proyectos/ProyectOndarreta/Saved/Collections/' took 0.01s
[2016.03.02-11.15.39:120][  0]LogFileCache: Scanning file cache for directory 'D:/Investigation_Zone/Ureal engine 4/Proyectos/ProyectOndarreta/Content/Developers/Unai/Collections/' took 0.01s
[2016.03.02-11.15.39:120][  0]LogFileCache: Scanning file cache for directory 'D:/Investigation_Zone/Ureal engine 4/Proyectos/ProyectOndarreta/Content/Collections/' took 0.01s
[2016.03.02-11.15.39:120][  0]LogCollectionManager: Rebuilt the GUID cache for 0 collections in 0.000005 seconds
[2016.03.02-11.15.39:143][  0]LogContentBrowser: Native class hierarchy populated in 0.0231 seconds. Added 1893 classes and 338 folders.
[2016.03.02-11.15.39:159][  0]LogContentBrowser: Native class hierarchy updated for 'WidgetCarousel' in 0.0010 seconds. Added 0 classes and 0 folders.
[2016.03.02-11.15.39:288][  0]LogContentBrowser: Native class hierarchy updated for 'AddContentDialog' in 0.0010 seconds. Added 0 classes and 0 folders.
[2016.03.02-11.15.39:298][  0]LogContentBrowser: Native class hierarchy updated for 'SceneOutliner' in 0.0016 seconds. Added 1 classes and 2 folders.
[2016.03.02-11.15.39:358][  0]LogCrashTracker: Crashtracker disabled due to settings.
[2016.03.02-11.15.39:368][  0]LogUObjectGlobals:Warning: Failed to find object 'Class None.'
[2016.03.02-11.15.39:393][  0]LogLoad: Full Startup: 15.85 seconds (BP compile: 0.13 seconds)
[2016.03.02-11.15.39:411][  0]LogWindowsTextInputMethodSystem:Display: IME system now deactivated.
[2016.03.02-11.15.39:419][  0]LogOcInput: Can't find Oculus library dev build: is proper Runtime installed? Version: 0.8.0.0
[2016.03.02-11.15.39:539][  0]LogContentStreaming: Texture pool size now 1000 MB
[2016.03.02-11.15.39:971][  2]LogRenderer: Reallocating scene render targets to support 820x456 (Frame:2).
[2016.03.02-11.15.40:423][  4]LogAssetRegistry: Asset discovery search completed in 5.4280 seconds
[2016.03.02-11.15.40:423][  4]LogCollectionManager: Rebuilt the object cache for 0 collections in 0.000001 seconds (found 0 objects)
[2016.03.02-11.15.40:423][  4]LogCollectionManager: Fixed up redirectors for 0 collections in 0.000058 seconds (updated 0 objects)
[2016.03.02-11.16.11:589][751]SourceControl: Info Source control is disabled
[2016.03.02-11.16.23:333][361]SourceControl:Error: Error Failed to enable Git source control. You need to initialize the project as a Git repository first.
[2016.03.02-11.16.40:482][688]SourceControl:Error: Error Failed to enable Git source control. You need to initialize the project as a Git repository first.
[2016.03.02-11.24.00:392][236]SourceControl:Error: Error Failed to enable Git source control. You need to initialize the project as a Git repository first.
[2016.03.02-11.24.08:278][643]SourceControl: Info Source control is disabled
[2016.03.02-11.24.09:579][699]LogWindowsTextInputMethodSystem:Display: IME system now deactivated.
[2016.03.02-11.24.10:045][700]Cmd: QUIT_EDITOR
[2016.03.02-11.24.10:533][700]LogExit: Preparing to exit.
[2016.03.02-11.24.11:164][700]LogExit: Editor shut down
[2016.03.02-11.24.11:165][700]LogExit: Transaction tracking system shut down
[2016.03.02-11.24.11:169][700]LogParticles: Destroying 0 GPU particle simulations for FXSystem 0x0000019659EAB100
[2016.03.02-11.24.11:169][700]LogParticles: Destroying 0 GPU particle simulations for FXSystem 0x0000019671463EC0
[2016.03.02-11.24.11:634][700]LogExit: Object subsystem successfully closed.
[2016.03.02-11.24.11:661][700]LogD3D11RHI: Shutdown
[2016.03.02-11.24.11:662][700]LogD3D11RHI: CleanupD3DDevice
[2016.03.02-11.24.11:782][700]LogD3D11RHI: ~FD3D11DynamicRHI
[2016.03.02-11.24.11:828][700]LogModuleManager: Shutting down and abandoning module CrashTracker (198)
[2016.03.02-11.24.11:828][700]LogModuleManager: Shutting down and abandoning module SceneOutliner (197)
[2016.03.02-11.24.11:828][700]LogModuleManager: Shutting down and abandoning module SuperSearch (196)
[2016.03.02-11.24.11:828][700]LogModuleManager: Shutting down and abandoning module WidgetCarousel (195)
[2016.03.02-11.24.11:828][700]LogModuleManager: Shutting down and abandoning module AddContentDialog (194)
[2016.03.02-11.24.11:832][700]LogModuleManager: Shutting down and abandoning module EditorWidgets (193)
[2016.03.02-11.24.11:832][700]LogModuleManager: Shutting down and abandoning module CollectionManager (192)
[2016.03.02-11.24.11:832][700]LogModuleManager: Shutting down and abandoning module StatsViewer (191)
[2016.03.02-11.24.11:832][700]LogModuleManager: Shutting down and abandoning module FoliageEdit (190)
[2016.03.02-11.24.11:832][700]LogModuleManager: Shutting down and abandoning module LandscapeEditor (189)
[2016.03.02-11.24.11:833][700]LogModuleManager: Shutting down and abandoning module ActorPickerMode (188)
[2016.03.02-11.24.11:833][700]LogModuleManager: Shutting down and abandoning module GeometryMode (187)
[2016.03.02-11.24.11:833][700]LogModuleManager: Shutting down and abandoning module TextureAlignMode (186)
[2016.03.02-11.24.11:833][700]LogModuleManager: Shutting down and abandoning module BspMode (185)
[2016.03.02-11.24.11:833][700]LogModuleManager: Shutting down and abandoning module PlacementMode (184)
[2016.03.02-11.24.11:833][700]LogModuleManager: Shutting down and abandoning module AutomationWorker (183)
[2016.03.02-11.24.11:833][700]LogModuleManager: Shutting down and abandoning module CharacterAI (182)
[2016.03.02-11.24.11:833][700]LogModuleManager: Shutting down and abandoning module SmartSnapping (181)
[2016.03.02-11.24.11:833][700]LogModuleManager: Shutting down and abandoning module ViewportSnapping (180)
[2016.03.02-11.24.11:833][700]LogModuleManager: Shutting down and abandoning module LogVisualizer (179)
[2016.03.02-11.24.11:833][700]LogModuleManager: Shutting down and abandoning module GameProjectGeneration (178)
[2016.03.02-11.24.11:834][700]LogModuleManager: Shutting down and abandoning module IntroTutorials (177)
[2016.03.02-11.24.11:834][700]LogModuleManager: Shutting down and abandoning module EditorLiveStreaming (176)
[2016.03.02-11.24.11:834][700]LogModuleManager: Shutting down and abandoning module IOSPlatformEditor (175)
[2016.03.02-11.24.11:834][700]LogModuleManager: Shutting down and abandoning module HTML5PlatformEditor (174)
[2016.03.02-11.24.11:834][700]LogModuleManager: Shutting down and abandoning module AndroidDeviceDetection (173)
[2016.03.02-11.24.12:436][700]LogModuleManager: Shutting down and abandoning module AndroidPlatformEditor (172)
[2016.03.02-11.24.12:436][700]LogModuleManager: Shutting down and abandoning module IOSRuntimeSettings (171)
[2016.03.02-11.24.12:436][700]LogModuleManager: Shutting down and abandoning module AndroidRuntimeSettings (170)
[2016.03.02-11.24.12:436][700]LogModuleManager: Shutting down and abandoning module MergeActors (169)
[2016.03.02-11.24.12:436][700]LogModuleManager: Shutting down and abandoning module SizeMap (168)
[2016.03.02-11.24.12:436][700]LogModuleManager: Shutting down and abandoning module TreeMap (167)
[2016.03.02-11.24.12:436][700]LogModuleManager: Shutting down and abandoning module ReferenceViewer (166)
[2016.03.02-11.24.12:436][700]LogModuleManager: Shutting down and abandoning module LocalizationService (165)
[2016.03.02-11.24.12:436][700]LogModuleManager: Shutting down and abandoning module LocalizationDashboard (164)
[2016.03.02-11.24.12:436][700]LogModuleManager: Shutting down and abandoning module HardwareTargeting (163)
[2016.03.02-11.24.12:436][700]LogModuleManager: Shutting down and abandoning module DeviceProfileEditor (162)
[2016.03.02-11.24.12:436][700]LogModuleManager: Shutting down and abandoning module UndoHistory (161)
[2016.03.02-11.24.12:436][700]LogModuleManager: Shutting down and abandoning module GameplayTagsEditor (160)
[2016.03.02-11.24.12:436][700]LogModuleManager: Shutting down and abandoning module UserFeedback (159)
[2016.03.02-11.24.12:436][700]LogModuleManager: Shutting down and abandoning module XmlParser (158)
[2016.03.02-11.24.12:436][700]LogModuleManager: Shutting down and abandoning module Blutility (157)
[2016.03.02-11.24.12:437][700]LogModuleManager: Shutting down and abandoning module ProjectTargetPlatformEditor (156)
[2016.03.02-11.24.12:437][700]LogModuleManager: Shutting down and abandoning module ProjectSettingsViewer (155)
[2016.03.02-11.24.12:437][700]LogModuleManager: Shutting down and abandoning module InputBindingEditor (154)
[2016.03.02-11.24.12:437][700]LogModuleManager: Shutting down and abandoning module EditorSettingsViewer (153)
[2016.03.02-11.24.12:437][700]LogModuleManager: Shutting down and abandoning module SettingsEditor (152)
[2016.03.02-11.24.12:437][700]LogModuleManager: Shutting down and abandoning module ProjectLauncher (151)
[2016.03.02-11.24.12:437][700]LogModuleManager: Shutting down and abandoning module SessionFrontend (150)
[2016.03.02-11.24.12:437][700]LogModuleManager: Shutting down and abandoning module ProfilerClient (149)
[2016.03.02-11.24.12:438][700]LogModuleManager: Shutting down and abandoning module TargetDeviceServices (148)
[2016.03.02-11.24.12:438][700]LogModuleManager: Shutting down and abandoning module DeviceManager (147)
[2016.03.02-11.24.12:438][700]LogModuleManager: Shutting down and abandoning module AutomationController (146)
[2016.03.02-11.24.12:438][700]LogModuleManager: Shutting down and abandoning module AutomationWindow (145)
[2016.03.02-11.24.12:438][700]LogModuleManager: Shutting down and abandoning module Layers (144)
[2016.03.02-11.24.12:438][700]LogModuleManager: Shutting down and abandoning module ComponentVisualizers (143)
[2016.03.02-11.24.12:438][700]LogModuleManager: Shutting down and abandoning module DetailCustomizations (142)
[2016.03.02-11.24.12:438][700]LogModuleManager: Shutting down and abandoning module PackagesDialog (141)
[2016.03.02-11.24.12:438][700]LogModuleManager: Shutting down and abandoning module Persona (140)
[2016.03.02-11.24.12:438][700]LogModuleManager: Shutting down and abandoning module Kismet (139)
[2016.03.02-11.24.12:438][700]LogModuleManager: Shutting down and abandoning module GraphEditor (138)
[2016.03.02-11.24.12:439][700]LogModuleManager: Shutting down and abandoning module ClassViewer (137)
[2016.03.02-11.24.12:439][700]LogModuleManager: Shutting down and abandoning module Toolbox (136)
[2016.03.02-11.24.12:439][700]LogModuleManager: Shutting down and abandoning module ModuleUI (135)
[2016.03.02-11.24.12:439][700]LogModuleManager: Shutting down and abandoning module MovieSceneTools (134)
[2016.03.02-11.24.12:439][700]LogModuleManager: Shutting down and abandoning module OutputLog (133)
[2016.03.02-11.24.12:439][700]LogModuleManager: Shutting down and abandoning module GammaUI (132)
[2016.03.02-11.24.12:439][700]LogModuleManager: Shutting down and abandoning module Documentation (131)
[2016.03.02-11.24.12:439][700]LogModuleManager: Shutting down and abandoning module GameLiveStreaming (130)
[2016.03.02-11.24.12:439][700]LogModuleManager: Shutting down and abandoning module StreamingPauseRendering (129)
[2016.03.02-11.24.12:439][700]LogModuleManager: Shutting down and abandoning module AnalyticsET (128)
[2016.03.02-11.24.12:439][700]LogModuleManager: Shutting down and abandoning module Analytics (127)
[2016.03.02-11.24.12:439][700]LogModuleManager: Shutting down and abandoning module AITestSuite (126)
[2016.03.02-11.24.12:439][700]LogModuleManager: Shutting down and abandoning module GameplayDebugger (125)
[2016.03.02-11.24.12:439][700]LogModuleManager: Shutting down and abandoning module AIModule (124)
[2016.03.02-11.24.12:439][700]LogModuleManager: Shutting down and abandoning module ProfilerService (123)
[2016.03.02-11.24.12:493][700]LogModuleManager: Shutting down and abandoning module TaskGraph (122)
[2016.03.02-11.24.12:493][700]LogModuleManager: Shutting down and abandoning module SlateRemote (121)
[2016.03.02-11.24.12:493][700]LogModuleManager: Shutting down and abandoning module SteamVRController (120)
[2016.03.02-11.24.12:493][700]LogModuleManager: Shutting down and abandoning module SteamVR (119)
[2016.03.02-11.24.12:493][700]LogModuleManager: Shutting down and abandoning module ProceduralMeshComponent (118)
[2016.03.02-11.24.12:493][700]LogModuleManager: Shutting down and abandoning module OculusLibrary (117)
[2016.03.02-11.24.12:493][700]LogModuleManager: Shutting down and abandoning module OculusInput (116)
[2016.03.02-11.24.12:493][700]LogModuleManager: Shutting down and abandoning module LeapMotionController (115)
[2016.03.02-11.24.12:549][700]LogModuleManager: Shutting down and abandoning module CustomMeshComponent (114)
[2016.03.02-11.24.12:549][700]LogModuleManager: Shutting down and abandoning module CableComponent (113)
[2016.03.02-11.24.12:549][700]LogModuleManager: Shutting down and abandoning module ArchVisCharacter (112)
[2016.03.02-11.24.12:549][700]LogModuleManager: Shutting down and abandoning module MessagingDebugger (111)
[2016.03.02-11.24.12:549][700]LogModuleManager: Shutting down and abandoning module MediaPlayerEditor (110)
[2016.03.02-11.24.12:549][700]LogModuleManager: Shutting down and abandoning module HTML5Networking (109)
[2016.03.02-11.24.12:549][700]LogModuleManager: Shutting down and abandoning module SpeedTreeImporter (108)
[2016.03.02-11.24.12:549][700]LogModuleManager: Shutting down and abandoning module PluginBrowser (107)
[2016.03.02-11.24.12:549][700]LogModuleManager: Shutting down and abandoning module EpicSurvey (106)
[2016.03.02-11.24.12:549][700]LogModuleManager: Shutting down and abandoning module DesktopPlatform (105)
[2016.03.02-11.24.12:549][700]LogModuleManager: Shutting down and abandoning module VisualStudioSourceCodeAccess (104)
[2016.03.02-11.24.12:549][700]LogModuleManager: Shutting down and abandoning module UObjectPlugin (103)
[2016.03.02-11.24.12:549][700]LogModuleManager: Shutting down and abandoning module SubversionSourceControl (102)
[2016.03.02-11.24.12:550][700]LogModuleManager: Shutting down and abandoning module PerforceSourceControl (101)
[2016.03.02-11.24.12:550][700]LogModuleManager: Shutting down and abandoning module SourceControl (100)
[2016.03.02-11.24.12:550][700]LogModuleManager: Shutting down and abandoning module GitSourceControl (99)
[2016.03.02-11.24.12:550][700]LogModuleManager: Shutting down and abandoning module LightPropagationVolumeEditor (98)
[2016.03.02-11.24.12:550][700]LogModuleManager: Shutting down and abandoning module PaperTiledImporter (97)
[2016.03.02-11.24.12:550][700]LogModuleManager: Shutting down and abandoning module PaperSpriteSheetImporter (96)
[2016.03.02-11.24.12:550][700]LogModuleManager: Shutting down and abandoning module MeshPaint (95)
[2016.03.02-11.24.12:550][700]LogModuleManager: Shutting down and abandoning module SlateReflector (94)
[2016.03.02-11.24.12:550][700]LogModuleManager: Shutting down and abandoning module HotReload (93)
[2016.03.02-11.24.12:550][700]LogModuleManager: Shutting down and abandoning module MainFrame (92)
[2016.03.02-11.24.12:550][700]LogModuleManager: Shutting down and abandoning module LevelEditor (91)
[2016.03.02-11.24.12:553][700]LogModuleManager: Shutting down and abandoning module DirectoryWatcher (90)
[2016.03.02-11.24.12:555][700]LogModuleManager: Shutting down and abandoning module AssetRegistry (89)
[2016.03.02-11.24.12:731][700]LogModuleManager: Shutting down and abandoning module ContentBrowser (88)
[2016.03.02-11.24.12:733][700]LogModuleManager: Shutting down and abandoning module Paper2DEditor (87)
[2016.03.02-11.24.12:733][700]LogModuleManager: Shutting down and abandoning module UdpMessaging (86)
[2016.03.02-11.24.12:834][700]LogModuleManager: Shutting down and abandoning module LightPropagationVolumeRuntime (85)
[2016.03.02-11.24.12:834][700]LogModuleManager: Shutting down and abandoning module Paper2D (84)
[2016.03.02-11.24.12:834][700]LogModuleManager: Shutting down and abandoning module WindowsMoviePlayer (83)
[2016.03.02-11.24.12:840][700]LogModuleManager: Shutting down and abandoning module Media (82)
[2016.03.02-11.24.12:841][700]LogModuleManager: Shutting down and abandoning module WmfMedia (81)
[2016.03.02-11.24.12:841][700]LogModuleManager: Shutting down and abandoning module OnlineBlueprintSupport (80)
[2016.03.02-11.24.12:841][700]LogModuleManager: Shutting down and abandoning module GameplayTasksEditor (79)
[2016.03.02-11.24.12:841][700]LogModuleManager: Shutting down and abandoning module PropertyEditor (78)
[2016.03.02-11.24.12:841][700]LogModuleManager: Shutting down and abandoning module BehaviorTreeEditor (77)
[2016.03.02-11.24.12:841][700]LogModuleManager: Shutting down and abandoning module FunctionalTesting (76)
[2016.03.02-11.24.12:841][700]LogModuleManager: Shutting down and abandoning module CollisionAnalyzer (75)
[2016.03.02-11.24.12:841][700]LogModuleManager: Shutting down and abandoning module WorkspaceMenuStructure (74)
[2016.03.02-11.24.12:842][700]LogModuleManager: Shutting down and abandoning module MessageLog (73)
[2016.03.02-11.24.12:842][700]LogModuleManager: Shutting down and abandoning module Sequencer (72)
[2016.03.02-11.24.12:842][700]LogModuleManager: Shutting down and abandoning module AssetTools (71)
[2016.03.02-11.24.12:842][700]LogModuleManager: Shutting down and abandoning module UMGEditor (70)
[2016.03.02-11.24.12:842][700]LogModuleManager: Shutting down and abandoning module UMG (69)
[2016.03.02-11.24.12:842][700]LogModuleManager: Shutting down and abandoning module Slate (68)
[2016.03.02-11.24.12:842][700]LogModuleManager: Shutting down and abandoning module EditorStyle (67)
[2016.03.02-11.24.12:848][700]LogModuleManager: Shutting down and abandoning module SessionServices (66)
[2016.03.02-11.24.12:848][700]LogModuleManager: Shutting down and abandoning module SourceCodeAccess (65)
[2016.03.02-11.24.12:848][700]LogModuleManager: Shutting down and abandoning module HeadMountedDisplay (64)
[2016.03.02-11.24.12:848][700]LogModuleManager: Shutting down and abandoning module XAudio2 (63)
[2016.03.02-11.24.12:848][700]LogModuleManager: Shutting down and abandoning module Networking (61)
[2016.03.02-11.24.12:848][700]LogModuleManager: Shutting down and abandoning module Core (60)
[2016.03.02-11.24.12:848][700]LogModuleManager: Shutting down and abandoning module KismetCompiler (59)
[2016.03.02-11.24.12:848][700]LogModuleManager: Shutting down and abandoning module PhysXFormats (58)
[2016.03.02-11.24.12:848][700]LogModuleManager: Shutting down and abandoning module MeshUtilities (57)
[2016.03.02-11.24.12:849][700]LogModuleManager: Shutting down and abandoning module DerivedDataCache (56)
[2016.03.02-11.24.12:866][700]LogDerivedDataCache: Shutdown
[2016.03.02-11.24.12:866][700]LogModuleManager: Shutting down and abandoning module ShaderFormatOpenGL (55)
[2016.03.02-11.24.12:866][700]LogModuleManager: Shutting down and abandoning module ShaderFormatD3D (54)
[2016.03.02-11.24.12:866][700]LogModuleManager: Shutting down and abandoning module MetalShaderFormat (53)
[2016.03.02-11.24.12:866][700]LogModuleManager: Shutting down and abandoning module TextureFormatUncompressed (52)
[2016.03.02-11.24.12:867][700]LogModuleManager: Shutting down and abandoning module TextureFormatPVR (51)
[2016.03.02-11.24.12:867][700]LogModuleManager: Shutting down and abandoning module TextureFormatIntelISPCTexComp (50)
[2016.03.02-11.24.12:867][700]LogModuleManager: Shutting down and abandoning module TextureFormatDXT (49)
[2016.03.02-11.24.12:867][700]LogModuleManager: Shutting down and abandoning module ImageWrapper (48)
[2016.03.02-11.24.12:867][700]LogModuleManager: Shutting down and abandoning module TextureFormatASTC (47)
[2016.03.02-11.24.12:867][700]LogModuleManager: Shutting down and abandoning module TextureFormatAndroid (46)
[2016.03.02-11.24.12:867][700]LogModuleManager: Shutting down and abandoning module AudioFormatOpus (45)
[2016.03.02-11.24.12:867][700]LogModuleManager: Shutting down and abandoning module AudioFormatOgg (44)
[2016.03.02-11.24.12:867][700]LogModuleManager: Shutting down and abandoning module AudioFormatADPCM (43)
[2016.03.02-11.24.12:867][700]LogModuleManager: Shutting down and abandoning module LinuxTargetPlatform (42)
[2016.03.02-11.24.12:867][700]LogModuleManager: Shutting down and abandoning module LinuxServerTargetPlatform (41)
[2016.03.02-11.24.12:867][700]LogModuleManager: Shutting down and abandoning module LinuxNoEditorTargetPlatform (40)
[2016.03.02-11.24.12:867][700]LogModuleManager: Shutting down and abandoning module Messaging (39)
[2016.03.02-11.24.12:867][700]LogModuleManager: Shutting down and abandoning module IOSTargetPlatform (38)
[2016.03.02-11.24.12:867][700]LogModuleManager: Shutting down and abandoning module HTML5TargetPlatform (37)
[2016.03.02-11.24.12:867][700]LogModuleManager: Shutting down and abandoning module Android_PVRTCTargetPlatform (36)
[2016.03.02-11.24.12:867][700]LogModuleManager: Shutting down and abandoning module Android_MultiTargetPlatform (35)
[2016.03.02-11.24.12:867][700]LogModuleManager: Shutting down and abandoning module Android_ETC2TargetPlatform (34)
[2016.03.02-11.24.12:867][700]LogModuleManager: Shutting down and abandoning module Android_ETC1TargetPlatform (33)
[2016.03.02-11.24.12:867][700]LogModuleManager: Shutting down and abandoning module Android_DXTTargetPlatform (32)
[2016.03.02-11.24.12:867][700]LogModuleManager: Shutting down and abandoning module Android_ATCTargetPlatform (31)
[2016.03.02-11.24.12:868][700]LogModuleManager: Shutting down and abandoning module Android_ASTCTargetPlatform (30)
[2016.03.02-11.24.12:868][700]LogModuleManager: Shutting down and abandoning module AndroidTargetPlatform (29)
[2016.03.02-11.24.12:868][700]LogModuleManager: Shutting down and abandoning module WindowsTargetPlatform (28)
[2016.03.02-11.24.12:868][700]LogModuleManager: Shutting down and abandoning module WindowsServerTargetPlatform (27)
[2016.03.02-11.24.12:868][700]LogModuleManager: Shutting down and abandoning module WindowsNoEditorTargetPlatform (26)
[2016.03.02-11.24.12:868][700]LogModuleManager: Shutting down and abandoning module WindowsClientTargetPlatform (25)
[2016.03.02-11.24.12:868][700]LogModuleManager: Shutting down and abandoning module AllDesktopTargetPlatform (24)
[2016.03.02-11.24.12:868][700]LogModuleManager: Shutting down and abandoning module TargetPlatform (23)
[2016.03.02-11.24.12:868][700]LogModuleManager: Shutting down and abandoning module InputCore (22)
[2016.03.02-11.24.12:868][700]LogModuleManager: Shutting down and abandoning module Settings (21)
[2016.03.02-11.24.12:868][700]LogModuleManager: Shutting down and abandoning module OnlineSubsystem (19)
[2016.03.02-11.24.12:868][700]LogModuleManager: Shutting down and abandoning module HTTP (18)
[2016.03.02-11.24.14:872][700]LogModuleManager: Shutting down and abandoning module XMPP (17)
[2016.03.02-11.24.14:872][700]LogModuleManager: Shutting down and abandoning module OculusRift (16)
[2016.03.02-11.24.14:872][700]LogModuleManager: Shutting down and abandoning module ExampleDeviceProfileSelector (15)
[2016.03.02-11.24.14:872][700]LogModuleManager: Shutting down and abandoning module TextureCompressor (14)
[2016.03.02-11.24.14:872][700]LogModuleManager: Shutting down and abandoning module ShaderCore (13)
[2016.03.02-11.24.14:872][700]LogModuleManager: Shutting down and abandoning module Landscape (12)
[2016.03.02-11.24.14:872][700]LogModuleManager: Shutting down and abandoning module SlateRHIRenderer (11)
[2016.03.02-11.24.14:874][700]LogModuleManager: Shutting down and abandoning module OpenGLDrv (10)
[2016.03.02-11.24.14:875][700]LogModuleManager: Shutting down and abandoning module D3D11RHI (9)
[2016.03.02-11.24.14:875][700]LogModuleManager: Shutting down and abandoning module AnimGraphRuntime (8)
[2016.03.02-11.24.14:875][700]LogModuleManager: Shutting down and abandoning module Renderer (7)
[2016.03.02-11.24.14:875][700]LogModuleManager: Shutting down and abandoning module Engine (6)
[2016.03.02-11.24.14:875][700]LogModuleManager: Shutting down and abandoning module CoreUObject (5)
[2016.03.02-11.24.14:875][700]LogModuleManager: Shutting down and abandoning module NetworkFile (4)
[2016.03.02-11.24.14:875][700]LogModuleManager: Shutting down and abandoning module StreamingFile (3)
[2016.03.02-11.24.14:875][700]LogModuleManager: Shutting down and abandoning module SandboxFile (2)
[2016.03.02-11.24.14:875][700]LogModuleManager: Shutting down and abandoning module PakFile (1)
[2016.03.02-11.24.14:879][700]LogExit: Exiting.
[2016.03.02-11.24.14:883][700]Log file closed, 03/02/16 12:24:14
